java.lang.ArrayIndexOutOfBoundsException: -1
	at java.util.Vector.elementData(Vector.java:730)
	at java.util.Vector.get(Vector.java:746)
	at agLib.linkingGraph.LinkingGraph.getVoisins(LinkingGraph.java:43)
	at agLib.agentCommunicationSystem.Network.getNeighbours(Network.java:69)
	at agLib.agentCommunicationSystem.CommunicationModule.getNeighbours(CommunicationModule.java:133)
	at distNewCarc.partition.newAsynch.NewAsyncProtocol.send(NewAsyncProtocol.java:130)
	at distNewCarc.partition.newAsynch.NewAsyncProtocol.send(NewAsyncProtocol.java:157)
	at agLib.agentCommunicationSystem.CommunicationModule.send(CommunicationModule.java:166)
	at org.nabelab.solar.SOLAR.solve(SOLAR.java:891)
	at solarInterface.CFSolver.solve(CFSolver.java:217)
	at solarInterface.CFSolver.solveToClause(CFSolver.java:52)
	at distNewCarc.partition.IncConsFindingAgent.computeNewCons(IncConsFindingAgent.java:105)
	at distNewCarc.partition.newAsynch.NewAsyncProtocol.receiveCl(NewAsyncProtocol.java:109)
	at distNewCarc.partition.newAsynch.NewAsyncProtocol.receiveMessage(NewAsyncProtocol.java:57)
	at distNewCarc.partition.newAsynch.NewAsyncProtocol.receiveCl(NewAsyncProtocol.java:103)
	at distNewCarc.partition.newAsynch.NewAsyncProtocol.receiveMessage(NewAsyncProtocol.java:67)
	at agLib.agentCommunicationSystem.CommunicationModule.receiveMessage(CommunicationModule.java:61)
	at agLib.agentCommunicationSystem.BasicAgent.run(BasicAgent.java:58)
	at java.lang.Thread.run(Thread.java:745)
java.lang.NullPointerException
	at org.nabelab.solar.SOLAR.solve(SOLAR.java:902)
	at solarInterface.CFSolver.solve(CFSolver.java:217)
	at solarInterface.CFSolver.solveToClause(CFSolver.java:52)
	at distNewCarc.partition.IncConsFindingAgent.computeNewCons(IncConsFindingAgent.java:105)
	at distNewCarc.partition.newAsynch.NewAsyncProtocol.receiveCl(NewAsyncProtocol.java:109)
	at distNewCarc.partition.newAsynch.NewAsyncProtocol.receiveMessage(NewAsyncProtocol.java:67)
	at agLib.agentCommunicationSystem.CommunicationModule.receiveMessage(CommunicationModule.java:61)
	at agLib.agentCommunicationSystem.BasicAgent.run(BasicAgent.java:58)
	at java.lang.Thread.run(Thread.java:745)
java.lang.NullPointerException
	at org.nabelab.solar.SOLAR.solve(SOLAR.java:902)
	at solarInterface.CFSolver.solve(CFSolver.java:217)
	at solarInterface.CFSolver.solveToClause(CFSolver.java:52)
	at distNewCarc.partition.IncConsFindingAgent.computeNewCons(IncConsFindingAgent.java:105)
	at distNewCarc.partition.newAsynch.NewAsyncProtocol.receiveCl(NewAsyncProtocol.java:109)
	at distNewCarc.partition.newAsynch.NewAsyncProtocol.receiveMessage(NewAsyncProtocol.java:57)
	at distNewCarc.partition.newAsynch.NewAsyncProtocol.receiveCl(NewAsyncProtocol.java:103)
	at distNewCarc.partition.newAsynch.NewAsyncProtocol.receiveMessage(NewAsyncProtocol.java:67)
	at agLib.agentCommunicationSystem.CommunicationModule.receiveMessage(CommunicationModule.java:61)
	at agLib.agentCommunicationSystem.BasicAgent.run(BasicAgent.java:58)
	at java.lang.Thread.run(Thread.java:745)
java.lang.NullPointerException
	at org.nabelab.solar.SOLAR.solve(SOLAR.java:902)
	at solarInterface.CFSolver.solve(CFSolver.java:217)
	at solarInterface.CFSolver.solveToClause(CFSolver.java:52)
	at distNewCarc.partition.IncConsFindingAgent.computeNewCons(IncConsFindingAgent.java:105)
	at distNewCarc.partition.newAsynch.NewAsyncProtocol.receiveCl(NewAsyncProtocol.java:109)
	at distNewCarc.partition.newAsynch.NewAsyncProtocol.receiveMessage(NewAsyncProtocol.java:57)
	at distNewCarc.partition.newAsynch.NewAsyncProtocol.receiveCl(NewAsyncProtocol.java:103)
	at distNewCarc.partition.newAsynch.NewAsyncProtocol.receiveMessage(NewAsyncProtocol.java:67)
	at agLib.agentCommunicationSystem.CommunicationModule.receiveMessage(CommunicationModule.java:61)
	at agLib.agentCommunicationSystem.BasicAgent.run(BasicAgent.java:58)
	at java.lang.Thread.run(Thread.java:745)
Exception in thread "main" java.lang.reflect.InvocationTargetException
	at sun.reflect.NativeMethodAccessorImpl.invoke0(Native Method)
	at sun.reflect.NativeMethodAccessorImpl.invoke(NativeMethodAccessorImpl.java:57)
	at sun.reflect.DelegatingMethodAccessorImpl.invoke(DelegatingMethodAccessorImpl.java:43)
	at java.lang.reflect.Method.invoke(Method.java:606)
	at org.eclipse.jdt.internal.jarinjarloader.JarRsrcLoader.main(JarRsrcLoader.java:58)
Caused by: java.lang.OutOfMemoryError: Java heap space
	at java.util.Arrays.copyOf(Arrays.java:2245)
	at java.util.Arrays.copyOf(Arrays.java:2219)
	at java.util.ArrayList.grow(ArrayList.java:242)
	at java.util.ArrayList.ensureExplicitCapacity(ArrayList.java:216)
	at java.util.ArrayList.ensureCapacityInternal(ArrayList.java:208)
	at java.util.ArrayList.add(ArrayList.java:440)
	at systemStructure.PartitionGraph.getForwardBackwardPath(PartitionGraph.java:522)
	at systemStructure.PartitionGraph.makeCircuitFormation(PartitionGraph.java:505)
	at distNewCarc.partition.tokenbased.PBTokenIncConsFinding.<init>(PBTokenIncConsFinding.java:75)
	at launcher.CFLauncher.partitionBasedTokenIncCF(CFLauncher.java:199)
	at launcher.CFLauncher.runExpe(CFLauncher.java:380)
	at launcher.CFLauncher.exec(CFLauncher.java:433)
	at launcher.CFLauncher.main(CFLauncher.java:543)
	... 5 more
Exception in thread "main" java.lang.reflect.InvocationTargetException
	at sun.reflect.NativeMethodAccessorImpl.invoke0(Native Method)
	at sun.reflect.NativeMethodAccessorImpl.invoke(NativeMethodAccessorImpl.java:57)
	at sun.reflect.DelegatingMethodAccessorImpl.invoke(DelegatingMethodAccessorImpl.java:43)
	at java.lang.reflect.Method.invoke(Method.java:606)
	at org.eclipse.jdt.internal.jarinjarloader.JarRsrcLoader.main(JarRsrcLoader.java:58)
Caused by: java.lang.OutOfMemoryError: Java heap space
	at java.util.Arrays.copyOf(Arrays.java:2245)
	at java.util.Arrays.copyOf(Arrays.java:2219)
	at java.util.ArrayList.grow(ArrayList.java:242)
	at java.util.ArrayList.ensureExplicitCapacity(ArrayList.java:216)
	at java.util.ArrayList.ensureCapacityInternal(ArrayList.java:208)
	at java.util.ArrayList.add(ArrayList.java:440)
	at systemStructure.PartitionGraph.getForwardBackwardPath(PartitionGraph.java:522)
	at systemStructure.PartitionGraph.makeCircuitFormation(PartitionGraph.java:505)
	at distNewCarc.partition.tokenbased.PBTokenIncConsFinding.<init>(PBTokenIncConsFinding.java:75)
	at launcher.CFLauncher.partitionBasedTokenIncCF(CFLauncher.java:199)
	at launcher.CFLauncher.runExpe(CFLauncher.java:380)
	at launcher.CFLauncher.exec(CFLauncher.java:433)
	at launcher.CFLauncher.main(CFLauncher.java:543)
	... 5 more
Exception in thread "main" java.lang.reflect.InvocationTargetException
	at sun.reflect.NativeMethodAccessorImpl.invoke0(Native Method)
	at sun.reflect.NativeMethodAccessorImpl.invoke(NativeMethodAccessorImpl.java:57)
	at sun.reflect.DelegatingMethodAccessorImpl.invoke(DelegatingMethodAccessorImpl.java:43)
	at java.lang.reflect.Method.invoke(Method.java:606)
	at org.eclipse.jdt.internal.jarinjarloader.JarRsrcLoader.main(JarRsrcLoader.java:58)
Caused by: java.lang.OutOfMemoryError: Java heap space
	at java.util.Arrays.copyOf(Arrays.java:2245)
	at java.util.Arrays.copyOf(Arrays.java:2219)
	at java.util.ArrayList.grow(ArrayList.java:242)
	at java.util.ArrayList.ensureExplicitCapacity(ArrayList.java:216)
	at java.util.ArrayList.ensureCapacityInternal(ArrayList.java:208)
	at java.util.ArrayList.add(ArrayList.java:440)
	at systemStructure.PartitionGraph.getForwardBackwardPath(PartitionGraph.java:522)
	at systemStructure.PartitionGraph.makeCircuitFormation(PartitionGraph.java:505)
	at distNewCarc.partition.tokenbased.PBTokenIncConsFinding.<init>(PBTokenIncConsFinding.java:75)
	at launcher.CFLauncher.partitionBasedTokenIncCF(CFLauncher.java:199)
	at launcher.CFLauncher.runExpe(CFLauncher.java:380)
	at launcher.CFLauncher.exec(CFLauncher.java:433)
	at launcher.CFLauncher.main(CFLauncher.java:543)
	... 5 more
Exception in thread "main" java.lang.reflect.InvocationTargetException
	at sun.reflect.NativeMethodAccessorImpl.invoke0(Native Method)
	at sun.reflect.NativeMethodAccessorImpl.invoke(NativeMethodAccessorImpl.java:57)
	at sun.reflect.DelegatingMethodAccessorImpl.invoke(DelegatingMethodAccessorImpl.java:43)
	at java.lang.reflect.Method.invoke(Method.java:606)
	at org.eclipse.jdt.internal.jarinjarloader.JarRsrcLoader.main(JarRsrcLoader.java:58)
Caused by: java.lang.OutOfMemoryError: Java heap space
	at java.util.Arrays.copyOf(Arrays.java:2245)
	at java.util.Arrays.copyOf(Arrays.java:2219)
	at java.util.ArrayList.grow(ArrayList.java:242)
	at java.util.ArrayList.ensureExplicitCapacity(ArrayList.java:216)
	at java.util.ArrayList.ensureCapacityInternal(ArrayList.java:208)
	at java.util.ArrayList.add(ArrayList.java:440)
	at systemStructure.PartitionGraph.getForwardBackwardPath(PartitionGraph.java:522)
	at systemStructure.PartitionGraph.makeCircuitFormation(PartitionGraph.java:505)
	at distNewCarc.partition.tokenbased.PBTokenIncConsFinding.<init>(PBTokenIncConsFinding.java:75)
	at launcher.CFLauncher.partitionBasedTokenIncCF(CFLauncher.java:199)
	at launcher.CFLauncher.runExpe(CFLauncher.java:380)
	at launcher.CFLauncher.exec(CFLauncher.java:433)
	at launcher.CFLauncher.main(CFLauncher.java:543)
	... 5 more
Exception in thread "main" java.lang.reflect.InvocationTargetException
	at sun.reflect.NativeMethodAccessorImpl.invoke0(Native Method)
	at sun.reflect.NativeMethodAccessorImpl.invoke(NativeMethodAccessorImpl.java:57)
	at sun.reflect.DelegatingMethodAccessorImpl.invoke(DelegatingMethodAccessorImpl.java:43)
	at java.lang.reflect.Method.invoke(Method.java:606)
	at org.eclipse.jdt.internal.jarinjarloader.JarRsrcLoader.main(JarRsrcLoader.java:58)
Caused by: java.lang.OutOfMemoryError: Java heap space
	at java.util.Arrays.copyOf(Arrays.java:2245)
	at java.util.Arrays.copyOf(Arrays.java:2219)
	at java.util.ArrayList.grow(ArrayList.java:242)
	at java.util.ArrayList.ensureExplicitCapacity(ArrayList.java:216)
	at java.util.ArrayList.ensureCapacityInternal(ArrayList.java:208)
	at java.util.ArrayList.add(ArrayList.java:440)
	at systemStructure.PartitionGraph.getForwardBackwardPath(PartitionGraph.java:522)
	at systemStructure.PartitionGraph.makeCircuitFormation(PartitionGraph.java:505)
	at distNewCarc.partition.tokenbased.PBTokenIncConsFinding.<init>(PBTokenIncConsFinding.java:75)
	at launcher.CFLauncher.partitionBasedTokenIncCF(CFLauncher.java:199)
	at launcher.CFLauncher.runExpe(CFLauncher.java:380)
	at launcher.CFLauncher.exec(CFLauncher.java:433)
	at launcher.CFLauncher.main(CFLauncher.java:543)
	... 5 more
Exception in thread "main" java.lang.reflect.InvocationTargetException
	at sun.reflect.NativeMethodAccessorImpl.invoke0(Native Method)
	at sun.reflect.NativeMethodAccessorImpl.invoke(NativeMethodAccessorImpl.java:57)
	at sun.reflect.DelegatingMethodAccessorImpl.invoke(DelegatingMethodAccessorImpl.java:43)
	at java.lang.reflect.Method.invoke(Method.java:606)
	at org.eclipse.jdt.internal.jarinjarloader.JarRsrcLoader.main(JarRsrcLoader.java:58)
Caused by: java.lang.OutOfMemoryError: Java heap space
	at java.util.Arrays.copyOf(Arrays.java:2245)
	at java.util.Arrays.copyOf(Arrays.java:2219)
	at java.util.ArrayList.grow(ArrayList.java:242)
	at java.util.ArrayList.ensureExplicitCapacity(ArrayList.java:216)
	at java.util.ArrayList.ensureCapacityInternal(ArrayList.java:208)
	at java.util.ArrayList.add(ArrayList.java:440)
	at systemStructure.PartitionGraph.getForwardBackwardPath(PartitionGraph.java:522)
	at systemStructure.PartitionGraph.makeCircuitFormation(PartitionGraph.java:505)
	at distNewCarc.partition.tokenbased.PBTokenIncConsFinding.<init>(PBTokenIncConsFinding.java:75)
	at launcher.CFLauncher.partitionBasedTokenIncCF(CFLauncher.java:199)
	at launcher.CFLauncher.runExpe(CFLauncher.java:380)
	at launcher.CFLauncher.exec(CFLauncher.java:433)
	at launcher.CFLauncher.main(CFLauncher.java:543)
	... 5 more
java.lang.IndexOutOfBoundsException: Index: 3, Size: 3
	at java.util.ArrayList.rangeCheck(ArrayList.java:635)
	at java.util.ArrayList.get(ArrayList.java:411)
	at systemStructure.PartitionGraph.getForwardBackwardPath(PartitionGraph.java:516)
	at systemStructure.PartitionGraph.makeCircuitFormation(PartitionGraph.java:505)
	at distNewCarc.partition.tokenbased.PBTokenIncConsFinding.<init>(PBTokenIncConsFinding.java:75)
	at launcher.CFLauncher.partitionBasedTokenIncCF(CFLauncher.java:199)
	at launcher.CFLauncher.runExpe(CFLauncher.java:380)
	at launcher.CFLauncher.exec(CFLauncher.java:433)
	at launcher.CFLauncher.main(CFLauncher.java:543)
	at sun.reflect.NativeMethodAccessorImpl.invoke0(Native Method)
	at sun.reflect.NativeMethodAccessorImpl.invoke(NativeMethodAccessorImpl.java:57)
	at sun.reflect.DelegatingMethodAccessorImpl.invoke(DelegatingMethodAccessorImpl.java:43)
	at java.lang.reflect.Method.invoke(Method.java:606)
	at org.eclipse.jdt.internal.jarinjarloader.JarRsrcLoader.main(JarRsrcLoader.java:58)
java.lang.ArrayIndexOutOfBoundsException: -1
	at java.util.Vector.elementData(Vector.java:730)
	at java.util.Vector.get(Vector.java:746)
	at agLib.linkingGraph.LinkingGraph.getVoisins(LinkingGraph.java:43)
	at agLib.agentCommunicationSystem.Network.getNeighbours(Network.java:69)
	at agLib.agentCommunicationSystem.CommunicationModule.getNeighbours(CommunicationModule.java:133)
	at distNewCarc.partition.newAsynch.NewAsyncProtocol.send(NewAsyncProtocol.java:130)
	at distNewCarc.partition.newAsynch.NewAsyncProtocol.send(NewAsyncProtocol.java:157)
	at agLib.agentCommunicationSystem.CommunicationModule.send(CommunicationModule.java:166)
	at org.nabelab.solar.SOLAR.solve(SOLAR.java:891)
	at solarInterface.CFSolver.solve(CFSolver.java:217)
	at solarInterface.CFSolver.solveToClause(CFSolver.java:52)
	at distNewCarc.partition.IncConsFindingAgent.computeNewCons(IncConsFindingAgent.java:105)
	at distNewCarc.partition.newAsynch.NewAsyncProtocol.receiveCl(NewAsyncProtocol.java:109)
	at distNewCarc.partition.newAsynch.NewAsyncProtocol.receiveMessage(NewAsyncProtocol.java:57)
	at agLib.agentCommunicationSystem.CommunicationModule.receiveMessage(CommunicationModule.java:61)
	at agLib.agentCommunicationSystem.BasicAgent.run(BasicAgent.java:58)
	at java.lang.Thread.run(Thread.java:745)
java.lang.NullPointerException
	at org.nabelab.solar.SOLAR.solve(SOLAR.java:902)
	at solarInterface.CFSolver.solve(CFSolver.java:217)
	at solarInterface.CFSolver.solveToClause(CFSolver.java:52)
	at distNewCarc.partition.IncConsFindingAgent.computeNewCons(IncConsFindingAgent.java:105)
	at distNewCarc.partition.newAsynch.NewAsyncProtocol.receiveCl(NewAsyncProtocol.java:109)
	at distNewCarc.partition.newAsynch.NewAsyncProtocol.receiveMessage(NewAsyncProtocol.java:57)
	at distNewCarc.partition.newAsynch.NewAsyncProtocol.receiveCl(NewAsyncProtocol.java:103)
	at distNewCarc.partition.newAsynch.NewAsyncProtocol.receiveMessage(NewAsyncProtocol.java:67)
	at agLib.agentCommunicationSystem.CommunicationModule.receiveMessage(CommunicationModule.java:61)
	at agLib.agentCommunicationSystem.BasicAgent.run(BasicAgent.java:58)
	at java.lang.Thread.run(Thread.java:745)
java.lang.NullPointerException
	at org.nabelab.solar.SOLAR.solve(SOLAR.java:902)
	at solarInterface.CFSolver.solve(CFSolver.java:217)
	at solarInterface.CFSolver.solveToClause(CFSolver.java:52)
	at distNewCarc.partition.IncConsFindingAgent.computeNewCons(IncConsFindingAgent.java:105)
	at distNewCarc.partition.newAsynch.NewAsyncProtocol.receiveCl(NewAsyncProtocol.java:109)
	at distNewCarc.partition.newAsynch.NewAsyncProtocol.receiveMessage(NewAsyncProtocol.java:57)
	at distNewCarc.partition.newAsynch.NewAsyncProtocol.receiveCl(NewAsyncProtocol.java:103)
	at distNewCarc.partition.newAsynch.NewAsyncProtocol.receiveMessage(NewAsyncProtocol.java:67)
	at agLib.agentCommunicationSystem.CommunicationModule.receiveMessage(CommunicationModule.java:61)
	at agLib.agentCommunicationSystem.BasicAgent.run(BasicAgent.java:58)
	at java.lang.Thread.run(Thread.java:745)
java.lang.NullPointerException
	at org.nabelab.solar.SOLAR.solve(SOLAR.java:902)
	at solarInterface.CFSolver.solve(CFSolver.java:217)
	at solarInterface.CFSolver.solveToClause(CFSolver.java:52)
	at distNewCarc.partition.IncConsFindingAgent.computeNewCons(IncConsFindingAgent.java:105)
	at distNewCarc.partition.newAsynch.NewAsyncProtocol.receiveCl(NewAsyncProtocol.java:109)
	at distNewCarc.partition.newAsynch.NewAsyncProtocol.receiveMessage(NewAsyncProtocol.java:67)
	at agLib.agentCommunicationSystem.CommunicationModule.receiveMessage(CommunicationModule.java:61)
	at agLib.agentCommunicationSystem.BasicAgent.run(BasicAgent.java:58)
	at java.lang.Thread.run(Thread.java:745)
java.lang.NullPointerException
	at org.nabelab.solar.SOLAR.solve(SOLAR.java:902)
	at solarInterface.CFSolver.solve(CFSolver.java:217)
	at solarInterface.CFSolver.solveToClause(CFSolver.java:52)
	at distNewCarc.partition.IncConsFindingAgent.computeNewCons(IncConsFindingAgent.java:105)
	at distNewCarc.partition.newAsynch.NewAsyncProtocol.receiveCl(NewAsyncProtocol.java:109)
	at distNewCarc.partition.newAsynch.NewAsyncProtocol.receiveMessage(NewAsyncProtocol.java:57)
	at distNewCarc.partition.newAsynch.NewAsyncProtocol.receiveCl(NewAsyncProtocol.java:103)
	at distNewCarc.partition.newAsynch.NewAsyncProtocol.receiveMessage(NewAsyncProtocol.java:67)
	at agLib.agentCommunicationSystem.CommunicationModule.receiveMessage(CommunicationModule.java:61)
	at agLib.agentCommunicationSystem.BasicAgent.run(BasicAgent.java:58)
	at java.lang.Thread.run(Thread.java:745)
java.lang.NullPointerException
	at org.nabelab.solar.SOLAR.solve(SOLAR.java:902)
	at solarInterface.CFSolver.solve(CFSolver.java:217)
	at solarInterface.CFSolver.solveToClause(CFSolver.java:52)
	at distNewCarc.partition.IncConsFindingAgent.computeNewCons(IncConsFindingAgent.java:105)
	at distNewCarc.partition.newAsynch.NewAsyncProtocol.receiveCl(NewAsyncProtocol.java:109)
	at distNewCarc.partition.newAsynch.NewAsyncProtocol.receiveMessage(NewAsyncProtocol.java:57)
	at distNewCarc.partition.newAsynch.NewAsyncProtocol.receiveCl(NewAsyncProtocol.java:103)
	at distNewCarc.partition.newAsynch.NewAsyncProtocol.receiveMessage(NewAsyncProtocol.java:67)
	at agLib.agentCommunicationSystem.CommunicationModule.receiveMessage(CommunicationModule.java:61)
	at agLib.agentCommunicationSystem.BasicAgent.run(BasicAgent.java:58)
	at java.lang.Thread.run(Thread.java:745)
java.lang.IndexOutOfBoundsException: Index: 6, Size: 6
	at java.util.ArrayList.rangeCheck(ArrayList.java:635)
	at java.util.ArrayList.get(ArrayList.java:411)
	at systemStructure.PartitionGraph.getForwardBackwardPath(PartitionGraph.java:516)
	at systemStructure.PartitionGraph.makeCircuitFormation(PartitionGraph.java:505)
	at distNewCarc.partition.tokenbased.PBTokenIncConsFinding.<init>(PBTokenIncConsFinding.java:75)
	at launcher.CFLauncher.partitionBasedTokenIncCF(CFLauncher.java:199)
	at launcher.CFLauncher.runExpe(CFLauncher.java:380)
	at launcher.CFLauncher.exec(CFLauncher.java:433)
	at launcher.CFLauncher.main(CFLauncher.java:543)
	at sun.reflect.NativeMethodAccessorImpl.invoke0(Native Method)
	at sun.reflect.NativeMethodAccessorImpl.invoke(NativeMethodAccessorImpl.java:57)
	at sun.reflect.DelegatingMethodAccessorImpl.invoke(DelegatingMethodAccessorImpl.java:43)
	at java.lang.reflect.Method.invoke(Method.java:606)
	at org.eclipse.jdt.internal.jarinjarloader.JarRsrcLoader.main(JarRsrcLoader.java:58)
java.lang.IndexOutOfBoundsException: Index: 6, Size: 6
	at java.util.ArrayList.rangeCheck(ArrayList.java:635)
	at java.util.ArrayList.get(ArrayList.java:411)
	at systemStructure.PartitionGraph.getForwardBackwardPath(PartitionGraph.java:516)
	at systemStructure.PartitionGraph.makeCircuitFormation(PartitionGraph.java:505)
	at distNewCarc.partition.tokenbased.PBTokenIncConsFinding.<init>(PBTokenIncConsFinding.java:75)
	at launcher.CFLauncher.partitionBasedTokenIncCF(CFLauncher.java:199)
	at launcher.CFLauncher.runExpe(CFLauncher.java:380)
	at launcher.CFLauncher.exec(CFLauncher.java:433)
	at launcher.CFLauncher.main(CFLauncher.java:543)
	at sun.reflect.NativeMethodAccessorImpl.invoke0(Native Method)
	at sun.reflect.NativeMethodAccessorImpl.invoke(NativeMethodAccessorImpl.java:57)
	at sun.reflect.DelegatingMethodAccessorImpl.invoke(DelegatingMethodAccessorImpl.java:43)
	at java.lang.reflect.Method.invoke(Method.java:606)
	at org.eclipse.jdt.internal.jarinjarloader.JarRsrcLoader.main(JarRsrcLoader.java:58)
