java.io.FileNotFoundException: /home/tlati/PUZ008-3.C1/kmet/Clique_9.xml (No such file or directory)
	at java.io.FileInputStream.open(Native Method)
	at java.io.FileInputStream.<init>(FileInputStream.java:146)
	at java.io.FileInputStream.<init>(FileInputStream.java:101)
	at sun.net.www.protocol.file.FileURLConnection.connect(FileURLConnection.java:90)
	at sun.net.www.protocol.file.FileURLConnection.getInputStream(FileURLConnection.java:188)
	at com.sun.org.apache.xerces.internal.impl.XMLEntityManager.setupCurrentEntity(XMLEntityManager.java:622)
	at com.sun.org.apache.xerces.internal.impl.XMLVersionDetector.determineDocVersion(XMLVersionDetector.java:148)
	at com.sun.org.apache.xerces.internal.parsers.XML11Configuration.parse(XML11Configuration.java:812)
	at com.sun.org.apache.xerces.internal.parsers.XML11Configuration.parse(XML11Configuration.java:777)
	at com.sun.org.apache.xerces.internal.parsers.XMLParser.parse(XMLParser.java:141)
	at com.sun.org.apache.xerces.internal.parsers.AbstractSAXParser.parse(AbstractSAXParser.java:1213)
	at com.sun.org.apache.xerces.internal.jaxp.SAXParserImpl$JAXPSAXParser.parse(SAXParserImpl.java:642)
	at com.sun.org.apache.xerces.internal.jaxp.SAXParserImpl.parse(SAXParserImpl.java:326)
	at javax.xml.parsers.SAXParser.parse(SAXParser.java:274)
	at agLib.linkingGraph.LinkingGraph.loadFromXml(LinkingGraph.java:226)
	at agLib.linkingGraph.LinkingGraph.<init>(LinkingGraph.java:38)
	at systemStructure.PartitionGraph.createGraph(PartitionGraph.java:157)
	at systemStructure.PartitionGraph.<init>(PartitionGraph.java:93)
	at distNewCarc.partition.asynchronous.PBAsyncIncConsFinding.<init>(PBAsyncIncConsFinding.java:57)
	at launcher.CFLauncher.partitionBasedAsyncIncCF(CFLauncher.java:100)
	at launcher.CFLauncher.runExpe(CFLauncher.java:371)
	at launcher.CFLauncher.exec(CFLauncher.java:433)
	at launcher.CFLauncher.main(CFLauncher.java:550)
	at sun.reflect.NativeMethodAccessorImpl.invoke0(Native Method)
	at sun.reflect.NativeMethodAccessorImpl.invoke(NativeMethodAccessorImpl.java:57)
	at sun.reflect.DelegatingMethodAccessorImpl.invoke(DelegatingMethodAccessorImpl.java:43)
	at java.lang.reflect.Method.invoke(Method.java:606)
	at org.eclipse.jdt.internal.jarinjarloader.JarRsrcLoader.main(JarRsrcLoader.java:58)
java.lang.ArrayIndexOutOfBoundsException: Array index out of range: 0
	at java.util.Vector.set(Vector.java:762)
	at agLib.linkingGraph.LinkingGraph.setAgent(LinkingGraph.java:82)
	at systemStructure.PartitionGraph.createGraph(PartitionGraph.java:177)
	at systemStructure.PartitionGraph.<init>(PartitionGraph.java:93)
	at distNewCarc.partition.asynchronous.PBAsyncIncConsFinding.<init>(PBAsyncIncConsFinding.java:57)
	at launcher.CFLauncher.partitionBasedAsyncIncCF(CFLauncher.java:100)
	at launcher.CFLauncher.runExpe(CFLauncher.java:371)
	at launcher.CFLauncher.exec(CFLauncher.java:433)
	at launcher.CFLauncher.main(CFLauncher.java:550)
	at sun.reflect.NativeMethodAccessorImpl.invoke0(Native Method)
	at sun.reflect.NativeMethodAccessorImpl.invoke(NativeMethodAccessorImpl.java:57)
	at sun.reflect.DelegatingMethodAccessorImpl.invoke(DelegatingMethodAccessorImpl.java:43)
	at java.lang.reflect.Method.invoke(Method.java:606)
	at org.eclipse.jdt.internal.jarinjarloader.JarRsrcLoader.main(JarRsrcLoader.java:58)
java.io.FileNotFoundException: /home/tlati/PUZ008-3.C1/kmet/Clique_9.xml (No such file or directory)
	at java.io.FileInputStream.open(Native Method)
	at java.io.FileInputStream.<init>(FileInputStream.java:146)
	at java.io.FileInputStream.<init>(FileInputStream.java:101)
	at sun.net.www.protocol.file.FileURLConnection.connect(FileURLConnection.java:90)
	at sun.net.www.protocol.file.FileURLConnection.getInputStream(FileURLConnection.java:188)
	at com.sun.org.apache.xerces.internal.impl.XMLEntityManager.setupCurrentEntity(XMLEntityManager.java:622)
	at com.sun.org.apache.xerces.internal.impl.XMLVersionDetector.determineDocVersion(XMLVersionDetector.java:148)
	at com.sun.org.apache.xerces.internal.parsers.XML11Configuration.parse(XML11Configuration.java:812)
	at com.sun.org.apache.xerces.internal.parsers.XML11Configuration.parse(XML11Configuration.java:777)
	at com.sun.org.apache.xerces.internal.parsers.XMLParser.parse(XMLParser.java:141)
	at com.sun.org.apache.xerces.internal.parsers.AbstractSAXParser.parse(AbstractSAXParser.java:1213)
	at com.sun.org.apache.xerces.internal.jaxp.SAXParserImpl$JAXPSAXParser.parse(SAXParserImpl.java:642)
	at com.sun.org.apache.xerces.internal.jaxp.SAXParserImpl.parse(SAXParserImpl.java:326)
	at javax.xml.parsers.SAXParser.parse(SAXParser.java:274)
	at agLib.linkingGraph.LinkingGraph.loadFromXml(LinkingGraph.java:226)
	at agLib.linkingGraph.LinkingGraph.<init>(LinkingGraph.java:38)
	at systemStructure.PartitionGraph.createGraph(PartitionGraph.java:157)
	at systemStructure.PartitionGraph.<init>(PartitionGraph.java:93)
	at distNewCarc.partition.newAsynch.PBNewAsyncIncConsFinding.<init>(PBNewAsyncIncConsFinding.java:50)
	at launcher.CFLauncher.partitionBasedNewAsyncIncCF(CFLauncher.java:67)
	at launcher.CFLauncher.runExpe(CFLauncher.java:374)
	at launcher.CFLauncher.exec(CFLauncher.java:433)
	at launcher.CFLauncher.main(CFLauncher.java:550)
	at sun.reflect.NativeMethodAccessorImpl.invoke0(Native Method)
	at sun.reflect.NativeMethodAccessorImpl.invoke(NativeMethodAccessorImpl.java:57)
	at sun.reflect.DelegatingMethodAccessorImpl.invoke(DelegatingMethodAccessorImpl.java:43)
	at java.lang.reflect.Method.invoke(Method.java:606)
	at org.eclipse.jdt.internal.jarinjarloader.JarRsrcLoader.main(JarRsrcLoader.java:58)
java.lang.ArrayIndexOutOfBoundsException: Array index out of range: 0
	at java.util.Vector.set(Vector.java:762)
	at agLib.linkingGraph.LinkingGraph.setAgent(LinkingGraph.java:82)
	at systemStructure.PartitionGraph.createGraph(PartitionGraph.java:177)
	at systemStructure.PartitionGraph.<init>(PartitionGraph.java:93)
	at distNewCarc.partition.newAsynch.PBNewAsyncIncConsFinding.<init>(PBNewAsyncIncConsFinding.java:50)
	at launcher.CFLauncher.partitionBasedNewAsyncIncCF(CFLauncher.java:67)
	at launcher.CFLauncher.runExpe(CFLauncher.java:374)
	at launcher.CFLauncher.exec(CFLauncher.java:433)
	at launcher.CFLauncher.main(CFLauncher.java:550)
	at sun.reflect.NativeMethodAccessorImpl.invoke0(Native Method)
	at sun.reflect.NativeMethodAccessorImpl.invoke(NativeMethodAccessorImpl.java:57)
	at sun.reflect.DelegatingMethodAccessorImpl.invoke(DelegatingMethodAccessorImpl.java:43)
	at java.lang.reflect.Method.invoke(Method.java:606)
	at org.eclipse.jdt.internal.jarinjarloader.JarRsrcLoader.main(JarRsrcLoader.java:58)
java.lang.IndexOutOfBoundsException: Index: 7, Size: 7
	at java.util.ArrayList.rangeCheck(ArrayList.java:635)
	at java.util.ArrayList.get(ArrayList.java:411)
	at systemStructure.PartitionGraph.getAgent(PartitionGraph.java:776)
	at distNewCarc.partition.starbased.PBStarIncConsFinding.<init>(PBStarIncConsFinding.java:64)
	at launcher.CFLauncher.partitionBasedStarIncCF(CFLauncher.java:140)
	at launcher.CFLauncher.runExpe(CFLauncher.java:377)
	at launcher.CFLauncher.exec(CFLauncher.java:433)
	at launcher.CFLauncher.main(CFLauncher.java:550)
	at sun.reflect.NativeMethodAccessorImpl.invoke0(Native Method)
	at sun.reflect.NativeMethodAccessorImpl.invoke(NativeMethodAccessorImpl.java:57)
	at sun.reflect.DelegatingMethodAccessorImpl.invoke(DelegatingMethodAccessorImpl.java:43)
	at java.lang.reflect.Method.invoke(Method.java:606)
	at org.eclipse.jdt.internal.jarinjarloader.JarRsrcLoader.main(JarRsrcLoader.java:58)
java.lang.NullPointerException
	at java.util.ArrayList.addAll(ArrayList.java:559)
	at systemStructure.PartitionGraph.evaluateAddLitToPath(PartitionGraph.java:746)
	at systemStructure.PartitionGraph.removeEdge(PartitionGraph.java:704)
	at systemStructure.PartitionGraph.makeCircuitFormation(PartitionGraph.java:506)
	at distNewCarc.partition.tokenbased.PBTokenIncConsFinding.<init>(PBTokenIncConsFinding.java:75)
	at launcher.CFLauncher.partitionBasedTokenIncCF(CFLauncher.java:199)
	at launcher.CFLauncher.runExpe(CFLauncher.java:380)
	at launcher.CFLauncher.exec(CFLauncher.java:433)
	at launcher.CFLauncher.main(CFLauncher.java:550)
	at sun.reflect.NativeMethodAccessorImpl.invoke0(Native Method)
	at sun.reflect.NativeMethodAccessorImpl.invoke(NativeMethodAccessorImpl.java:57)
	at sun.reflect.DelegatingMethodAccessorImpl.invoke(DelegatingMethodAccessorImpl.java:43)
	at java.lang.reflect.Method.invoke(Method.java:606)
	at org.eclipse.jdt.internal.jarinjarloader.JarRsrcLoader.main(JarRsrcLoader.java:58)
java.lang.NullPointerException
	at java.util.ArrayList.addAll(ArrayList.java:559)
	at systemStructure.PartitionGraph.evaluateAddLitToPath(PartitionGraph.java:746)
	at systemStructure.PartitionGraph.removeEdge(PartitionGraph.java:704)
	at systemStructure.PartitionGraph.makeCircuitFormation(PartitionGraph.java:506)
	at distNewCarc.partition.tokenbased.PBTokenIncConsFinding.<init>(PBTokenIncConsFinding.java:75)
	at launcher.CFLauncher.partitionBasedTokenIncCF(CFLauncher.java:199)
	at launcher.CFLauncher.runExpe(CFLauncher.java:380)
	at launcher.CFLauncher.exec(CFLauncher.java:433)
	at launcher.CFLauncher.main(CFLauncher.java:550)
	at sun.reflect.NativeMethodAccessorImpl.invoke0(Native Method)
	at sun.reflect.NativeMethodAccessorImpl.invoke(NativeMethodAccessorImpl.java:57)
	at sun.reflect.DelegatingMethodAccessorImpl.invoke(DelegatingMethodAccessorImpl.java:43)
	at java.lang.reflect.Method.invoke(Method.java:606)
	at org.eclipse.jdt.internal.jarinjarloader.JarRsrcLoader.main(JarRsrcLoader.java:58)
java.lang.NullPointerException
	at java.util.ArrayList.addAll(ArrayList.java:559)
	at systemStructure.PartitionGraph.evaluateAddLitToPath(PartitionGraph.java:746)
	at systemStructure.PartitionGraph.removeEdge(PartitionGraph.java:704)
	at systemStructure.PartitionGraph.makeCircuitFormation(PartitionGraph.java:506)
	at distNewCarc.partition.tokenbased.PBTokenIncConsFinding.<init>(PBTokenIncConsFinding.java:75)
	at launcher.CFLauncher.partitionBasedTokenIncCF(CFLauncher.java:199)
	at launcher.CFLauncher.runExpe(CFLauncher.java:380)
	at launcher.CFLauncher.exec(CFLauncher.java:433)
	at launcher.CFLauncher.main(CFLauncher.java:550)
	at sun.reflect.NativeMethodAccessorImpl.invoke0(Native Method)
	at sun.reflect.NativeMethodAccessorImpl.invoke(NativeMethodAccessorImpl.java:57)
	at sun.reflect.DelegatingMethodAccessorImpl.invoke(DelegatingMethodAccessorImpl.java:43)
	at java.lang.reflect.Method.invoke(Method.java:606)
	at org.eclipse.jdt.internal.jarinjarloader.JarRsrcLoader.main(JarRsrcLoader.java:58)
java.lang.NullPointerException
	at java.util.ArrayList.addAll(ArrayList.java:559)
	at systemStructure.PartitionGraph.evaluateAddLitToPath(PartitionGraph.java:746)
	at systemStructure.PartitionGraph.removeEdge(PartitionGraph.java:704)
	at systemStructure.PartitionGraph.makeCircuitFormation(PartitionGraph.java:506)
	at distNewCarc.partition.tokenbased.PBTokenIncConsFinding.<init>(PBTokenIncConsFinding.java:75)
	at launcher.CFLauncher.partitionBasedTokenIncCF(CFLauncher.java:199)
	at launcher.CFLauncher.runExpe(CFLauncher.java:380)
	at launcher.CFLauncher.exec(CFLauncher.java:433)
	at launcher.CFLauncher.main(CFLauncher.java:550)
	at sun.reflect.NativeMethodAccessorImpl.invoke0(Native Method)
	at sun.reflect.NativeMethodAccessorImpl.invoke(NativeMethodAccessorImpl.java:57)
	at sun.reflect.DelegatingMethodAccessorImpl.invoke(DelegatingMethodAccessorImpl.java:43)
	at java.lang.reflect.Method.invoke(Method.java:606)
	at org.eclipse.jdt.internal.jarinjarloader.JarRsrcLoader.main(JarRsrcLoader.java:58)
java.lang.NullPointerException
	at java.util.ArrayList.addAll(ArrayList.java:559)
	at systemStructure.PartitionGraph.evaluateAddLitToPath(PartitionGraph.java:746)
	at systemStructure.PartitionGraph.removeEdge(PartitionGraph.java:704)
	at systemStructure.PartitionGraph.makeCircuitFormation(PartitionGraph.java:506)
	at distNewCarc.partition.tokenbased.PBTokenIncConsFinding.<init>(PBTokenIncConsFinding.java:75)
	at launcher.CFLauncher.partitionBasedTokenIncCF(CFLauncher.java:199)
	at launcher.CFLauncher.runExpe(CFLauncher.java:380)
	at launcher.CFLauncher.exec(CFLauncher.java:433)
	at launcher.CFLauncher.main(CFLauncher.java:550)
	at sun.reflect.NativeMethodAccessorImpl.invoke0(Native Method)
	at sun.reflect.NativeMethodAccessorImpl.invoke(NativeMethodAccessorImpl.java:57)
	at sun.reflect.DelegatingMethodAccessorImpl.invoke(DelegatingMethodAccessorImpl.java:43)
	at java.lang.reflect.Method.invoke(Method.java:606)
	at org.eclipse.jdt.internal.jarinjarloader.JarRsrcLoader.main(JarRsrcLoader.java:58)
Exception in thread "main" java.lang.reflect.InvocationTargetException
	at sun.reflect.NativeMethodAccessorImpl.invoke0(Native Method)
	at sun.reflect.NativeMethodAccessorImpl.invoke(NativeMethodAccessorImpl.java:57)
	at sun.reflect.DelegatingMethodAccessorImpl.invoke(DelegatingMethodAccessorImpl.java:43)
	at java.lang.reflect.Method.invoke(Method.java:606)
	at org.eclipse.jdt.internal.jarinjarloader.JarRsrcLoader.main(JarRsrcLoader.java:58)
Caused by: java.lang.OutOfMemoryError: Java heap space
	at java.util.Arrays.copyOf(Arrays.java:2219)
	at java.util.ArrayList.grow(ArrayList.java:242)
	at java.util.ArrayList.ensureExplicitCapacity(ArrayList.java:216)
	at java.util.ArrayList.ensureCapacityInternal(ArrayList.java:208)
	at java.util.ArrayList.add(ArrayList.java:440)
	at systemStructure.PartitionGraph.getForwardBackwardPath(PartitionGraph.java:522)
	at systemStructure.PartitionGraph.makeCircuitFormation(PartitionGraph.java:505)
	at distNewCarc.partition.tokenbased.PBTokenIncConsFinding.<init>(PBTokenIncConsFinding.java:75)
	at launcher.CFLauncher.partitionBasedTokenIncCF(CFLauncher.java:199)
	at launcher.CFLauncher.runExpe(CFLauncher.java:380)
	at launcher.CFLauncher.exec(CFLauncher.java:433)
	at launcher.CFLauncher.main(CFLauncher.java:550)
	... 5 more
Exception in thread "main" java.lang.reflect.InvocationTargetException
	at sun.reflect.NativeMethodAccessorImpl.invoke0(Native Method)
	at sun.reflect.NativeMethodAccessorImpl.invoke(NativeMethodAccessorImpl.java:57)
	at sun.reflect.DelegatingMethodAccessorImpl.invoke(DelegatingMethodAccessorImpl.java:43)
	at java.lang.reflect.Method.invoke(Method.java:606)
	at org.eclipse.jdt.internal.jarinjarloader.JarRsrcLoader.main(JarRsrcLoader.java:58)
Caused by: java.lang.OutOfMemoryError: Java heap space
	at java.util.Arrays.copyOf(Arrays.java:2219)
	at java.util.ArrayList.grow(ArrayList.java:242)
	at java.util.ArrayList.ensureExplicitCapacity(ArrayList.java:216)
	at java.util.ArrayList.ensureCapacityInternal(ArrayList.java:208)
	at java.util.ArrayList.add(ArrayList.java:440)
	at systemStructure.PartitionGraph.getForwardBackwardPath(PartitionGraph.java:522)
	at systemStructure.PartitionGraph.makeCircuitFormation(PartitionGraph.java:505)
	at distNewCarc.partition.tokenbased.PBTokenIncConsFinding.<init>(PBTokenIncConsFinding.java:75)
	at launcher.CFLauncher.partitionBasedTokenIncCF(CFLauncher.java:199)
	at launcher.CFLauncher.runExpe(CFLauncher.java:380)
	at launcher.CFLauncher.exec(CFLauncher.java:433)
	at launcher.CFLauncher.main(CFLauncher.java:550)
	... 5 more
