resultFilename :PUZ008-1.C1i2
nethod:DICF-PB-Async
pbBasename :PUZ008-1.C1i2
variantSuffix:_all_ld-1-2
distr suff:_kmet2
timout :600000
Time for creating graph: 0.291s
Sys -> Ag0 : {New neighbour}
Sys -> Ag1 : {New neighbour}
Sys -> Ag0 : {Start}
Sys -> Ag1 : {Start}
Sys -> Ag0 : {Launch}
Sys -> Ag1 : {Launch}
Ag0 <------  {New neighbour}
Ag0 <------  {Start}
Ag0 -> Sys : {Started}
Ag0 <------  {Launch}
Ag0 receives [[+achievable(west(m(s(s(s(n0)))),c(s(s(s(n0))))),boatonwest,east(m(n0),c(n0)))]]
After pruning [[+achievable(west(m(s(s(s(n0)))),c(s(s(s(n0))))),boatonwest,east(m(n0),c(n0)))]]
Input Languages : {Ag1=[+achievable(_0,_1,_2), -achievable(_0,_1,_2)]}
Starting SolveToClause...
Launching solver...
----------------------------------------------------------------------
Clauses:
 [-achievable(west(m(_0),c(_1)),boatoneast,east(m(_2),c(s(_3)))), +achievable(west(m(_0),c(s(_1))),boatonwest,east(m(_2),c(_3)))]
 [-achievable(west(m(_0),c(_1)),boatoneast,east(m(_2),c(s(s(_3))))), +achievable(west(m(_0),c(s(s(_1)))),boatonwest,east(m(_2),c(_3)))]
 [-achievable(west(m(_0),c(_1)),boatoneast,east(m(s(s(_2))),c(_3))), +achievable(west(m(s(s(_0))),c(_1)),boatonwest,east(m(_2),c(_3)))]
 [-achievable(west(m(s(_0)),c(s(_1))),boatonwest,east(m(_2),c(_3))), +achievable(west(m(_0),c(_1)),boatoneast,east(m(s(_2)),c(s(_3))))]
 [+achievable(west(m(s(_0)),c(s(s(s(_0))))),_1,east(_2,_3))]
 [+achievable(west(_0,_1),_2,east(m(s(_3)),c(s(s(_3)))))]
 [+achievable(west(_0,_1),_2,east(m(s(_3)),c(s(s(s(_3))))))]
 [+achievable(west(m(s(s(s(n0)))),c(s(s(s(n0))))),boatonwest,east(m(n0),c(n0)))]
Top clauses:
 [+achievable(west(m(s(s(s(n0)))),c(s(s(s(n0))))),boatonwest,east(m(n0),c(n0)))]
Production field:
 [+achievable(_0,_1,_2), -achievable(_0,_1,_2), +achievable(_0,_1,_2):2]:2

>>>>>>>>>>>> Solving at depth : 2( real 2)
Ag1 <------  {New neighbour}
Ag1 <------  {Start}
Ag1 -> Sys : {Started}
Ag1 <------  {Launch}
Sys <------  {Started}
Sys <------  {Started}
>>>>>>>>>>>> Solve - measure : [42, 7, 2, 2, 0, 0, 0, 0]
Solver finished.
SolveToClause Finished!
Ag0: updated receivedCl []
updated lstCsq [[+achievable(west(m(s(s(s(n0)))),c(s(s(s(n0))))),boatonwest,east(m(n0),c(n0)))], [+achievable(west(m(s(s(n0))),c(s(s(n0)))),boatoneast,east(m(s(n0)),c(s(n0))))]]
Ag0 -> Ag1 : Send Clauses : [[+achievable(west(m(s(s(s(n0)))),c(s(s(s(n0))))),boatonwest,east(m(n0),c(n0)))], [+achievable(west(m(s(s(n0))),c(s(s(n0)))),boatoneast,east(m(s(n0)),c(s(n0))))]]
Ag1 <------  Send Clauses : [[+achievable(west(m(s(s(s(n0)))),c(s(s(s(n0))))),boatonwest,east(m(n0),c(n0)))], [+achievable(west(m(s(s(n0))),c(s(s(n0)))),boatoneast,east(m(s(n0)),c(s(n0))))]]
Ag1 receives [[+achievable(west(m(s(s(s(n0)))),c(s(s(s(n0))))),boatonwest,east(m(n0),c(n0)))], [+achievable(west(m(s(s(n0))),c(s(s(n0)))),boatoneast,east(m(s(n0)),c(s(n0))))]]
After pruning [[+achievable(west(m(s(s(s(n0)))),c(s(s(s(n0))))),boatonwest,east(m(n0),c(n0)))], [+achievable(west(m(s(s(n0))),c(s(s(n0)))),boatoneast,east(m(s(n0)),c(s(n0))))]]
Input Languages : {Ag0=[+achievable(_0,_1,_2), -achievable(_0,_1,_2)]}
Starting SolveToClause...
Launching solver...
----------------------------------------------------------------------
Clauses:
 [-achievable(west(m(_0),c(s(_1))),boatonwest,east(m(_2),c(_3))), +achievable(west(m(_0),c(_1)),boatoneast,east(m(_2),c(s(_3))))]
 [-achievable(west(m(_0),c(s(s(_1)))),boatonwest,east(m(_2),c(_3))), +achievable(west(m(_0),c(_1)),boatoneast,east(m(_2),c(s(s(_3)))))]
 [-achievable(west(m(s(_0)),c(_1)),boatonwest,east(m(_2),c(_3))), +achievable(west(m(_0),c(_1)),boatoneast,east(m(s(_2)),c(_3)))]
 [-achievable(west(m(_0),c(_1)),boatoneast,east(m(s(_2)),c(_3))), +achievable(west(m(s(_0)),c(_1)),boatonwest,east(m(_2),c(_3)))]
 [-achievable(west(m(s(s(_0))),c(_1)),boatonwest,east(m(_2),c(_3))), +achievable(west(m(_0),c(_1)),boatoneast,east(m(s(s(_2))),c(_3)))]
 [-achievable(west(m(_0),c(_1)),boatoneast,east(m(s(_2)),c(s(_3)))), +achievable(west(m(s(_0)),c(s(_1))),boatonwest,east(m(_2),c(_3)))]
 [+achievable(west(m(s(_0)),c(s(s(_0)))),_1,east(_2,_3))]
 [+achievable(west(m(s(s(s(n0)))),c(s(s(s(n0))))),boatonwest,east(m(n0),c(n0)))]
 [+achievable(west(m(s(s(n0))),c(s(s(n0)))),boatoneast,east(m(s(n0)),c(s(n0))))]
Top clauses:
 [+achievable(west(m(s(s(s(n0)))),c(s(s(s(n0))))),boatonwest,east(m(n0),c(n0)))]
 [+achievable(west(m(s(s(n0))),c(s(s(n0)))),boatoneast,east(m(s(n0)),c(s(n0))))]
Production field:
 [+achievable(_0,_1,_2), -achievable(_0,_1,_2), +achievable(_0,_1,_2):2]:2

>>>>>>>>>>>> Solving at depth : 2( real 2)
Ag0 -> Sys : Send Consequences : [[+achievable(west(m(s(s(s(n0)))),c(s(s(s(n0))))),boatonwest,east(m(n0),c(n0)))], [+achievable(west(m(s(s(n0))),c(s(s(n0)))),boatoneast,east(m(s(n0)),c(s(n0))))]]
Sys <------  Send Consequences : [[+achievable(west(m(s(s(s(n0)))),c(s(s(s(n0))))),boatonwest,east(m(n0),c(n0)))], [+achievable(west(m(s(s(n0))),c(s(s(n0)))),boatoneast,east(m(s(n0)),c(s(n0))))]]
>>>>>>>>>>>> Solve - measure : [10, 21, 6, 6, 0, 0, 0, 0]
Solver finished.
SolveToClause Finished!
Ag1: updated receivedCl []
updated lstCsq [[+achievable(west(m(s(s(s(n0)))),c(s(n0))),boatoneast,east(m(n0),c(s(s(n0)))))], [+achievable(west(m(s(s(s(n0)))),c(s(s(n0)))),boatoneast,east(m(n0),c(s(n0))))], [+achievable(west(m(s(n0)),c(s(s(s(n0))))),boatoneast,east(m(s(s(n0))),c(n0)))], [+achievable(west(m(s(s(s(n0)))),c(s(s(s(n0))))),boatonwest,east(m(n0),c(n0)))], [+achievable(west(m(s(s(n0))),c(s(s(n0)))),boatoneast,east(m(s(n0)),c(s(n0))))], [+achievable(west(m(s(s(s(n0)))),c(s(s(n0)))),boatonwest,east(m(n0),c(s(n0))))]]
Ag1 -> Ag0 : Send Clauses : [[+achievable(west(m(s(s(s(n0)))),c(s(n0))),boatoneast,east(m(n0),c(s(s(n0)))))], [+achievable(west(m(s(s(s(n0)))),c(s(s(n0)))),boatoneast,east(m(n0),c(s(n0))))], [+achievable(west(m(s(n0)),c(s(s(s(n0))))),boatoneast,east(m(s(s(n0))),c(n0)))], [+achievable(west(m(s(s(s(n0)))),c(s(s(s(n0))))),boatonwest,east(m(n0),c(n0)))], [+achievable(west(m(s(s(n0))),c(s(s(n0)))),boatoneast,east(m(s(n0)),c(s(n0))))], [+achievable(west(m(s(s(s(n0)))),c(s(s(n0)))),boatonwest,east(m(n0),c(s(n0))))]]
Ag1 -> Sys : Send Consequences : [[+achievable(west(m(s(s(s(n0)))),c(s(n0))),boatoneast,east(m(n0),c(s(s(n0)))))], [+achievable(west(m(s(s(s(n0)))),c(s(s(n0)))),boatoneast,east(m(n0),c(s(n0))))], [+achievable(west(m(s(n0)),c(s(s(s(n0))))),boatoneast,east(m(s(s(n0))),c(n0)))], [+achievable(west(m(s(s(s(n0)))),c(s(s(s(n0))))),boatonwest,east(m(n0),c(n0)))], [+achievable(west(m(s(s(n0))),c(s(s(n0)))),boatoneast,east(m(s(n0)),c(s(n0))))], [+achievable(west(m(s(s(s(n0)))),c(s(s(n0)))),boatonwest,east(m(n0),c(s(n0))))]]
Ag0 <------  Send Clauses : [[+achievable(west(m(s(s(s(n0)))),c(s(n0))),boatoneast,east(m(n0),c(s(s(n0)))))], [+achievable(west(m(s(s(s(n0)))),c(s(s(n0)))),boatoneast,east(m(n0),c(s(n0))))], [+achievable(west(m(s(n0)),c(s(s(s(n0))))),boatoneast,east(m(s(s(n0))),c(n0)))], [+achievable(west(m(s(s(s(n0)))),c(s(s(s(n0))))),boatonwest,east(m(n0),c(n0)))], [+achievable(west(m(s(s(n0))),c(s(s(n0)))),boatoneast,east(m(s(n0)),c(s(n0))))], [+achievable(west(m(s(s(s(n0)))),c(s(s(n0)))),boatonwest,east(m(n0),c(s(n0))))]]
Ag0 receives [[+achievable(west(m(s(s(s(n0)))),c(s(n0))),boatoneast,east(m(n0),c(s(s(n0)))))], [+achievable(west(m(s(s(s(n0)))),c(s(s(n0)))),boatoneast,east(m(n0),c(s(n0))))], [+achievable(west(m(s(n0)),c(s(s(s(n0))))),boatoneast,east(m(s(s(n0))),c(n0)))], [+achievable(west(m(s(s(s(n0)))),c(s(s(s(n0))))),boatonwest,east(m(n0),c(n0)))], [+achievable(west(m(s(s(n0))),c(s(s(n0)))),boatoneast,east(m(s(n0)),c(s(n0))))], [+achievable(west(m(s(s(s(n0)))),c(s(s(n0)))),boatonwest,east(m(n0),c(s(n0))))]]
After pruning [[+achievable(west(m(s(s(s(n0)))),c(s(n0))),boatoneast,east(m(n0),c(s(s(n0)))))], [+achievable(west(m(s(s(s(n0)))),c(s(s(n0)))),boatoneast,east(m(n0),c(s(n0))))], [+achievable(west(m(s(s(s(n0)))),c(s(s(n0)))),boatonwest,east(m(n0),c(s(n0))))]]
Input Languages : {Ag1=[+achievable(_0,_1,_2), -achievable(_0,_1,_2)]}
Starting SolveToClause...
Launching solver...
----------------------------------------------------------------------
Clauses:
 [+achievable(west(m(_0),c(s(_1))),boatonwest,east(m(_2),c(_3))), -achievable(west(m(_0),c(_1)),boatoneast,east(m(_2),c(s(_3))))]
 [+achievable(west(m(_0),c(s(s(_1)))),boatonwest,east(m(_2),c(_3))), -achievable(west(m(_0),c(_1)),boatoneast,east(m(_2),c(s(s(_3)))))]
 [+achievable(west(m(s(s(_0))),c(_1)),boatonwest,east(m(_2),c(_3))), -achievable(west(m(_0),c(_1)),boatoneast,east(m(s(s(_2))),c(_3)))]
 [+achievable(west(m(_0),c(_1)),boatoneast,east(m(s(_2)),c(s(_3)))), -achievable(west(m(s(_0)),c(s(_1))),boatonwest,east(m(_2),c(_3)))]
 [+achievable(west(m(s(_0)),c(s(s(s(_0))))),_1,east(_2,_3))]
 [+achievable(west(_0,_1),_2,east(m(s(_3)),c(s(s(_3)))))]
 [+achievable(west(_0,_1),_2,east(m(s(_3)),c(s(s(s(_3))))))]
 [+achievable(west(m(s(s(s(n0)))),c(s(s(s(n0))))),boatonwest,east(m(n0),c(n0)))]
 [+achievable(west(m(s(s(n0))),c(s(s(n0)))),boatoneast,east(m(s(n0)),c(s(n0))))]
 [+achievable(west(m(s(s(s(n0)))),c(s(n0))),boatoneast,east(m(n0),c(s(s(n0)))))]
 [+achievable(west(m(s(s(s(n0)))),c(s(s(n0)))),boatoneast,east(m(n0),c(s(n0))))]
 [+achievable(west(m(s(s(s(n0)))),c(s(s(n0)))),boatonwest,east(m(n0),c(s(n0))))]
Top clauses:
 [+achievable(west(m(s(s(s(n0)))),c(s(n0))),boatoneast,east(m(n0),c(s(s(n0)))))]
 [+achievable(west(m(s(s(s(n0)))),c(s(s(n0)))),boatoneast,east(m(n0),c(s(n0))))]
 [+achievable(west(m(s(s(s(n0)))),c(s(s(n0)))),boatonwest,east(m(n0),c(s(n0))))]
Production field:
 [+achievable(_0,_1,_2), -achievable(_0,_1,_2), +achievable(_0,_1,_2):2]:2

>>>>>>>>>>>> Solving at depth : 2( real 2)
Sys <------  Send Consequences : [[+achievable(west(m(s(s(s(n0)))),c(s(n0))),boatoneast,east(m(n0),c(s(s(n0)))))], [+achievable(west(m(s(s(s(n0)))),c(s(s(n0)))),boatoneast,east(m(n0),c(s(n0))))], [+achievable(west(m(s(n0)),c(s(s(s(n0))))),boatoneast,east(m(s(s(n0))),c(n0)))], [+achievable(west(m(s(s(s(n0)))),c(s(s(s(n0))))),boatonwest,east(m(n0),c(n0)))], [+achievable(west(m(s(s(n0))),c(s(s(n0)))),boatoneast,east(m(s(n0)),c(s(n0))))], [+achievable(west(m(s(s(s(n0)))),c(s(s(n0)))),boatonwest,east(m(n0),c(s(n0))))]]
>>>>>>>>>>>> Solve - measure : [11, 14, 3, 3, 0, 0, 0, 0]
Solver finished.
SolveToClause Finished!
Ag0: updated receivedCl []
updated lstCsq [[+achievable(west(m(s(s(s(n0)))),c(s(s(s(n0))))),boatonwest,east(m(n0),c(n0)))], [+achievable(west(m(s(s(n0))),c(s(s(n0)))),boatoneast,east(m(s(n0)),c(s(n0))))], [+achievable(west(m(s(s(s(n0)))),c(s(n0))),boatoneast,east(m(n0),c(s(s(n0)))))], [+achievable(west(m(s(s(s(n0)))),c(s(s(n0)))),boatoneast,east(m(n0),c(s(n0))))], [+achievable(west(m(s(s(s(n0)))),c(s(s(n0)))),boatonwest,east(m(n0),c(s(n0))))]]
Ag0 -> Ag1 : Send Clauses : [[+achievable(west(m(s(s(s(n0)))),c(s(n0))),boatoneast,east(m(n0),c(s(s(n0)))))], [+achievable(west(m(s(s(s(n0)))),c(s(s(n0)))),boatoneast,east(m(n0),c(s(n0))))], [+achievable(west(m(s(s(s(n0)))),c(s(s(n0)))),boatonwest,east(m(n0),c(s(n0))))]]
Ag1 <------  Send Clauses : [[+achievable(west(m(s(s(s(n0)))),c(s(n0))),boatoneast,east(m(n0),c(s(s(n0)))))], [+achievable(west(m(s(s(s(n0)))),c(s(s(n0)))),boatoneast,east(m(n0),c(s(n0))))], [+achievable(west(m(s(s(s(n0)))),c(s(s(n0)))),boatonwest,east(m(n0),c(s(n0))))]]
Ag1 receives [[+achievable(west(m(s(s(s(n0)))),c(s(n0))),boatoneast,east(m(n0),c(s(s(n0)))))], [+achievable(west(m(s(s(s(n0)))),c(s(s(n0)))),boatoneast,east(m(n0),c(s(n0))))], [+achievable(west(m(s(s(s(n0)))),c(s(s(n0)))),boatonwest,east(m(n0),c(s(n0))))]]
After pruning []
Input Languages : {Ag0=[+achievable(_0,_1,_2), -achievable(_0,_1,_2)]}
Ag1: updated receivedCl []
updated lstCsq [[+achievable(west(m(s(s(s(n0)))),c(s(n0))),boatoneast,east(m(n0),c(s(s(n0)))))], [+achievable(west(m(s(s(s(n0)))),c(s(s(n0)))),boatoneast,east(m(n0),c(s(n0))))], [+achievable(west(m(s(n0)),c(s(s(s(n0))))),boatoneast,east(m(s(s(n0))),c(n0)))], [+achievable(west(m(s(s(s(n0)))),c(s(s(s(n0))))),boatonwest,east(m(n0),c(n0)))], [+achievable(west(m(s(s(n0))),c(s(s(n0)))),boatoneast,east(m(s(n0)),c(s(n0))))], [+achievable(west(m(s(s(s(n0)))),c(s(s(n0)))),boatonwest,east(m(n0),c(s(n0))))]]
Ag0 -> Sys : Send Consequences : [[+achievable(west(m(s(s(s(n0)))),c(s(n0))),boatoneast,east(m(n0),c(s(s(n0)))))], [+achievable(west(m(s(s(s(n0)))),c(s(s(n0)))),boatoneast,east(m(n0),c(s(n0))))], [+achievable(west(m(s(s(s(n0)))),c(s(s(n0)))),boatonwest,east(m(n0),c(s(n0))))]]
Sys <------  Send Consequences : [[+achievable(west(m(s(s(s(n0)))),c(s(n0))),boatoneast,east(m(n0),c(s(s(n0)))))], [+achievable(west(m(s(s(s(n0)))),c(s(s(n0)))),boatoneast,east(m(n0),c(s(n0))))], [+achievable(west(m(s(s(s(n0)))),c(s(s(n0)))),boatonwest,east(m(n0),c(s(n0))))]]
Sys -> Sys : {Finish}
Sys <------  {Finish}
Sys -> Ag0 : {Finish}
Sys -> Ag1 : {Finish}
Ag0 <------  {Finish}
Ag1 <------  {Finish}
6 (NEW) CHARACTERISTIC CLAUSES

[+achievable(west(m(s(n0)),c(s(s(s(n0))))),boatoneast,east(m(s(s(n0))),c(n0)))]
[+achievable(west(m(s(s(s(n0)))),c(s(s(s(n0))))),boatonwest,east(m(n0),c(n0)))]
[+achievable(west(m(s(s(n0))),c(s(s(n0)))),boatoneast,east(m(s(n0)),c(s(n0))))]
[+achievable(west(m(s(s(s(n0)))),c(s(n0))),boatoneast,east(m(n0),c(s(s(n0)))))]
[+achievable(west(m(s(s(s(n0)))),c(s(s(n0)))),boatoneast,east(m(n0),c(s(n0))))]
[+achievable(west(m(s(s(s(n0)))),c(s(s(n0)))),boatonwest,east(m(n0),c(s(n0))))]

Total execution time was 2432 ms.

Execution time was 2066 ms.

DCIF PROBLEM ASYNC
PUZ008-1.C1i2_all_ld-1-2_DICF-PB-Async
