resultFilename :PUZ008-1.C1i2
nethod:SOLAR-Inc
pbBasename :PUZ008-1.C1i2
variantSuffix:_all_ld-1-2
distr suff:
timout :600000
>>>>>>>>>>>> Solving at depth : 2( real 2)
>>>>>>>>>>>> Solve - measure : [53, 15, 4, 4, 0, 0, 0, 0]
SolveToClause Finished!
4 CHARACTERISTIC CLAUSES

[+achievable(west(m(s(s(n0))),c(s(s(n0)))),boatoneast,east(m(s(n0)),c(s(n0))))]
[+achievable(west(m(s(s(s(n0)))),c(s(n0))),boatoneast,east(m(n0),c(s(s(n0)))))]
[+achievable(west(m(s(s(s(n0)))),c(s(s(n0)))),boatoneast,east(m(n0),c(s(n0))))]
[+achievable(west(m(s(s(s(n0)))),c(s(s(s(n0))))),boatonwest,east(m(n0),c(n0)))]


Total execution time was 459 ms.


Execution time was 447 ms.

status 103
---System Timeout---
SOLAR PROBLEM
PUZ008-1.C1i2_all_ld-1-2_SOLAR-Inc
