resultFilename :PUZ008-1.C1i2
nethod:DICF-PB-Star-FixedRoot-5
pbBasename :PUZ008-1.C1i2
variantSuffix:_all_ld2-6
distr suff:_kmet6
timout :600000
Time for creating graph: 0.058s
Sys -> Ag0 : {New neighbour}
Sys -> Ag1 : {New neighbour}
Sys -> Ag0 : {New neighbour}
Sys -> Ag2 : {New neighbour}
Sys -> Ag0 : {New neighbour}
Sys -> Ag3 : {New neighbour}
Sys -> Ag0 : {New neighbour}
Sys -> Ag4 : {New neighbour}
Sys -> Ag0 : {New neighbour}
Sys -> Ag5 : {New neighbour}
Sys -> Ag1 : {New neighbour}
Sys -> Ag2 : {New neighbour}
Sys -> Ag1 : {New neighbour}
Sys -> Ag3 : {New neighbour}
Sys -> Ag1 : {New neighbour}
Sys -> Ag4 : {New neighbour}
Sys -> Ag1 : {New neighbour}
Sys -> Ag5 : {New neighbour}
Sys -> Ag2 : {New neighbour}
Sys -> Ag3 : {New neighbour}
Sys -> Ag2 : {New neighbour}
Sys -> Ag4 : {New neighbour}
Sys -> Ag2 : {New neighbour}
Sys -> Ag5 : {New neighbour}
Sys -> Ag3 : {New neighbour}
Sys -> Ag4 : {New neighbour}
Sys -> Ag3 : {New neighbour}
Sys -> Ag5 : {New neighbour}
Sys -> Ag4 : {New neighbour}
Sys -> Ag5 : {New neighbour}
Sys -> Ag0 : {Start}
Sys -> Ag1 : {Start}
Sys -> Ag2 : {Start}
Sys -> Ag3 : {Start}
Sys -> Ag4 : {Start}
Sys -> Ag5 : {Start}
Sys -> Ag0 : {Launch}
Sys -> Ag1 : {Launch}
Sys -> Ag2 : {Launch}
Sys -> Ag3 : {Launch}
Sys -> Ag4 : {Launch}
Sys -> Ag5 : {Launch}
Ag0 <------  {New neighbour}
Ag0 <------  {New neighbour}
Ag0 <------  {New neighbour}
Ag0 <------  {New neighbour}
Ag0 <------  {New neighbour}
Ag0 <------  {Start}
Ag0 -> Sys : {Started}
Ag0 <------  {Launch}
Ag1 <------  {New neighbour}
Ag1 <------  {New neighbour}
Ag1 <------  {New neighbour}
Ag1 <------  {New neighbour}
Ag1 <------  {New neighbour}
Ag1 <------  {Start}
Ag1 -> Sys : {Started}
Ag1 <------  {Launch}
Ag2 <------  {New neighbour}
Ag2 <------  {New neighbour}
Ag2 <------  {New neighbour}
Ag2 <------  {New neighbour}
Ag2 <------  {New neighbour}
Ag2 <------  {Start}
Ag2 -> Sys : {Started}
Ag2 <------  {Launch}
Ag3 <------  {New neighbour}
Ag3 <------  {New neighbour}
Ag3 <------  {New neighbour}
Ag3 <------  {New neighbour}
Ag3 <------  {New neighbour}
Ag3 <------  {Start}
Ag3 -> Sys : {Started}
Ag3 <------  {Launch}
Ag4 <------  {New neighbour}
Ag4 <------  {New neighbour}
Ag4 <------  {New neighbour}
Ag4 <------  {New neighbour}
Ag4 <------  {New neighbour}
Ag4 <------  {Start}
Ag4 -> Sys : {Started}
Ag4 <------  {Launch}
Ag5 <------  {New neighbour}
Ag5 <------  {New neighbour}
Ag5 <------  {New neighbour}
Ag5 <------  {New neighbour}
Ag5 <------  {New neighbour}
Ag5 <------  {Start}
Ag5 -> Sys : {Started}
Ag5 <------  {Launch}
Ag5 receives []
After pruning []
Input Languages : {Ag3=[], Ag1=[+achievable(_0,_1,_2), -achievable(_0,_1,_2)], Ag2=[+achievable(_0,_1,_2), -achievable(_0,_1,_2)], Ag0=[], Ag4=[]}
Ag5: updated receivedCl []
updated lstCsq []
Ag5 -> Ag0 : Send Clauses : []
Ag0 <------  Send Clauses : []
Ag0 receives []
After pruning []
Input Languages : {}
Ag0: updated receivedCl []
updated lstCsq []
Ag0 -> Ag5 : Send Clauses : []
Ag5 -> Ag1 : Send Clauses : []
Ag1 <------  Send Clauses : []
Ag1 receives [[+achievable(west(m(s(s(s(n0)))),c(s(s(s(n0))))),boatonwest,east(m(n0),c(n0)))]]
After pruning [[+achievable(west(m(s(s(s(n0)))),c(s(s(s(n0))))),boatonwest,east(m(n0),c(n0)))]]
Input Languages : {}
Starting SolveToClause...
Launching solver...
----------------------------------------------------------------------
Clauses:
 [-achievable(west(m(_0),c(s(_1))),boatonwest,east(m(_2),c(_3))), +achievable(west(m(_0),c(_1)),boatoneast,east(m(_2),c(s(_3))))]
 [-achievable(west(m(s(_0)),c(_1)),boatonwest,east(m(_2),c(_3))), +achievable(west(m(_0),c(_1)),boatoneast,east(m(s(_2)),c(_3)))]
 [+achievable(west(_0,_1),_2,east(m(s(_3)),c(s(s(_3)))))]
 [+achievable(west(_0,_1),_2,east(m(s(_3)),c(s(s(s(_3))))))]
 [+achievable(west(m(s(s(s(n0)))),c(s(s(s(n0))))),boatonwest,east(m(n0),c(n0)))]
Top clauses:
 [+achievable(west(m(s(s(s(n0)))),c(s(s(s(n0))))),boatonwest,east(m(n0),c(n0)))]
Production field:
 [+achievable(_0,_1,_2), -achievable(_0,_1,_2), +achievable(_0,_1,_2):6 <= 2]:6

>>>>>>>>>>>> Solving at depth : 6( real 6)
Ag5 -> Ag2 : Send Clauses : []
Ag2 <------  Send Clauses : []
Ag2 receives []
After pruning []
Input Languages : {}
Ag2: updated receivedCl []
updated lstCsq []
Ag2 -> Ag5 : Send Clauses : []
Ag5 -> Ag3 : Send Clauses : []
Ag3 <------  Send Clauses : []
Ag3 receives []
After pruning []
Input Languages : {}
Ag3: updated receivedCl []
updated lstCsq []
Ag3 -> Ag5 : Send Clauses : []
Ag5 -> Ag4 : Send Clauses : []
Ag4 <------  Send Clauses : []
Ag4 receives []
After pruning []
Input Languages : {}
Ag4: updated receivedCl []
updated lstCsq []
Ag4 -> Ag5 : Send Clauses : []
Ag5 <------  Send Clauses : []
Ag5 <------  Send Clauses : []
Ag5 <------  Send Clauses : []
Ag5 <------  Send Clauses : []
Sys <------  {Started}
Sys <------  {Started}
Sys <------  {Started}
Sys <------  {Started}
Sys <------  {Started}
Sys <------  {Started}
>>>>>>>>>>>> Solve - measure : [39, 10, 3, 3, 0, 0, 0, 0]
Solver finished.
SolveToClause Finished!
Ag1: updated receivedCl []
updated lstCsq [[+achievable(west(m(s(s(s(n0)))),c(s(s(n0)))),boatoneast,east(m(n0),c(s(n0))))], [+achievable(west(m(s(s(n0))),c(s(s(s(n0))))),boatoneast,east(m(s(n0)),c(n0)))], [+achievable(west(m(s(s(s(n0)))),c(s(s(s(n0))))),boatonwest,east(m(n0),c(n0)))]]
Ag1 -> Ag5 : Send Clauses : [[+achievable(west(m(s(s(s(n0)))),c(s(s(n0)))),boatoneast,east(m(n0),c(s(n0))))], [+achievable(west(m(s(s(n0))),c(s(s(s(n0))))),boatoneast,east(m(s(n0)),c(n0)))], [+achievable(west(m(s(s(s(n0)))),c(s(s(s(n0))))),boatonwest,east(m(n0),c(n0)))]]
Ag5 <------  Send Clauses : [[+achievable(west(m(s(s(s(n0)))),c(s(s(n0)))),boatoneast,east(m(n0),c(s(n0))))], [+achievable(west(m(s(s(n0))),c(s(s(s(n0))))),boatoneast,east(m(s(n0)),c(n0)))], [+achievable(west(m(s(s(s(n0)))),c(s(s(s(n0))))),boatonwest,east(m(n0),c(n0)))]]
Ag5 receives [[+achievable(west(m(s(s(s(n0)))),c(s(s(n0)))),boatoneast,east(m(n0),c(s(n0))))], [+achievable(west(m(s(s(n0))),c(s(s(s(n0))))),boatoneast,east(m(s(n0)),c(n0)))], [+achievable(west(m(s(s(s(n0)))),c(s(s(s(n0))))),boatonwest,east(m(n0),c(n0)))]]
After pruning [[+achievable(west(m(s(s(s(n0)))),c(s(s(n0)))),boatoneast,east(m(n0),c(s(n0))))], [+achievable(west(m(s(s(n0))),c(s(s(s(n0))))),boatoneast,east(m(s(n0)),c(n0)))], [+achievable(west(m(s(s(s(n0)))),c(s(s(s(n0))))),boatonwest,east(m(n0),c(n0)))]]
Input Languages : {Ag3=[], Ag1=[+achievable(_0,_1,_2), -achievable(_0,_1,_2)], Ag2=[+achievable(_0,_1,_2), -achievable(_0,_1,_2)], Ag0=[], Ag4=[]}
Starting SolveToClause...
Launching solver...
----------------------------------------------------------------------
Clauses:
 [-achievable(west(m(_0),c(_1)),boatoneast,east(m(s(_2)),c(_3))), +achievable(west(m(s(_0)),c(_1)),boatonwest,east(m(_2),c(_3)))]
 [-achievable(west(m(s(s(_0))),c(_1)),boatonwest,east(m(_2),c(_3))), +achievable(west(m(_0),c(_1)),boatoneast,east(m(s(s(_2))),c(_3)))]
 [-achievable(west(m(_0),c(_1)),boatoneast,east(m(s(s(_2))),c(_3))), +achievable(west(m(s(s(_0))),c(_1)),boatonwest,east(m(_2),c(_3)))]
 [-achievable(west(m(s(_0)),c(s(_1))),boatonwest,east(m(_2),c(_3))), +achievable(west(m(_0),c(_1)),boatoneast,east(m(s(_2)),c(s(_3))))]
 [-achievable(west(m(_0),c(_1)),boatoneast,east(m(s(_2)),c(s(_3)))), +achievable(west(m(s(_0)),c(s(_1))),boatonwest,east(m(_2),c(_3)))]
 [+achievable(west(m(s(s(s(n0)))),c(s(s(n0)))),boatoneast,east(m(n0),c(s(n0))))]
 [+achievable(west(m(s(s(n0))),c(s(s(s(n0))))),boatoneast,east(m(s(n0)),c(n0)))]
 [+achievable(west(m(s(s(s(n0)))),c(s(s(s(n0))))),boatonwest,east(m(n0),c(n0)))]
Top clauses:
 [+achievable(west(m(s(s(s(n0)))),c(s(s(n0)))),boatoneast,east(m(n0),c(s(n0))))]
 [+achievable(west(m(s(s(n0))),c(s(s(s(n0))))),boatoneast,east(m(s(n0)),c(n0)))]
 [+achievable(west(m(s(s(s(n0)))),c(s(s(s(n0))))),boatonwest,east(m(n0),c(n0)))]
Production field:
 [+achievable(_0,_1,_2), -achievable(_0,_1,_2), +achievable(_0,_1,_2), -achievable(_0,_1,_2), +achievable(_0,_1,_2):6 <= 2]:6

>>>>>>>>>>>> Solving at depth : 6( real 6)
>>>>>>>>>>>> Solve - measure : [19, 88, 26, 26, 0, 0, 0, 0]
Solver finished.
SolveToClause Finished!
Ag5: updated receivedCl []
updated lstCsq [[+achievable(west(m(s(s(n0))),c(s(n0))),boatoneast,east(m(s(n0)),c(s(s(n0)))))], [+achievable(west(m(s(s(n0))),c(s(s(s(n0))))),boatoneast,east(m(s(n0)),c(n0)))], [+achievable(west(m(s(s(n0))),c(n0)),boatoneast,east(m(s(n0)),c(s(s(s(n0))))))], [+achievable(west(m(s(s(s(n0)))),c(s(s(n0)))),boatoneast,east(m(n0),c(s(n0))))], [+achievable(west(m(s(n0)),c(s(s(s(n0))))),boatonwest,east(m(s(s(n0))),c(n0)))], [+achievable(west(m(s(s(n0))),c(s(s(n0)))),boatonwest,east(m(s(n0)),c(s(n0))))], [+achievable(west(m(s(n0)),c(s(n0))),boatoneast,east(m(s(s(n0))),c(s(s(n0)))))], [+achievable(west(m(s(s(s(n0)))),c(s(s(n0)))),boatonwest,east(m(n0),c(s(n0))))], [+achievable(west(m(s(s(n0))),c(s(s(s(n0))))),boatonwest,east(m(s(n0)),c(n0)))], [+achievable(west(m(s(s(n0))),c(s(s(n0)))),boatoneast,east(m(s(n0)),c(s(n0))))], [+achievable(west(m(n0),c(s(s(s(n0))))),boatoneast,east(m(s(s(s(n0)))),c(n0)))], [+achievable(west(m(s(s(s(n0)))),c(s(n0))),boatonwest,east(m(n0),c(s(s(n0)))))], [+achievable(west(m(n0),c(s(s(n0)))),boatoneast,east(m(s(s(s(n0)))),c(s(n0))))], [+achievable(west(m(s(n0)),c(s(s(s(n0))))),boatoneast,east(m(s(s(n0))),c(n0)))], [+achievable(west(m(s(n0)),c(s(s(n0)))),boatoneast,east(m(s(s(n0))),c(s(n0))))], [+achievable(west(m(s(s(s(n0)))),c(s(s(s(n0))))),boatonwest,east(m(n0),c(n0)))]]
Ag5 -> Ag1 : Send Clauses : [[+achievable(west(m(s(s(n0))),c(s(n0))),boatoneast,east(m(s(n0)),c(s(s(n0)))))], [+achievable(west(m(s(s(n0))),c(s(s(s(n0))))),boatoneast,east(m(s(n0)),c(n0)))], [+achievable(west(m(s(s(n0))),c(n0)),boatoneast,east(m(s(n0)),c(s(s(s(n0))))))], [+achievable(west(m(s(s(s(n0)))),c(s(s(n0)))),boatoneast,east(m(n0),c(s(n0))))], [+achievable(west(m(s(n0)),c(s(s(s(n0))))),boatonwest,east(m(s(s(n0))),c(n0)))], [+achievable(west(m(s(s(n0))),c(s(s(n0)))),boatonwest,east(m(s(n0)),c(s(n0))))], [+achievable(west(m(s(n0)),c(s(n0))),boatoneast,east(m(s(s(n0))),c(s(s(n0)))))], [+achievable(west(m(s(s(s(n0)))),c(s(s(n0)))),boatonwest,east(m(n0),c(s(n0))))], [+achievable(west(m(s(s(n0))),c(s(s(s(n0))))),boatonwest,east(m(s(n0)),c(n0)))], [+achievable(west(m(s(s(n0))),c(s(s(n0)))),boatoneast,east(m(s(n0)),c(s(n0))))], [+achievable(west(m(n0),c(s(s(s(n0))))),boatoneast,east(m(s(s(s(n0)))),c(n0)))], [+achievable(west(m(s(s(s(n0)))),c(s(n0))),boatonwest,east(m(n0),c(s(s(n0)))))], [+achievable(west(m(n0),c(s(s(n0)))),boatoneast,east(m(s(s(s(n0)))),c(s(n0))))], [+achievable(west(m(s(n0)),c(s(s(s(n0))))),boatoneast,east(m(s(s(n0))),c(n0)))], [+achievable(west(m(s(n0)),c(s(s(n0)))),boatoneast,east(m(s(s(n0))),c(s(n0))))], [+achievable(west(m(s(s(s(n0)))),c(s(s(s(n0))))),boatonwest,east(m(n0),c(n0)))]]
Ag1 <------  Send Clauses : [[+achievable(west(m(s(s(n0))),c(s(n0))),boatoneast,east(m(s(n0)),c(s(s(n0)))))], [+achievable(west(m(s(s(n0))),c(s(s(s(n0))))),boatoneast,east(m(s(n0)),c(n0)))], [+achievable(west(m(s(s(n0))),c(n0)),boatoneast,east(m(s(n0)),c(s(s(s(n0))))))], [+achievable(west(m(s(s(s(n0)))),c(s(s(n0)))),boatoneast,east(m(n0),c(s(n0))))], [+achievable(west(m(s(n0)),c(s(s(s(n0))))),boatonwest,east(m(s(s(n0))),c(n0)))], [+achievable(west(m(s(s(n0))),c(s(s(n0)))),boatonwest,east(m(s(n0)),c(s(n0))))], [+achievable(west(m(s(n0)),c(s(n0))),boatoneast,east(m(s(s(n0))),c(s(s(n0)))))], [+achievable(west(m(s(s(s(n0)))),c(s(s(n0)))),boatonwest,east(m(n0),c(s(n0))))], [+achievable(west(m(s(s(n0))),c(s(s(s(n0))))),boatonwest,east(m(s(n0)),c(n0)))], [+achievable(west(m(s(s(n0))),c(s(s(n0)))),boatoneast,east(m(s(n0)),c(s(n0))))], [+achievable(west(m(n0),c(s(s(s(n0))))),boatoneast,east(m(s(s(s(n0)))),c(n0)))], [+achievable(west(m(s(s(s(n0)))),c(s(n0))),boatonwest,east(m(n0),c(s(s(n0)))))], [+achievable(west(m(n0),c(s(s(n0)))),boatoneast,east(m(s(s(s(n0)))),c(s(n0))))], [+achievable(west(m(s(n0)),c(s(s(s(n0))))),boatoneast,east(m(s(s(n0))),c(n0)))], [+achievable(west(m(s(n0)),c(s(s(n0)))),boatoneast,east(m(s(s(n0))),c(s(n0))))], [+achievable(west(m(s(s(s(n0)))),c(s(s(s(n0))))),boatonwest,east(m(n0),c(n0)))]]
Ag1 receives [[+achievable(west(m(s(s(n0))),c(s(n0))),boatoneast,east(m(s(n0)),c(s(s(n0)))))], [+achievable(west(m(s(s(n0))),c(s(s(s(n0))))),boatoneast,east(m(s(n0)),c(n0)))], [+achievable(west(m(s(s(n0))),c(n0)),boatoneast,east(m(s(n0)),c(s(s(s(n0))))))], [+achievable(west(m(s(s(s(n0)))),c(s(s(n0)))),boatoneast,east(m(n0),c(s(n0))))], [+achievable(west(m(s(n0)),c(s(s(s(n0))))),boatonwest,east(m(s(s(n0))),c(n0)))], [+achievable(west(m(s(s(n0))),c(s(s(n0)))),boatonwest,east(m(s(n0)),c(s(n0))))], [+achievable(west(m(s(n0)),c(s(n0))),boatoneast,east(m(s(s(n0))),c(s(s(n0)))))], [+achievable(west(m(s(s(s(n0)))),c(s(s(n0)))),boatonwest,east(m(n0),c(s(n0))))], [+achievable(west(m(s(s(n0))),c(s(s(s(n0))))),boatonwest,east(m(s(n0)),c(n0)))], [+achievable(west(m(s(s(n0))),c(s(s(n0)))),boatoneast,east(m(s(n0)),c(s(n0))))], [+achievable(west(m(n0),c(s(s(s(n0))))),boatoneast,east(m(s(s(s(n0)))),c(n0)))], [+achievable(west(m(s(s(s(n0)))),c(s(n0))),boatonwest,east(m(n0),c(s(s(n0)))))], [+achievable(west(m(n0),c(s(s(n0)))),boatoneast,east(m(s(s(s(n0)))),c(s(n0))))], [+achievable(west(m(s(n0)),c(s(s(s(n0))))),boatoneast,east(m(s(s(n0))),c(n0)))], [+achievable(west(m(s(n0)),c(s(s(n0)))),boatoneast,east(m(s(s(n0))),c(s(n0))))], [+achievable(west(m(s(s(s(n0)))),c(s(s(s(n0))))),boatonwest,east(m(n0),c(n0)))]]
After pruning [[+achievable(west(m(s(n0)),c(s(s(s(n0))))),boatonwest,east(m(s(s(n0))),c(n0)))], [+achievable(west(m(s(s(n0))),c(s(s(n0)))),boatonwest,east(m(s(n0)),c(s(n0))))], [+achievable(west(m(s(n0)),c(s(n0))),boatoneast,east(m(s(s(n0))),c(s(s(n0)))))], [+achievable(west(m(s(s(s(n0)))),c(s(s(n0)))),boatonwest,east(m(n0),c(s(n0))))], [+achievable(west(m(s(s(n0))),c(s(s(s(n0))))),boatonwest,east(m(s(n0)),c(n0)))], [+achievable(west(m(s(s(n0))),c(s(s(n0)))),boatoneast,east(m(s(n0)),c(s(n0))))], [+achievable(west(m(n0),c(s(s(s(n0))))),boatoneast,east(m(s(s(s(n0)))),c(n0)))], [+achievable(west(m(s(s(s(n0)))),c(s(n0))),boatonwest,east(m(n0),c(s(s(n0)))))], [+achievable(west(m(n0),c(s(s(n0)))),boatoneast,east(m(s(s(s(n0)))),c(s(n0))))], [+achievable(west(m(s(n0)),c(s(s(s(n0))))),boatoneast,east(m(s(s(n0))),c(n0)))], [+achievable(west(m(s(n0)),c(s(s(n0)))),boatoneast,east(m(s(s(n0))),c(s(n0))))]]
Input Languages : {}
Starting SolveToClause...
Launching solver...
----------------------------------------------------------------------
Clauses:
 [+achievable(west(m(_0),c(_1)),boatoneast,east(m(_2),c(s(_3)))), -achievable(west(m(_0),c(s(_1))),boatonwest,east(m(_2),c(_3)))]
 [+achievable(west(m(_0),c(_1)),boatoneast,east(m(s(_2)),c(_3))), -achievable(west(m(s(_0)),c(_1)),boatonwest,east(m(_2),c(_3)))]
 [+achievable(west(_0,_1),_2,east(m(s(_3)),c(s(s(_3)))))]
 [+achievable(west(_0,_1),_2,east(m(s(_3)),c(s(s(s(_3))))))]
 [+achievable(west(m(s(s(s(n0)))),c(s(s(n0)))),boatoneast,east(m(n0),c(s(n0))))]
 [+achievable(west(m(s(s(n0))),c(s(s(s(n0))))),boatoneast,east(m(s(n0)),c(n0)))]
 [+achievable(west(m(s(s(s(n0)))),c(s(s(s(n0))))),boatonwest,east(m(n0),c(n0)))]
 [+achievable(west(m(s(n0)),c(s(s(s(n0))))),boatonwest,east(m(s(s(n0))),c(n0)))]
 [+achievable(west(m(s(s(n0))),c(s(s(n0)))),boatonwest,east(m(s(n0)),c(s(n0))))]
 [+achievable(west(m(s(n0)),c(s(n0))),boatoneast,east(m(s(s(n0))),c(s(s(n0)))))]
 [+achievable(west(m(s(s(s(n0)))),c(s(s(n0)))),boatonwest,east(m(n0),c(s(n0))))]
 [+achievable(west(m(s(s(n0))),c(s(s(s(n0))))),boatonwest,east(m(s(n0)),c(n0)))]
 [+achievable(west(m(s(s(n0))),c(s(s(n0)))),boatoneast,east(m(s(n0)),c(s(n0))))]
 [+achievable(west(m(n0),c(s(s(s(n0))))),boatoneast,east(m(s(s(s(n0)))),c(n0)))]
 [+achievable(west(m(s(s(s(n0)))),c(s(n0))),boatonwest,east(m(n0),c(s(s(n0)))))]
 [+achievable(west(m(n0),c(s(s(n0)))),boatoneast,east(m(s(s(s(n0)))),c(s(n0))))]
 [+achievable(west(m(s(n0)),c(s(s(s(n0))))),boatoneast,east(m(s(s(n0))),c(n0)))]
 [+achievable(west(m(s(n0)),c(s(s(n0)))),boatoneast,east(m(s(s(n0))),c(s(n0))))]
Top clauses:
 [+achievable(west(m(s(n0)),c(s(s(s(n0))))),boatonwest,east(m(s(s(n0))),c(n0)))]
 [+achievable(west(m(s(s(n0))),c(s(s(n0)))),boatonwest,east(m(s(n0)),c(s(n0))))]
 [+achievable(west(m(s(n0)),c(s(n0))),boatoneast,east(m(s(s(n0))),c(s(s(n0)))))]
 [+achievable(west(m(s(s(s(n0)))),c(s(s(n0)))),boatonwest,east(m(n0),c(s(n0))))]
 [+achievable(west(m(s(s(n0))),c(s(s(s(n0))))),boatonwest,east(m(s(n0)),c(n0)))]
 [+achievable(west(m(s(s(n0))),c(s(s(n0)))),boatoneast,east(m(s(n0)),c(s(n0))))]
 [+achievable(west(m(n0),c(s(s(s(n0))))),boatoneast,east(m(s(s(s(n0)))),c(n0)))]
 [+achievable(west(m(s(s(s(n0)))),c(s(n0))),boatonwest,east(m(n0),c(s(s(n0)))))]
 [+achievable(west(m(n0),c(s(s(n0)))),boatoneast,east(m(s(s(s(n0)))),c(s(n0))))]
 [+achievable(west(m(s(n0)),c(s(s(s(n0))))),boatoneast,east(m(s(s(n0))),c(n0)))]
 [+achievable(west(m(s(n0)),c(s(s(n0)))),boatoneast,east(m(s(s(n0))),c(s(n0))))]
Production field:
 [+achievable(_0,_1,_2), -achievable(_0,_1,_2), +achievable(_0,_1,_2):6 <= 2]:6

>>>>>>>>>>>> Solving at depth : 6( real 6)
Ag5 -> Ag2 : Send Clauses : [[+achievable(west(m(s(s(n0))),c(s(n0))),boatoneast,east(m(s(n0)),c(s(s(n0)))))], [+achievable(west(m(s(s(n0))),c(s(s(s(n0))))),boatoneast,east(m(s(n0)),c(n0)))], [+achievable(west(m(s(s(n0))),c(n0)),boatoneast,east(m(s(n0)),c(s(s(s(n0))))))], [+achievable(west(m(s(s(s(n0)))),c(s(s(n0)))),boatoneast,east(m(n0),c(s(n0))))], [+achievable(west(m(s(n0)),c(s(s(s(n0))))),boatonwest,east(m(s(s(n0))),c(n0)))], [+achievable(west(m(s(s(n0))),c(s(s(n0)))),boatonwest,east(m(s(n0)),c(s(n0))))], [+achievable(west(m(s(n0)),c(s(n0))),boatoneast,east(m(s(s(n0))),c(s(s(n0)))))], [+achievable(west(m(s(s(s(n0)))),c(s(s(n0)))),boatonwest,east(m(n0),c(s(n0))))], [+achievable(west(m(s(s(n0))),c(s(s(s(n0))))),boatonwest,east(m(s(n0)),c(n0)))], [+achievable(west(m(s(s(n0))),c(s(s(n0)))),boatoneast,east(m(s(n0)),c(s(n0))))], [+achievable(west(m(n0),c(s(s(s(n0))))),boatoneast,east(m(s(s(s(n0)))),c(n0)))], [+achievable(west(m(s(s(s(n0)))),c(s(n0))),boatonwest,east(m(n0),c(s(s(n0)))))], [+achievable(west(m(n0),c(s(s(n0)))),boatoneast,east(m(s(s(s(n0)))),c(s(n0))))], [+achievable(west(m(s(n0)),c(s(s(s(n0))))),boatoneast,east(m(s(s(n0))),c(n0)))], [+achievable(west(m(s(n0)),c(s(s(n0)))),boatoneast,east(m(s(s(n0))),c(s(n0))))], [+achievable(west(m(s(s(s(n0)))),c(s(s(s(n0))))),boatonwest,east(m(n0),c(n0)))]]
Ag2 <------  Send Clauses : [[+achievable(west(m(s(s(n0))),c(s(n0))),boatoneast,east(m(s(n0)),c(s(s(n0)))))], [+achievable(west(m(s(s(n0))),c(s(s(s(n0))))),boatoneast,east(m(s(n0)),c(n0)))], [+achievable(west(m(s(s(n0))),c(n0)),boatoneast,east(m(s(n0)),c(s(s(s(n0))))))], [+achievable(west(m(s(s(s(n0)))),c(s(s(n0)))),boatoneast,east(m(n0),c(s(n0))))], [+achievable(west(m(s(n0)),c(s(s(s(n0))))),boatonwest,east(m(s(s(n0))),c(n0)))], [+achievable(west(m(s(s(n0))),c(s(s(n0)))),boatonwest,east(m(s(n0)),c(s(n0))))], [+achievable(west(m(s(n0)),c(s(n0))),boatoneast,east(m(s(s(n0))),c(s(s(n0)))))], [+achievable(west(m(s(s(s(n0)))),c(s(s(n0)))),boatonwest,east(m(n0),c(s(n0))))], [+achievable(west(m(s(s(n0))),c(s(s(s(n0))))),boatonwest,east(m(s(n0)),c(n0)))], [+achievable(west(m(s(s(n0))),c(s(s(n0)))),boatoneast,east(m(s(n0)),c(s(n0))))], [+achievable(west(m(n0),c(s(s(s(n0))))),boatoneast,east(m(s(s(s(n0)))),c(n0)))], [+achievable(west(m(s(s(s(n0)))),c(s(n0))),boatonwest,east(m(n0),c(s(s(n0)))))], [+achievable(west(m(n0),c(s(s(n0)))),boatoneast,east(m(s(s(s(n0)))),c(s(n0))))], [+achievable(west(m(s(n0)),c(s(s(s(n0))))),boatoneast,east(m(s(s(n0))),c(n0)))], [+achievable(west(m(s(n0)),c(s(s(n0)))),boatoneast,east(m(s(s(n0))),c(s(n0))))], [+achievable(west(m(s(s(s(n0)))),c(s(s(s(n0))))),boatonwest,east(m(n0),c(n0)))]]
Ag2 receives [[+achievable(west(m(s(s(n0))),c(s(n0))),boatoneast,east(m(s(n0)),c(s(s(n0)))))], [+achievable(west(m(s(s(n0))),c(s(s(s(n0))))),boatoneast,east(m(s(n0)),c(n0)))], [+achievable(west(m(s(s(n0))),c(n0)),boatoneast,east(m(s(n0)),c(s(s(s(n0))))))], [+achievable(west(m(s(s(s(n0)))),c(s(s(n0)))),boatoneast,east(m(n0),c(s(n0))))], [+achievable(west(m(s(n0)),c(s(s(s(n0))))),boatonwest,east(m(s(s(n0))),c(n0)))], [+achievable(west(m(s(s(n0))),c(s(s(n0)))),boatonwest,east(m(s(n0)),c(s(n0))))], [+achievable(west(m(s(n0)),c(s(n0))),boatoneast,east(m(s(s(n0))),c(s(s(n0)))))], [+achievable(west(m(s(s(s(n0)))),c(s(s(n0)))),boatonwest,east(m(n0),c(s(n0))))], [+achievable(west(m(s(s(n0))),c(s(s(s(n0))))),boatonwest,east(m(s(n0)),c(n0)))], [+achievable(west(m(s(s(n0))),c(s(s(n0)))),boatoneast,east(m(s(n0)),c(s(n0))))], [+achievable(west(m(n0),c(s(s(s(n0))))),boatoneast,east(m(s(s(s(n0)))),c(n0)))], [+achievable(west(m(s(s(s(n0)))),c(s(n0))),boatonwest,east(m(n0),c(s(s(n0)))))], [+achievable(west(m(n0),c(s(s(n0)))),boatoneast,east(m(s(s(s(n0)))),c(s(n0))))], [+achievable(west(m(s(n0)),c(s(s(s(n0))))),boatoneast,east(m(s(s(n0))),c(n0)))], [+achievable(west(m(s(n0)),c(s(s(n0)))),boatoneast,east(m(s(s(n0))),c(s(n0))))], [+achievable(west(m(s(s(s(n0)))),c(s(s(s(n0))))),boatonwest,east(m(n0),c(n0)))]]
After pruning [[+achievable(west(m(s(s(n0))),c(s(n0))),boatoneast,east(m(s(n0)),c(s(s(n0)))))], [+achievable(west(m(s(s(n0))),c(n0)),boatoneast,east(m(s(n0)),c(s(s(s(n0))))))], [+achievable(west(m(s(s(s(n0)))),c(s(s(n0)))),boatoneast,east(m(n0),c(s(n0))))], [+achievable(west(m(s(s(n0))),c(s(s(n0)))),boatonwest,east(m(s(n0)),c(s(n0))))], [+achievable(west(m(s(n0)),c(s(n0))),boatoneast,east(m(s(s(n0))),c(s(s(n0)))))], [+achievable(west(m(s(s(s(n0)))),c(s(s(n0)))),boatonwest,east(m(n0),c(s(n0))))], [+achievable(west(m(s(s(n0))),c(s(s(n0)))),boatoneast,east(m(s(n0)),c(s(n0))))], [+achievable(west(m(n0),c(s(s(s(n0))))),boatoneast,east(m(s(s(s(n0)))),c(n0)))], [+achievable(west(m(s(s(s(n0)))),c(s(n0))),boatonwest,east(m(n0),c(s(s(n0)))))], [+achievable(west(m(n0),c(s(s(n0)))),boatoneast,east(m(s(s(s(n0)))),c(s(n0))))], [+achievable(west(m(s(s(s(n0)))),c(s(s(s(n0))))),boatonwest,east(m(n0),c(n0)))]]
Input Languages : {}
Starting SolveToClause...
Launching solver...
----------------------------------------------------------------------
Clauses:
 [-achievable(west(m(_0),c(_1)),boatoneast,east(m(_2),c(s(_3)))), +achievable(west(m(_0),c(s(_1))),boatonwest,east(m(_2),c(_3)))]
 [-achievable(west(m(_0),c(s(s(_1)))),boatonwest,east(m(_2),c(_3))), +achievable(west(m(_0),c(_1)),boatoneast,east(m(_2),c(s(s(_3)))))]
 [-achievable(west(m(_0),c(_1)),boatoneast,east(m(_2),c(s(s(_3))))), +achievable(west(m(_0),c(s(s(_1)))),boatonwest,east(m(_2),c(_3)))]
 [+achievable(west(m(s(_0)),c(s(s(_0)))),_1,east(_2,_3))]
 [+achievable(west(m(s(_0)),c(s(s(s(_0))))),_1,east(_2,_3))]
 [+achievable(west(m(s(s(n0))),c(s(n0))),boatoneast,east(m(s(n0)),c(s(s(n0)))))]
 [+achievable(west(m(s(s(n0))),c(n0)),boatoneast,east(m(s(n0)),c(s(s(s(n0))))))]
 [+achievable(west(m(s(s(s(n0)))),c(s(s(n0)))),boatoneast,east(m(n0),c(s(n0))))]
 [+achievable(west(m(s(s(n0))),c(s(s(n0)))),boatonwest,east(m(s(n0)),c(s(n0))))]
 [+achievable(west(m(s(n0)),c(s(n0))),boatoneast,east(m(s(s(n0))),c(s(s(n0)))))]
 [+achievable(west(m(s(s(s(n0)))),c(s(s(n0)))),boatonwest,east(m(n0),c(s(n0))))]
 [+achievable(west(m(s(s(n0))),c(s(s(n0)))),boatoneast,east(m(s(n0)),c(s(n0))))]
 [+achievable(west(m(n0),c(s(s(s(n0))))),boatoneast,east(m(s(s(s(n0)))),c(n0)))]
 [+achievable(west(m(s(s(s(n0)))),c(s(n0))),boatonwest,east(m(n0),c(s(s(n0)))))]
 [+achievable(west(m(n0),c(s(s(n0)))),boatoneast,east(m(s(s(s(n0)))),c(s(n0))))]
 [+achievable(west(m(s(s(s(n0)))),c(s(s(s(n0))))),boatonwest,east(m(n0),c(n0)))]
Top clauses:
 [+achievable(west(m(s(s(n0))),c(s(n0))),boatoneast,east(m(s(n0)),c(s(s(n0)))))]
 [+achievable(west(m(s(s(n0))),c(n0)),boatoneast,east(m(s(n0)),c(s(s(s(n0))))))]
 [+achievable(west(m(s(s(s(n0)))),c(s(s(n0)))),boatoneast,east(m(n0),c(s(n0))))]
 [+achievable(west(m(s(s(n0))),c(s(s(n0)))),boatonwest,east(m(s(n0)),c(s(n0))))]
 [+achievable(west(m(s(n0)),c(s(n0))),boatoneast,east(m(s(s(n0))),c(s(s(n0)))))]
 [+achievable(west(m(s(s(s(n0)))),c(s(s(n0)))),boatonwest,east(m(n0),c(s(n0))))]
 [+achievable(west(m(s(s(n0))),c(s(s(n0)))),boatoneast,east(m(s(n0)),c(s(n0))))]
 [+achievable(west(m(n0),c(s(s(s(n0))))),boatoneast,east(m(s(s(s(n0)))),c(n0)))]
 [+achievable(west(m(s(s(s(n0)))),c(s(n0))),boatonwest,east(m(n0),c(s(s(n0)))))]
 [+achievable(west(m(n0),c(s(s(n0)))),boatoneast,east(m(s(s(s(n0)))),c(s(n0))))]
 [+achievable(west(m(s(s(s(n0)))),c(s(s(s(n0))))),boatonwest,east(m(n0),c(n0)))]
Production field:
 [+achievable(_0,_1,_2), -achievable(_0,_1,_2), +achievable(_0,_1,_2):6 <= 2]:6

>>>>>>>>>>>> Solving at depth : 6( real 6)
>>>>>>>>>>>> Solve - measure : [20, 48, 13, 13, 0, 0, 0, 0]
Solver finished.
SolveToClause Finished!
Ag1: updated receivedCl []
updated lstCsq [[+achievable(west(m(s(s(s(n0)))),c(s(s(n0)))),boatoneast,east(m(n0),c(s(n0))))], [+achievable(west(m(s(s(n0))),c(s(s(s(n0))))),boatoneast,east(m(s(n0)),c(n0)))], [+achievable(west(m(s(s(s(n0)))),c(s(s(s(n0))))),boatonwest,east(m(n0),c(n0)))], [+achievable(west(m(s(s(n0))),c(s(s(s(n0))))),boatonwest,east(m(s(n0)),c(n0)))], [+achievable(west(m(s(s(n0))),c(s(s(n0)))),boatoneast,east(m(s(n0)),c(s(n0))))], [+achievable(west(m(s(n0)),c(s(n0))),boatoneast,east(m(s(s(n0))),c(s(s(n0)))))], [+achievable(west(m(n0),c(s(s(n0)))),boatoneast,east(m(s(s(s(n0)))),c(s(n0))))], [+achievable(west(m(s(s(s(n0)))),c(s(n0))),boatonwest,east(m(n0),c(s(s(n0)))))], [+achievable(west(m(n0),c(s(s(s(n0))))),boatoneast,east(m(s(s(s(n0)))),c(n0)))], [+achievable(west(m(s(s(s(n0)))),c(s(n0))),boatoneast,east(m(n0),c(s(s(n0)))))], [+achievable(west(m(s(s(s(n0)))),c(s(s(n0)))),boatonwest,east(m(n0),c(s(n0))))], [+achievable(west(m(s(n0)),c(s(s(n0)))),boatoneast,east(m(s(s(n0))),c(s(n0))))], [+achievable(west(m(s(n0)),c(s(s(s(n0))))),boatonwest,east(m(s(s(n0))),c(n0)))], [+achievable(west(m(s(s(n0))),c(s(s(n0)))),boatonwest,east(m(s(n0)),c(s(n0))))], [+achievable(west(m(s(n0)),c(s(s(s(n0))))),boatoneast,east(m(s(s(n0))),c(n0)))], [+achievable(west(m(s(s(s(n0)))),c(n0)),boatoneast,east(m(n0),c(s(s(s(n0))))))]]
Ag1 -> Ag5 : Send Clauses : [[+achievable(west(m(s(s(n0))),c(s(s(s(n0))))),boatonwest,east(m(s(n0)),c(n0)))], [+achievable(west(m(s(s(n0))),c(s(s(n0)))),boatoneast,east(m(s(n0)),c(s(n0))))], [+achievable(west(m(s(n0)),c(s(n0))),boatoneast,east(m(s(s(n0))),c(s(s(n0)))))], [+achievable(west(m(n0),c(s(s(n0)))),boatoneast,east(m(s(s(s(n0)))),c(s(n0))))], [+achievable(west(m(s(s(s(n0)))),c(s(n0))),boatonwest,east(m(n0),c(s(s(n0)))))], [+achievable(west(m(n0),c(s(s(s(n0))))),boatoneast,east(m(s(s(s(n0)))),c(n0)))], [+achievable(west(m(s(s(s(n0)))),c(s(n0))),boatoneast,east(m(n0),c(s(s(n0)))))], [+achievable(west(m(s(s(s(n0)))),c(s(s(n0)))),boatonwest,east(m(n0),c(s(n0))))], [+achievable(west(m(s(n0)),c(s(s(n0)))),boatoneast,east(m(s(s(n0))),c(s(n0))))], [+achievable(west(m(s(n0)),c(s(s(s(n0))))),boatonwest,east(m(s(s(n0))),c(n0)))], [+achievable(west(m(s(s(n0))),c(s(s(n0)))),boatonwest,east(m(s(n0)),c(s(n0))))], [+achievable(west(m(s(n0)),c(s(s(s(n0))))),boatoneast,east(m(s(s(n0))),c(n0)))], [+achievable(west(m(s(s(s(n0)))),c(n0)),boatoneast,east(m(n0),c(s(s(s(n0))))))]]
>>>>>>>>>>>> Solve - measure : [22, 72, 19, 19, 0, 0, 0, 0]
Solver finished.
SolveToClause Finished!
Ag2: updated receivedCl []
updated lstCsq [[+achievable(west(m(n0),c(s(n0))),boatonwest,east(m(s(s(s(n0)))),c(s(s(n0)))))], [+achievable(west(m(s(s(s(n0)))),c(n0)),boatoneast,east(m(n0),c(s(s(s(n0))))))], [+achievable(west(m(s(s(n0))),c(s(s(n0)))),boatoneast,east(m(s(n0)),c(s(n0))))], [+achievable(west(m(s(n0)),c(s(n0))),boatoneast,east(m(s(s(n0))),c(s(s(n0)))))], [+achievable(west(m(n0),c(s(s(n0)))),boatoneast,east(m(s(s(s(n0)))),c(s(n0))))], [+achievable(west(m(s(s(s(n0)))),c(s(n0))),boatonwest,east(m(n0),c(s(s(n0)))))], [+achievable(west(m(n0),c(s(s(n0)))),boatonwest,east(m(s(s(s(n0)))),c(s(n0))))], [+achievable(west(m(s(s(n0))),c(n0)),boatoneast,east(m(s(n0)),c(s(s(s(n0))))))], [+achievable(west(m(s(s(s(n0)))),c(s(s(n0)))),boatoneast,east(m(n0),c(s(n0))))], [+achievable(west(m(n0),c(s(s(s(n0))))),boatoneast,east(m(s(s(s(n0)))),c(n0)))], [+achievable(west(m(n0),c(n0)),boatoneast,east(m(s(s(s(n0)))),c(s(s(s(n0))))))], [+achievable(west(m(s(s(n0))),c(s(n0))),boatoneast,east(m(s(n0)),c(s(s(n0)))))], [+achievable(west(m(n0),c(s(s(s(n0))))),boatonwest,east(m(s(s(s(n0)))),c(n0)))], [+achievable(west(m(s(s(s(n0)))),c(s(s(n0)))),boatonwest,east(m(n0),c(s(n0))))], [+achievable(west(m(n0),c(s(n0))),boatoneast,east(m(s(s(s(n0)))),c(s(s(n0)))))], [+achievable(west(m(s(s(s(n0)))),c(s(n0))),boatoneast,east(m(n0),c(s(s(n0)))))], [+achievable(west(m(s(s(n0))),c(s(s(n0)))),boatonwest,east(m(s(n0)),c(s(n0))))], [+achievable(west(m(s(s(n0))),c(s(n0))),boatonwest,east(m(s(n0)),c(s(s(n0)))))], [+achievable(west(m(s(s(s(n0)))),c(s(s(s(n0))))),boatonwest,east(m(n0),c(n0)))]]
Ag2 -> Ag5 : Send Clauses : [[+achievable(west(m(n0),c(s(n0))),boatonwest,east(m(s(s(s(n0)))),c(s(s(n0)))))], [+achievable(west(m(s(s(s(n0)))),c(n0)),boatoneast,east(m(n0),c(s(s(s(n0))))))], [+achievable(west(m(s(s(n0))),c(s(s(n0)))),boatoneast,east(m(s(n0)),c(s(n0))))], [+achievable(west(m(s(n0)),c(s(n0))),boatoneast,east(m(s(s(n0))),c(s(s(n0)))))], [+achievable(west(m(n0),c(s(s(n0)))),boatoneast,east(m(s(s(s(n0)))),c(s(n0))))], [+achievable(west(m(s(s(s(n0)))),c(s(n0))),boatonwest,east(m(n0),c(s(s(n0)))))], [+achievable(west(m(n0),c(s(s(n0)))),boatonwest,east(m(s(s(s(n0)))),c(s(n0))))], [+achievable(west(m(s(s(n0))),c(n0)),boatoneast,east(m(s(n0)),c(s(s(s(n0))))))], [+achievable(west(m(s(s(s(n0)))),c(s(s(n0)))),boatoneast,east(m(n0),c(s(n0))))], [+achievable(west(m(n0),c(s(s(s(n0))))),boatoneast,east(m(s(s(s(n0)))),c(n0)))], [+achievable(west(m(n0),c(n0)),boatoneast,east(m(s(s(s(n0)))),c(s(s(s(n0))))))], [+achievable(west(m(s(s(n0))),c(s(n0))),boatoneast,east(m(s(n0)),c(s(s(n0)))))], [+achievable(west(m(n0),c(s(s(s(n0))))),boatonwest,east(m(s(s(s(n0)))),c(n0)))], [+achievable(west(m(s(s(s(n0)))),c(s(s(n0)))),boatonwest,east(m(n0),c(s(n0))))], [+achievable(west(m(n0),c(s(n0))),boatoneast,east(m(s(s(s(n0)))),c(s(s(n0)))))], [+achievable(west(m(s(s(s(n0)))),c(s(n0))),boatoneast,east(m(n0),c(s(s(n0)))))], [+achievable(west(m(s(s(n0))),c(s(s(n0)))),boatonwest,east(m(s(n0)),c(s(n0))))], [+achievable(west(m(s(s(n0))),c(s(n0))),boatonwest,east(m(s(n0)),c(s(s(n0)))))], [+achievable(west(m(s(s(s(n0)))),c(s(s(s(n0))))),boatonwest,east(m(n0),c(n0)))]]
Ag5 <------  Send Clauses : [[+achievable(west(m(s(s(n0))),c(s(s(s(n0))))),boatonwest,east(m(s(n0)),c(n0)))], [+achievable(west(m(s(s(n0))),c(s(s(n0)))),boatoneast,east(m(s(n0)),c(s(n0))))], [+achievable(west(m(s(n0)),c(s(n0))),boatoneast,east(m(s(s(n0))),c(s(s(n0)))))], [+achievable(west(m(n0),c(s(s(n0)))),boatoneast,east(m(s(s(s(n0)))),c(s(n0))))], [+achievable(west(m(s(s(s(n0)))),c(s(n0))),boatonwest,east(m(n0),c(s(s(n0)))))], [+achievable(west(m(n0),c(s(s(s(n0))))),boatoneast,east(m(s(s(s(n0)))),c(n0)))], [+achievable(west(m(s(s(s(n0)))),c(s(n0))),boatoneast,east(m(n0),c(s(s(n0)))))], [+achievable(west(m(s(s(s(n0)))),c(s(s(n0)))),boatonwest,east(m(n0),c(s(n0))))], [+achievable(west(m(s(n0)),c(s(s(n0)))),boatoneast,east(m(s(s(n0))),c(s(n0))))], [+achievable(west(m(s(n0)),c(s(s(s(n0))))),boatonwest,east(m(s(s(n0))),c(n0)))], [+achievable(west(m(s(s(n0))),c(s(s(n0)))),boatonwest,east(m(s(n0)),c(s(n0))))], [+achievable(west(m(s(n0)),c(s(s(s(n0))))),boatoneast,east(m(s(s(n0))),c(n0)))], [+achievable(west(m(s(s(s(n0)))),c(n0)),boatoneast,east(m(n0),c(s(s(s(n0))))))]]
Ag5 <------  Send Clauses : [[+achievable(west(m(n0),c(s(n0))),boatonwest,east(m(s(s(s(n0)))),c(s(s(n0)))))], [+achievable(west(m(s(s(s(n0)))),c(n0)),boatoneast,east(m(n0),c(s(s(s(n0))))))], [+achievable(west(m(s(s(n0))),c(s(s(n0)))),boatoneast,east(m(s(n0)),c(s(n0))))], [+achievable(west(m(s(n0)),c(s(n0))),boatoneast,east(m(s(s(n0))),c(s(s(n0)))))], [+achievable(west(m(n0),c(s(s(n0)))),boatoneast,east(m(s(s(s(n0)))),c(s(n0))))], [+achievable(west(m(s(s(s(n0)))),c(s(n0))),boatonwest,east(m(n0),c(s(s(n0)))))], [+achievable(west(m(n0),c(s(s(n0)))),boatonwest,east(m(s(s(s(n0)))),c(s(n0))))], [+achievable(west(m(s(s(n0))),c(n0)),boatoneast,east(m(s(n0)),c(s(s(s(n0))))))], [+achievable(west(m(s(s(s(n0)))),c(s(s(n0)))),boatoneast,east(m(n0),c(s(n0))))], [+achievable(west(m(n0),c(s(s(s(n0))))),boatoneast,east(m(s(s(s(n0)))),c(n0)))], [+achievable(west(m(n0),c(n0)),boatoneast,east(m(s(s(s(n0)))),c(s(s(s(n0))))))], [+achievable(west(m(s(s(n0))),c(s(n0))),boatoneast,east(m(s(n0)),c(s(s(n0)))))], [+achievable(west(m(n0),c(s(s(s(n0))))),boatonwest,east(m(s(s(s(n0)))),c(n0)))], [+achievable(west(m(s(s(s(n0)))),c(s(s(n0)))),boatonwest,east(m(n0),c(s(n0))))], [+achievable(west(m(n0),c(s(n0))),boatoneast,east(m(s(s(s(n0)))),c(s(s(n0)))))], [+achievable(west(m(s(s(s(n0)))),c(s(n0))),boatoneast,east(m(n0),c(s(s(n0)))))], [+achievable(west(m(s(s(n0))),c(s(s(n0)))),boatonwest,east(m(s(n0)),c(s(n0))))], [+achievable(west(m(s(s(n0))),c(s(n0))),boatonwest,east(m(s(n0)),c(s(s(n0)))))], [+achievable(west(m(s(s(s(n0)))),c(s(s(s(n0))))),boatonwest,east(m(n0),c(n0)))]]
Ag5 receives [[+achievable(west(m(s(s(s(n0)))),c(s(s(n0)))),boatoneast,east(m(n0),c(s(n0))))], [+achievable(west(m(s(s(n0))),c(s(s(s(n0))))),boatoneast,east(m(s(n0)),c(n0)))], [+achievable(west(m(s(s(s(n0)))),c(s(s(s(n0))))),boatonwest,east(m(n0),c(n0)))], [+achievable(west(m(s(s(n0))),c(s(s(s(n0))))),boatonwest,east(m(s(n0)),c(n0)))], [+achievable(west(m(s(s(n0))),c(s(s(n0)))),boatoneast,east(m(s(n0)),c(s(n0))))], [+achievable(west(m(s(n0)),c(s(n0))),boatoneast,east(m(s(s(n0))),c(s(s(n0)))))], [+achievable(west(m(n0),c(s(s(n0)))),boatoneast,east(m(s(s(s(n0)))),c(s(n0))))], [+achievable(west(m(s(s(s(n0)))),c(s(n0))),boatonwest,east(m(n0),c(s(s(n0)))))], [+achievable(west(m(n0),c(s(s(s(n0))))),boatoneast,east(m(s(s(s(n0)))),c(n0)))], [+achievable(west(m(s(s(s(n0)))),c(s(n0))),boatoneast,east(m(n0),c(s(s(n0)))))], [+achievable(west(m(s(s(s(n0)))),c(s(s(n0)))),boatonwest,east(m(n0),c(s(n0))))], [+achievable(west(m(s(n0)),c(s(s(n0)))),boatoneast,east(m(s(s(n0))),c(s(n0))))], [+achievable(west(m(s(n0)),c(s(s(s(n0))))),boatonwest,east(m(s(s(n0))),c(n0)))], [+achievable(west(m(s(s(n0))),c(s(s(n0)))),boatonwest,east(m(s(n0)),c(s(n0))))], [+achievable(west(m(s(n0)),c(s(s(s(n0))))),boatoneast,east(m(s(s(n0))),c(n0)))], [+achievable(west(m(s(s(s(n0)))),c(n0)),boatoneast,east(m(n0),c(s(s(s(n0))))))], [+achievable(west(m(n0),c(s(n0))),boatonwest,east(m(s(s(s(n0)))),c(s(s(n0)))))], [+achievable(west(m(s(s(s(n0)))),c(n0)),boatoneast,east(m(n0),c(s(s(s(n0))))))], [+achievable(west(m(s(s(n0))),c(s(s(n0)))),boatoneast,east(m(s(n0)),c(s(n0))))], [+achievable(west(m(s(n0)),c(s(n0))),boatoneast,east(m(s(s(n0))),c(s(s(n0)))))], [+achievable(west(m(n0),c(s(s(n0)))),boatoneast,east(m(s(s(s(n0)))),c(s(n0))))], [+achievable(west(m(s(s(s(n0)))),c(s(n0))),boatonwest,east(m(n0),c(s(s(n0)))))], [+achievable(west(m(n0),c(s(s(n0)))),boatonwest,east(m(s(s(s(n0)))),c(s(n0))))], [+achievable(west(m(s(s(n0))),c(n0)),boatoneast,east(m(s(n0)),c(s(s(s(n0))))))], [+achievable(west(m(s(s(s(n0)))),c(s(s(n0)))),boatoneast,east(m(n0),c(s(n0))))], [+achievable(west(m(n0),c(s(s(s(n0))))),boatoneast,east(m(s(s(s(n0)))),c(n0)))], [+achievable(west(m(n0),c(n0)),boatoneast,east(m(s(s(s(n0)))),c(s(s(s(n0))))))], [+achievable(west(m(s(s(n0))),c(s(n0))),boatoneast,east(m(s(n0)),c(s(s(n0)))))], [+achievable(west(m(n0),c(s(s(s(n0))))),boatonwest,east(m(s(s(s(n0)))),c(n0)))], [+achievable(west(m(s(s(s(n0)))),c(s(s(n0)))),boatonwest,east(m(n0),c(s(n0))))], [+achievable(west(m(n0),c(s(n0))),boatoneast,east(m(s(s(s(n0)))),c(s(s(n0)))))], [+achievable(west(m(s(s(s(n0)))),c(s(n0))),boatoneast,east(m(n0),c(s(s(n0)))))], [+achievable(west(m(s(s(n0))),c(s(s(n0)))),boatonwest,east(m(s(n0)),c(s(n0))))], [+achievable(west(m(s(s(n0))),c(s(n0))),boatonwest,east(m(s(n0)),c(s(s(n0)))))], [+achievable(west(m(s(s(s(n0)))),c(s(s(s(n0))))),boatonwest,east(m(n0),c(n0)))]]
After pruning [[+achievable(west(m(s(s(s(n0)))),c(s(n0))),boatoneast,east(m(n0),c(s(s(n0)))))], [+achievable(west(m(s(s(s(n0)))),c(n0)),boatoneast,east(m(n0),c(s(s(s(n0))))))], [+achievable(west(m(n0),c(s(n0))),boatonwest,east(m(s(s(s(n0)))),c(s(s(n0)))))], [+achievable(west(m(s(s(s(n0)))),c(n0)),boatoneast,east(m(n0),c(s(s(s(n0))))))], [+achievable(west(m(n0),c(s(s(n0)))),boatonwest,east(m(s(s(s(n0)))),c(s(n0))))], [+achievable(west(m(n0),c(n0)),boatoneast,east(m(s(s(s(n0)))),c(s(s(s(n0))))))], [+achievable(west(m(n0),c(s(s(s(n0))))),boatonwest,east(m(s(s(s(n0)))),c(n0)))], [+achievable(west(m(n0),c(s(n0))),boatoneast,east(m(s(s(s(n0)))),c(s(s(n0)))))], [+achievable(west(m(s(s(s(n0)))),c(s(n0))),boatoneast,east(m(n0),c(s(s(n0)))))], [+achievable(west(m(s(s(n0))),c(s(n0))),boatonwest,east(m(s(n0)),c(s(s(n0)))))]]
Input Languages : {Ag3=[], Ag1=[+achievable(_0,_1,_2), -achievable(_0,_1,_2)], Ag2=[+achievable(_0,_1,_2), -achievable(_0,_1,_2)], Ag0=[], Ag4=[]}
Starting SolveToClause...
Launching solver...
----------------------------------------------------------------------
Clauses:
 [+achievable(west(m(s(_0)),c(_1)),boatonwest,east(m(_2),c(_3))), -achievable(west(m(_0),c(_1)),boatoneast,east(m(s(_2)),c(_3)))]
 [+achievable(west(m(_0),c(_1)),boatoneast,east(m(s(s(_2))),c(_3))), -achievable(west(m(s(s(_0))),c(_1)),boatonwest,east(m(_2),c(_3)))]
 [-achievable(west(m(_0),c(_1)),boatoneast,east(m(s(s(_2))),c(_3))), +achievable(west(m(s(s(_0))),c(_1)),boatonwest,east(m(_2),c(_3)))]
 [+achievable(west(m(_0),c(_1)),boatoneast,east(m(s(_2)),c(s(_3)))), -achievable(west(m(s(_0)),c(s(_1))),boatonwest,east(m(_2),c(_3)))]
 [-achievable(west(m(_0),c(_1)),boatoneast,east(m(s(_2)),c(s(_3)))), +achievable(west(m(s(_0)),c(s(_1))),boatonwest,east(m(_2),c(_3)))]
 [+achievable(west(m(s(s(n0))),c(s(n0))),boatoneast,east(m(s(n0)),c(s(s(n0)))))]
 [+achievable(west(m(s(s(n0))),c(s(s(s(n0))))),boatoneast,east(m(s(n0)),c(n0)))]
 [+achievable(west(m(s(s(n0))),c(n0)),boatoneast,east(m(s(n0)),c(s(s(s(n0))))))]
 [+achievable(west(m(s(s(s(n0)))),c(s(s(n0)))),boatoneast,east(m(n0),c(s(n0))))]
 [+achievable(west(m(s(n0)),c(s(s(s(n0))))),boatonwest,east(m(s(s(n0))),c(n0)))]
 [+achievable(west(m(s(s(n0))),c(s(s(n0)))),boatonwest,east(m(s(n0)),c(s(n0))))]
 [+achievable(west(m(s(n0)),c(s(n0))),boatoneast,east(m(s(s(n0))),c(s(s(n0)))))]
 [+achievable(west(m(s(s(s(n0)))),c(s(s(n0)))),boatonwest,east(m(n0),c(s(n0))))]
 [+achievable(west(m(s(s(n0))),c(s(s(s(n0))))),boatonwest,east(m(s(n0)),c(n0)))]
 [+achievable(west(m(s(s(n0))),c(s(s(n0)))),boatoneast,east(m(s(n0)),c(s(n0))))]
 [+achievable(west(m(n0),c(s(s(s(n0))))),boatoneast,east(m(s(s(s(n0)))),c(n0)))]
 [+achievable(west(m(s(s(s(n0)))),c(s(n0))),boatonwest,east(m(n0),c(s(s(n0)))))]
 [+achievable(west(m(n0),c(s(s(n0)))),boatoneast,east(m(s(s(s(n0)))),c(s(n0))))]
 [+achievable(west(m(s(n0)),c(s(s(s(n0))))),boatoneast,east(m(s(s(n0))),c(n0)))]
 [+achievable(west(m(s(n0)),c(s(s(n0)))),boatoneast,east(m(s(s(n0))),c(s(n0))))]
 [+achievable(west(m(s(s(s(n0)))),c(s(s(s(n0))))),boatonwest,east(m(n0),c(n0)))]
 [+achievable(west(m(s(s(s(n0)))),c(s(n0))),boatoneast,east(m(n0),c(s(s(n0)))))]
 [+achievable(west(m(s(s(s(n0)))),c(n0)),boatoneast,east(m(n0),c(s(s(s(n0))))))]
 [+achievable(west(m(n0),c(s(n0))),boatonwest,east(m(s(s(s(n0)))),c(s(s(n0)))))]
 [+achievable(west(m(s(s(s(n0)))),c(n0)),boatoneast,east(m(n0),c(s(s(s(n0))))))]
 [+achievable(west(m(n0),c(s(s(n0)))),boatonwest,east(m(s(s(s(n0)))),c(s(n0))))]
 [+achievable(west(m(n0),c(n0)),boatoneast,east(m(s(s(s(n0)))),c(s(s(s(n0))))))]
 [+achievable(west(m(n0),c(s(s(s(n0))))),boatonwest,east(m(s(s(s(n0)))),c(n0)))]
 [+achievable(west(m(n0),c(s(n0))),boatoneast,east(m(s(s(s(n0)))),c(s(s(n0)))))]
 [+achievable(west(m(s(s(s(n0)))),c(s(n0))),boatoneast,east(m(n0),c(s(s(n0)))))]
 [+achievable(west(m(s(s(n0))),c(s(n0))),boatonwest,east(m(s(n0)),c(s(s(n0)))))]
Top clauses:
 [+achievable(west(m(s(s(s(n0)))),c(s(n0))),boatoneast,east(m(n0),c(s(s(n0)))))]
 [+achievable(west(m(s(s(s(n0)))),c(n0)),boatoneast,east(m(n0),c(s(s(s(n0))))))]
 [+achievable(west(m(n0),c(s(n0))),boatonwest,east(m(s(s(s(n0)))),c(s(s(n0)))))]
 [+achievable(west(m(s(s(s(n0)))),c(n0)),boatoneast,east(m(n0),c(s(s(s(n0))))))]
 [+achievable(west(m(n0),c(s(s(n0)))),boatonwest,east(m(s(s(s(n0)))),c(s(n0))))]
 [+achievable(west(m(n0),c(n0)),boatoneast,east(m(s(s(s(n0)))),c(s(s(s(n0))))))]
 [+achievable(west(m(n0),c(s(s(s(n0))))),boatonwest,east(m(s(s(s(n0)))),c(n0)))]
 [+achievable(west(m(n0),c(s(n0))),boatoneast,east(m(s(s(s(n0)))),c(s(s(n0)))))]
 [+achievable(west(m(s(s(s(n0)))),c(s(n0))),boatoneast,east(m(n0),c(s(s(n0)))))]
 [+achievable(west(m(s(s(n0))),c(s(n0))),boatonwest,east(m(s(n0)),c(s(s(n0)))))]
Production field:
 [+achievable(_0,_1,_2), -achievable(_0,_1,_2), +achievable(_0,_1,_2), -achievable(_0,_1,_2), +achievable(_0,_1,_2):6 <= 2]:6

>>>>>>>>>>>> Solving at depth : 6( real 6)
>>>>>>>>>>>> Solve - measure : [28, 58, 16, 16, 0, 0, 0, 0]
Solver finished.
SolveToClause Finished!
Ag5: updated receivedCl []
updated lstCsq [[+achievable(west(m(s(s(n0))),c(s(n0))),boatoneast,east(m(s(n0)),c(s(s(n0)))))], [+achievable(west(m(s(s(n0))),c(s(s(s(n0))))),boatoneast,east(m(s(n0)),c(n0)))], [+achievable(west(m(s(s(n0))),c(n0)),boatoneast,east(m(s(n0)),c(s(s(s(n0))))))], [+achievable(west(m(s(s(s(n0)))),c(s(s(n0)))),boatoneast,east(m(n0),c(s(n0))))], [+achievable(west(m(s(n0)),c(s(s(s(n0))))),boatonwest,east(m(s(s(n0))),c(n0)))], [+achievable(west(m(s(s(n0))),c(s(s(n0)))),boatonwest,east(m(s(n0)),c(s(n0))))], [+achievable(west(m(s(n0)),c(s(n0))),boatoneast,east(m(s(s(n0))),c(s(s(n0)))))], [+achievable(west(m(s(s(s(n0)))),c(s(s(n0)))),boatonwest,east(m(n0),c(s(n0))))], [+achievable(west(m(s(s(n0))),c(s(s(s(n0))))),boatonwest,east(m(s(n0)),c(n0)))], [+achievable(west(m(s(s(n0))),c(s(s(n0)))),boatoneast,east(m(s(n0)),c(s(n0))))], [+achievable(west(m(n0),c(s(s(s(n0))))),boatoneast,east(m(s(s(s(n0)))),c(n0)))], [+achievable(west(m(s(s(s(n0)))),c(s(n0))),boatonwest,east(m(n0),c(s(s(n0)))))], [+achievable(west(m(n0),c(s(s(n0)))),boatoneast,east(m(s(s(s(n0)))),c(s(n0))))], [+achievable(west(m(s(n0)),c(s(s(s(n0))))),boatoneast,east(m(s(s(n0))),c(n0)))], [+achievable(west(m(s(n0)),c(s(s(n0)))),boatoneast,east(m(s(s(n0))),c(s(n0))))], [+achievable(west(m(s(s(s(n0)))),c(s(s(s(n0))))),boatonwest,east(m(n0),c(n0)))], [+achievable(west(m(s(s(n0))),c(n0)),boatonwest,east(m(s(n0)),c(s(s(s(n0))))))], [+achievable(west(m(n0),c(s(s(n0)))),boatonwest,east(m(s(s(s(n0)))),c(s(n0))))], [+achievable(west(m(s(n0)),c(s(n0))),boatonwest,east(m(s(s(n0))),c(s(s(n0)))))], [+achievable(west(m(s(s(s(n0)))),c(n0)),boatoneast,east(m(n0),c(s(s(s(n0))))))], [+achievable(west(m(n0),c(s(n0))),boatonwest,east(m(s(s(s(n0)))),c(s(s(n0)))))], [+achievable(west(m(s(s(s(n0)))),c(s(n0))),boatoneast,east(m(n0),c(s(s(n0)))))], [+achievable(west(m(s(n0)),c(s(s(n0)))),boatonwest,east(m(s(s(n0))),c(s(n0))))], [+achievable(west(m(n0),c(s(n0))),boatoneast,east(m(s(s(s(n0)))),c(s(s(n0)))))], [+achievable(west(m(n0),c(n0)),boatoneast,east(m(s(s(s(n0)))),c(s(s(s(n0))))))], [+achievable(west(m(s(n0)),c(n0)),boatonwest,east(m(s(s(n0))),c(s(s(s(n0))))))], [+achievable(west(m(n0),c(s(s(s(n0))))),boatonwest,east(m(s(s(s(n0)))),c(n0)))], [+achievable(west(m(s(s(n0))),c(s(n0))),boatonwest,east(m(s(n0)),c(s(s(n0)))))], [+achievable(west(m(s(n0)),c(n0)),boatoneast,east(m(s(s(n0))),c(s(s(s(n0))))))], [+achievable(west(m(s(s(s(n0)))),c(n0)),boatonwest,east(m(n0),c(s(s(s(n0))))))]]
Ag5 -> Ag1 : Send Clauses : [[+achievable(west(m(s(s(n0))),c(n0)),boatonwest,east(m(s(n0)),c(s(s(s(n0))))))], [+achievable(west(m(n0),c(s(s(n0)))),boatonwest,east(m(s(s(s(n0)))),c(s(n0))))], [+achievable(west(m(s(n0)),c(s(n0))),boatonwest,east(m(s(s(n0))),c(s(s(n0)))))], [+achievable(west(m(s(s(s(n0)))),c(n0)),boatoneast,east(m(n0),c(s(s(s(n0))))))], [+achievable(west(m(n0),c(s(n0))),boatonwest,east(m(s(s(s(n0)))),c(s(s(n0)))))], [+achievable(west(m(s(s(s(n0)))),c(s(n0))),boatoneast,east(m(n0),c(s(s(n0)))))], [+achievable(west(m(s(n0)),c(s(s(n0)))),boatonwest,east(m(s(s(n0))),c(s(n0))))], [+achievable(west(m(n0),c(s(n0))),boatoneast,east(m(s(s(s(n0)))),c(s(s(n0)))))], [+achievable(west(m(n0),c(n0)),boatoneast,east(m(s(s(s(n0)))),c(s(s(s(n0))))))], [+achievable(west(m(s(n0)),c(n0)),boatonwest,east(m(s(s(n0))),c(s(s(s(n0))))))], [+achievable(west(m(n0),c(s(s(s(n0))))),boatonwest,east(m(s(s(s(n0)))),c(n0)))], [+achievable(west(m(s(s(n0))),c(s(n0))),boatonwest,east(m(s(n0)),c(s(s(n0)))))], [+achievable(west(m(s(n0)),c(n0)),boatoneast,east(m(s(s(n0))),c(s(s(s(n0))))))], [+achievable(west(m(s(s(s(n0)))),c(n0)),boatonwest,east(m(n0),c(s(s(s(n0))))))]]
Ag1 <------  Send Clauses : [[+achievable(west(m(s(s(n0))),c(n0)),boatonwest,east(m(s(n0)),c(s(s(s(n0))))))], [+achievable(west(m(n0),c(s(s(n0)))),boatonwest,east(m(s(s(s(n0)))),c(s(n0))))], [+achievable(west(m(s(n0)),c(s(n0))),boatonwest,east(m(s(s(n0))),c(s(s(n0)))))], [+achievable(west(m(s(s(s(n0)))),c(n0)),boatoneast,east(m(n0),c(s(s(s(n0))))))], [+achievable(west(m(n0),c(s(n0))),boatonwest,east(m(s(s(s(n0)))),c(s(s(n0)))))], [+achievable(west(m(s(s(s(n0)))),c(s(n0))),boatoneast,east(m(n0),c(s(s(n0)))))], [+achievable(west(m(s(n0)),c(s(s(n0)))),boatonwest,east(m(s(s(n0))),c(s(n0))))], [+achievable(west(m(n0),c(s(n0))),boatoneast,east(m(s(s(s(n0)))),c(s(s(n0)))))], [+achievable(west(m(n0),c(n0)),boatoneast,east(m(s(s(s(n0)))),c(s(s(s(n0))))))], [+achievable(west(m(s(n0)),c(n0)),boatonwest,east(m(s(s(n0))),c(s(s(s(n0))))))], [+achievable(west(m(n0),c(s(s(s(n0))))),boatonwest,east(m(s(s(s(n0)))),c(n0)))], [+achievable(west(m(s(s(n0))),c(s(n0))),boatonwest,east(m(s(n0)),c(s(s(n0)))))], [+achievable(west(m(s(n0)),c(n0)),boatoneast,east(m(s(s(n0))),c(s(s(s(n0))))))], [+achievable(west(m(s(s(s(n0)))),c(n0)),boatonwest,east(m(n0),c(s(s(s(n0))))))]]
Ag1 receives [[+achievable(west(m(s(s(n0))),c(n0)),boatonwest,east(m(s(n0)),c(s(s(s(n0))))))], [+achievable(west(m(n0),c(s(s(n0)))),boatonwest,east(m(s(s(s(n0)))),c(s(n0))))], [+achievable(west(m(s(n0)),c(s(n0))),boatonwest,east(m(s(s(n0))),c(s(s(n0)))))], [+achievable(west(m(s(s(s(n0)))),c(n0)),boatoneast,east(m(n0),c(s(s(s(n0))))))], [+achievable(west(m(n0),c(s(n0))),boatonwest,east(m(s(s(s(n0)))),c(s(s(n0)))))], [+achievable(west(m(s(s(s(n0)))),c(s(n0))),boatoneast,east(m(n0),c(s(s(n0)))))], [+achievable(west(m(s(n0)),c(s(s(n0)))),boatonwest,east(m(s(s(n0))),c(s(n0))))], [+achievable(west(m(n0),c(s(n0))),boatoneast,east(m(s(s(s(n0)))),c(s(s(n0)))))], [+achievable(west(m(n0),c(n0)),boatoneast,east(m(s(s(s(n0)))),c(s(s(s(n0))))))], [+achievable(west(m(s(n0)),c(n0)),boatonwest,east(m(s(s(n0))),c(s(s(s(n0))))))], [+achievable(west(m(n0),c(s(s(s(n0))))),boatonwest,east(m(s(s(s(n0)))),c(n0)))], [+achievable(west(m(s(s(n0))),c(s(n0))),boatonwest,east(m(s(n0)),c(s(s(n0)))))], [+achievable(west(m(s(n0)),c(n0)),boatoneast,east(m(s(s(n0))),c(s(s(s(n0))))))], [+achievable(west(m(s(s(s(n0)))),c(n0)),boatonwest,east(m(n0),c(s(s(s(n0))))))]]
After pruning [[+achievable(west(m(n0),c(s(s(n0)))),boatonwest,east(m(s(s(s(n0)))),c(s(n0))))], [+achievable(west(m(s(n0)),c(s(n0))),boatonwest,east(m(s(s(n0))),c(s(s(n0)))))], [+achievable(west(m(n0),c(s(n0))),boatonwest,east(m(s(s(s(n0)))),c(s(s(n0)))))], [+achievable(west(m(s(n0)),c(s(s(n0)))),boatonwest,east(m(s(s(n0))),c(s(n0))))], [+achievable(west(m(n0),c(s(n0))),boatoneast,east(m(s(s(s(n0)))),c(s(s(n0)))))], [+achievable(west(m(n0),c(n0)),boatoneast,east(m(s(s(s(n0)))),c(s(s(s(n0))))))], [+achievable(west(m(n0),c(s(s(s(n0))))),boatonwest,east(m(s(s(s(n0)))),c(n0)))], [+achievable(west(m(s(s(s(n0)))),c(n0)),boatonwest,east(m(n0),c(s(s(s(n0))))))]]
Input Languages : {}
Starting SolveToClause...
Launching solver...
----------------------------------------------------------------------
Clauses:
 [+achievable(west(m(_0),c(_1)),boatoneast,east(m(_2),c(s(_3)))), -achievable(west(m(_0),c(s(_1))),boatonwest,east(m(_2),c(_3)))]
 [+achievable(west(m(_0),c(_1)),boatoneast,east(m(s(_2)),c(_3))), -achievable(west(m(s(_0)),c(_1)),boatonwest,east(m(_2),c(_3)))]
 [+achievable(west(_0,_1),_2,east(m(s(_3)),c(s(s(_3)))))]
 [+achievable(west(_0,_1),_2,east(m(s(_3)),c(s(s(s(_3))))))]
 [+achievable(west(m(s(s(s(n0)))),c(s(s(n0)))),boatoneast,east(m(n0),c(s(n0))))]
 [+achievable(west(m(s(s(n0))),c(s(s(s(n0))))),boatoneast,east(m(s(n0)),c(n0)))]
 [+achievable(west(m(s(s(s(n0)))),c(s(s(s(n0))))),boatonwest,east(m(n0),c(n0)))]
 [+achievable(west(m(s(s(n0))),c(s(s(s(n0))))),boatonwest,east(m(s(n0)),c(n0)))]
 [+achievable(west(m(s(s(n0))),c(s(s(n0)))),boatoneast,east(m(s(n0)),c(s(n0))))]
 [+achievable(west(m(s(n0)),c(s(n0))),boatoneast,east(m(s(s(n0))),c(s(s(n0)))))]
 [+achievable(west(m(n0),c(s(s(n0)))),boatoneast,east(m(s(s(s(n0)))),c(s(n0))))]
 [+achievable(west(m(s(s(s(n0)))),c(s(n0))),boatonwest,east(m(n0),c(s(s(n0)))))]
 [+achievable(west(m(n0),c(s(s(s(n0))))),boatoneast,east(m(s(s(s(n0)))),c(n0)))]
 [+achievable(west(m(s(s(s(n0)))),c(s(n0))),boatoneast,east(m(n0),c(s(s(n0)))))]
 [+achievable(west(m(s(s(s(n0)))),c(s(s(n0)))),boatonwest,east(m(n0),c(s(n0))))]
 [+achievable(west(m(s(n0)),c(s(s(n0)))),boatoneast,east(m(s(s(n0))),c(s(n0))))]
 [+achievable(west(m(s(n0)),c(s(s(s(n0))))),boatonwest,east(m(s(s(n0))),c(n0)))]
 [+achievable(west(m(s(s(n0))),c(s(s(n0)))),boatonwest,east(m(s(n0)),c(s(n0))))]
 [+achievable(west(m(s(n0)),c(s(s(s(n0))))),boatoneast,east(m(s(s(n0))),c(n0)))]
 [+achievable(west(m(s(s(s(n0)))),c(n0)),boatoneast,east(m(n0),c(s(s(s(n0))))))]
 [+achievable(west(m(n0),c(s(s(n0)))),boatonwest,east(m(s(s(s(n0)))),c(s(n0))))]
 [+achievable(west(m(s(n0)),c(s(n0))),boatonwest,east(m(s(s(n0))),c(s(s(n0)))))]
 [+achievable(west(m(n0),c(s(n0))),boatonwest,east(m(s(s(s(n0)))),c(s(s(n0)))))]
 [+achievable(west(m(s(n0)),c(s(s(n0)))),boatonwest,east(m(s(s(n0))),c(s(n0))))]
 [+achievable(west(m(n0),c(s(n0))),boatoneast,east(m(s(s(s(n0)))),c(s(s(n0)))))]
 [+achievable(west(m(n0),c(n0)),boatoneast,east(m(s(s(s(n0)))),c(s(s(s(n0))))))]
 [+achievable(west(m(n0),c(s(s(s(n0))))),boatonwest,east(m(s(s(s(n0)))),c(n0)))]
 [+achievable(west(m(s(s(s(n0)))),c(n0)),boatonwest,east(m(n0),c(s(s(s(n0))))))]
Top clauses:
 [+achievable(west(m(n0),c(s(s(n0)))),boatonwest,east(m(s(s(s(n0)))),c(s(n0))))]
 [+achievable(west(m(s(n0)),c(s(n0))),boatonwest,east(m(s(s(n0))),c(s(s(n0)))))]
 [+achievable(west(m(n0),c(s(n0))),boatonwest,east(m(s(s(s(n0)))),c(s(s(n0)))))]
 [+achievable(west(m(s(n0)),c(s(s(n0)))),boatonwest,east(m(s(s(n0))),c(s(n0))))]
 [+achievable(west(m(n0),c(s(n0))),boatoneast,east(m(s(s(s(n0)))),c(s(s(n0)))))]
 [+achievable(west(m(n0),c(n0)),boatoneast,east(m(s(s(s(n0)))),c(s(s(s(n0))))))]
 [+achievable(west(m(n0),c(s(s(s(n0))))),boatonwest,east(m(s(s(s(n0)))),c(n0)))]
 [+achievable(west(m(s(s(s(n0)))),c(n0)),boatonwest,east(m(n0),c(s(s(s(n0))))))]
Production field:
 [+achievable(_0,_1,_2), -achievable(_0,_1,_2), +achievable(_0,_1,_2):6 <= 2]:6

>>>>>>>>>>>> Solving at depth : 6( real 6)
Ag5 -> Ag2 : Send Clauses : [[+achievable(west(m(s(s(n0))),c(n0)),boatonwest,east(m(s(n0)),c(s(s(s(n0))))))], [+achievable(west(m(n0),c(s(s(n0)))),boatonwest,east(m(s(s(s(n0)))),c(s(n0))))], [+achievable(west(m(s(n0)),c(s(n0))),boatonwest,east(m(s(s(n0))),c(s(s(n0)))))], [+achievable(west(m(s(s(s(n0)))),c(n0)),boatoneast,east(m(n0),c(s(s(s(n0))))))], [+achievable(west(m(n0),c(s(n0))),boatonwest,east(m(s(s(s(n0)))),c(s(s(n0)))))], [+achievable(west(m(s(s(s(n0)))),c(s(n0))),boatoneast,east(m(n0),c(s(s(n0)))))], [+achievable(west(m(s(n0)),c(s(s(n0)))),boatonwest,east(m(s(s(n0))),c(s(n0))))], [+achievable(west(m(n0),c(s(n0))),boatoneast,east(m(s(s(s(n0)))),c(s(s(n0)))))], [+achievable(west(m(n0),c(n0)),boatoneast,east(m(s(s(s(n0)))),c(s(s(s(n0))))))], [+achievable(west(m(s(n0)),c(n0)),boatonwest,east(m(s(s(n0))),c(s(s(s(n0))))))], [+achievable(west(m(n0),c(s(s(s(n0))))),boatonwest,east(m(s(s(s(n0)))),c(n0)))], [+achievable(west(m(s(s(n0))),c(s(n0))),boatonwest,east(m(s(n0)),c(s(s(n0)))))], [+achievable(west(m(s(n0)),c(n0)),boatoneast,east(m(s(s(n0))),c(s(s(s(n0))))))], [+achievable(west(m(s(s(s(n0)))),c(n0)),boatonwest,east(m(n0),c(s(s(s(n0))))))]]
Ag2 <------  Send Clauses : [[+achievable(west(m(s(s(n0))),c(n0)),boatonwest,east(m(s(n0)),c(s(s(s(n0))))))], [+achievable(west(m(n0),c(s(s(n0)))),boatonwest,east(m(s(s(s(n0)))),c(s(n0))))], [+achievable(west(m(s(n0)),c(s(n0))),boatonwest,east(m(s(s(n0))),c(s(s(n0)))))], [+achievable(west(m(s(s(s(n0)))),c(n0)),boatoneast,east(m(n0),c(s(s(s(n0))))))], [+achievable(west(m(n0),c(s(n0))),boatonwest,east(m(s(s(s(n0)))),c(s(s(n0)))))], [+achievable(west(m(s(s(s(n0)))),c(s(n0))),boatoneast,east(m(n0),c(s(s(n0)))))], [+achievable(west(m(s(n0)),c(s(s(n0)))),boatonwest,east(m(s(s(n0))),c(s(n0))))], [+achievable(west(m(n0),c(s(n0))),boatoneast,east(m(s(s(s(n0)))),c(s(s(n0)))))], [+achievable(west(m(n0),c(n0)),boatoneast,east(m(s(s(s(n0)))),c(s(s(s(n0))))))], [+achievable(west(m(s(n0)),c(n0)),boatonwest,east(m(s(s(n0))),c(s(s(s(n0))))))], [+achievable(west(m(n0),c(s(s(s(n0))))),boatonwest,east(m(s(s(s(n0)))),c(n0)))], [+achievable(west(m(s(s(n0))),c(s(n0))),boatonwest,east(m(s(n0)),c(s(s(n0)))))], [+achievable(west(m(s(n0)),c(n0)),boatoneast,east(m(s(s(n0))),c(s(s(s(n0))))))], [+achievable(west(m(s(s(s(n0)))),c(n0)),boatonwest,east(m(n0),c(s(s(s(n0))))))]]
Ag2 receives [[+achievable(west(m(s(s(n0))),c(n0)),boatonwest,east(m(s(n0)),c(s(s(s(n0))))))], [+achievable(west(m(n0),c(s(s(n0)))),boatonwest,east(m(s(s(s(n0)))),c(s(n0))))], [+achievable(west(m(s(n0)),c(s(n0))),boatonwest,east(m(s(s(n0))),c(s(s(n0)))))], [+achievable(west(m(s(s(s(n0)))),c(n0)),boatoneast,east(m(n0),c(s(s(s(n0))))))], [+achievable(west(m(n0),c(s(n0))),boatonwest,east(m(s(s(s(n0)))),c(s(s(n0)))))], [+achievable(west(m(s(s(s(n0)))),c(s(n0))),boatoneast,east(m(n0),c(s(s(n0)))))], [+achievable(west(m(s(n0)),c(s(s(n0)))),boatonwest,east(m(s(s(n0))),c(s(n0))))], [+achievable(west(m(n0),c(s(n0))),boatoneast,east(m(s(s(s(n0)))),c(s(s(n0)))))], [+achievable(west(m(n0),c(n0)),boatoneast,east(m(s(s(s(n0)))),c(s(s(s(n0))))))], [+achievable(west(m(s(n0)),c(n0)),boatonwest,east(m(s(s(n0))),c(s(s(s(n0))))))], [+achievable(west(m(n0),c(s(s(s(n0))))),boatonwest,east(m(s(s(s(n0)))),c(n0)))], [+achievable(west(m(s(s(n0))),c(s(n0))),boatonwest,east(m(s(n0)),c(s(s(n0)))))], [+achievable(west(m(s(n0)),c(n0)),boatoneast,east(m(s(s(n0))),c(s(s(s(n0))))))], [+achievable(west(m(s(s(s(n0)))),c(n0)),boatonwest,east(m(n0),c(s(s(s(n0))))))]]
After pruning [[+achievable(west(m(s(s(n0))),c(n0)),boatonwest,east(m(s(n0)),c(s(s(s(n0))))))], [+achievable(west(m(s(n0)),c(s(n0))),boatonwest,east(m(s(s(n0))),c(s(s(n0)))))], [+achievable(west(m(s(n0)),c(n0)),boatonwest,east(m(s(s(n0))),c(s(s(s(n0))))))], [+achievable(west(m(s(n0)),c(n0)),boatoneast,east(m(s(s(n0))),c(s(s(s(n0))))))], [+achievable(west(m(s(s(s(n0)))),c(n0)),boatonwest,east(m(n0),c(s(s(s(n0))))))]]
Input Languages : {}
Starting SolveToClause...
Launching solver...
----------------------------------------------------------------------
Clauses:
 [+achievable(west(m(_0),c(s(_1))),boatonwest,east(m(_2),c(_3))), -achievable(west(m(_0),c(_1)),boatoneast,east(m(_2),c(s(_3))))]
 [+achievable(west(m(_0),c(_1)),boatoneast,east(m(_2),c(s(s(_3))))), -achievable(west(m(_0),c(s(s(_1)))),boatonwest,east(m(_2),c(_3)))]
 [+achievable(west(m(_0),c(s(s(_1)))),boatonwest,east(m(_2),c(_3))), -achievable(west(m(_0),c(_1)),boatoneast,east(m(_2),c(s(s(_3)))))]
 [+achievable(west(m(s(_0)),c(s(s(_0)))),_1,east(_2,_3))]
 [+achievable(west(m(s(_0)),c(s(s(s(_0))))),_1,east(_2,_3))]
 [+achievable(west(m(n0),c(s(n0))),boatonwest,east(m(s(s(s(n0)))),c(s(s(n0)))))]
 [+achievable(west(m(s(s(s(n0)))),c(n0)),boatoneast,east(m(n0),c(s(s(s(n0))))))]
 [+achievable(west(m(s(s(n0))),c(s(s(n0)))),boatoneast,east(m(s(n0)),c(s(n0))))]
 [+achievable(west(m(s(n0)),c(s(n0))),boatoneast,east(m(s(s(n0))),c(s(s(n0)))))]
 [+achievable(west(m(n0),c(s(s(n0)))),boatoneast,east(m(s(s(s(n0)))),c(s(n0))))]
 [+achievable(west(m(s(s(s(n0)))),c(s(n0))),boatonwest,east(m(n0),c(s(s(n0)))))]
 [+achievable(west(m(n0),c(s(s(n0)))),boatonwest,east(m(s(s(s(n0)))),c(s(n0))))]
 [+achievable(west(m(s(s(n0))),c(n0)),boatoneast,east(m(s(n0)),c(s(s(s(n0))))))]
 [+achievable(west(m(s(s(s(n0)))),c(s(s(n0)))),boatoneast,east(m(n0),c(s(n0))))]
 [+achievable(west(m(n0),c(s(s(s(n0))))),boatoneast,east(m(s(s(s(n0)))),c(n0)))]
 [+achievable(west(m(n0),c(n0)),boatoneast,east(m(s(s(s(n0)))),c(s(s(s(n0))))))]
 [+achievable(west(m(s(s(n0))),c(s(n0))),boatoneast,east(m(s(n0)),c(s(s(n0)))))]
 [+achievable(west(m(n0),c(s(s(s(n0))))),boatonwest,east(m(s(s(s(n0)))),c(n0)))]
 [+achievable(west(m(s(s(s(n0)))),c(s(s(n0)))),boatonwest,east(m(n0),c(s(n0))))]
 [+achievable(west(m(n0),c(s(n0))),boatoneast,east(m(s(s(s(n0)))),c(s(s(n0)))))]
 [+achievable(west(m(s(s(s(n0)))),c(s(n0))),boatoneast,east(m(n0),c(s(s(n0)))))]
 [+achievable(west(m(s(s(n0))),c(s(s(n0)))),boatonwest,east(m(s(n0)),c(s(n0))))]
 [+achievable(west(m(s(s(n0))),c(s(n0))),boatonwest,east(m(s(n0)),c(s(s(n0)))))]
 [+achievable(west(m(s(s(s(n0)))),c(s(s(s(n0))))),boatonwest,east(m(n0),c(n0)))]
 [+achievable(west(m(s(s(n0))),c(n0)),boatonwest,east(m(s(n0)),c(s(s(s(n0))))))]
 [+achievable(west(m(s(n0)),c(s(n0))),boatonwest,east(m(s(s(n0))),c(s(s(n0)))))]
 [+achievable(west(m(s(n0)),c(n0)),boatonwest,east(m(s(s(n0))),c(s(s(s(n0))))))]
 [+achievable(west(m(s(n0)),c(n0)),boatoneast,east(m(s(s(n0))),c(s(s(s(n0))))))]
 [+achievable(west(m(s(s(s(n0)))),c(n0)),boatonwest,east(m(n0),c(s(s(s(n0))))))]
Top clauses:
 [+achievable(west(m(s(s(n0))),c(n0)),boatonwest,east(m(s(n0)),c(s(s(s(n0))))))]
 [+achievable(west(m(s(n0)),c(s(n0))),boatonwest,east(m(s(s(n0))),c(s(s(n0)))))]
 [+achievable(west(m(s(n0)),c(n0)),boatonwest,east(m(s(s(n0))),c(s(s(s(n0))))))]
 [+achievable(west(m(s(n0)),c(n0)),boatoneast,east(m(s(s(n0))),c(s(s(s(n0))))))]
 [+achievable(west(m(s(s(s(n0)))),c(n0)),boatonwest,east(m(n0),c(s(s(s(n0))))))]
Production field:
 [+achievable(_0,_1,_2), -achievable(_0,_1,_2), +achievable(_0,_1,_2):6 <= 2]:6

>>>>>>>>>>>> Solving at depth : 6( real 6)
>>>>>>>>>>>> Solve - measure : [20, 33, 8, 8, 0, 0, 0, 0]
Solver finished.
SolveToClause Finished!
Ag1: updated receivedCl []
>>>>>>>>>>>> Solve - measure : [19, 18, 5, 5, 0, 0, 0, 0]
Solver finished.
SolveToClause Finished!
Ag2: updated receivedCl []
updated lstCsq [[+achievable(west(m(n0),c(s(n0))),boatonwest,east(m(s(s(s(n0)))),c(s(s(n0)))))], [+achievable(west(m(s(s(s(n0)))),c(n0)),boatoneast,east(m(n0),c(s(s(s(n0))))))], [+achievable(west(m(s(s(n0))),c(s(s(n0)))),boatoneast,east(m(s(n0)),c(s(n0))))], [+achievable(west(m(s(n0)),c(s(n0))),boatoneast,east(m(s(s(n0))),c(s(s(n0)))))], [+achievable(west(m(n0),c(s(s(n0)))),boatoneast,east(m(s(s(s(n0)))),c(s(n0))))], [+achievable(west(m(s(s(s(n0)))),c(s(n0))),boatonwest,east(m(n0),c(s(s(n0)))))], [+achievable(west(m(n0),c(s(s(n0)))),boatonwest,east(m(s(s(s(n0)))),c(s(n0))))], [+achievable(west(m(s(s(n0))),c(n0)),boatoneast,east(m(s(n0)),c(s(s(s(n0))))))], [+achievable(west(m(s(s(s(n0)))),c(s(s(n0)))),boatoneast,east(m(n0),c(s(n0))))], [+achievable(west(m(n0),c(s(s(s(n0))))),boatoneast,east(m(s(s(s(n0)))),c(n0)))], [+achievable(west(m(n0),c(n0)),boatoneast,east(m(s(s(s(n0)))),c(s(s(s(n0))))))], [+achievable(west(m(s(s(n0))),c(s(n0))),boatoneast,east(m(s(n0)),c(s(s(n0)))))], [+achievable(west(m(n0),c(s(s(s(n0))))),boatonwest,east(m(s(s(s(n0)))),c(n0)))], [+achievable(west(m(s(s(s(n0)))),c(s(s(n0)))),boatonwest,east(m(n0),c(s(n0))))], [+achievable(west(m(n0),c(s(n0))),boatoneast,east(m(s(s(s(n0)))),c(s(s(n0)))))], [+achievable(west(m(s(s(s(n0)))),c(s(n0))),boatoneast,east(m(n0),c(s(s(n0)))))], [+achievable(west(m(s(s(n0))),c(s(s(n0)))),boatonwest,east(m(s(n0)),c(s(n0))))], [+achievable(west(m(s(s(n0))),c(s(n0))),boatonwest,east(m(s(n0)),c(s(s(n0)))))], [+achievable(west(m(s(s(s(n0)))),c(s(s(s(n0))))),boatonwest,east(m(n0),c(n0)))], [+achievable(west(m(s(n0)),c(s(n0))),boatonwest,east(m(s(s(n0))),c(s(s(n0)))))], [+achievable(west(m(s(s(n0))),c(n0)),boatonwest,east(m(s(n0)),c(s(s(s(n0))))))], [+achievable(west(m(s(s(s(n0)))),c(n0)),boatonwest,east(m(n0),c(s(s(s(n0))))))], [+achievable(west(m(s(n0)),c(n0)),boatonwest,east(m(s(s(n0))),c(s(s(s(n0))))))], [+achievable(west(m(s(n0)),c(n0)),boatoneast,east(m(s(s(n0))),c(s(s(s(n0))))))]]
Ag2 -> Ag5 : Send Clauses : [[+achievable(west(m(s(n0)),c(s(n0))),boatonwest,east(m(s(s(n0))),c(s(s(n0)))))], [+achievable(west(m(s(s(n0))),c(n0)),boatonwest,east(m(s(n0)),c(s(s(s(n0))))))], [+achievable(west(m(s(s(s(n0)))),c(n0)),boatonwest,east(m(n0),c(s(s(s(n0))))))], [+achievable(west(m(s(n0)),c(n0)),boatonwest,east(m(s(s(n0))),c(s(s(s(n0))))))], [+achievable(west(m(s(n0)),c(n0)),boatoneast,east(m(s(s(n0))),c(s(s(s(n0))))))]]
updated lstCsq [[+achievable(west(m(s(s(s(n0)))),c(s(s(n0)))),boatoneast,east(m(n0),c(s(n0))))], [+achievable(west(m(s(s(n0))),c(s(s(s(n0))))),boatoneast,east(m(s(n0)),c(n0)))], [+achievable(west(m(s(s(s(n0)))),c(s(s(s(n0))))),boatonwest,east(m(n0),c(n0)))], [+achievable(west(m(s(s(n0))),c(s(s(s(n0))))),boatonwest,east(m(s(n0)),c(n0)))], [+achievable(west(m(s(s(n0))),c(s(s(n0)))),boatoneast,east(m(s(n0)),c(s(n0))))], [+achievable(west(m(s(n0)),c(s(n0))),boatoneast,east(m(s(s(n0))),c(s(s(n0)))))], [+achievable(west(m(n0),c(s(s(n0)))),boatoneast,east(m(s(s(s(n0)))),c(s(n0))))], [+achievable(west(m(s(s(s(n0)))),c(s(n0))),boatonwest,east(m(n0),c(s(s(n0)))))], [+achievable(west(m(n0),c(s(s(s(n0))))),boatoneast,east(m(s(s(s(n0)))),c(n0)))], [+achievable(west(m(s(s(s(n0)))),c(s(n0))),boatoneast,east(m(n0),c(s(s(n0)))))], [+achievable(west(m(s(s(s(n0)))),c(s(s(n0)))),boatonwest,east(m(n0),c(s(n0))))], [+achievable(west(m(s(n0)),c(s(s(n0)))),boatoneast,east(m(s(s(n0))),c(s(n0))))], [+achievable(west(m(s(n0)),c(s(s(s(n0))))),boatonwest,east(m(s(s(n0))),c(n0)))], [+achievable(west(m(s(s(n0))),c(s(s(n0)))),boatonwest,east(m(s(n0)),c(s(n0))))], [+achievable(west(m(s(n0)),c(s(s(s(n0))))),boatoneast,east(m(s(s(n0))),c(n0)))], [+achievable(west(m(s(s(s(n0)))),c(n0)),boatoneast,east(m(n0),c(s(s(s(n0))))))], [+achievable(west(m(n0),c(s(s(n0)))),boatonwest,east(m(s(s(s(n0)))),c(s(n0))))], [+achievable(west(m(s(n0)),c(s(n0))),boatonwest,east(m(s(s(n0))),c(s(s(n0)))))], [+achievable(west(m(n0),c(s(n0))),boatonwest,east(m(s(s(s(n0)))),c(s(s(n0)))))], [+achievable(west(m(n0),c(s(n0))),boatoneast,east(m(s(s(s(n0)))),c(s(s(n0)))))], [+achievable(west(m(n0),c(n0)),boatoneast,east(m(s(s(s(n0)))),c(s(s(s(n0))))))], [+achievable(west(m(n0),c(s(s(s(n0))))),boatonwest,east(m(s(s(s(n0)))),c(n0)))], [+achievable(west(m(s(s(s(n0)))),c(n0)),boatonwest,east(m(n0),c(s(s(s(n0))))))], [+achievable(west(m(s(n0)),c(s(s(n0)))),boatonwest,east(m(s(s(n0))),c(s(n0))))]]
Ag1 -> Ag5 : Send Clauses : [[+achievable(west(m(n0),c(s(s(n0)))),boatonwest,east(m(s(s(s(n0)))),c(s(n0))))], [+achievable(west(m(s(n0)),c(s(n0))),boatonwest,east(m(s(s(n0))),c(s(s(n0)))))], [+achievable(west(m(n0),c(s(n0))),boatonwest,east(m(s(s(s(n0)))),c(s(s(n0)))))], [+achievable(west(m(n0),c(s(n0))),boatoneast,east(m(s(s(s(n0)))),c(s(s(n0)))))], [+achievable(west(m(n0),c(n0)),boatoneast,east(m(s(s(s(n0)))),c(s(s(s(n0))))))], [+achievable(west(m(n0),c(s(s(s(n0))))),boatonwest,east(m(s(s(s(n0)))),c(n0)))], [+achievable(west(m(s(s(s(n0)))),c(n0)),boatonwest,east(m(n0),c(s(s(s(n0))))))], [+achievable(west(m(s(n0)),c(s(s(n0)))),boatonwest,east(m(s(s(n0))),c(s(n0))))]]
Ag5 <------  Send Clauses : [[+achievable(west(m(s(n0)),c(s(n0))),boatonwest,east(m(s(s(n0))),c(s(s(n0)))))], [+achievable(west(m(s(s(n0))),c(n0)),boatonwest,east(m(s(n0)),c(s(s(s(n0))))))], [+achievable(west(m(s(s(s(n0)))),c(n0)),boatonwest,east(m(n0),c(s(s(s(n0))))))], [+achievable(west(m(s(n0)),c(n0)),boatonwest,east(m(s(s(n0))),c(s(s(s(n0))))))], [+achievable(west(m(s(n0)),c(n0)),boatoneast,east(m(s(s(n0))),c(s(s(s(n0))))))]]
Ag5 <------  Send Clauses : [[+achievable(west(m(n0),c(s(s(n0)))),boatonwest,east(m(s(s(s(n0)))),c(s(n0))))], [+achievable(west(m(s(n0)),c(s(n0))),boatonwest,east(m(s(s(n0))),c(s(s(n0)))))], [+achievable(west(m(n0),c(s(n0))),boatonwest,east(m(s(s(s(n0)))),c(s(s(n0)))))], [+achievable(west(m(n0),c(s(n0))),boatoneast,east(m(s(s(s(n0)))),c(s(s(n0)))))], [+achievable(west(m(n0),c(n0)),boatoneast,east(m(s(s(s(n0)))),c(s(s(s(n0))))))], [+achievable(west(m(n0),c(s(s(s(n0))))),boatonwest,east(m(s(s(s(n0)))),c(n0)))], [+achievable(west(m(s(s(s(n0)))),c(n0)),boatonwest,east(m(n0),c(s(s(s(n0))))))], [+achievable(west(m(s(n0)),c(s(s(n0)))),boatonwest,east(m(s(s(n0))),c(s(n0))))]]
Ag5 receives [[+achievable(west(m(s(s(s(n0)))),c(s(s(n0)))),boatoneast,east(m(n0),c(s(n0))))], [+achievable(west(m(s(s(n0))),c(s(s(s(n0))))),boatoneast,east(m(s(n0)),c(n0)))], [+achievable(west(m(s(s(s(n0)))),c(s(s(s(n0))))),boatonwest,east(m(n0),c(n0)))], [+achievable(west(m(s(s(n0))),c(s(s(s(n0))))),boatonwest,east(m(s(n0)),c(n0)))], [+achievable(west(m(s(s(n0))),c(s(s(n0)))),boatoneast,east(m(s(n0)),c(s(n0))))], [+achievable(west(m(s(n0)),c(s(n0))),boatoneast,east(m(s(s(n0))),c(s(s(n0)))))], [+achievable(west(m(n0),c(s(s(n0)))),boatoneast,east(m(s(s(s(n0)))),c(s(n0))))], [+achievable(west(m(s(s(s(n0)))),c(s(n0))),boatonwest,east(m(n0),c(s(s(n0)))))], [+achievable(west(m(n0),c(s(s(s(n0))))),boatoneast,east(m(s(s(s(n0)))),c(n0)))], [+achievable(west(m(s(s(s(n0)))),c(s(n0))),boatoneast,east(m(n0),c(s(s(n0)))))], [+achievable(west(m(s(s(s(n0)))),c(s(s(n0)))),boatonwest,east(m(n0),c(s(n0))))], [+achievable(west(m(s(n0)),c(s(s(n0)))),boatoneast,east(m(s(s(n0))),c(s(n0))))], [+achievable(west(m(s(n0)),c(s(s(s(n0))))),boatonwest,east(m(s(s(n0))),c(n0)))], [+achievable(west(m(s(s(n0))),c(s(s(n0)))),boatonwest,east(m(s(n0)),c(s(n0))))], [+achievable(west(m(s(n0)),c(s(s(s(n0))))),boatoneast,east(m(s(s(n0))),c(n0)))], [+achievable(west(m(s(s(s(n0)))),c(n0)),boatoneast,east(m(n0),c(s(s(s(n0))))))], [+achievable(west(m(n0),c(s(n0))),boatonwest,east(m(s(s(s(n0)))),c(s(s(n0)))))], [+achievable(west(m(s(s(s(n0)))),c(n0)),boatoneast,east(m(n0),c(s(s(s(n0))))))], [+achievable(west(m(s(s(n0))),c(s(s(n0)))),boatoneast,east(m(s(n0)),c(s(n0))))], [+achievable(west(m(s(n0)),c(s(n0))),boatoneast,east(m(s(s(n0))),c(s(s(n0)))))], [+achievable(west(m(n0),c(s(s(n0)))),boatoneast,east(m(s(s(s(n0)))),c(s(n0))))], [+achievable(west(m(s(s(s(n0)))),c(s(n0))),boatonwest,east(m(n0),c(s(s(n0)))))], [+achievable(west(m(n0),c(s(s(n0)))),boatonwest,east(m(s(s(s(n0)))),c(s(n0))))], [+achievable(west(m(s(s(n0))),c(n0)),boatoneast,east(m(s(n0)),c(s(s(s(n0))))))], [+achievable(west(m(s(s(s(n0)))),c(s(s(n0)))),boatoneast,east(m(n0),c(s(n0))))], [+achievable(west(m(n0),c(s(s(s(n0))))),boatoneast,east(m(s(s(s(n0)))),c(n0)))], [+achievable(west(m(n0),c(n0)),boatoneast,east(m(s(s(s(n0)))),c(s(s(s(n0))))))], [+achievable(west(m(s(s(n0))),c(s(n0))),boatoneast,east(m(s(n0)),c(s(s(n0)))))], [+achievable(west(m(n0),c(s(s(s(n0))))),boatonwest,east(m(s(s(s(n0)))),c(n0)))], [+achievable(west(m(s(s(s(n0)))),c(s(s(n0)))),boatonwest,east(m(n0),c(s(n0))))], [+achievable(west(m(n0),c(s(n0))),boatoneast,east(m(s(s(s(n0)))),c(s(s(n0)))))], [+achievable(west(m(s(s(s(n0)))),c(s(n0))),boatoneast,east(m(n0),c(s(s(n0)))))], [+achievable(west(m(s(s(n0))),c(s(s(n0)))),boatonwest,east(m(s(n0)),c(s(n0))))], [+achievable(west(m(s(s(n0))),c(s(n0))),boatonwest,east(m(s(n0)),c(s(s(n0)))))], [+achievable(west(m(s(s(s(n0)))),c(s(s(s(n0))))),boatonwest,east(m(n0),c(n0)))], [+achievable(west(m(s(n0)),c(s(n0))),boatonwest,east(m(s(s(n0))),c(s(s(n0)))))], [+achievable(west(m(s(s(n0))),c(n0)),boatonwest,east(m(s(n0)),c(s(s(s(n0))))))], [+achievable(west(m(s(s(s(n0)))),c(n0)),boatonwest,east(m(n0),c(s(s(s(n0))))))], [+achievable(west(m(s(n0)),c(n0)),boatonwest,east(m(s(s(n0))),c(s(s(s(n0))))))], [+achievable(west(m(s(n0)),c(n0)),boatoneast,east(m(s(s(n0))),c(s(s(s(n0))))))], [+achievable(west(m(n0),c(s(s(n0)))),boatonwest,east(m(s(s(s(n0)))),c(s(n0))))], [+achievable(west(m(s(n0)),c(s(n0))),boatonwest,east(m(s(s(n0))),c(s(s(n0)))))], [+achievable(west(m(n0),c(s(n0))),boatonwest,east(m(s(s(s(n0)))),c(s(s(n0)))))], [+achievable(west(m(n0),c(s(n0))),boatoneast,east(m(s(s(s(n0)))),c(s(s(n0)))))], [+achievable(west(m(n0),c(n0)),boatoneast,east(m(s(s(s(n0)))),c(s(s(s(n0))))))], [+achievable(west(m(n0),c(s(s(s(n0))))),boatonwest,east(m(s(s(s(n0)))),c(n0)))], [+achievable(west(m(s(s(s(n0)))),c(n0)),boatonwest,east(m(n0),c(s(s(s(n0))))))], [+achievable(west(m(s(n0)),c(s(s(n0)))),boatonwest,east(m(s(s(n0))),c(s(n0))))]]
After pruning []
Input Languages : {Ag3=[], Ag1=[+achievable(_0,_1,_2), -achievable(_0,_1,_2)], Ag2=[+achievable(_0,_1,_2), -achievable(_0,_1,_2)], Ag0=[], Ag4=[]}
Ag5: updated receivedCl []
updated lstCsq [[+achievable(west(m(s(s(n0))),c(s(n0))),boatoneast,east(m(s(n0)),c(s(s(n0)))))], [+achievable(west(m(s(s(n0))),c(s(s(s(n0))))),boatoneast,east(m(s(n0)),c(n0)))], [+achievable(west(m(s(s(n0))),c(n0)),boatoneast,east(m(s(n0)),c(s(s(s(n0))))))], [+achievable(west(m(s(s(s(n0)))),c(s(s(n0)))),boatoneast,east(m(n0),c(s(n0))))], [+achievable(west(m(s(n0)),c(s(s(s(n0))))),boatonwest,east(m(s(s(n0))),c(n0)))], [+achievable(west(m(s(s(n0))),c(s(s(n0)))),boatonwest,east(m(s(n0)),c(s(n0))))], [+achievable(west(m(s(n0)),c(s(n0))),boatoneast,east(m(s(s(n0))),c(s(s(n0)))))], [+achievable(west(m(s(s(s(n0)))),c(s(s(n0)))),boatonwest,east(m(n0),c(s(n0))))], [+achievable(west(m(s(s(n0))),c(s(s(s(n0))))),boatonwest,east(m(s(n0)),c(n0)))], [+achievable(west(m(s(s(n0))),c(s(s(n0)))),boatoneast,east(m(s(n0)),c(s(n0))))], [+achievable(west(m(n0),c(s(s(s(n0))))),boatoneast,east(m(s(s(s(n0)))),c(n0)))], [+achievable(west(m(s(s(s(n0)))),c(s(n0))),boatonwest,east(m(n0),c(s(s(n0)))))], [+achievable(west(m(n0),c(s(s(n0)))),boatoneast,east(m(s(s(s(n0)))),c(s(n0))))], [+achievable(west(m(s(n0)),c(s(s(s(n0))))),boatoneast,east(m(s(s(n0))),c(n0)))], [+achievable(west(m(s(n0)),c(s(s(n0)))),boatoneast,east(m(s(s(n0))),c(s(n0))))], [+achievable(west(m(s(s(s(n0)))),c(s(s(s(n0))))),boatonwest,east(m(n0),c(n0)))], [+achievable(west(m(s(s(n0))),c(n0)),boatonwest,east(m(s(n0)),c(s(s(s(n0))))))], [+achievable(west(m(n0),c(s(s(n0)))),boatonwest,east(m(s(s(s(n0)))),c(s(n0))))], [+achievable(west(m(s(n0)),c(s(n0))),boatonwest,east(m(s(s(n0))),c(s(s(n0)))))], [+achievable(west(m(s(s(s(n0)))),c(n0)),boatoneast,east(m(n0),c(s(s(s(n0))))))], [+achievable(west(m(n0),c(s(n0))),boatonwest,east(m(s(s(s(n0)))),c(s(s(n0)))))], [+achievable(west(m(s(s(s(n0)))),c(s(n0))),boatoneast,east(m(n0),c(s(s(n0)))))], [+achievable(west(m(s(n0)),c(s(s(n0)))),boatonwest,east(m(s(s(n0))),c(s(n0))))], [+achievable(west(m(n0),c(s(n0))),boatoneast,east(m(s(s(s(n0)))),c(s(s(n0)))))], [+achievable(west(m(n0),c(n0)),boatoneast,east(m(s(s(s(n0)))),c(s(s(s(n0))))))], [+achievable(west(m(s(n0)),c(n0)),boatonwest,east(m(s(s(n0))),c(s(s(s(n0))))))], [+achievable(west(m(n0),c(s(s(s(n0))))),boatonwest,east(m(s(s(s(n0)))),c(n0)))], [+achievable(west(m(s(s(n0))),c(s(n0))),boatonwest,east(m(s(n0)),c(s(s(n0)))))], [+achievable(west(m(s(n0)),c(n0)),boatoneast,east(m(s(s(n0))),c(s(s(s(n0))))))], [+achievable(west(m(s(s(s(n0)))),c(n0)),boatonwest,east(m(n0),c(s(s(s(n0))))))]]
Ag5 -> Sys : Send Consequences : [[+achievable(west(m(s(s(n0))),c(s(n0))),boatoneast,east(m(s(n0)),c(s(s(n0)))))], [+achievable(west(m(s(s(n0))),c(s(s(s(n0))))),boatoneast,east(m(s(n0)),c(n0)))], [+achievable(west(m(s(s(n0))),c(n0)),boatoneast,east(m(s(n0)),c(s(s(s(n0))))))], [+achievable(west(m(s(s(s(n0)))),c(s(s(n0)))),boatoneast,east(m(n0),c(s(n0))))], [+achievable(west(m(s(n0)),c(s(s(s(n0))))),boatonwest,east(m(s(s(n0))),c(n0)))], [+achievable(west(m(s(s(n0))),c(s(s(n0)))),boatonwest,east(m(s(n0)),c(s(n0))))], [+achievable(west(m(s(n0)),c(s(n0))),boatoneast,east(m(s(s(n0))),c(s(s(n0)))))], [+achievable(west(m(s(s(s(n0)))),c(s(s(n0)))),boatonwest,east(m(n0),c(s(n0))))], [+achievable(west(m(s(s(n0))),c(s(s(s(n0))))),boatonwest,east(m(s(n0)),c(n0)))], [+achievable(west(m(s(s(n0))),c(s(s(n0)))),boatoneast,east(m(s(n0)),c(s(n0))))], [+achievable(west(m(n0),c(s(s(s(n0))))),boatoneast,east(m(s(s(s(n0)))),c(n0)))], [+achievable(west(m(s(s(s(n0)))),c(s(n0))),boatonwest,east(m(n0),c(s(s(n0)))))], [+achievable(west(m(n0),c(s(s(n0)))),boatoneast,east(m(s(s(s(n0)))),c(s(n0))))], [+achievable(west(m(s(n0)),c(s(s(s(n0))))),boatoneast,east(m(s(s(n0))),c(n0)))], [+achievable(west(m(s(n0)),c(s(s(n0)))),boatoneast,east(m(s(s(n0))),c(s(n0))))], [+achievable(west(m(s(s(s(n0)))),c(s(s(s(n0))))),boatonwest,east(m(n0),c(n0)))], [+achievable(west(m(s(s(n0))),c(n0)),boatonwest,east(m(s(n0)),c(s(s(s(n0))))))], [+achievable(west(m(n0),c(s(s(n0)))),boatonwest,east(m(s(s(s(n0)))),c(s(n0))))], [+achievable(west(m(s(n0)),c(s(n0))),boatonwest,east(m(s(s(n0))),c(s(s(n0)))))], [+achievable(west(m(s(s(s(n0)))),c(n0)),boatoneast,east(m(n0),c(s(s(s(n0))))))], [+achievable(west(m(n0),c(s(n0))),boatonwest,east(m(s(s(s(n0)))),c(s(s(n0)))))], [+achievable(west(m(s(s(s(n0)))),c(s(n0))),boatoneast,east(m(n0),c(s(s(n0)))))], [+achievable(west(m(s(n0)),c(s(s(n0)))),boatonwest,east(m(s(s(n0))),c(s(n0))))], [+achievable(west(m(n0),c(s(n0))),boatoneast,east(m(s(s(s(n0)))),c(s(s(n0)))))], [+achievable(west(m(n0),c(n0)),boatoneast,east(m(s(s(s(n0)))),c(s(s(s(n0))))))], [+achievable(west(m(s(n0)),c(n0)),boatonwest,east(m(s(s(n0))),c(s(s(s(n0))))))], [+achievable(west(m(n0),c(s(s(s(n0))))),boatonwest,east(m(s(s(s(n0)))),c(n0)))], [+achievable(west(m(s(s(n0))),c(s(n0))),boatonwest,east(m(s(n0)),c(s(s(n0)))))], [+achievable(west(m(s(n0)),c(n0)),boatoneast,east(m(s(s(n0))),c(s(s(s(n0))))))], [+achievable(west(m(s(s(s(n0)))),c(n0)),boatonwest,east(m(n0),c(s(s(s(n0))))))]]
Sys <------  Send Consequences : [[+achievable(west(m(s(s(n0))),c(s(n0))),boatoneast,east(m(s(n0)),c(s(s(n0)))))], [+achievable(west(m(s(s(n0))),c(s(s(s(n0))))),boatoneast,east(m(s(n0)),c(n0)))], [+achievable(west(m(s(s(n0))),c(n0)),boatoneast,east(m(s(n0)),c(s(s(s(n0))))))], [+achievable(west(m(s(s(s(n0)))),c(s(s(n0)))),boatoneast,east(m(n0),c(s(n0))))], [+achievable(west(m(s(n0)),c(s(s(s(n0))))),boatonwest,east(m(s(s(n0))),c(n0)))], [+achievable(west(m(s(s(n0))),c(s(s(n0)))),boatonwest,east(m(s(n0)),c(s(n0))))], [+achievable(west(m(s(n0)),c(s(n0))),boatoneast,east(m(s(s(n0))),c(s(s(n0)))))], [+achievable(west(m(s(s(s(n0)))),c(s(s(n0)))),boatonwest,east(m(n0),c(s(n0))))], [+achievable(west(m(s(s(n0))),c(s(s(s(n0))))),boatonwest,east(m(s(n0)),c(n0)))], [+achievable(west(m(s(s(n0))),c(s(s(n0)))),boatoneast,east(m(s(n0)),c(s(n0))))], [+achievable(west(m(n0),c(s(s(s(n0))))),boatoneast,east(m(s(s(s(n0)))),c(n0)))], [+achievable(west(m(s(s(s(n0)))),c(s(n0))),boatonwest,east(m(n0),c(s(s(n0)))))], [+achievable(west(m(n0),c(s(s(n0)))),boatoneast,east(m(s(s(s(n0)))),c(s(n0))))], [+achievable(west(m(s(n0)),c(s(s(s(n0))))),boatoneast,east(m(s(s(n0))),c(n0)))], [+achievable(west(m(s(n0)),c(s(s(n0)))),boatoneast,east(m(s(s(n0))),c(s(n0))))], [+achievable(west(m(s(s(s(n0)))),c(s(s(s(n0))))),boatonwest,east(m(n0),c(n0)))], [+achievable(west(m(s(s(n0))),c(n0)),boatonwest,east(m(s(n0)),c(s(s(s(n0))))))], [+achievable(west(m(n0),c(s(s(n0)))),boatonwest,east(m(s(s(s(n0)))),c(s(n0))))], [+achievable(west(m(s(n0)),c(s(n0))),boatonwest,east(m(s(s(n0))),c(s(s(n0)))))], [+achievable(west(m(s(s(s(n0)))),c(n0)),boatoneast,east(m(n0),c(s(s(s(n0))))))], [+achievable(west(m(n0),c(s(n0))),boatonwest,east(m(s(s(s(n0)))),c(s(s(n0)))))], [+achievable(west(m(s(s(s(n0)))),c(s(n0))),boatoneast,east(m(n0),c(s(s(n0)))))], [+achievable(west(m(s(n0)),c(s(s(n0)))),boatonwest,east(m(s(s(n0))),c(s(n0))))], [+achievable(west(m(n0),c(s(n0))),boatoneast,east(m(s(s(s(n0)))),c(s(s(n0)))))], [+achievable(west(m(n0),c(n0)),boatoneast,east(m(s(s(s(n0)))),c(s(s(s(n0))))))], [+achievable(west(m(s(n0)),c(n0)),boatonwest,east(m(s(s(n0))),c(s(s(s(n0))))))], [+achievable(west(m(n0),c(s(s(s(n0))))),boatonwest,east(m(s(s(s(n0)))),c(n0)))], [+achievable(west(m(s(s(n0))),c(s(n0))),boatonwest,east(m(s(n0)),c(s(s(n0)))))], [+achievable(west(m(s(n0)),c(n0)),boatoneast,east(m(s(s(n0))),c(s(s(s(n0))))))], [+achievable(west(m(s(s(s(n0)))),c(n0)),boatonwest,east(m(n0),c(s(s(s(n0))))))]]
Ag5 -> Sys : {Finish}
Sys <------  {Finish}
Sys -> Ag0 : {Finish}
Ag0 <------  {Finish}
Sys -> Ag1 : {Finish}
Sys -> Ag2 : {Finish}
Sys -> Ag3 : {Finish}
Ag1 <------  {Finish}
Ag3 <------  {Finish}
Sys -> Ag4 : {Finish}
Sys -> Ag5 : {Finish}
Ag5 <------  {Finish}
Ag4 <------  {Finish}
Ag2 <------  {Finish}
30 (NEW) CHARACTERISTIC CLAUSES

[+achievable(west(m(s(s(n0))),c(s(n0))),boatoneast,east(m(s(n0)),c(s(s(n0)))))]
[+achievable(west(m(s(s(n0))),c(s(s(s(n0))))),boatoneast,east(m(s(n0)),c(n0)))]
[+achievable(west(m(s(s(n0))),c(n0)),boatoneast,east(m(s(n0)),c(s(s(s(n0))))))]
[+achievable(west(m(s(s(s(n0)))),c(s(s(n0)))),boatoneast,east(m(n0),c(s(n0))))]
[+achievable(west(m(s(n0)),c(s(s(s(n0))))),boatonwest,east(m(s(s(n0))),c(n0)))]
[+achievable(west(m(s(s(n0))),c(s(s(n0)))),boatonwest,east(m(s(n0)),c(s(n0))))]
[+achievable(west(m(s(n0)),c(s(n0))),boatoneast,east(m(s(s(n0))),c(s(s(n0)))))]
[+achievable(west(m(s(s(s(n0)))),c(s(s(n0)))),boatonwest,east(m(n0),c(s(n0))))]
[+achievable(west(m(s(s(n0))),c(s(s(s(n0))))),boatonwest,east(m(s(n0)),c(n0)))]
[+achievable(west(m(s(s(n0))),c(s(s(n0)))),boatoneast,east(m(s(n0)),c(s(n0))))]
[+achievable(west(m(n0),c(s(s(s(n0))))),boatoneast,east(m(s(s(s(n0)))),c(n0)))]
[+achievable(west(m(s(s(s(n0)))),c(s(n0))),boatonwest,east(m(n0),c(s(s(n0)))))]
[+achievable(west(m(n0),c(s(s(n0)))),boatoneast,east(m(s(s(s(n0)))),c(s(n0))))]
[+achievable(west(m(s(n0)),c(s(s(s(n0))))),boatoneast,east(m(s(s(n0))),c(n0)))]
[+achievable(west(m(s(n0)),c(s(s(n0)))),boatoneast,east(m(s(s(n0))),c(s(n0))))]
[+achievable(west(m(s(s(s(n0)))),c(s(s(s(n0))))),boatonwest,east(m(n0),c(n0)))]
[+achievable(west(m(s(s(n0))),c(n0)),boatonwest,east(m(s(n0)),c(s(s(s(n0))))))]
[+achievable(west(m(n0),c(s(s(n0)))),boatonwest,east(m(s(s(s(n0)))),c(s(n0))))]
[+achievable(west(m(s(n0)),c(s(n0))),boatonwest,east(m(s(s(n0))),c(s(s(n0)))))]
[+achievable(west(m(s(s(s(n0)))),c(n0)),boatoneast,east(m(n0),c(s(s(s(n0))))))]
[+achievable(west(m(n0),c(s(n0))),boatonwest,east(m(s(s(s(n0)))),c(s(s(n0)))))]
[+achievable(west(m(s(s(s(n0)))),c(s(n0))),boatoneast,east(m(n0),c(s(s(n0)))))]
[+achievable(west(m(s(n0)),c(s(s(n0)))),boatonwest,east(m(s(s(n0))),c(s(n0))))]
[+achievable(west(m(n0),c(s(n0))),boatoneast,east(m(s(s(s(n0)))),c(s(s(n0)))))]
[+achievable(west(m(n0),c(n0)),boatoneast,east(m(s(s(s(n0)))),c(s(s(s(n0))))))]
[+achievable(west(m(s(n0)),c(n0)),boatonwest,east(m(s(s(n0))),c(s(s(s(n0))))))]
[+achievable(west(m(n0),c(s(s(s(n0))))),boatonwest,east(m(s(s(s(n0)))),c(n0)))]
[+achievable(west(m(s(s(n0))),c(s(n0))),boatonwest,east(m(s(n0)),c(s(s(n0)))))]
[+achievable(west(m(s(n0)),c(n0)),boatoneast,east(m(s(s(n0))),c(s(s(s(n0))))))]
[+achievable(west(m(s(s(s(n0)))),c(n0)),boatonwest,east(m(n0),c(s(s(s(n0))))))]

Total execution time was 1136 ms.

Execution time was 1031 ms.

DCIF PROBLEM STAR
PUZ008-1.C1i2_all_ld2-6_DICF-PB-Star-FixedRoot-5
