resultFilename :PUZ008-1.C1i2
nethod:SOLAR-Inc
pbBasename :PUZ008-1.C1i2
variantSuffix:_all_ld2-6
distr suff:
timout :600000
>>>>>>>>>>>> Solving at depth : 6( real 6)
>>>>>>>>>>>> Solve - measure : [64, 68, 14, 14, 0, 0, 0, 0]
SolveToClause Finished!
8 CHARACTERISTIC CLAUSES

[+achievable(west(m(s(n0)),c(s(n0))),boatoneast,east(m(s(s(n0))),c(s(s(n0)))))]
[+achievable(west(m(s(s(s(n0)))),c(s(s(n0)))),boatonwest,east(m(n0),c(s(n0))))]
[+achievable(west(m(s(s(n0))),c(s(s(n0)))),boatoneast,east(m(s(n0)),c(s(n0))))]
[+achievable(west(m(s(s(s(n0)))),c(n0)),boatoneast,east(m(n0),c(s(s(s(n0))))))]
[+achievable(west(m(s(s(s(n0)))),c(s(n0))),boatonwest,east(m(n0),c(s(s(n0)))))]
[+achievable(west(m(s(s(s(n0)))),c(s(n0))),boatoneast,east(m(n0),c(s(s(n0)))))]
[+achievable(west(m(s(s(s(n0)))),c(s(s(n0)))),boatoneast,east(m(n0),c(s(n0))))]
[+achievable(west(m(s(s(s(n0)))),c(s(s(s(n0))))),boatonwest,east(m(n0),c(n0)))]


Total execution time was 602 ms.


Execution time was 600 ms.

status 103
---System Timeout---
SOLAR PROBLEM
PUZ008-1.C1i2_all_ld2-6_SOLAR-Inc
