java.lang.ArrayIndexOutOfBoundsException: 1024
	at org.nabelab.solar.VarTable.getTailVar(VarTable.java:79)
	at org.nabelab.solar.Term.subsumes(Term.java:1277)
	at org.nabelab.solar.Term.subsumes(Term.java:1223)
	at org.nabelab.solar.Literal.subsumes(Literal.java:285)
	at org.nabelab.solar.Clause.subsumes(Clause.java:1380)
	at org.nabelab.solar.indexing.FVecTrie.findSubsuming(FVecTrie.java:266)
	at org.nabelab.solar.indexing.FVecTrie.findSubsuming(FVecTrie.java:231)
	at org.nabelab.solar.ConseqSet.findSubsuming(ConseqSet.java:176)
	at org.nabelab.solar.operator.Skip.apply(Skip.java:162)
	at org.nabelab.solar.Tableau.apply(Tableau.java:361)
	at org.nabelab.solar.SOLAR.solve(SOLAR.java:292)
	at org.nabelab.solar.SOLAR.solve(SOLAR.java:884)
	at solarInterface.CFSolver.solve(CFSolver.java:217)
	at solarInterface.CFSolver.solveToClause(CFSolver.java:52)
	at distNewCarc.partition.IncConsFindingAgent.computeNewCons(IncConsFindingAgent.java:105)
	at distNewCarc.partition.newAsynch.NewAsyncProtocol.receiveCl(NewAsyncProtocol.java:109)
	at distNewCarc.partition.newAsynch.NewAsyncProtocol.receiveMessage(NewAsyncProtocol.java:57)
	at agLib.agentCommunicationSystem.CommunicationModule.receiveMessage(CommunicationModule.java:61)
	at agLib.agentCommunicationSystem.BasicAgent.run(BasicAgent.java:58)
	at java.lang.Thread.run(Thread.java:745)
java.lang.ArrayIndexOutOfBoundsException
java.lang.ArrayIndexOutOfBoundsException: -1
	at java.util.Vector.elementData(Vector.java:730)
	at java.util.Vector.get(Vector.java:746)
	at agLib.linkingGraph.LinkingGraph.getVoisins(LinkingGraph.java:43)
	at agLib.agentCommunicationSystem.Network.getNeighbours(Network.java:69)
	at agLib.agentCommunicationSystem.CommunicationModule.getNeighbours(CommunicationModule.java:133)
	at distNewCarc.partition.newAsynch.NewAsyncProtocol.send(NewAsyncProtocol.java:130)
	at distNewCarc.partition.newAsynch.NewAsyncProtocol.send(NewAsyncProtocol.java:157)
	at agLib.agentCommunicationSystem.CommunicationModule.send(CommunicationModule.java:166)
	at org.nabelab.solar.SOLAR.solve(SOLAR.java:891)
	at solarInterface.CFSolver.solve(CFSolver.java:217)
	at solarInterface.CFSolver.solveToClause(CFSolver.java:52)
	at distNewCarc.partition.IncConsFindingAgent.computeNewCons(IncConsFindingAgent.java:105)
	at distNewCarc.partition.newAsynch.NewAsyncProtocol.receiveCl(NewAsyncProtocol.java:109)
	at distNewCarc.partition.newAsynch.NewAsyncProtocol.receiveMessage(NewAsyncProtocol.java:67)
	at agLib.agentCommunicationSystem.CommunicationModule.receiveMessage(CommunicationModule.java:61)
	at agLib.agentCommunicationSystem.BasicAgent.run(BasicAgent.java:58)
	at java.lang.Thread.run(Thread.java:745)
## OAR [2016-07-30 16:55:01] Job 875580 KILLED ##
