java.lang.NullPointerException
	at org.nabelab.solar.operator.ReductionChecker.check(ReductionChecker.java:97)
	at org.nabelab.solar.Node.getNextOperator(Node.java:576)
	at org.nabelab.solar.SolarDistr.solve(SolarDistr.java:272)
	at org.nabelab.solar.SolarDistr.solve(SolarDistr.java:156)
	at solarInterface.CFSolver.solve(CFSolver.java:220)
	at solarInterface.CFSolver.solveToClause(CFSolver.java:53)
	at distNewCarc.partition.IncConsFindingAgent.computeNewCons(IncConsFindingAgent.java:105)
	at distNewCarc.partition.newAsynch.NewAsyncProtocol.receiveCl(NewAsyncProtocol.java:140)
	at distNewCarc.partition.newAsynch.NewAsyncProtocol.receiveMessage(NewAsyncProtocol.java:57)
	at agLib.agentCommunicationSystem.CommunicationModule.receiveMessage(CommunicationModule.java:61)
	at agLib.agentCommunicationSystem.BasicAgent.run(BasicAgent.java:58)
	at java.lang.Thread.run(Thread.java:745)
java.lang.NullPointerException
	at org.nabelab.solar.operator.ReductionChecker.check(ReductionChecker.java:97)
	at org.nabelab.solar.Node.getNextOperator(Node.java:576)
	at org.nabelab.solar.SolarDistr.solve(SolarDistr.java:272)
	at org.nabelab.solar.SolarDistr.solve(SolarDistr.java:156)
	at solarInterface.CFSolver.solve(CFSolver.java:220)
	at solarInterface.CFSolver.solveToClause(CFSolver.java:53)
	at distNewCarc.partition.IncConsFindingAgent.computeNewCons(IncConsFindingAgent.java:105)
	at distNewCarc.partition.newAsynch.NewAsyncProtocol.receiveCl(NewAsyncProtocol.java:140)
	at distNewCarc.partition.newAsynch.NewAsyncProtocol.receiveMessage(NewAsyncProtocol.java:57)
	at agLib.agentCommunicationSystem.CommunicationModule.receiveMessage(CommunicationModule.java:61)
	at agLib.agentCommunicationSystem.BasicAgent.run(BasicAgent.java:58)
	at java.lang.Thread.run(Thread.java:745)
java.lang.NullPointerException
	at org.nabelab.solar.operator.ReductionChecker.check(ReductionChecker.java:97)
	at org.nabelab.solar.Node.getNextOperator(Node.java:576)
	at org.nabelab.solar.SolarDistr.solve(SolarDistr.java:272)
	at org.nabelab.solar.SolarDistr.solve(SolarDistr.java:156)
	at solarInterface.CFSolver.solve(CFSolver.java:220)
	at solarInterface.CFSolver.solveToClause(CFSolver.java:53)
	at distNewCarc.partition.IncConsFindingAgent.computeNewCons(IncConsFindingAgent.java:105)
	at distNewCarc.partition.newAsynch.NewAsyncProtocol.receiveCl(NewAsyncProtocol.java:140)
	at distNewCarc.partition.newAsynch.NewAsyncProtocol.receiveMessage(NewAsyncProtocol.java:57)
	at agLib.agentCommunicationSystem.CommunicationModule.receiveMessage(CommunicationModule.java:61)
	at agLib.agentCommunicationSystem.BasicAgent.run(BasicAgent.java:58)
	at java.lang.Thread.run(Thread.java:745)
java.lang.NullPointerException
	at org.nabelab.solar.operator.ReductionChecker.check(ReductionChecker.java:97)
	at org.nabelab.solar.Node.getNextOperator(Node.java:576)
	at org.nabelab.solar.SolarDistr.solve(SolarDistr.java:272)
	at org.nabelab.solar.SolarDistr.solve(SolarDistr.java:156)
	at solarInterface.CFSolver.solve(CFSolver.java:220)
	at solarInterface.CFSolver.solveToClause(CFSolver.java:53)
	at distNewCarc.partition.IncConsFindingAgent.computeNewCons(IncConsFindingAgent.java:105)
	at distNewCarc.partition.newAsynch.NewAsyncProtocol.receiveCl(NewAsyncProtocol.java:140)
	at distNewCarc.partition.newAsynch.NewAsyncProtocol.receiveMessage(NewAsyncProtocol.java:57)
	at agLib.agentCommunicationSystem.CommunicationModule.receiveMessage(CommunicationModule.java:61)
	at agLib.agentCommunicationSystem.BasicAgent.run(BasicAgent.java:58)
	at java.lang.Thread.run(Thread.java:745)
java.lang.NullPointerException
	at org.nabelab.solar.operator.ReductionChecker.check(ReductionChecker.java:97)
	at org.nabelab.solar.Node.getNextOperator(Node.java:576)
	at org.nabelab.solar.SolarDistr.solve(SolarDistr.java:272)
	at org.nabelab.solar.SolarDistr.solve(SolarDistr.java:156)
	at solarInterface.CFSolver.solve(CFSolver.java:220)
	at solarInterface.CFSolver.solveToClause(CFSolver.java:53)
	at distNewCarc.partition.IncConsFindingAgent.computeNewCons(IncConsFindingAgent.java:105)
	at distNewCarc.partition.newAsynch.NewAsyncProtocol.receiveCl(NewAsyncProtocol.java:140)
	at distNewCarc.partition.newAsynch.NewAsyncProtocol.receiveMessage(NewAsyncProtocol.java:57)
	at agLib.agentCommunicationSystem.CommunicationModule.receiveMessage(CommunicationModule.java:61)
	at agLib.agentCommunicationSystem.BasicAgent.run(BasicAgent.java:58)
	at java.lang.Thread.run(Thread.java:745)
java.lang.NullPointerException
	at org.nabelab.solar.operator.ReductionChecker.check(ReductionChecker.java:97)
	at org.nabelab.solar.Node.getNextOperator(Node.java:576)
	at org.nabelab.solar.SolarDistr.solve(SolarDistr.java:272)
	at org.nabelab.solar.SolarDistr.solve(SolarDistr.java:156)
	at solarInterface.CFSolver.solve(CFSolver.java:220)
	at solarInterface.CFSolver.solveToClause(CFSolver.java:53)
	at distNewCarc.partition.IncConsFindingAgent.computeNewCons(IncConsFindingAgent.java:105)
	at distNewCarc.partition.newAsynch.NewAsyncProtocol.receiveCl(NewAsyncProtocol.java:140)
	at distNewCarc.partition.newAsynch.NewAsyncProtocol.receiveMessage(NewAsyncProtocol.java:57)
	at agLib.agentCommunicationSystem.CommunicationModule.receiveMessage(CommunicationModule.java:61)
	at agLib.agentCommunicationSystem.BasicAgent.run(BasicAgent.java:58)
	at java.lang.Thread.run(Thread.java:745)
java.lang.NullPointerException
	at org.nabelab.solar.operator.ReductionChecker.check(ReductionChecker.java:97)
	at org.nabelab.solar.Node.getNextOperator(Node.java:576)
	at org.nabelab.solar.SolarDistr.solve(SolarDistr.java:272)
	at org.nabelab.solar.SolarDistr.solve(SolarDistr.java:156)
	at solarInterface.CFSolver.solve(CFSolver.java:220)
	at solarInterface.CFSolver.solveToClause(CFSolver.java:53)
	at distNewCarc.partition.IncConsFindingAgent.computeNewCons(IncConsFindingAgent.java:105)
	at distNewCarc.partition.newAsynch.NewAsyncProtocol.receiveCl(NewAsyncProtocol.java:140)
	at distNewCarc.partition.newAsynch.NewAsyncProtocol.receiveMessage(NewAsyncProtocol.java:57)
	at agLib.agentCommunicationSystem.CommunicationModule.receiveMessage(CommunicationModule.java:61)
	at agLib.agentCommunicationSystem.BasicAgent.run(BasicAgent.java:58)
	at java.lang.Thread.run(Thread.java:745)
java.lang.NullPointerException
	at org.nabelab.solar.operator.ReductionChecker.check(ReductionChecker.java:97)
	at org.nabelab.solar.Node.getNextOperator(Node.java:576)
	at org.nabelab.solar.SolarDistr.solve(SolarDistr.java:272)
	at org.nabelab.solar.SolarDistr.solve(SolarDistr.java:156)
	at solarInterface.CFSolver.solve(CFSolver.java:220)
	at solarInterface.CFSolver.solveToClause(CFSolver.java:53)
	at distNewCarc.partition.IncConsFindingAgent.computeNewCons(IncConsFindingAgent.java:105)
	at distNewCarc.partition.newAsynch.NewAsyncProtocol.receiveCl(NewAsyncProtocol.java:140)
	at distNewCarc.partition.newAsynch.NewAsyncProtocol.receiveMessage(NewAsyncProtocol.java:57)
	at agLib.agentCommunicationSystem.CommunicationModule.receiveMessage(CommunicationModule.java:61)
	at agLib.agentCommunicationSystem.BasicAgent.run(BasicAgent.java:58)
	at java.lang.Thread.run(Thread.java:745)
java.lang.NullPointerException
	at org.nabelab.solar.operator.ReductionChecker.check(ReductionChecker.java:97)
	at org.nabelab.solar.Node.getNextOperator(Node.java:576)
	at org.nabelab.solar.SolarDistr.solve(SolarDistr.java:272)
	at org.nabelab.solar.SolarDistr.solve(SolarDistr.java:156)
	at solarInterface.CFSolver.solve(CFSolver.java:220)
	at solarInterface.CFSolver.solveToClause(CFSolver.java:53)
	at distNewCarc.partition.IncConsFindingAgent.computeNewCons(IncConsFindingAgent.java:105)
	at distNewCarc.partition.newAsynch.NewAsyncProtocol.receiveCl(NewAsyncProtocol.java:140)
	at distNewCarc.partition.newAsynch.NewAsyncProtocol.receiveMessage(NewAsyncProtocol.java:57)
	at agLib.agentCommunicationSystem.CommunicationModule.receiveMessage(CommunicationModule.java:61)
	at agLib.agentCommunicationSystem.BasicAgent.run(BasicAgent.java:58)
	at java.lang.Thread.run(Thread.java:745)
java.lang.NullPointerException
	at org.nabelab.solar.operator.ReductionChecker.check(ReductionChecker.java:97)
	at org.nabelab.solar.Node.getNextOperator(Node.java:576)
	at org.nabelab.solar.SolarDistr.solve(SolarDistr.java:272)
	at org.nabelab.solar.SolarDistr.solve(SolarDistr.java:156)
	at solarInterface.CFSolver.solve(CFSolver.java:220)
	at solarInterface.CFSolver.solveToClause(CFSolver.java:53)
	at distNewCarc.partition.IncConsFindingAgent.computeNewCons(IncConsFindingAgent.java:105)
	at distNewCarc.partition.newAsynch.NewAsyncProtocol.receiveCl(NewAsyncProtocol.java:140)
	at distNewCarc.partition.newAsynch.NewAsyncProtocol.receiveMessage(NewAsyncProtocol.java:57)
	at agLib.agentCommunicationSystem.CommunicationModule.receiveMessage(CommunicationModule.java:61)
	at agLib.agentCommunicationSystem.BasicAgent.run(BasicAgent.java:58)
	at java.lang.Thread.run(Thread.java:745)
java.lang.NullPointerException
	at org.nabelab.solar.operator.ReductionChecker.check(ReductionChecker.java:97)
	at org.nabelab.solar.Node.getNextOperator(Node.java:576)
	at org.nabelab.solar.SolarDistr.solve(SolarDistr.java:272)
	at org.nabelab.solar.SolarDistr.solve(SolarDistr.java:156)
	at solarInterface.CFSolver.solve(CFSolver.java:220)
	at solarInterface.CFSolver.solveToClause(CFSolver.java:53)
	at distNewCarc.partition.IncConsFindingAgent.computeNewCons(IncConsFindingAgent.java:105)
	at distNewCarc.partition.newAsynch.NewAsyncProtocol.receiveCl(NewAsyncProtocol.java:140)
	at distNewCarc.partition.newAsynch.NewAsyncProtocol.receiveMessage(NewAsyncProtocol.java:57)
	at agLib.agentCommunicationSystem.CommunicationModule.receiveMessage(CommunicationModule.java:61)
	at agLib.agentCommunicationSystem.BasicAgent.run(BasicAgent.java:58)
	at java.lang.Thread.run(Thread.java:745)
java.lang.NullPointerException
	at org.nabelab.solar.operator.ReductionChecker.check(ReductionChecker.java:97)
	at org.nabelab.solar.Node.getNextOperator(Node.java:576)
	at org.nabelab.solar.SolarDistr.solve(SolarDistr.java:272)
	at org.nabelab.solar.SolarDistr.solve(SolarDistr.java:156)
	at solarInterface.CFSolver.solve(CFSolver.java:220)
	at solarInterface.CFSolver.solveToClause(CFSolver.java:53)
	at distNewCarc.partition.IncConsFindingAgent.computeNewCons(IncConsFindingAgent.java:105)
	at distNewCarc.partition.newAsynch.NewAsyncProtocol.receiveCl(NewAsyncProtocol.java:140)
	at distNewCarc.partition.newAsynch.NewAsyncProtocol.receiveMessage(NewAsyncProtocol.java:57)
	at agLib.agentCommunicationSystem.CommunicationModule.receiveMessage(CommunicationModule.java:61)
	at agLib.agentCommunicationSystem.BasicAgent.run(BasicAgent.java:58)
	at java.lang.Thread.run(Thread.java:745)
java.lang.NullPointerException
	at org.nabelab.solar.operator.ReductionChecker.check(ReductionChecker.java:97)
	at org.nabelab.solar.Node.getNextOperator(Node.java:576)
	at org.nabelab.solar.SolarDistr.solve(SolarDistr.java:272)
	at org.nabelab.solar.SolarDistr.solve(SolarDistr.java:156)
	at solarInterface.CFSolver.solve(CFSolver.java:220)
	at solarInterface.CFSolver.solveToClause(CFSolver.java:53)
	at distNewCarc.partition.IncConsFindingAgent.computeNewCons(IncConsFindingAgent.java:105)
	at distNewCarc.partition.newAsynch.NewAsyncProtocol.receiveCl(NewAsyncProtocol.java:140)
	at distNewCarc.partition.newAsynch.NewAsyncProtocol.receiveMessage(NewAsyncProtocol.java:57)
	at agLib.agentCommunicationSystem.CommunicationModule.receiveMessage(CommunicationModule.java:61)
	at agLib.agentCommunicationSystem.BasicAgent.run(BasicAgent.java:58)
	at java.lang.Thread.run(Thread.java:745)
java.lang.NullPointerException
	at org.nabelab.solar.operator.ReductionChecker.check(ReductionChecker.java:97)
	at org.nabelab.solar.Node.getNextOperator(Node.java:576)
	at org.nabelab.solar.SolarDistr.solve(SolarDistr.java:272)
	at org.nabelab.solar.SolarDistr.solve(SolarDistr.java:156)
	at solarInterface.CFSolver.solve(CFSolver.java:220)
	at solarInterface.CFSolver.solveToClause(CFSolver.java:53)
	at distNewCarc.partition.IncConsFindingAgent.computeNewCons(IncConsFindingAgent.java:105)
	at distNewCarc.partition.newAsynch.NewAsyncProtocol.receiveCl(NewAsyncProtocol.java:140)
	at distNewCarc.partition.newAsynch.NewAsyncProtocol.receiveMessage(NewAsyncProtocol.java:57)
	at agLib.agentCommunicationSystem.CommunicationModule.receiveMessage(CommunicationModule.java:61)
	at agLib.agentCommunicationSystem.BasicAgent.run(BasicAgent.java:58)
	at java.lang.Thread.run(Thread.java:745)
java.lang.NullPointerException
	at org.nabelab.solar.operator.ReductionChecker.check(ReductionChecker.java:97)
	at org.nabelab.solar.Node.getNextOperator(Node.java:576)
	at org.nabelab.solar.SolarDistr.solve(SolarDistr.java:272)
	at org.nabelab.solar.SolarDistr.solve(SolarDistr.java:156)
	at solarInterface.CFSolver.solve(CFSolver.java:220)
	at solarInterface.CFSolver.solveToClause(CFSolver.java:53)
	at distNewCarc.partition.IncConsFindingAgent.computeNewCons(IncConsFindingAgent.java:105)
	at distNewCarc.partition.newAsynch.NewAsyncProtocol.receiveCl(NewAsyncProtocol.java:140)
	at distNewCarc.partition.newAsynch.NewAsyncProtocol.receiveMessage(NewAsyncProtocol.java:57)
	at agLib.agentCommunicationSystem.CommunicationModule.receiveMessage(CommunicationModule.java:61)
	at agLib.agentCommunicationSystem.BasicAgent.run(BasicAgent.java:58)
	at java.lang.Thread.run(Thread.java:745)
java.lang.NullPointerException
	at org.nabelab.solar.operator.ReductionChecker.check(ReductionChecker.java:97)
	at org.nabelab.solar.Node.getNextOperator(Node.java:576)
	at org.nabelab.solar.SolarDistr.solve(SolarDistr.java:272)
	at org.nabelab.solar.SolarDistr.solve(SolarDistr.java:156)
	at solarInterface.CFSolver.solve(CFSolver.java:220)
	at solarInterface.CFSolver.solveToClause(CFSolver.java:53)
	at distNewCarc.partition.IncConsFindingAgent.computeNewCons(IncConsFindingAgent.java:105)
	at distNewCarc.partition.newAsynch.NewAsyncProtocol.receiveCl(NewAsyncProtocol.java:140)
	at distNewCarc.partition.newAsynch.NewAsyncProtocol.receiveMessage(NewAsyncProtocol.java:57)
	at agLib.agentCommunicationSystem.CommunicationModule.receiveMessage(CommunicationModule.java:61)
	at agLib.agentCommunicationSystem.BasicAgent.run(BasicAgent.java:58)
	at java.lang.Thread.run(Thread.java:745)
java.lang.NullPointerException
	at org.nabelab.solar.operator.ReductionChecker.check(ReductionChecker.java:97)
	at org.nabelab.solar.Node.getNextOperator(Node.java:576)
	at org.nabelab.solar.SolarDistr.solve(SolarDistr.java:272)
	at org.nabelab.solar.SolarDistr.solve(SolarDistr.java:156)
	at solarInterface.CFSolver.solve(CFSolver.java:220)
	at solarInterface.CFSolver.solveToClause(CFSolver.java:53)
	at distNewCarc.partition.IncConsFindingAgent.computeNewCons(IncConsFindingAgent.java:105)
	at distNewCarc.partition.newAsynch.NewAsyncProtocol.receiveCl(NewAsyncProtocol.java:140)
	at distNewCarc.partition.newAsynch.NewAsyncProtocol.receiveMessage(NewAsyncProtocol.java:57)
	at agLib.agentCommunicationSystem.CommunicationModule.receiveMessage(CommunicationModule.java:61)
	at agLib.agentCommunicationSystem.BasicAgent.run(BasicAgent.java:58)
	at java.lang.Thread.run(Thread.java:745)
java.lang.NullPointerException
	at org.nabelab.solar.operator.ReductionChecker.check(ReductionChecker.java:97)
	at org.nabelab.solar.Node.getNextOperator(Node.java:576)
	at org.nabelab.solar.SolarDistr.solve(SolarDistr.java:272)
	at org.nabelab.solar.SolarDistr.solve(SolarDistr.java:156)
	at solarInterface.CFSolver.solve(CFSolver.java:220)
	at solarInterface.CFSolver.solveToClause(CFSolver.java:53)
	at distNewCarc.partition.IncConsFindingAgent.computeNewCons(IncConsFindingAgent.java:105)
	at distNewCarc.partition.newAsynch.NewAsyncProtocol.receiveCl(NewAsyncProtocol.java:140)
	at distNewCarc.partition.newAsynch.NewAsyncProtocol.receiveMessage(NewAsyncProtocol.java:57)
	at agLib.agentCommunicationSystem.CommunicationModule.receiveMessage(CommunicationModule.java:61)
	at agLib.agentCommunicationSystem.BasicAgent.run(BasicAgent.java:58)
	at java.lang.Thread.run(Thread.java:745)
java.lang.NullPointerException
	at org.nabelab.solar.operator.ReductionChecker.check(ReductionChecker.java:97)
	at org.nabelab.solar.Node.getNextOperator(Node.java:576)
	at org.nabelab.solar.SolarDistr.solve(SolarDistr.java:272)
	at org.nabelab.solar.SolarDistr.solve(SolarDistr.java:156)
	at solarInterface.CFSolver.solve(CFSolver.java:220)
	at solarInterface.CFSolver.solveToClause(CFSolver.java:53)
	at distNewCarc.partition.IncConsFindingAgent.computeNewCons(IncConsFindingAgent.java:105)
	at distNewCarc.partition.newAsynch.NewAsyncProtocol.receiveCl(NewAsyncProtocol.java:140)
	at distNewCarc.partition.newAsynch.NewAsyncProtocol.receiveMessage(NewAsyncProtocol.java:57)
	at agLib.agentCommunicationSystem.CommunicationModule.receiveMessage(CommunicationModule.java:61)
	at agLib.agentCommunicationSystem.BasicAgent.run(BasicAgent.java:58)
	at java.lang.Thread.run(Thread.java:745)
java.lang.NullPointerException
	at org.nabelab.solar.operator.ReductionChecker.check(ReductionChecker.java:97)
	at org.nabelab.solar.Node.getNextOperator(Node.java:576)
	at org.nabelab.solar.SolarDistr.solve(SolarDistr.java:272)
	at org.nabelab.solar.SolarDistr.solve(SolarDistr.java:156)
	at solarInterface.CFSolver.solve(CFSolver.java:220)
	at solarInterface.CFSolver.solveToClause(CFSolver.java:53)
	at distNewCarc.partition.IncConsFindingAgent.computeNewCons(IncConsFindingAgent.java:105)
	at distNewCarc.partition.newAsynch.NewAsyncProtocol.receiveCl(NewAsyncProtocol.java:140)
	at distNewCarc.partition.newAsynch.NewAsyncProtocol.receiveMessage(NewAsyncProtocol.java:57)
	at agLib.agentCommunicationSystem.CommunicationModule.receiveMessage(CommunicationModule.java:61)
	at agLib.agentCommunicationSystem.BasicAgent.run(BasicAgent.java:58)
	at java.lang.Thread.run(Thread.java:745)
java.lang.NullPointerException
	at org.nabelab.solar.operator.ReductionChecker.check(ReductionChecker.java:97)
	at org.nabelab.solar.Node.getNextOperator(Node.java:576)
	at org.nabelab.solar.SolarDistr.solve(SolarDistr.java:272)
	at org.nabelab.solar.SolarDistr.solve(SolarDistr.java:156)
	at solarInterface.CFSolver.solve(CFSolver.java:220)
	at solarInterface.CFSolver.solveToClause(CFSolver.java:53)
	at distNewCarc.partition.IncConsFindingAgent.computeNewCons(IncConsFindingAgent.java:105)
	at distNewCarc.partition.newAsynch.NewAsyncProtocol.receiveCl(NewAsyncProtocol.java:140)
	at distNewCarc.partition.newAsynch.NewAsyncProtocol.receiveMessage(NewAsyncProtocol.java:57)
	at agLib.agentCommunicationSystem.CommunicationModule.receiveMessage(CommunicationModule.java:61)
	at agLib.agentCommunicationSystem.BasicAgent.run(BasicAgent.java:58)
	at java.lang.Thread.run(Thread.java:745)
java.lang.NullPointerException
	at org.nabelab.solar.operator.ReductionChecker.check(ReductionChecker.java:97)
	at org.nabelab.solar.Node.getNextOperator(Node.java:576)
	at org.nabelab.solar.SolarDistr.solve(SolarDistr.java:272)
	at org.nabelab.solar.SolarDistr.solve(SolarDistr.java:156)
	at solarInterface.CFSolver.solve(CFSolver.java:220)
	at solarInterface.CFSolver.solveToClause(CFSolver.java:53)
	at distNewCarc.partition.IncConsFindingAgent.computeNewCons(IncConsFindingAgent.java:105)
	at distNewCarc.partition.newAsynch.NewAsyncProtocol.receiveCl(NewAsyncProtocol.java:140)
	at distNewCarc.partition.newAsynch.NewAsyncProtocol.receiveMessage(NewAsyncProtocol.java:57)
	at agLib.agentCommunicationSystem.CommunicationModule.receiveMessage(CommunicationModule.java:61)
	at agLib.agentCommunicationSystem.BasicAgent.run(BasicAgent.java:58)
	at java.lang.Thread.run(Thread.java:745)
java.lang.NullPointerException
	at org.nabelab.solar.operator.ReductionChecker.check(ReductionChecker.java:97)
	at org.nabelab.solar.Node.getNextOperator(Node.java:576)
	at org.nabelab.solar.SolarDistr.solve(SolarDistr.java:272)
	at org.nabelab.solar.SolarDistr.solve(SolarDistr.java:156)
	at solarInterface.CFSolver.solve(CFSolver.java:220)
	at solarInterface.CFSolver.solveToClause(CFSolver.java:53)
	at distNewCarc.partition.IncConsFindingAgent.computeNewCons(IncConsFindingAgent.java:105)
	at distNewCarc.partition.newAsynch.NewAsyncProtocol.receiveCl(NewAsyncProtocol.java:140)
	at distNewCarc.partition.newAsynch.NewAsyncProtocol.receiveMessage(NewAsyncProtocol.java:57)
	at agLib.agentCommunicationSystem.CommunicationModule.receiveMessage(CommunicationModule.java:61)
	at agLib.agentCommunicationSystem.BasicAgent.run(BasicAgent.java:58)
	at java.lang.Thread.run(Thread.java:745)
java.lang.NullPointerException
	at org.nabelab.solar.operator.ReductionChecker.check(ReductionChecker.java:97)
	at org.nabelab.solar.Node.getNextOperator(Node.java:576)
	at org.nabelab.solar.SolarDistr.solve(SolarDistr.java:272)
	at org.nabelab.solar.SolarDistr.solve(SolarDistr.java:156)
	at solarInterface.CFSolver.solve(CFSolver.java:220)
	at solarInterface.CFSolver.solveToClause(CFSolver.java:53)
	at distNewCarc.partition.IncConsFindingAgent.computeNewCons(IncConsFindingAgent.java:105)
	at distNewCarc.partition.newAsynch.NewAsyncProtocol.receiveCl(NewAsyncProtocol.java:140)
	at distNewCarc.partition.newAsynch.NewAsyncProtocol.receiveMessage(NewAsyncProtocol.java:57)
	at agLib.agentCommunicationSystem.CommunicationModule.receiveMessage(CommunicationModule.java:61)
	at agLib.agentCommunicationSystem.BasicAgent.run(BasicAgent.java:58)
	at java.lang.Thread.run(Thread.java:745)
java.lang.NullPointerException
	at org.nabelab.solar.operator.ReductionChecker.check(ReductionChecker.java:97)
	at org.nabelab.solar.Node.getNextOperator(Node.java:576)
	at org.nabelab.solar.SolarDistr.solve(SolarDistr.java:272)
	at org.nabelab.solar.SolarDistr.solve(SolarDistr.java:156)
	at solarInterface.CFSolver.solve(CFSolver.java:220)
	at solarInterface.CFSolver.solveToClause(CFSolver.java:53)
	at distNewCarc.partition.IncConsFindingAgent.computeNewCons(IncConsFindingAgent.java:105)
	at distNewCarc.partition.newAsynch.NewAsyncProtocol.receiveCl(NewAsyncProtocol.java:140)
	at distNewCarc.partition.newAsynch.NewAsyncProtocol.receiveMessage(NewAsyncProtocol.java:57)
	at agLib.agentCommunicationSystem.CommunicationModule.receiveMessage(CommunicationModule.java:61)
	at agLib.agentCommunicationSystem.BasicAgent.run(BasicAgent.java:58)
	at java.lang.Thread.run(Thread.java:745)
java.lang.NullPointerException
	at org.nabelab.solar.operator.ReductionChecker.check(ReductionChecker.java:97)
	at org.nabelab.solar.Node.getNextOperator(Node.java:576)
	at org.nabelab.solar.SolarDistr.solve(SolarDistr.java:272)
	at org.nabelab.solar.SolarDistr.solve(SolarDistr.java:156)
	at solarInterface.CFSolver.solve(CFSolver.java:220)
	at solarInterface.CFSolver.solveToClause(CFSolver.java:53)
	at distNewCarc.partition.IncConsFindingAgent.computeNewCons(IncConsFindingAgent.java:105)
	at distNewCarc.partition.newAsynch.NewAsyncProtocol.receiveCl(NewAsyncProtocol.java:140)
	at distNewCarc.partition.newAsynch.NewAsyncProtocol.receiveMessage(NewAsyncProtocol.java:57)
	at agLib.agentCommunicationSystem.CommunicationModule.receiveMessage(CommunicationModule.java:61)
	at agLib.agentCommunicationSystem.BasicAgent.run(BasicAgent.java:58)
	at java.lang.Thread.run(Thread.java:745)
java.lang.NullPointerException
	at org.nabelab.solar.operator.ReductionChecker.check(ReductionChecker.java:97)
	at org.nabelab.solar.Node.getNextOperator(Node.java:576)
	at org.nabelab.solar.SolarDistr.solve(SolarDistr.java:272)
	at org.nabelab.solar.SolarDistr.solve(SolarDistr.java:156)
	at solarInterface.CFSolver.solve(CFSolver.java:220)
	at solarInterface.CFSolver.solveToClause(CFSolver.java:53)
	at distNewCarc.partition.IncConsFindingAgent.computeNewCons(IncConsFindingAgent.java:105)
	at distNewCarc.partition.newAsynch.NewAsyncProtocol.receiveCl(NewAsyncProtocol.java:140)
	at distNewCarc.partition.newAsynch.NewAsyncProtocol.receiveMessage(NewAsyncProtocol.java:57)
	at agLib.agentCommunicationSystem.CommunicationModule.receiveMessage(CommunicationModule.java:61)
	at agLib.agentCommunicationSystem.BasicAgent.run(BasicAgent.java:58)
	at java.lang.Thread.run(Thread.java:745)
java.lang.NullPointerException
	at org.nabelab.solar.operator.ReductionChecker.check(ReductionChecker.java:97)
	at org.nabelab.solar.Node.getNextOperator(Node.java:576)
	at org.nabelab.solar.SolarDistr.solve(SolarDistr.java:272)
	at org.nabelab.solar.SolarDistr.solve(SolarDistr.java:156)
	at solarInterface.CFSolver.solve(CFSolver.java:220)
	at solarInterface.CFSolver.solveToClause(CFSolver.java:53)
	at distNewCarc.partition.IncConsFindingAgent.computeNewCons(IncConsFindingAgent.java:105)
	at distNewCarc.partition.newAsynch.NewAsyncProtocol.receiveCl(NewAsyncProtocol.java:140)
	at distNewCarc.partition.newAsynch.NewAsyncProtocol.receiveMessage(NewAsyncProtocol.java:57)
	at agLib.agentCommunicationSystem.CommunicationModule.receiveMessage(CommunicationModule.java:61)
	at agLib.agentCommunicationSystem.BasicAgent.run(BasicAgent.java:58)
	at java.lang.Thread.run(Thread.java:745)
java.lang.NullPointerException
	at org.nabelab.solar.operator.ReductionChecker.check(ReductionChecker.java:97)
	at org.nabelab.solar.Node.getNextOperator(Node.java:576)
	at org.nabelab.solar.SolarDistr.solve(SolarDistr.java:272)
	at org.nabelab.solar.SolarDistr.solve(SolarDistr.java:156)
	at solarInterface.CFSolver.solve(CFSolver.java:220)
	at solarInterface.CFSolver.solveToClause(CFSolver.java:53)
	at distNewCarc.partition.IncConsFindingAgent.computeNewCons(IncConsFindingAgent.java:105)
	at distNewCarc.partition.newAsynch.NewAsyncProtocol.receiveCl(NewAsyncProtocol.java:140)
	at distNewCarc.partition.newAsynch.NewAsyncProtocol.receiveMessage(NewAsyncProtocol.java:57)
	at agLib.agentCommunicationSystem.CommunicationModule.receiveMessage(CommunicationModule.java:61)
	at agLib.agentCommunicationSystem.BasicAgent.run(BasicAgent.java:58)
	at java.lang.Thread.run(Thread.java:745)
java.lang.NullPointerException
	at org.nabelab.solar.operator.ReductionChecker.check(ReductionChecker.java:97)
	at org.nabelab.solar.Node.getNextOperator(Node.java:576)
	at org.nabelab.solar.SolarDistr.solve(SolarDistr.java:272)
	at org.nabelab.solar.SolarDistr.solve(SolarDistr.java:156)
	at solarInterface.CFSolver.solve(CFSolver.java:220)
	at solarInterface.CFSolver.solveToClause(CFSolver.java:53)
	at distNewCarc.partition.IncConsFindingAgent.computeNewCons(IncConsFindingAgent.java:105)
	at distNewCarc.partition.newAsynch.NewAsyncProtocol.receiveCl(NewAsyncProtocol.java:140)
	at distNewCarc.partition.newAsynch.NewAsyncProtocol.receiveMessage(NewAsyncProtocol.java:57)
	at agLib.agentCommunicationSystem.CommunicationModule.receiveMessage(CommunicationModule.java:61)
	at agLib.agentCommunicationSystem.BasicAgent.run(BasicAgent.java:58)
	at java.lang.Thread.run(Thread.java:745)
java.lang.NullPointerException
	at org.nabelab.solar.operator.ReductionChecker.check(ReductionChecker.java:97)
	at org.nabelab.solar.Node.getNextOperator(Node.java:576)
	at org.nabelab.solar.SolarDistr.solve(SolarDistr.java:272)
	at org.nabelab.solar.SolarDistr.solve(SolarDistr.java:156)
	at solarInterface.CFSolver.solve(CFSolver.java:220)
	at solarInterface.CFSolver.solveToClause(CFSolver.java:53)
	at distNewCarc.partition.IncConsFindingAgent.computeNewCons(IncConsFindingAgent.java:105)
	at distNewCarc.partition.newAsynch.NewAsyncProtocol.receiveCl(NewAsyncProtocol.java:140)
	at distNewCarc.partition.newAsynch.NewAsyncProtocol.receiveMessage(NewAsyncProtocol.java:67)
	at agLib.agentCommunicationSystem.CommunicationModule.receiveMessage(CommunicationModule.java:61)
	at agLib.agentCommunicationSystem.BasicAgent.run(BasicAgent.java:58)
	at java.lang.Thread.run(Thread.java:745)
java.lang.NullPointerException
	at org.nabelab.solar.operator.ReductionChecker.check(ReductionChecker.java:97)
	at org.nabelab.solar.Node.getNextOperator(Node.java:576)
	at org.nabelab.solar.SolarDistr.solve(SolarDistr.java:272)
	at org.nabelab.solar.SolarDistr.solve(SolarDistr.java:156)
	at solarInterface.CFSolver.solve(CFSolver.java:220)
	at solarInterface.CFSolver.solveToClause(CFSolver.java:53)
	at distNewCarc.partition.IncConsFindingAgent.computeNewCons(IncConsFindingAgent.java:105)
	at distNewCarc.partition.newAsynch.NewAsyncProtocol.receiveCl(NewAsyncProtocol.java:140)
	at distNewCarc.partition.newAsynch.NewAsyncProtocol.receiveMessage(NewAsyncProtocol.java:57)
	at agLib.agentCommunicationSystem.CommunicationModule.receiveMessage(CommunicationModule.java:61)
	at agLib.agentCommunicationSystem.BasicAgent.run(BasicAgent.java:58)
	at java.lang.Thread.run(Thread.java:745)
java.lang.NullPointerException
	at org.nabelab.solar.operator.ReductionChecker.check(ReductionChecker.java:97)
	at org.nabelab.solar.Node.getNextOperator(Node.java:576)
	at org.nabelab.solar.SolarDistr.solve(SolarDistr.java:272)
	at org.nabelab.solar.SolarDistr.solve(SolarDistr.java:156)
	at solarInterface.CFSolver.solve(CFSolver.java:220)
	at solarInterface.CFSolver.solveToClause(CFSolver.java:53)
	at distNewCarc.partition.IncConsFindingAgent.computeNewCons(IncConsFindingAgent.java:105)
	at distNewCarc.partition.newAsynch.NewAsyncProtocol.receiveCl(NewAsyncProtocol.java:140)
	at distNewCarc.partition.newAsynch.NewAsyncProtocol.receiveMessage(NewAsyncProtocol.java:57)
	at agLib.agentCommunicationSystem.CommunicationModule.receiveMessage(CommunicationModule.java:61)
	at agLib.agentCommunicationSystem.BasicAgent.run(BasicAgent.java:58)
	at java.lang.Thread.run(Thread.java:745)
java.lang.NullPointerException
	at org.nabelab.solar.operator.ReductionChecker.check(ReductionChecker.java:97)
	at org.nabelab.solar.Node.getNextOperator(Node.java:576)
	at org.nabelab.solar.SolarDistr.solve(SolarDistr.java:272)
	at org.nabelab.solar.SolarDistr.solve(SolarDistr.java:156)
	at solarInterface.CFSolver.solve(CFSolver.java:220)
	at solarInterface.CFSolver.solveToClause(CFSolver.java:53)
	at distNewCarc.partition.IncConsFindingAgent.computeNewCons(IncConsFindingAgent.java:105)
	at distNewCarc.partition.newAsynch.NewAsyncProtocol.receiveCl(NewAsyncProtocol.java:140)
	at distNewCarc.partition.newAsynch.NewAsyncProtocol.receiveMessage(NewAsyncProtocol.java:67)
	at agLib.agentCommunicationSystem.CommunicationModule.receiveMessage(CommunicationModule.java:61)
	at agLib.agentCommunicationSystem.BasicAgent.run(BasicAgent.java:58)
	at java.lang.Thread.run(Thread.java:745)
java.lang.NullPointerException
	at org.nabelab.solar.operator.ReductionChecker.check(ReductionChecker.java:97)
	at org.nabelab.solar.Node.getNextOperator(Node.java:576)
	at org.nabelab.solar.SolarDistr.solve(SolarDistr.java:272)
	at org.nabelab.solar.SolarDistr.solve(SolarDistr.java:156)
	at solarInterface.CFSolver.solve(CFSolver.java:220)
	at solarInterface.CFSolver.solveToClause(CFSolver.java:53)
	at distNewCarc.partition.IncConsFindingAgent.computeNewCons(IncConsFindingAgent.java:105)
	at distNewCarc.partition.newAsynch.NewAsyncProtocol.receiveCl(NewAsyncProtocol.java:140)
	at distNewCarc.partition.newAsynch.NewAsyncProtocol.receiveMessage(NewAsyncProtocol.java:57)
	at agLib.agentCommunicationSystem.CommunicationModule.receiveMessage(CommunicationModule.java:61)
	at agLib.agentCommunicationSystem.BasicAgent.run(BasicAgent.java:58)
	at java.lang.Thread.run(Thread.java:745)
## OAR [2016-08-03 19:06:24] Job 876021 KILLED ##
