java.lang.IndexOutOfBoundsException: Index: 7, Size: 7
	at java.util.ArrayList.rangeCheck(ArrayList.java:635)
	at java.util.ArrayList.get(ArrayList.java:411)
	at systemStructure.PartitionGraph.getAgent(PartitionGraph.java:776)
	at distNewCarc.partition.starbased.PBStarIncConsFinding.<init>(PBStarIncConsFinding.java:64)
	at launcher.CFLauncher.partitionBasedStarIncCF(CFLauncher.java:140)
	at launcher.CFLauncher.runExpe(CFLauncher.java:377)
	at launcher.CFLauncher.exec(CFLauncher.java:433)
	at launcher.CFLauncher.main(CFLauncher.java:543)
	at sun.reflect.NativeMethodAccessorImpl.invoke0(Native Method)
	at sun.reflect.NativeMethodAccessorImpl.invoke(NativeMethodAccessorImpl.java:57)
	at sun.reflect.DelegatingMethodAccessorImpl.invoke(DelegatingMethodAccessorImpl.java:43)
	at java.lang.reflect.Method.invoke(Method.java:606)
	at org.eclipse.jdt.internal.jarinjarloader.JarRsrcLoader.main(JarRsrcLoader.java:58)
java.lang.NullPointerException
	at java.util.ArrayList.addAll(ArrayList.java:559)
	at systemStructure.PartitionGraph.evaluateAddLitToPath(PartitionGraph.java:746)
	at systemStructure.PartitionGraph.removeEdge(PartitionGraph.java:704)
	at systemStructure.PartitionGraph.makeCircuitFormation(PartitionGraph.java:506)
	at distNewCarc.partition.tokenbased.PBTokenIncConsFinding.<init>(PBTokenIncConsFinding.java:75)
	at launcher.CFLauncher.partitionBasedTokenIncCF(CFLauncher.java:199)
	at launcher.CFLauncher.runExpe(CFLauncher.java:380)
	at launcher.CFLauncher.exec(CFLauncher.java:433)
	at launcher.CFLauncher.main(CFLauncher.java:543)
	at sun.reflect.NativeMethodAccessorImpl.invoke0(Native Method)
	at sun.reflect.NativeMethodAccessorImpl.invoke(NativeMethodAccessorImpl.java:57)
	at sun.reflect.DelegatingMethodAccessorImpl.invoke(DelegatingMethodAccessorImpl.java:43)
	at java.lang.reflect.Method.invoke(Method.java:606)
	at org.eclipse.jdt.internal.jarinjarloader.JarRsrcLoader.main(JarRsrcLoader.java:58)
java.lang.NullPointerException
	at java.util.ArrayList.addAll(ArrayList.java:559)
	at systemStructure.PartitionGraph.evaluateAddLitToPath(PartitionGraph.java:746)
	at systemStructure.PartitionGraph.removeEdge(PartitionGraph.java:704)
	at systemStructure.PartitionGraph.makeCircuitFormation(PartitionGraph.java:506)
	at distNewCarc.partition.tokenbased.PBTokenIncConsFinding.<init>(PBTokenIncConsFinding.java:75)
	at launcher.CFLauncher.partitionBasedTokenIncCF(CFLauncher.java:199)
	at launcher.CFLauncher.runExpe(CFLauncher.java:380)
	at launcher.CFLauncher.exec(CFLauncher.java:433)
	at launcher.CFLauncher.main(CFLauncher.java:543)
	at sun.reflect.NativeMethodAccessorImpl.invoke0(Native Method)
	at sun.reflect.NativeMethodAccessorImpl.invoke(NativeMethodAccessorImpl.java:57)
	at sun.reflect.DelegatingMethodAccessorImpl.invoke(DelegatingMethodAccessorImpl.java:43)
	at java.lang.reflect.Method.invoke(Method.java:606)
	at org.eclipse.jdt.internal.jarinjarloader.JarRsrcLoader.main(JarRsrcLoader.java:58)
java.lang.NullPointerException
	at java.util.ArrayList.addAll(ArrayList.java:559)
	at systemStructure.PartitionGraph.evaluateAddLitToPath(PartitionGraph.java:746)
	at systemStructure.PartitionGraph.removeEdge(PartitionGraph.java:704)
	at systemStructure.PartitionGraph.makeCircuitFormation(PartitionGraph.java:506)
	at distNewCarc.partition.tokenbased.PBTokenIncConsFinding.<init>(PBTokenIncConsFinding.java:75)
	at launcher.CFLauncher.partitionBasedTokenIncCF(CFLauncher.java:199)
	at launcher.CFLauncher.runExpe(CFLauncher.java:380)
	at launcher.CFLauncher.exec(CFLauncher.java:433)
	at launcher.CFLauncher.main(CFLauncher.java:543)
	at sun.reflect.NativeMethodAccessorImpl.invoke0(Native Method)
	at sun.reflect.NativeMethodAccessorImpl.invoke(NativeMethodAccessorImpl.java:57)
	at sun.reflect.DelegatingMethodAccessorImpl.invoke(DelegatingMethodAccessorImpl.java:43)
	at java.lang.reflect.Method.invoke(Method.java:606)
	at org.eclipse.jdt.internal.jarinjarloader.JarRsrcLoader.main(JarRsrcLoader.java:58)
java.lang.NullPointerException
	at java.util.ArrayList.addAll(ArrayList.java:559)
	at systemStructure.PartitionGraph.evaluateAddLitToPath(PartitionGraph.java:746)
	at systemStructure.PartitionGraph.removeEdge(PartitionGraph.java:704)
	at systemStructure.PartitionGraph.makeCircuitFormation(PartitionGraph.java:506)
	at distNewCarc.partition.tokenbased.PBTokenIncConsFinding.<init>(PBTokenIncConsFinding.java:75)
	at launcher.CFLauncher.partitionBasedTokenIncCF(CFLauncher.java:199)
	at launcher.CFLauncher.runExpe(CFLauncher.java:380)
	at launcher.CFLauncher.exec(CFLauncher.java:433)
	at launcher.CFLauncher.main(CFLauncher.java:543)
	at sun.reflect.NativeMethodAccessorImpl.invoke0(Native Method)
	at sun.reflect.NativeMethodAccessorImpl.invoke(NativeMethodAccessorImpl.java:57)
	at sun.reflect.DelegatingMethodAccessorImpl.invoke(DelegatingMethodAccessorImpl.java:43)
	at java.lang.reflect.Method.invoke(Method.java:606)
	at org.eclipse.jdt.internal.jarinjarloader.JarRsrcLoader.main(JarRsrcLoader.java:58)
java.lang.NullPointerException
	at java.util.ArrayList.addAll(ArrayList.java:559)
	at systemStructure.PartitionGraph.evaluateAddLitToPath(PartitionGraph.java:746)
	at systemStructure.PartitionGraph.removeEdge(PartitionGraph.java:704)
	at systemStructure.PartitionGraph.makeCircuitFormation(PartitionGraph.java:506)
	at distNewCarc.partition.tokenbased.PBTokenIncConsFinding.<init>(PBTokenIncConsFinding.java:75)
	at launcher.CFLauncher.partitionBasedTokenIncCF(CFLauncher.java:199)
	at launcher.CFLauncher.runExpe(CFLauncher.java:380)
	at launcher.CFLauncher.exec(CFLauncher.java:433)
	at launcher.CFLauncher.main(CFLauncher.java:543)
	at sun.reflect.NativeMethodAccessorImpl.invoke0(Native Method)
	at sun.reflect.NativeMethodAccessorImpl.invoke(NativeMethodAccessorImpl.java:57)
	at sun.reflect.DelegatingMethodAccessorImpl.invoke(DelegatingMethodAccessorImpl.java:43)
	at java.lang.reflect.Method.invoke(Method.java:606)
	at org.eclipse.jdt.internal.jarinjarloader.JarRsrcLoader.main(JarRsrcLoader.java:58)
Exception in thread "main" java.lang.reflect.InvocationTargetException
	at sun.reflect.NativeMethodAccessorImpl.invoke0(Native Method)
	at sun.reflect.NativeMethodAccessorImpl.invoke(NativeMethodAccessorImpl.java:57)
	at sun.reflect.DelegatingMethodAccessorImpl.invoke(DelegatingMethodAccessorImpl.java:43)
	at java.lang.reflect.Method.invoke(Method.java:606)
	at org.eclipse.jdt.internal.jarinjarloader.JarRsrcLoader.main(JarRsrcLoader.java:58)
Caused by: java.lang.OutOfMemoryError: Java heap space
	at java.util.Arrays.copyOf(Arrays.java:2219)
	at java.util.ArrayList.grow(ArrayList.java:242)
	at java.util.ArrayList.ensureExplicitCapacity(ArrayList.java:216)
	at java.util.ArrayList.ensureCapacityInternal(ArrayList.java:208)
	at java.util.ArrayList.add(ArrayList.java:440)
	at systemStructure.PartitionGraph.getForwardBackwardPath(PartitionGraph.java:522)
	at systemStructure.PartitionGraph.makeCircuitFormation(PartitionGraph.java:505)
	at distNewCarc.partition.tokenbased.PBTokenIncConsFinding.<init>(PBTokenIncConsFinding.java:75)
	at launcher.CFLauncher.partitionBasedTokenIncCF(CFLauncher.java:199)
	at launcher.CFLauncher.runExpe(CFLauncher.java:380)
	at launcher.CFLauncher.exec(CFLauncher.java:433)
	at launcher.CFLauncher.main(CFLauncher.java:543)
	... 5 more
Exception in thread "main" java.lang.reflect.InvocationTargetException
	at sun.reflect.NativeMethodAccessorImpl.invoke0(Native Method)
	at sun.reflect.NativeMethodAccessorImpl.invoke(NativeMethodAccessorImpl.java:57)
	at sun.reflect.DelegatingMethodAccessorImpl.invoke(DelegatingMethodAccessorImpl.java:43)
	at java.lang.reflect.Method.invoke(Method.java:606)
	at org.eclipse.jdt.internal.jarinjarloader.JarRsrcLoader.main(JarRsrcLoader.java:58)
Caused by: java.lang.OutOfMemoryError: Java heap space
	at java.util.Arrays.copyOf(Arrays.java:2219)
	at java.util.ArrayList.grow(ArrayList.java:242)
	at java.util.ArrayList.ensureExplicitCapacity(ArrayList.java:216)
	at java.util.ArrayList.ensureCapacityInternal(ArrayList.java:208)
	at java.util.ArrayList.add(ArrayList.java:440)
	at systemStructure.PartitionGraph.getForwardBackwardPath(PartitionGraph.java:522)
	at systemStructure.PartitionGraph.makeCircuitFormation(PartitionGraph.java:505)
	at distNewCarc.partition.tokenbased.PBTokenIncConsFinding.<init>(PBTokenIncConsFinding.java:75)
	at launcher.CFLauncher.partitionBasedTokenIncCF(CFLauncher.java:199)
	at launcher.CFLauncher.runExpe(CFLauncher.java:380)
	at launcher.CFLauncher.exec(CFLauncher.java:433)
	at launcher.CFLauncher.main(CFLauncher.java:543)
	... 5 more
