resultFilename :PUZ008-1.C1i2
nethod:DICF-PB-Star
pbBasename :PUZ008-1.C1i2
variantSuffix:_all_ld2-4
distr suff:_kmet2
timout :600000
Time for creating graph: 0.31s
Sys -> Ag0 : {New neighbour}
Sys -> Ag1 : {New neighbour}
Sys -> Ag0 : {Start}
Sys -> Ag1 : {Start}
Sys -> Ag0 : {Launch}
Sys -> Ag1 : {Launch}
Ag0 <------  {New neighbour}
Ag0 <------  {Start}
Ag0 -> Sys : {Started}
Ag0 <------  {Launch}
Ag0 receives [[+achievable(west(m(s(s(s(n0)))),c(s(s(s(n0))))),boatonwest,east(m(n0),c(n0)))]]
After pruning [[+achievable(west(m(s(s(s(n0)))),c(s(s(s(n0))))),boatonwest,east(m(n0),c(n0)))]]
Input Languages : {Ag1=[+achievable(_0,_1,_2), -achievable(_0,_1,_2)]}
Starting SolveToClause...
Launching solver...
----------------------------------------------------------------------
Clauses:
 [-achievable(west(m(_0),c(_1)),boatoneast,east(m(_2),c(s(_3)))), +achievable(west(m(_0),c(s(_1))),boatonwest,east(m(_2),c(_3)))]
 [-achievable(west(m(_0),c(_1)),boatoneast,east(m(_2),c(s(s(_3))))), +achievable(west(m(_0),c(s(s(_1)))),boatonwest,east(m(_2),c(_3)))]
 [-achievable(west(m(_0),c(_1)),boatoneast,east(m(s(s(_2))),c(_3))), +achievable(west(m(s(s(_0))),c(_1)),boatonwest,east(m(_2),c(_3)))]
 [-achievable(west(m(s(_0)),c(s(_1))),boatonwest,east(m(_2),c(_3))), +achievable(west(m(_0),c(_1)),boatoneast,east(m(s(_2)),c(s(_3))))]
 [+achievable(west(m(s(_0)),c(s(s(s(_0))))),_1,east(_2,_3))]
 [+achievable(west(_0,_1),_2,east(m(s(_3)),c(s(s(_3)))))]
 [+achievable(west(_0,_1),_2,east(m(s(_3)),c(s(s(s(_3))))))]
 [+achievable(west(m(s(s(s(n0)))),c(s(s(s(n0))))),boatonwest,east(m(n0),c(n0)))]
Top clauses:
 [+achievable(west(m(s(s(s(n0)))),c(s(s(s(n0))))),boatonwest,east(m(n0),c(n0)))]
Production field:
 [+achievable(_0,_1,_2), -achievable(_0,_1,_2), +achievable(_0,_1,_2):4 <= 2]:4

>>>>>>>>>>>> Solving at depth : 4( real 4)
Ag1 <------  {New neighbour}
Ag1 <------  {Start}
Ag1 -> Sys : {Started}
Ag1 <------  {Launch}
Sys <------  {Started}
Sys <------  {Started}
>>>>>>>>>>>> Solve - measure : [44, 13, 4, 4, 0, 0, 0, 0]
Solver finished.
SolveToClause Finished!
Ag0: updated receivedCl []
updated lstCsq [[+achievable(west(m(s(n0)),c(s(s(n0)))),boatoneast,east(m(s(s(n0))),c(s(n0))))], [+achievable(west(m(s(s(s(n0)))),c(s(s(s(n0))))),boatonwest,east(m(n0),c(n0)))], [+achievable(west(m(s(s(n0))),c(s(s(n0)))),boatoneast,east(m(s(n0)),c(s(n0))))], [+achievable(west(m(s(s(n0))),c(s(s(s(n0))))),boatonwest,east(m(s(n0)),c(n0)))]]
Ag0 -> Ag1 : Send Clauses : [[+achievable(west(m(s(n0)),c(s(s(n0)))),boatoneast,east(m(s(s(n0))),c(s(n0))))], [+achievable(west(m(s(s(s(n0)))),c(s(s(s(n0))))),boatonwest,east(m(n0),c(n0)))], [+achievable(west(m(s(s(n0))),c(s(s(n0)))),boatoneast,east(m(s(n0)),c(s(n0))))], [+achievable(west(m(s(s(n0))),c(s(s(s(n0))))),boatonwest,east(m(s(n0)),c(n0)))]]
Ag1 <------  Send Clauses : [[+achievable(west(m(s(n0)),c(s(s(n0)))),boatoneast,east(m(s(s(n0))),c(s(n0))))], [+achievable(west(m(s(s(s(n0)))),c(s(s(s(n0))))),boatonwest,east(m(n0),c(n0)))], [+achievable(west(m(s(s(n0))),c(s(s(n0)))),boatoneast,east(m(s(n0)),c(s(n0))))], [+achievable(west(m(s(s(n0))),c(s(s(s(n0))))),boatonwest,east(m(s(n0)),c(n0)))]]
Ag1 receives [[+achievable(west(m(s(n0)),c(s(s(n0)))),boatoneast,east(m(s(s(n0))),c(s(n0))))], [+achievable(west(m(s(s(s(n0)))),c(s(s(s(n0))))),boatonwest,east(m(n0),c(n0)))], [+achievable(west(m(s(s(n0))),c(s(s(n0)))),boatoneast,east(m(s(n0)),c(s(n0))))], [+achievable(west(m(s(s(n0))),c(s(s(s(n0))))),boatonwest,east(m(s(n0)),c(n0)))]]
After pruning [[+achievable(west(m(s(s(s(n0)))),c(s(s(s(n0))))),boatonwest,east(m(n0),c(n0)))], [+achievable(west(m(s(s(n0))),c(s(s(n0)))),boatoneast,east(m(s(n0)),c(s(n0))))]]
Input Languages : {}
Starting SolveToClause...
Launching solver...
----------------------------------------------------------------------
Clauses:
 [-achievable(west(m(_0),c(s(_1))),boatonwest,east(m(_2),c(_3))), +achievable(west(m(_0),c(_1)),boatoneast,east(m(_2),c(s(_3))))]
 [-achievable(west(m(_0),c(s(s(_1)))),boatonwest,east(m(_2),c(_3))), +achievable(west(m(_0),c(_1)),boatoneast,east(m(_2),c(s(s(_3)))))]
 [-achievable(west(m(s(_0)),c(_1)),boatonwest,east(m(_2),c(_3))), +achievable(west(m(_0),c(_1)),boatoneast,east(m(s(_2)),c(_3)))]
 [-achievable(west(m(_0),c(_1)),boatoneast,east(m(s(_2)),c(_3))), +achievable(west(m(s(_0)),c(_1)),boatonwest,east(m(_2),c(_3)))]
 [-achievable(west(m(s(s(_0))),c(_1)),boatonwest,east(m(_2),c(_3))), +achievable(west(m(_0),c(_1)),boatoneast,east(m(s(s(_2))),c(_3)))]
 [-achievable(west(m(_0),c(_1)),boatoneast,east(m(s(_2)),c(s(_3)))), +achievable(west(m(s(_0)),c(s(_1))),boatonwest,east(m(_2),c(_3)))]
 [+achievable(west(m(s(_0)),c(s(s(_0)))),_1,east(_2,_3))]
 [+achievable(west(m(s(s(s(n0)))),c(s(s(s(n0))))),boatonwest,east(m(n0),c(n0)))]
 [+achievable(west(m(s(s(n0))),c(s(s(n0)))),boatoneast,east(m(s(n0)),c(s(n0))))]
Top clauses:
 [+achievable(west(m(s(s(s(n0)))),c(s(s(s(n0))))),boatonwest,east(m(n0),c(n0)))]
 [+achievable(west(m(s(s(n0))),c(s(s(n0)))),boatoneast,east(m(s(n0)),c(s(n0))))]
Production field:
 [+achievable(_0,_1,_2), -achievable(_0,_1,_2), +achievable(_0,_1,_2):4 <= 2]:4

>>>>>>>>>>>> Solving at depth : 4( real 4)
>>>>>>>>>>>> Solve - measure : [12, 30, 8, 8, 0, 0, 0, 0]
Solver finished.
SolveToClause Finished!
Ag1: updated receivedCl []
updated lstCsq [[+achievable(west(m(s(s(s(n0)))),c(s(s(n0)))),boatoneast,east(m(n0),c(s(n0))))], [+achievable(west(m(s(s(s(n0)))),c(s(n0))),boatoneast,east(m(n0),c(s(s(n0)))))], [+achievable(west(m(s(n0)),c(s(s(s(n0))))),boatoneast,east(m(s(s(n0))),c(n0)))], [+achievable(west(m(s(s(s(n0)))),c(s(s(s(n0))))),boatonwest,east(m(n0),c(n0)))], [+achievable(west(m(s(s(s(n0)))),c(n0)),boatoneast,east(m(n0),c(s(s(s(n0))))))], [+achievable(west(m(s(s(n0))),c(s(s(n0)))),boatoneast,east(m(s(n0)),c(s(n0))))], [+achievable(west(m(s(s(s(n0)))),c(s(s(n0)))),boatonwest,east(m(n0),c(s(n0))))]]
Ag1 -> Ag0 : Send Clauses : [[+achievable(west(m(s(s(s(n0)))),c(s(s(n0)))),boatoneast,east(m(n0),c(s(n0))))], [+achievable(west(m(s(s(s(n0)))),c(s(n0))),boatoneast,east(m(n0),c(s(s(n0)))))], [+achievable(west(m(s(n0)),c(s(s(s(n0))))),boatoneast,east(m(s(s(n0))),c(n0)))], [+achievable(west(m(s(s(s(n0)))),c(s(s(s(n0))))),boatonwest,east(m(n0),c(n0)))], [+achievable(west(m(s(s(s(n0)))),c(n0)),boatoneast,east(m(n0),c(s(s(s(n0))))))], [+achievable(west(m(s(s(n0))),c(s(s(n0)))),boatoneast,east(m(s(n0)),c(s(n0))))], [+achievable(west(m(s(s(s(n0)))),c(s(s(n0)))),boatonwest,east(m(n0),c(s(n0))))]]
Ag0 <------  Send Clauses : [[+achievable(west(m(s(s(s(n0)))),c(s(s(n0)))),boatoneast,east(m(n0),c(s(n0))))], [+achievable(west(m(s(s(s(n0)))),c(s(n0))),boatoneast,east(m(n0),c(s(s(n0)))))], [+achievable(west(m(s(n0)),c(s(s(s(n0))))),boatoneast,east(m(s(s(n0))),c(n0)))], [+achievable(west(m(s(s(s(n0)))),c(s(s(s(n0))))),boatonwest,east(m(n0),c(n0)))], [+achievable(west(m(s(s(s(n0)))),c(n0)),boatoneast,east(m(n0),c(s(s(s(n0))))))], [+achievable(west(m(s(s(n0))),c(s(s(n0)))),boatoneast,east(m(s(n0)),c(s(n0))))], [+achievable(west(m(s(s(s(n0)))),c(s(s(n0)))),boatonwest,east(m(n0),c(s(n0))))]]
Ag0 receives [[+achievable(west(m(s(s(s(n0)))),c(s(s(s(n0))))),boatonwest,east(m(n0),c(n0)))], [+achievable(west(m(s(s(s(n0)))),c(s(s(n0)))),boatoneast,east(m(n0),c(s(n0))))], [+achievable(west(m(s(s(s(n0)))),c(s(n0))),boatoneast,east(m(n0),c(s(s(n0)))))], [+achievable(west(m(s(n0)),c(s(s(s(n0))))),boatoneast,east(m(s(s(n0))),c(n0)))], [+achievable(west(m(s(s(s(n0)))),c(s(s(s(n0))))),boatonwest,east(m(n0),c(n0)))], [+achievable(west(m(s(s(s(n0)))),c(n0)),boatoneast,east(m(n0),c(s(s(s(n0))))))], [+achievable(west(m(s(s(n0))),c(s(s(n0)))),boatoneast,east(m(s(n0)),c(s(n0))))], [+achievable(west(m(s(s(s(n0)))),c(s(s(n0)))),boatonwest,east(m(n0),c(s(n0))))]]
After pruning [[+achievable(west(m(s(s(s(n0)))),c(s(s(n0)))),boatoneast,east(m(n0),c(s(n0))))], [+achievable(west(m(s(s(s(n0)))),c(s(n0))),boatoneast,east(m(n0),c(s(s(n0)))))], [+achievable(west(m(s(s(s(n0)))),c(n0)),boatoneast,east(m(n0),c(s(s(s(n0))))))], [+achievable(west(m(s(s(s(n0)))),c(s(s(n0)))),boatonwest,east(m(n0),c(s(n0))))]]
Input Languages : {Ag1=[+achievable(_0,_1,_2), -achievable(_0,_1,_2)]}
Starting SolveToClause...
Launching solver...
----------------------------------------------------------------------
Clauses:
 [+achievable(west(m(_0),c(s(_1))),boatonwest,east(m(_2),c(_3))), -achievable(west(m(_0),c(_1)),boatoneast,east(m(_2),c(s(_3))))]
 [+achievable(west(m(_0),c(s(s(_1)))),boatonwest,east(m(_2),c(_3))), -achievable(west(m(_0),c(_1)),boatoneast,east(m(_2),c(s(s(_3)))))]
 [+achievable(west(m(s(s(_0))),c(_1)),boatonwest,east(m(_2),c(_3))), -achievable(west(m(_0),c(_1)),boatoneast,east(m(s(s(_2))),c(_3)))]
 [+achievable(west(m(_0),c(_1)),boatoneast,east(m(s(_2)),c(s(_3)))), -achievable(west(m(s(_0)),c(s(_1))),boatonwest,east(m(_2),c(_3)))]
 [+achievable(west(m(s(_0)),c(s(s(s(_0))))),_1,east(_2,_3))]
 [+achievable(west(_0,_1),_2,east(m(s(_3)),c(s(s(_3)))))]
 [+achievable(west(_0,_1),_2,east(m(s(_3)),c(s(s(s(_3))))))]
 [+achievable(west(m(s(n0)),c(s(s(n0)))),boatoneast,east(m(s(s(n0))),c(s(n0))))]
 [+achievable(west(m(s(s(s(n0)))),c(s(s(s(n0))))),boatonwest,east(m(n0),c(n0)))]
 [+achievable(west(m(s(s(n0))),c(s(s(n0)))),boatoneast,east(m(s(n0)),c(s(n0))))]
 [+achievable(west(m(s(s(n0))),c(s(s(s(n0))))),boatonwest,east(m(s(n0)),c(n0)))]
 [+achievable(west(m(s(s(s(n0)))),c(s(s(n0)))),boatoneast,east(m(n0),c(s(n0))))]
 [+achievable(west(m(s(s(s(n0)))),c(s(n0))),boatoneast,east(m(n0),c(s(s(n0)))))]
 [+achievable(west(m(s(s(s(n0)))),c(n0)),boatoneast,east(m(n0),c(s(s(s(n0))))))]
 [+achievable(west(m(s(s(s(n0)))),c(s(s(n0)))),boatonwest,east(m(n0),c(s(n0))))]
Top clauses:
 [+achievable(west(m(s(s(s(n0)))),c(s(s(n0)))),boatoneast,east(m(n0),c(s(n0))))]
 [+achievable(west(m(s(s(s(n0)))),c(s(n0))),boatoneast,east(m(n0),c(s(s(n0)))))]
 [+achievable(west(m(s(s(s(n0)))),c(n0)),boatoneast,east(m(n0),c(s(s(s(n0))))))]
 [+achievable(west(m(s(s(s(n0)))),c(s(s(n0)))),boatonwest,east(m(n0),c(s(n0))))]
Production field:
 [+achievable(_0,_1,_2), -achievable(_0,_1,_2), +achievable(_0,_1,_2):4 <= 2]:4

>>>>>>>>>>>> Solving at depth : 4( real 4)
>>>>>>>>>>>> Solve - measure : [15, 22, 5, 5, 0, 0, 0, 0]
Solver finished.
SolveToClause Finished!
Ag0: updated receivedCl []
updated lstCsq [[+achievable(west(m(s(n0)),c(s(s(n0)))),boatoneast,east(m(s(s(n0))),c(s(n0))))], [+achievable(west(m(s(s(s(n0)))),c(s(s(s(n0))))),boatonwest,east(m(n0),c(n0)))], [+achievable(west(m(s(s(n0))),c(s(s(n0)))),boatoneast,east(m(s(n0)),c(s(n0))))], [+achievable(west(m(s(s(n0))),c(s(s(s(n0))))),boatonwest,east(m(s(n0)),c(n0)))], [+achievable(west(m(s(s(s(n0)))),c(s(n0))),boatoneast,east(m(n0),c(s(s(n0)))))], [+achievable(west(m(s(s(s(n0)))),c(s(s(n0)))),boatoneast,east(m(n0),c(s(n0))))], [+achievable(west(m(s(s(s(n0)))),c(s(s(n0)))),boatonwest,east(m(n0),c(s(n0))))], [+achievable(west(m(s(s(s(n0)))),c(n0)),boatoneast,east(m(n0),c(s(s(s(n0))))))], [+achievable(west(m(s(s(s(n0)))),c(s(n0))),boatonwest,east(m(n0),c(s(s(n0)))))]]
Ag0 -> Ag1 : Send Clauses : [[+achievable(west(m(s(s(s(n0)))),c(s(n0))),boatoneast,east(m(n0),c(s(s(n0)))))], [+achievable(west(m(s(s(s(n0)))),c(s(s(n0)))),boatoneast,east(m(n0),c(s(n0))))], [+achievable(west(m(s(s(s(n0)))),c(s(s(n0)))),boatonwest,east(m(n0),c(s(n0))))], [+achievable(west(m(s(s(s(n0)))),c(n0)),boatoneast,east(m(n0),c(s(s(s(n0))))))], [+achievable(west(m(s(s(s(n0)))),c(s(n0))),boatonwest,east(m(n0),c(s(s(n0)))))]]
Ag1 <------  Send Clauses : [[+achievable(west(m(s(s(s(n0)))),c(s(n0))),boatoneast,east(m(n0),c(s(s(n0)))))], [+achievable(west(m(s(s(s(n0)))),c(s(s(n0)))),boatoneast,east(m(n0),c(s(n0))))], [+achievable(west(m(s(s(s(n0)))),c(s(s(n0)))),boatonwest,east(m(n0),c(s(n0))))], [+achievable(west(m(s(s(s(n0)))),c(n0)),boatoneast,east(m(n0),c(s(s(s(n0))))))], [+achievable(west(m(s(s(s(n0)))),c(s(n0))),boatonwest,east(m(n0),c(s(s(n0)))))]]
Ag1 receives [[+achievable(west(m(s(s(s(n0)))),c(s(n0))),boatoneast,east(m(n0),c(s(s(n0)))))], [+achievable(west(m(s(s(s(n0)))),c(s(s(n0)))),boatoneast,east(m(n0),c(s(n0))))], [+achievable(west(m(s(s(s(n0)))),c(s(s(n0)))),boatonwest,east(m(n0),c(s(n0))))], [+achievable(west(m(s(s(s(n0)))),c(n0)),boatoneast,east(m(n0),c(s(s(s(n0))))))], [+achievable(west(m(s(s(s(n0)))),c(s(n0))),boatonwest,east(m(n0),c(s(s(n0)))))]]
After pruning [[+achievable(west(m(s(s(s(n0)))),c(s(n0))),boatonwest,east(m(n0),c(s(s(n0)))))]]
Input Languages : {}
Starting SolveToClause...
Launching solver...
----------------------------------------------------------------------
Clauses:
 [+achievable(west(m(_0),c(_1)),boatoneast,east(m(_2),c(s(_3)))), -achievable(west(m(_0),c(s(_1))),boatonwest,east(m(_2),c(_3)))]
 [+achievable(west(m(_0),c(_1)),boatoneast,east(m(_2),c(s(s(_3))))), -achievable(west(m(_0),c(s(s(_1)))),boatonwest,east(m(_2),c(_3)))]
 [+achievable(west(m(_0),c(_1)),boatoneast,east(m(s(_2)),c(_3))), -achievable(west(m(s(_0)),c(_1)),boatonwest,east(m(_2),c(_3)))]
 [+achievable(west(m(s(_0)),c(_1)),boatonwest,east(m(_2),c(_3))), -achievable(west(m(_0),c(_1)),boatoneast,east(m(s(_2)),c(_3)))]
 [+achievable(west(m(_0),c(_1)),boatoneast,east(m(s(s(_2))),c(_3))), -achievable(west(m(s(s(_0))),c(_1)),boatonwest,east(m(_2),c(_3)))]
 [+achievable(west(m(s(_0)),c(s(_1))),boatonwest,east(m(_2),c(_3))), -achievable(west(m(_0),c(_1)),boatoneast,east(m(s(_2)),c(s(_3))))]
 [+achievable(west(m(s(_0)),c(s(s(_0)))),_1,east(_2,_3))]
 [+achievable(west(m(s(s(s(n0)))),c(s(s(n0)))),boatoneast,east(m(n0),c(s(n0))))]
 [+achievable(west(m(s(s(s(n0)))),c(s(n0))),boatoneast,east(m(n0),c(s(s(n0)))))]
 [+achievable(west(m(s(n0)),c(s(s(s(n0))))),boatoneast,east(m(s(s(n0))),c(n0)))]
 [+achievable(west(m(s(s(s(n0)))),c(s(s(s(n0))))),boatonwest,east(m(n0),c(n0)))]
 [+achievable(west(m(s(s(s(n0)))),c(n0)),boatoneast,east(m(n0),c(s(s(s(n0))))))]
 [+achievable(west(m(s(s(n0))),c(s(s(n0)))),boatoneast,east(m(s(n0)),c(s(n0))))]
 [+achievable(west(m(s(s(s(n0)))),c(s(s(n0)))),boatonwest,east(m(n0),c(s(n0))))]
 [+achievable(west(m(s(s(s(n0)))),c(s(n0))),boatonwest,east(m(n0),c(s(s(n0)))))]
Top clauses:
 [+achievable(west(m(s(s(s(n0)))),c(s(n0))),boatonwest,east(m(n0),c(s(s(n0)))))]
Production field:
 [+achievable(_0,_1,_2), -achievable(_0,_1,_2), +achievable(_0,_1,_2):4 <= 2]:4

>>>>>>>>>>>> Solving at depth : 4( real 4)
>>>>>>>>>>>> Solve - measure : [14, 36, 10, 10, 0, 0, 0, 0]
Solver finished.
SolveToClause Finished!
Ag1: updated receivedCl []
updated lstCsq [[+achievable(west(m(s(s(s(n0)))),c(s(s(n0)))),boatoneast,east(m(n0),c(s(n0))))], [+achievable(west(m(s(s(s(n0)))),c(s(n0))),boatoneast,east(m(n0),c(s(s(n0)))))], [+achievable(west(m(s(n0)),c(s(s(s(n0))))),boatoneast,east(m(s(s(n0))),c(n0)))], [+achievable(west(m(s(s(s(n0)))),c(s(s(s(n0))))),boatonwest,east(m(n0),c(n0)))], [+achievable(west(m(s(s(s(n0)))),c(n0)),boatoneast,east(m(n0),c(s(s(s(n0))))))], [+achievable(west(m(s(s(n0))),c(s(s(n0)))),boatoneast,east(m(s(n0)),c(s(n0))))], [+achievable(west(m(s(s(s(n0)))),c(s(s(n0)))),boatonwest,east(m(n0),c(s(n0))))], [+achievable(west(m(s(s(n0))),c(s(s(n0)))),boatonwest,east(m(s(n0)),c(s(n0))))], [+achievable(west(m(s(s(n0))),c(s(n0))),boatoneast,east(m(s(n0)),c(s(s(n0)))))], [+achievable(west(m(n0),c(s(n0))),boatoneast,east(m(s(s(s(n0)))),c(s(s(n0)))))], [+achievable(west(m(s(s(n0))),c(n0)),boatoneast,east(m(s(n0)),c(s(s(s(n0))))))], [+achievable(west(m(s(s(s(n0)))),c(s(n0))),boatonwest,east(m(n0),c(s(s(n0)))))], [+achievable(west(m(s(s(n0))),c(s(n0))),boatonwest,east(m(s(n0)),c(s(s(n0)))))], [+achievable(west(m(s(n0)),c(s(n0))),boatoneast,east(m(s(s(n0))),c(s(s(n0)))))], [+achievable(west(m(n0),c(s(s(n0)))),boatoneast,east(m(s(s(s(n0)))),c(s(n0))))]]
Ag1 -> Ag0 : Send Clauses : [[+achievable(west(m(s(s(n0))),c(s(s(n0)))),boatonwest,east(m(s(n0)),c(s(n0))))], [+achievable(west(m(s(s(n0))),c(s(n0))),boatoneast,east(m(s(n0)),c(s(s(n0)))))], [+achievable(west(m(n0),c(s(n0))),boatoneast,east(m(s(s(s(n0)))),c(s(s(n0)))))], [+achievable(west(m(s(s(n0))),c(n0)),boatoneast,east(m(s(n0)),c(s(s(s(n0))))))], [+achievable(west(m(s(s(s(n0)))),c(s(n0))),boatonwest,east(m(n0),c(s(s(n0)))))], [+achievable(west(m(s(s(n0))),c(s(n0))),boatonwest,east(m(s(n0)),c(s(s(n0)))))], [+achievable(west(m(s(n0)),c(s(n0))),boatoneast,east(m(s(s(n0))),c(s(s(n0)))))], [+achievable(west(m(n0),c(s(s(n0)))),boatoneast,east(m(s(s(s(n0)))),c(s(n0))))]]
Ag0 <------  Send Clauses : [[+achievable(west(m(s(s(n0))),c(s(s(n0)))),boatonwest,east(m(s(n0)),c(s(n0))))], [+achievable(west(m(s(s(n0))),c(s(n0))),boatoneast,east(m(s(n0)),c(s(s(n0)))))], [+achievable(west(m(n0),c(s(n0))),boatoneast,east(m(s(s(s(n0)))),c(s(s(n0)))))], [+achievable(west(m(s(s(n0))),c(n0)),boatoneast,east(m(s(n0)),c(s(s(s(n0))))))], [+achievable(west(m(s(s(s(n0)))),c(s(n0))),boatonwest,east(m(n0),c(s(s(n0)))))], [+achievable(west(m(s(s(n0))),c(s(n0))),boatonwest,east(m(s(n0)),c(s(s(n0)))))], [+achievable(west(m(s(n0)),c(s(n0))),boatoneast,east(m(s(s(n0))),c(s(s(n0)))))], [+achievable(west(m(n0),c(s(s(n0)))),boatoneast,east(m(s(s(s(n0)))),c(s(n0))))]]
Ag0 receives [[+achievable(west(m(s(s(s(n0)))),c(s(s(s(n0))))),boatonwest,east(m(n0),c(n0)))], [+achievable(west(m(s(s(s(n0)))),c(s(s(n0)))),boatoneast,east(m(n0),c(s(n0))))], [+achievable(west(m(s(s(s(n0)))),c(s(n0))),boatoneast,east(m(n0),c(s(s(n0)))))], [+achievable(west(m(s(n0)),c(s(s(s(n0))))),boatoneast,east(m(s(s(n0))),c(n0)))], [+achievable(west(m(s(s(s(n0)))),c(s(s(s(n0))))),boatonwest,east(m(n0),c(n0)))], [+achievable(west(m(s(s(s(n0)))),c(n0)),boatoneast,east(m(n0),c(s(s(s(n0))))))], [+achievable(west(m(s(s(n0))),c(s(s(n0)))),boatoneast,east(m(s(n0)),c(s(n0))))], [+achievable(west(m(s(s(s(n0)))),c(s(s(n0)))),boatonwest,east(m(n0),c(s(n0))))], [+achievable(west(m(s(s(n0))),c(s(s(n0)))),boatonwest,east(m(s(n0)),c(s(n0))))], [+achievable(west(m(s(s(n0))),c(s(n0))),boatoneast,east(m(s(n0)),c(s(s(n0)))))], [+achievable(west(m(n0),c(s(n0))),boatoneast,east(m(s(s(s(n0)))),c(s(s(n0)))))], [+achievable(west(m(s(s(n0))),c(n0)),boatoneast,east(m(s(n0)),c(s(s(s(n0))))))], [+achievable(west(m(s(s(s(n0)))),c(s(n0))),boatonwest,east(m(n0),c(s(s(n0)))))], [+achievable(west(m(s(s(n0))),c(s(n0))),boatonwest,east(m(s(n0)),c(s(s(n0)))))], [+achievable(west(m(s(n0)),c(s(n0))),boatoneast,east(m(s(s(n0))),c(s(s(n0)))))], [+achievable(west(m(n0),c(s(s(n0)))),boatoneast,east(m(s(s(s(n0)))),c(s(n0))))]]
After pruning [[+achievable(west(m(s(s(n0))),c(s(s(n0)))),boatonwest,east(m(s(n0)),c(s(n0))))], [+achievable(west(m(n0),c(s(n0))),boatoneast,east(m(s(s(s(n0)))),c(s(s(n0)))))], [+achievable(west(m(s(n0)),c(s(n0))),boatoneast,east(m(s(s(n0))),c(s(s(n0)))))], [+achievable(west(m(n0),c(s(s(n0)))),boatoneast,east(m(s(s(s(n0)))),c(s(n0))))]]
Input Languages : {Ag1=[+achievable(_0,_1,_2), -achievable(_0,_1,_2)]}
Starting SolveToClause...
Launching solver...
----------------------------------------------------------------------
Clauses:
 [+achievable(west(m(_0),c(s(_1))),boatonwest,east(m(_2),c(_3))), -achievable(west(m(_0),c(_1)),boatoneast,east(m(_2),c(s(_3))))]
 [+achievable(west(m(_0),c(s(s(_1)))),boatonwest,east(m(_2),c(_3))), -achievable(west(m(_0),c(_1)),boatoneast,east(m(_2),c(s(s(_3)))))]
 [+achievable(west(m(s(s(_0))),c(_1)),boatonwest,east(m(_2),c(_3))), -achievable(west(m(_0),c(_1)),boatoneast,east(m(s(s(_2))),c(_3)))]
 [+achievable(west(m(_0),c(_1)),boatoneast,east(m(s(_2)),c(s(_3)))), -achievable(west(m(s(_0)),c(s(_1))),boatonwest,east(m(_2),c(_3)))]
 [+achievable(west(m(s(_0)),c(s(s(s(_0))))),_1,east(_2,_3))]
 [+achievable(west(_0,_1),_2,east(m(s(_3)),c(s(s(_3)))))]
 [+achievable(west(_0,_1),_2,east(m(s(_3)),c(s(s(s(_3))))))]
 [+achievable(west(m(s(n0)),c(s(s(n0)))),boatoneast,east(m(s(s(n0))),c(s(n0))))]
 [+achievable(west(m(s(s(s(n0)))),c(s(s(s(n0))))),boatonwest,east(m(n0),c(n0)))]
 [+achievable(west(m(s(s(n0))),c(s(s(n0)))),boatoneast,east(m(s(n0)),c(s(n0))))]
 [+achievable(west(m(s(s(n0))),c(s(s(s(n0))))),boatonwest,east(m(s(n0)),c(n0)))]
 [+achievable(west(m(s(s(s(n0)))),c(s(n0))),boatoneast,east(m(n0),c(s(s(n0)))))]
 [+achievable(west(m(s(s(s(n0)))),c(s(s(n0)))),boatoneast,east(m(n0),c(s(n0))))]
 [+achievable(west(m(s(s(s(n0)))),c(s(s(n0)))),boatonwest,east(m(n0),c(s(n0))))]
 [+achievable(west(m(s(s(s(n0)))),c(n0)),boatoneast,east(m(n0),c(s(s(s(n0))))))]
 [+achievable(west(m(s(s(s(n0)))),c(s(n0))),boatonwest,east(m(n0),c(s(s(n0)))))]
 [+achievable(west(m(s(s(n0))),c(s(s(n0)))),boatonwest,east(m(s(n0)),c(s(n0))))]
 [+achievable(west(m(n0),c(s(n0))),boatoneast,east(m(s(s(s(n0)))),c(s(s(n0)))))]
 [+achievable(west(m(s(n0)),c(s(n0))),boatoneast,east(m(s(s(n0))),c(s(s(n0)))))]
 [+achievable(west(m(n0),c(s(s(n0)))),boatoneast,east(m(s(s(s(n0)))),c(s(n0))))]
Top clauses:
 [+achievable(west(m(s(s(n0))),c(s(s(n0)))),boatonwest,east(m(s(n0)),c(s(n0))))]
 [+achievable(west(m(n0),c(s(n0))),boatoneast,east(m(s(s(s(n0)))),c(s(s(n0)))))]
 [+achievable(west(m(s(n0)),c(s(n0))),boatoneast,east(m(s(s(n0))),c(s(s(n0)))))]
 [+achievable(west(m(n0),c(s(s(n0)))),boatoneast,east(m(s(s(s(n0)))),c(s(n0))))]
Production field:
 [+achievable(_0,_1,_2), -achievable(_0,_1,_2), +achievable(_0,_1,_2):4 <= 2]:4

>>>>>>>>>>>> Solving at depth : 4( real 4)
>>>>>>>>>>>> Solve - measure : [15, 31, 8, 8, 0, 0, 0, 0]
Solver finished.
SolveToClause Finished!
Ag0: updated receivedCl []
updated lstCsq [[+achievable(west(m(s(n0)),c(s(s(n0)))),boatoneast,east(m(s(s(n0))),c(s(n0))))], [+achievable(west(m(s(s(s(n0)))),c(s(s(s(n0))))),boatonwest,east(m(n0),c(n0)))], [+achievable(west(m(s(s(n0))),c(s(s(n0)))),boatoneast,east(m(s(n0)),c(s(n0))))], [+achievable(west(m(s(s(n0))),c(s(s(s(n0))))),boatonwest,east(m(s(n0)),c(n0)))], [+achievable(west(m(s(s(s(n0)))),c(s(n0))),boatoneast,east(m(n0),c(s(s(n0)))))], [+achievable(west(m(s(s(s(n0)))),c(s(s(n0)))),boatoneast,east(m(n0),c(s(n0))))], [+achievable(west(m(s(s(s(n0)))),c(s(s(n0)))),boatonwest,east(m(n0),c(s(n0))))], [+achievable(west(m(s(s(s(n0)))),c(n0)),boatoneast,east(m(n0),c(s(s(s(n0))))))], [+achievable(west(m(s(s(s(n0)))),c(s(n0))),boatonwest,east(m(n0),c(s(s(n0)))))], [+achievable(west(m(s(n0)),c(s(n0))),boatoneast,east(m(s(s(n0))),c(s(s(n0)))))], [+achievable(west(m(s(n0)),c(s(s(n0)))),boatonwest,east(m(s(s(n0))),c(s(n0))))], [+achievable(west(m(n0),c(s(s(n0)))),boatoneast,east(m(s(s(s(n0)))),c(s(n0))))], [+achievable(west(m(n0),c(s(s(s(n0))))),boatonwest,east(m(s(s(s(n0)))),c(n0)))], [+achievable(west(m(s(s(n0))),c(s(s(n0)))),boatonwest,east(m(s(n0)),c(s(n0))))], [+achievable(west(m(n0),c(s(n0))),boatoneast,east(m(s(s(s(n0)))),c(s(s(n0)))))], [+achievable(west(m(n0),c(s(s(n0)))),boatonwest,east(m(s(s(s(n0)))),c(s(n0))))]]
Ag0 -> Ag1 : Send Clauses : [[+achievable(west(m(s(n0)),c(s(n0))),boatoneast,east(m(s(s(n0))),c(s(s(n0)))))], [+achievable(west(m(s(n0)),c(s(s(n0)))),boatonwest,east(m(s(s(n0))),c(s(n0))))], [+achievable(west(m(n0),c(s(s(n0)))),boatoneast,east(m(s(s(s(n0)))),c(s(n0))))], [+achievable(west(m(n0),c(s(s(s(n0))))),boatonwest,east(m(s(s(s(n0)))),c(n0)))], [+achievable(west(m(s(s(n0))),c(s(s(n0)))),boatonwest,east(m(s(n0)),c(s(n0))))], [+achievable(west(m(n0),c(s(n0))),boatoneast,east(m(s(s(s(n0)))),c(s(s(n0)))))], [+achievable(west(m(n0),c(s(s(n0)))),boatonwest,east(m(s(s(s(n0)))),c(s(n0))))]]
Ag1 <------  Send Clauses : [[+achievable(west(m(s(n0)),c(s(n0))),boatoneast,east(m(s(s(n0))),c(s(s(n0)))))], [+achievable(west(m(s(n0)),c(s(s(n0)))),boatonwest,east(m(s(s(n0))),c(s(n0))))], [+achievable(west(m(n0),c(s(s(n0)))),boatoneast,east(m(s(s(s(n0)))),c(s(n0))))], [+achievable(west(m(n0),c(s(s(s(n0))))),boatonwest,east(m(s(s(s(n0)))),c(n0)))], [+achievable(west(m(s(s(n0))),c(s(s(n0)))),boatonwest,east(m(s(n0)),c(s(n0))))], [+achievable(west(m(n0),c(s(n0))),boatoneast,east(m(s(s(s(n0)))),c(s(s(n0)))))], [+achievable(west(m(n0),c(s(s(n0)))),boatonwest,east(m(s(s(s(n0)))),c(s(n0))))]]
Ag1 receives [[+achievable(west(m(s(n0)),c(s(n0))),boatoneast,east(m(s(s(n0))),c(s(s(n0)))))], [+achievable(west(m(s(n0)),c(s(s(n0)))),boatonwest,east(m(s(s(n0))),c(s(n0))))], [+achievable(west(m(n0),c(s(s(n0)))),boatoneast,east(m(s(s(s(n0)))),c(s(n0))))], [+achievable(west(m(n0),c(s(s(s(n0))))),boatonwest,east(m(s(s(s(n0)))),c(n0)))], [+achievable(west(m(s(s(n0))),c(s(s(n0)))),boatonwest,east(m(s(n0)),c(s(n0))))], [+achievable(west(m(n0),c(s(n0))),boatoneast,east(m(s(s(s(n0)))),c(s(s(n0)))))], [+achievable(west(m(n0),c(s(s(n0)))),boatonwest,east(m(s(s(s(n0)))),c(s(n0))))]]
After pruning [[+achievable(west(m(n0),c(s(s(s(n0))))),boatonwest,east(m(s(s(s(n0)))),c(n0)))], [+achievable(west(m(n0),c(s(s(n0)))),boatonwest,east(m(s(s(s(n0)))),c(s(n0))))]]
Input Languages : {}
Starting SolveToClause...
Launching solver...
----------------------------------------------------------------------
Clauses:
 [+achievable(west(m(_0),c(_1)),boatoneast,east(m(_2),c(s(_3)))), -achievable(west(m(_0),c(s(_1))),boatonwest,east(m(_2),c(_3)))]
 [+achievable(west(m(_0),c(_1)),boatoneast,east(m(_2),c(s(s(_3))))), -achievable(west(m(_0),c(s(s(_1)))),boatonwest,east(m(_2),c(_3)))]
 [+achievable(west(m(_0),c(_1)),boatoneast,east(m(s(_2)),c(_3))), -achievable(west(m(s(_0)),c(_1)),boatonwest,east(m(_2),c(_3)))]
 [+achievable(west(m(s(_0)),c(_1)),boatonwest,east(m(_2),c(_3))), -achievable(west(m(_0),c(_1)),boatoneast,east(m(s(_2)),c(_3)))]
 [+achievable(west(m(_0),c(_1)),boatoneast,east(m(s(s(_2))),c(_3))), -achievable(west(m(s(s(_0))),c(_1)),boatonwest,east(m(_2),c(_3)))]
 [+achievable(west(m(s(_0)),c(s(_1))),boatonwest,east(m(_2),c(_3))), -achievable(west(m(_0),c(_1)),boatoneast,east(m(s(_2)),c(s(_3))))]
 [+achievable(west(m(s(_0)),c(s(s(_0)))),_1,east(_2,_3))]
 [+achievable(west(m(s(s(s(n0)))),c(s(s(n0)))),boatoneast,east(m(n0),c(s(n0))))]
 [+achievable(west(m(s(s(s(n0)))),c(s(n0))),boatoneast,east(m(n0),c(s(s(n0)))))]
 [+achievable(west(m(s(n0)),c(s(s(s(n0))))),boatoneast,east(m(s(s(n0))),c(n0)))]
 [+achievable(west(m(s(s(s(n0)))),c(s(s(s(n0))))),boatonwest,east(m(n0),c(n0)))]
 [+achievable(west(m(s(s(s(n0)))),c(n0)),boatoneast,east(m(n0),c(s(s(s(n0))))))]
 [+achievable(west(m(s(s(n0))),c(s(s(n0)))),boatoneast,east(m(s(n0)),c(s(n0))))]
 [+achievable(west(m(s(s(s(n0)))),c(s(s(n0)))),boatonwest,east(m(n0),c(s(n0))))]
 [+achievable(west(m(s(s(n0))),c(s(s(n0)))),boatonwest,east(m(s(n0)),c(s(n0))))]
 [+achievable(west(m(s(s(n0))),c(s(n0))),boatoneast,east(m(s(n0)),c(s(s(n0)))))]
 [+achievable(west(m(n0),c(s(n0))),boatoneast,east(m(s(s(s(n0)))),c(s(s(n0)))))]
 [+achievable(west(m(s(s(n0))),c(n0)),boatoneast,east(m(s(n0)),c(s(s(s(n0))))))]
 [+achievable(west(m(s(s(s(n0)))),c(s(n0))),boatonwest,east(m(n0),c(s(s(n0)))))]
 [+achievable(west(m(s(s(n0))),c(s(n0))),boatonwest,east(m(s(n0)),c(s(s(n0)))))]
 [+achievable(west(m(s(n0)),c(s(n0))),boatoneast,east(m(s(s(n0))),c(s(s(n0)))))]
 [+achievable(west(m(n0),c(s(s(n0)))),boatoneast,east(m(s(s(s(n0)))),c(s(n0))))]
 [+achievable(west(m(n0),c(s(s(s(n0))))),boatonwest,east(m(s(s(s(n0)))),c(n0)))]
 [+achievable(west(m(n0),c(s(s(n0)))),boatonwest,east(m(s(s(s(n0)))),c(s(n0))))]
Top clauses:
 [+achievable(west(m(n0),c(s(s(s(n0))))),boatonwest,east(m(s(s(s(n0)))),c(n0)))]
 [+achievable(west(m(n0),c(s(s(n0)))),boatonwest,east(m(s(s(s(n0)))),c(s(n0))))]
Production field:
 [+achievable(_0,_1,_2), -achievable(_0,_1,_2), +achievable(_0,_1,_2):4 <= 2]:4

>>>>>>>>>>>> Solving at depth : 4( real 4)
>>>>>>>>>>>> Solve - measure : [21, 24, 6, 6, 0, 0, 0, 0]
Solver finished.
SolveToClause Finished!
Ag1: updated receivedCl []
updated lstCsq [[+achievable(west(m(s(s(s(n0)))),c(s(s(n0)))),boatoneast,east(m(n0),c(s(n0))))], [+achievable(west(m(s(s(s(n0)))),c(s(n0))),boatoneast,east(m(n0),c(s(s(n0)))))], [+achievable(west(m(s(n0)),c(s(s(s(n0))))),boatoneast,east(m(s(s(n0))),c(n0)))], [+achievable(west(m(s(s(s(n0)))),c(s(s(s(n0))))),boatonwest,east(m(n0),c(n0)))], [+achievable(west(m(s(s(s(n0)))),c(n0)),boatoneast,east(m(n0),c(s(s(s(n0))))))], [+achievable(west(m(s(s(n0))),c(s(s(n0)))),boatoneast,east(m(s(n0)),c(s(n0))))], [+achievable(west(m(s(s(s(n0)))),c(s(s(n0)))),boatonwest,east(m(n0),c(s(n0))))], [+achievable(west(m(s(s(n0))),c(s(s(n0)))),boatonwest,east(m(s(n0)),c(s(n0))))], [+achievable(west(m(s(s(n0))),c(s(n0))),boatoneast,east(m(s(n0)),c(s(s(n0)))))], [+achievable(west(m(n0),c(s(n0))),boatoneast,east(m(s(s(s(n0)))),c(s(s(n0)))))], [+achievable(west(m(s(s(n0))),c(n0)),boatoneast,east(m(s(n0)),c(s(s(s(n0))))))], [+achievable(west(m(s(s(s(n0)))),c(s(n0))),boatonwest,east(m(n0),c(s(s(n0)))))], [+achievable(west(m(s(s(n0))),c(s(n0))),boatonwest,east(m(s(n0)),c(s(s(n0)))))], [+achievable(west(m(s(n0)),c(s(n0))),boatoneast,east(m(s(s(n0))),c(s(s(n0)))))], [+achievable(west(m(n0),c(s(s(n0)))),boatoneast,east(m(s(s(s(n0)))),c(s(n0))))], [+achievable(west(m(n0),c(s(s(n0)))),boatonwest,east(m(s(s(s(n0)))),c(s(n0))))], [+achievable(west(m(s(n0)),c(s(n0))),boatonwest,east(m(s(s(n0))),c(s(s(n0)))))], [+achievable(west(m(s(n0)),c(n0)),boatonwest,east(m(s(s(n0))),c(s(s(s(n0))))))], [+achievable(west(m(n0),c(n0)),boatoneast,east(m(s(s(s(n0)))),c(s(s(s(n0))))))], [+achievable(west(m(n0),c(s(s(s(n0))))),boatonwest,east(m(s(s(s(n0)))),c(n0)))], [+achievable(west(m(s(n0)),c(n0)),boatoneast,east(m(s(s(n0))),c(s(s(s(n0))))))]]
Ag1 -> Ag0 : Send Clauses : [[+achievable(west(m(n0),c(s(s(n0)))),boatonwest,east(m(s(s(s(n0)))),c(s(n0))))], [+achievable(west(m(s(n0)),c(s(n0))),boatonwest,east(m(s(s(n0))),c(s(s(n0)))))], [+achievable(west(m(s(n0)),c(n0)),boatonwest,east(m(s(s(n0))),c(s(s(s(n0))))))], [+achievable(west(m(n0),c(n0)),boatoneast,east(m(s(s(s(n0)))),c(s(s(s(n0))))))], [+achievable(west(m(n0),c(s(s(s(n0))))),boatonwest,east(m(s(s(s(n0)))),c(n0)))], [+achievable(west(m(s(n0)),c(n0)),boatoneast,east(m(s(s(n0))),c(s(s(s(n0))))))]]
Ag0 <------  Send Clauses : [[+achievable(west(m(n0),c(s(s(n0)))),boatonwest,east(m(s(s(s(n0)))),c(s(n0))))], [+achievable(west(m(s(n0)),c(s(n0))),boatonwest,east(m(s(s(n0))),c(s(s(n0)))))], [+achievable(west(m(s(n0)),c(n0)),boatonwest,east(m(s(s(n0))),c(s(s(s(n0))))))], [+achievable(west(m(n0),c(n0)),boatoneast,east(m(s(s(s(n0)))),c(s(s(s(n0))))))], [+achievable(west(m(n0),c(s(s(s(n0))))),boatonwest,east(m(s(s(s(n0)))),c(n0)))], [+achievable(west(m(s(n0)),c(n0)),boatoneast,east(m(s(s(n0))),c(s(s(s(n0))))))]]
Ag0 receives [[+achievable(west(m(s(s(s(n0)))),c(s(s(s(n0))))),boatonwest,east(m(n0),c(n0)))], [+achievable(west(m(s(s(s(n0)))),c(s(s(n0)))),boatoneast,east(m(n0),c(s(n0))))], [+achievable(west(m(s(s(s(n0)))),c(s(n0))),boatoneast,east(m(n0),c(s(s(n0)))))], [+achievable(west(m(s(n0)),c(s(s(s(n0))))),boatoneast,east(m(s(s(n0))),c(n0)))], [+achievable(west(m(s(s(s(n0)))),c(s(s(s(n0))))),boatonwest,east(m(n0),c(n0)))], [+achievable(west(m(s(s(s(n0)))),c(n0)),boatoneast,east(m(n0),c(s(s(s(n0))))))], [+achievable(west(m(s(s(n0))),c(s(s(n0)))),boatoneast,east(m(s(n0)),c(s(n0))))], [+achievable(west(m(s(s(s(n0)))),c(s(s(n0)))),boatonwest,east(m(n0),c(s(n0))))], [+achievable(west(m(s(s(n0))),c(s(s(n0)))),boatonwest,east(m(s(n0)),c(s(n0))))], [+achievable(west(m(s(s(n0))),c(s(n0))),boatoneast,east(m(s(n0)),c(s(s(n0)))))], [+achievable(west(m(n0),c(s(n0))),boatoneast,east(m(s(s(s(n0)))),c(s(s(n0)))))], [+achievable(west(m(s(s(n0))),c(n0)),boatoneast,east(m(s(n0)),c(s(s(s(n0))))))], [+achievable(west(m(s(s(s(n0)))),c(s(n0))),boatonwest,east(m(n0),c(s(s(n0)))))], [+achievable(west(m(s(s(n0))),c(s(n0))),boatonwest,east(m(s(n0)),c(s(s(n0)))))], [+achievable(west(m(s(n0)),c(s(n0))),boatoneast,east(m(s(s(n0))),c(s(s(n0)))))], [+achievable(west(m(n0),c(s(s(n0)))),boatoneast,east(m(s(s(s(n0)))),c(s(n0))))], [+achievable(west(m(n0),c(s(s(n0)))),boatonwest,east(m(s(s(s(n0)))),c(s(n0))))], [+achievable(west(m(s(n0)),c(s(n0))),boatonwest,east(m(s(s(n0))),c(s(s(n0)))))], [+achievable(west(m(s(n0)),c(n0)),boatonwest,east(m(s(s(n0))),c(s(s(s(n0))))))], [+achievable(west(m(n0),c(n0)),boatoneast,east(m(s(s(s(n0)))),c(s(s(s(n0))))))], [+achievable(west(m(n0),c(s(s(s(n0))))),boatonwest,east(m(s(s(s(n0)))),c(n0)))], [+achievable(west(m(s(n0)),c(n0)),boatoneast,east(m(s(s(n0))),c(s(s(s(n0))))))]]
After pruning [[+achievable(west(m(s(n0)),c(s(n0))),boatonwest,east(m(s(s(n0))),c(s(s(n0)))))], [+achievable(west(m(n0),c(n0)),boatoneast,east(m(s(s(s(n0)))),c(s(s(s(n0))))))]]
Input Languages : {Ag1=[+achievable(_0,_1,_2), -achievable(_0,_1,_2)]}
Starting SolveToClause...
Launching solver...
----------------------------------------------------------------------
Clauses:
 [+achievable(west(m(_0),c(s(_1))),boatonwest,east(m(_2),c(_3))), -achievable(west(m(_0),c(_1)),boatoneast,east(m(_2),c(s(_3))))]
 [+achievable(west(m(_0),c(s(s(_1)))),boatonwest,east(m(_2),c(_3))), -achievable(west(m(_0),c(_1)),boatoneast,east(m(_2),c(s(s(_3)))))]
 [+achievable(west(m(s(s(_0))),c(_1)),boatonwest,east(m(_2),c(_3))), -achievable(west(m(_0),c(_1)),boatoneast,east(m(s(s(_2))),c(_3)))]
 [+achievable(west(m(_0),c(_1)),boatoneast,east(m(s(_2)),c(s(_3)))), -achievable(west(m(s(_0)),c(s(_1))),boatonwest,east(m(_2),c(_3)))]
 [+achievable(west(m(s(_0)),c(s(s(s(_0))))),_1,east(_2,_3))]
 [+achievable(west(_0,_1),_2,east(m(s(_3)),c(s(s(_3)))))]
 [+achievable(west(_0,_1),_2,east(m(s(_3)),c(s(s(s(_3))))))]
 [+achievable(west(m(s(n0)),c(s(s(n0)))),boatoneast,east(m(s(s(n0))),c(s(n0))))]
 [+achievable(west(m(s(s(s(n0)))),c(s(s(s(n0))))),boatonwest,east(m(n0),c(n0)))]
 [+achievable(west(m(s(s(n0))),c(s(s(n0)))),boatoneast,east(m(s(n0)),c(s(n0))))]
 [+achievable(west(m(s(s(n0))),c(s(s(s(n0))))),boatonwest,east(m(s(n0)),c(n0)))]
 [+achievable(west(m(s(s(s(n0)))),c(s(n0))),boatoneast,east(m(n0),c(s(s(n0)))))]
 [+achievable(west(m(s(s(s(n0)))),c(s(s(n0)))),boatoneast,east(m(n0),c(s(n0))))]
 [+achievable(west(m(s(s(s(n0)))),c(s(s(n0)))),boatonwest,east(m(n0),c(s(n0))))]
 [+achievable(west(m(s(s(s(n0)))),c(n0)),boatoneast,east(m(n0),c(s(s(s(n0))))))]
 [+achievable(west(m(s(s(s(n0)))),c(s(n0))),boatonwest,east(m(n0),c(s(s(n0)))))]
 [+achievable(west(m(s(n0)),c(s(n0))),boatoneast,east(m(s(s(n0))),c(s(s(n0)))))]
 [+achievable(west(m(s(n0)),c(s(s(n0)))),boatonwest,east(m(s(s(n0))),c(s(n0))))]
 [+achievable(west(m(n0),c(s(s(n0)))),boatoneast,east(m(s(s(s(n0)))),c(s(n0))))]
 [+achievable(west(m(n0),c(s(s(s(n0))))),boatonwest,east(m(s(s(s(n0)))),c(n0)))]
 [+achievable(west(m(s(s(n0))),c(s(s(n0)))),boatonwest,east(m(s(n0)),c(s(n0))))]
 [+achievable(west(m(n0),c(s(n0))),boatoneast,east(m(s(s(s(n0)))),c(s(s(n0)))))]
 [+achievable(west(m(n0),c(s(s(n0)))),boatonwest,east(m(s(s(s(n0)))),c(s(n0))))]
 [+achievable(west(m(s(n0)),c(s(n0))),boatonwest,east(m(s(s(n0))),c(s(s(n0)))))]
 [+achievable(west(m(n0),c(n0)),boatoneast,east(m(s(s(s(n0)))),c(s(s(s(n0))))))]
Top clauses:
 [+achievable(west(m(s(n0)),c(s(n0))),boatonwest,east(m(s(s(n0))),c(s(s(n0)))))]
 [+achievable(west(m(n0),c(n0)),boatoneast,east(m(s(s(s(n0)))),c(s(s(s(n0))))))]
Production field:
 [+achievable(_0,_1,_2), -achievable(_0,_1,_2), +achievable(_0,_1,_2):4 <= 2]:4

>>>>>>>>>>>> Solving at depth : 4( real 4)
>>>>>>>>>>>> Solve - measure : [21, 13, 3, 3, 0, 0, 0, 0]
Solver finished.
SolveToClause Finished!
Ag0: updated receivedCl []
updated lstCsq [[+achievable(west(m(s(n0)),c(s(s(n0)))),boatoneast,east(m(s(s(n0))),c(s(n0))))], [+achievable(west(m(s(s(s(n0)))),c(s(s(s(n0))))),boatonwest,east(m(n0),c(n0)))], [+achievable(west(m(s(s(n0))),c(s(s(n0)))),boatoneast,east(m(s(n0)),c(s(n0))))], [+achievable(west(m(s(s(n0))),c(s(s(s(n0))))),boatonwest,east(m(s(n0)),c(n0)))], [+achievable(west(m(s(s(s(n0)))),c(s(n0))),boatoneast,east(m(n0),c(s(s(n0)))))], [+achievable(west(m(s(s(s(n0)))),c(s(s(n0)))),boatoneast,east(m(n0),c(s(n0))))], [+achievable(west(m(s(s(s(n0)))),c(s(s(n0)))),boatonwest,east(m(n0),c(s(n0))))], [+achievable(west(m(s(s(s(n0)))),c(n0)),boatoneast,east(m(n0),c(s(s(s(n0))))))], [+achievable(west(m(s(s(s(n0)))),c(s(n0))),boatonwest,east(m(n0),c(s(s(n0)))))], [+achievable(west(m(s(n0)),c(s(n0))),boatoneast,east(m(s(s(n0))),c(s(s(n0)))))], [+achievable(west(m(s(n0)),c(s(s(n0)))),boatonwest,east(m(s(s(n0))),c(s(n0))))], [+achievable(west(m(n0),c(s(s(n0)))),boatoneast,east(m(s(s(s(n0)))),c(s(n0))))], [+achievable(west(m(n0),c(s(s(s(n0))))),boatonwest,east(m(s(s(s(n0)))),c(n0)))], [+achievable(west(m(s(s(n0))),c(s(s(n0)))),boatonwest,east(m(s(n0)),c(s(n0))))], [+achievable(west(m(n0),c(s(n0))),boatoneast,east(m(s(s(s(n0)))),c(s(s(n0)))))], [+achievable(west(m(n0),c(s(s(n0)))),boatonwest,east(m(s(s(s(n0)))),c(s(n0))))], [+achievable(west(m(s(n0)),c(s(n0))),boatonwest,east(m(s(s(n0))),c(s(s(n0)))))], [+achievable(west(m(n0),c(n0)),boatoneast,east(m(s(s(s(n0)))),c(s(s(s(n0))))))], [+achievable(west(m(n0),c(s(n0))),boatonwest,east(m(s(s(s(n0)))),c(s(s(n0)))))]]
Ag0 -> Ag1 : Send Clauses : [[+achievable(west(m(s(n0)),c(s(n0))),boatonwest,east(m(s(s(n0))),c(s(s(n0)))))], [+achievable(west(m(n0),c(n0)),boatoneast,east(m(s(s(s(n0)))),c(s(s(s(n0))))))], [+achievable(west(m(n0),c(s(n0))),boatonwest,east(m(s(s(s(n0)))),c(s(s(n0)))))]]
Ag1 <------  Send Clauses : [[+achievable(west(m(s(n0)),c(s(n0))),boatonwest,east(m(s(s(n0))),c(s(s(n0)))))], [+achievable(west(m(n0),c(n0)),boatoneast,east(m(s(s(s(n0)))),c(s(s(s(n0))))))], [+achievable(west(m(n0),c(s(n0))),boatonwest,east(m(s(s(s(n0)))),c(s(s(n0)))))]]
Ag1 receives [[+achievable(west(m(s(n0)),c(s(n0))),boatonwest,east(m(s(s(n0))),c(s(s(n0)))))], [+achievable(west(m(n0),c(n0)),boatoneast,east(m(s(s(s(n0)))),c(s(s(s(n0))))))], [+achievable(west(m(n0),c(s(n0))),boatonwest,east(m(s(s(s(n0)))),c(s(s(n0)))))]]
After pruning [[+achievable(west(m(n0),c(s(n0))),boatonwest,east(m(s(s(s(n0)))),c(s(s(n0)))))]]
Input Languages : {}
Starting SolveToClause...
Launching solver...
----------------------------------------------------------------------
Clauses:
 [+achievable(west(m(_0),c(_1)),boatoneast,east(m(_2),c(s(_3)))), -achievable(west(m(_0),c(s(_1))),boatonwest,east(m(_2),c(_3)))]
 [+achievable(west(m(_0),c(_1)),boatoneast,east(m(_2),c(s(s(_3))))), -achievable(west(m(_0),c(s(s(_1)))),boatonwest,east(m(_2),c(_3)))]
 [+achievable(west(m(_0),c(_1)),boatoneast,east(m(s(_2)),c(_3))), -achievable(west(m(s(_0)),c(_1)),boatonwest,east(m(_2),c(_3)))]
 [+achievable(west(m(s(_0)),c(_1)),boatonwest,east(m(_2),c(_3))), -achievable(west(m(_0),c(_1)),boatoneast,east(m(s(_2)),c(_3)))]
 [+achievable(west(m(_0),c(_1)),boatoneast,east(m(s(s(_2))),c(_3))), -achievable(west(m(s(s(_0))),c(_1)),boatonwest,east(m(_2),c(_3)))]
 [+achievable(west(m(s(_0)),c(s(_1))),boatonwest,east(m(_2),c(_3))), -achievable(west(m(_0),c(_1)),boatoneast,east(m(s(_2)),c(s(_3))))]
 [+achievable(west(m(s(_0)),c(s(s(_0)))),_1,east(_2,_3))]
 [+achievable(west(m(s(s(s(n0)))),c(s(s(n0)))),boatoneast,east(m(n0),c(s(n0))))]
 [+achievable(west(m(s(s(s(n0)))),c(s(n0))),boatoneast,east(m(n0),c(s(s(n0)))))]
 [+achievable(west(m(s(n0)),c(s(s(s(n0))))),boatoneast,east(m(s(s(n0))),c(n0)))]
 [+achievable(west(m(s(s(s(n0)))),c(s(s(s(n0))))),boatonwest,east(m(n0),c(n0)))]
 [+achievable(west(m(s(s(s(n0)))),c(n0)),boatoneast,east(m(n0),c(s(s(s(n0))))))]
 [+achievable(west(m(s(s(n0))),c(s(s(n0)))),boatoneast,east(m(s(n0)),c(s(n0))))]
 [+achievable(west(m(s(s(s(n0)))),c(s(s(n0)))),boatonwest,east(m(n0),c(s(n0))))]
 [+achievable(west(m(s(s(n0))),c(s(s(n0)))),boatonwest,east(m(s(n0)),c(s(n0))))]
 [+achievable(west(m(s(s(n0))),c(s(n0))),boatoneast,east(m(s(n0)),c(s(s(n0)))))]
 [+achievable(west(m(n0),c(s(n0))),boatoneast,east(m(s(s(s(n0)))),c(s(s(n0)))))]
 [+achievable(west(m(s(s(n0))),c(n0)),boatoneast,east(m(s(n0)),c(s(s(s(n0))))))]
 [+achievable(west(m(s(s(s(n0)))),c(s(n0))),boatonwest,east(m(n0),c(s(s(n0)))))]
 [+achievable(west(m(s(s(n0))),c(s(n0))),boatonwest,east(m(s(n0)),c(s(s(n0)))))]
 [+achievable(west(m(s(n0)),c(s(n0))),boatoneast,east(m(s(s(n0))),c(s(s(n0)))))]
 [+achievable(west(m(n0),c(s(s(n0)))),boatoneast,east(m(s(s(s(n0)))),c(s(n0))))]
 [+achievable(west(m(n0),c(s(s(n0)))),boatonwest,east(m(s(s(s(n0)))),c(s(n0))))]
 [+achievable(west(m(s(n0)),c(s(n0))),boatonwest,east(m(s(s(n0))),c(s(s(n0)))))]
 [+achievable(west(m(s(n0)),c(n0)),boatonwest,east(m(s(s(n0))),c(s(s(s(n0))))))]
 [+achievable(west(m(n0),c(n0)),boatoneast,east(m(s(s(s(n0)))),c(s(s(s(n0))))))]
 [+achievable(west(m(n0),c(s(s(s(n0))))),boatonwest,east(m(s(s(s(n0)))),c(n0)))]
 [+achievable(west(m(s(n0)),c(n0)),boatoneast,east(m(s(s(n0))),c(s(s(s(n0))))))]
 [+achievable(west(m(n0),c(s(n0))),boatonwest,east(m(s(s(s(n0)))),c(s(s(n0)))))]
Top clauses:
 [+achievable(west(m(n0),c(s(n0))),boatonwest,east(m(s(s(s(n0)))),c(s(s(n0)))))]
Production field:
 [+achievable(_0,_1,_2), -achievable(_0,_1,_2), +achievable(_0,_1,_2):4 <= 2]:4

>>>>>>>>>>>> Solving at depth : 4( real 4)
>>>>>>>>>>>> Solve - measure : [22, 5, 1, 1, 0, 0, 0, 0]
Solver finished.
SolveToClause Finished!
Ag1: updated receivedCl []
updated lstCsq [[+achievable(west(m(s(s(s(n0)))),c(s(s(n0)))),boatoneast,east(m(n0),c(s(n0))))], [+achievable(west(m(s(s(s(n0)))),c(s(n0))),boatoneast,east(m(n0),c(s(s(n0)))))], [+achievable(west(m(s(n0)),c(s(s(s(n0))))),boatoneast,east(m(s(s(n0))),c(n0)))], [+achievable(west(m(s(s(s(n0)))),c(s(s(s(n0))))),boatonwest,east(m(n0),c(n0)))], [+achievable(west(m(s(s(s(n0)))),c(n0)),boatoneast,east(m(n0),c(s(s(s(n0))))))], [+achievable(west(m(s(s(n0))),c(s(s(n0)))),boatoneast,east(m(s(n0)),c(s(n0))))], [+achievable(west(m(s(s(s(n0)))),c(s(s(n0)))),boatonwest,east(m(n0),c(s(n0))))], [+achievable(west(m(s(s(n0))),c(s(s(n0)))),boatonwest,east(m(s(n0)),c(s(n0))))], [+achievable(west(m(s(s(n0))),c(s(n0))),boatoneast,east(m(s(n0)),c(s(s(n0)))))], [+achievable(west(m(n0),c(s(n0))),boatoneast,east(m(s(s(s(n0)))),c(s(s(n0)))))], [+achievable(west(m(s(s(n0))),c(n0)),boatoneast,east(m(s(n0)),c(s(s(s(n0))))))], [+achievable(west(m(s(s(s(n0)))),c(s(n0))),boatonwest,east(m(n0),c(s(s(n0)))))], [+achievable(west(m(s(s(n0))),c(s(n0))),boatonwest,east(m(s(n0)),c(s(s(n0)))))], [+achievable(west(m(s(n0)),c(s(n0))),boatoneast,east(m(s(s(n0))),c(s(s(n0)))))], [+achievable(west(m(n0),c(s(s(n0)))),boatoneast,east(m(s(s(s(n0)))),c(s(n0))))], [+achievable(west(m(n0),c(s(s(n0)))),boatonwest,east(m(s(s(s(n0)))),c(s(n0))))], [+achievable(west(m(s(n0)),c(s(n0))),boatonwest,east(m(s(s(n0))),c(s(s(n0)))))], [+achievable(west(m(s(n0)),c(n0)),boatonwest,east(m(s(s(n0))),c(s(s(s(n0))))))], [+achievable(west(m(n0),c(n0)),boatoneast,east(m(s(s(s(n0)))),c(s(s(s(n0))))))], [+achievable(west(m(n0),c(s(s(s(n0))))),boatonwest,east(m(s(s(s(n0)))),c(n0)))], [+achievable(west(m(s(n0)),c(n0)),boatoneast,east(m(s(s(n0))),c(s(s(s(n0))))))], [+achievable(west(m(n0),c(s(n0))),boatonwest,east(m(s(s(s(n0)))),c(s(s(n0)))))]]
Ag1 -> Ag0 : Send Clauses : [[+achievable(west(m(n0),c(s(n0))),boatonwest,east(m(s(s(s(n0)))),c(s(s(n0)))))]]
Ag0 <------  Send Clauses : [[+achievable(west(m(n0),c(s(n0))),boatonwest,east(m(s(s(s(n0)))),c(s(s(n0)))))]]
Ag0 receives [[+achievable(west(m(s(s(s(n0)))),c(s(s(s(n0))))),boatonwest,east(m(n0),c(n0)))], [+achievable(west(m(s(s(s(n0)))),c(s(s(n0)))),boatoneast,east(m(n0),c(s(n0))))], [+achievable(west(m(s(s(s(n0)))),c(s(n0))),boatoneast,east(m(n0),c(s(s(n0)))))], [+achievable(west(m(s(n0)),c(s(s(s(n0))))),boatoneast,east(m(s(s(n0))),c(n0)))], [+achievable(west(m(s(s(s(n0)))),c(s(s(s(n0))))),boatonwest,east(m(n0),c(n0)))], [+achievable(west(m(s(s(s(n0)))),c(n0)),boatoneast,east(m(n0),c(s(s(s(n0))))))], [+achievable(west(m(s(s(n0))),c(s(s(n0)))),boatoneast,east(m(s(n0)),c(s(n0))))], [+achievable(west(m(s(s(s(n0)))),c(s(s(n0)))),boatonwest,east(m(n0),c(s(n0))))], [+achievable(west(m(s(s(n0))),c(s(s(n0)))),boatonwest,east(m(s(n0)),c(s(n0))))], [+achievable(west(m(s(s(n0))),c(s(n0))),boatoneast,east(m(s(n0)),c(s(s(n0)))))], [+achievable(west(m(n0),c(s(n0))),boatoneast,east(m(s(s(s(n0)))),c(s(s(n0)))))], [+achievable(west(m(s(s(n0))),c(n0)),boatoneast,east(m(s(n0)),c(s(s(s(n0))))))], [+achievable(west(m(s(s(s(n0)))),c(s(n0))),boatonwest,east(m(n0),c(s(s(n0)))))], [+achievable(west(m(s(s(n0))),c(s(n0))),boatonwest,east(m(s(n0)),c(s(s(n0)))))], [+achievable(west(m(s(n0)),c(s(n0))),boatoneast,east(m(s(s(n0))),c(s(s(n0)))))], [+achievable(west(m(n0),c(s(s(n0)))),boatoneast,east(m(s(s(s(n0)))),c(s(n0))))], [+achievable(west(m(n0),c(s(s(n0)))),boatonwest,east(m(s(s(s(n0)))),c(s(n0))))], [+achievable(west(m(s(n0)),c(s(n0))),boatonwest,east(m(s(s(n0))),c(s(s(n0)))))], [+achievable(west(m(s(n0)),c(n0)),boatonwest,east(m(s(s(n0))),c(s(s(s(n0))))))], [+achievable(west(m(n0),c(n0)),boatoneast,east(m(s(s(s(n0)))),c(s(s(s(n0))))))], [+achievable(west(m(n0),c(s(s(s(n0))))),boatonwest,east(m(s(s(s(n0)))),c(n0)))], [+achievable(west(m(s(n0)),c(n0)),boatoneast,east(m(s(s(n0))),c(s(s(s(n0))))))], [+achievable(west(m(n0),c(s(n0))),boatonwest,east(m(s(s(s(n0)))),c(s(s(n0)))))]]
After pruning []
Input Languages : {Ag1=[+achievable(_0,_1,_2), -achievable(_0,_1,_2)]}
Ag0: updated receivedCl []
updated lstCsq [[+achievable(west(m(s(n0)),c(s(s(n0)))),boatoneast,east(m(s(s(n0))),c(s(n0))))], [+achievable(west(m(s(s(s(n0)))),c(s(s(s(n0))))),boatonwest,east(m(n0),c(n0)))], [+achievable(west(m(s(s(n0))),c(s(s(n0)))),boatoneast,east(m(s(n0)),c(s(n0))))], [+achievable(west(m(s(s(n0))),c(s(s(s(n0))))),boatonwest,east(m(s(n0)),c(n0)))], [+achievable(west(m(s(s(s(n0)))),c(s(n0))),boatoneast,east(m(n0),c(s(s(n0)))))], [+achievable(west(m(s(s(s(n0)))),c(s(s(n0)))),boatoneast,east(m(n0),c(s(n0))))], [+achievable(west(m(s(s(s(n0)))),c(s(s(n0)))),boatonwest,east(m(n0),c(s(n0))))], [+achievable(west(m(s(s(s(n0)))),c(n0)),boatoneast,east(m(n0),c(s(s(s(n0))))))], [+achievable(west(m(s(s(s(n0)))),c(s(n0))),boatonwest,east(m(n0),c(s(s(n0)))))], [+achievable(west(m(s(n0)),c(s(n0))),boatoneast,east(m(s(s(n0))),c(s(s(n0)))))], [+achievable(west(m(s(n0)),c(s(s(n0)))),boatonwest,east(m(s(s(n0))),c(s(n0))))], [+achievable(west(m(n0),c(s(s(n0)))),boatoneast,east(m(s(s(s(n0)))),c(s(n0))))], [+achievable(west(m(n0),c(s(s(s(n0))))),boatonwest,east(m(s(s(s(n0)))),c(n0)))], [+achievable(west(m(s(s(n0))),c(s(s(n0)))),boatonwest,east(m(s(n0)),c(s(n0))))], [+achievable(west(m(n0),c(s(n0))),boatoneast,east(m(s(s(s(n0)))),c(s(s(n0)))))], [+achievable(west(m(n0),c(s(s(n0)))),boatonwest,east(m(s(s(s(n0)))),c(s(n0))))], [+achievable(west(m(s(n0)),c(s(n0))),boatonwest,east(m(s(s(n0))),c(s(s(n0)))))], [+achievable(west(m(n0),c(n0)),boatoneast,east(m(s(s(s(n0)))),c(s(s(s(n0))))))], [+achievable(west(m(n0),c(s(n0))),boatonwest,east(m(s(s(s(n0)))),c(s(s(n0)))))]]
Ag0 -> Sys : Send Consequences : [[+achievable(west(m(s(n0)),c(s(s(n0)))),boatoneast,east(m(s(s(n0))),c(s(n0))))], [+achievable(west(m(s(s(s(n0)))),c(s(s(s(n0))))),boatonwest,east(m(n0),c(n0)))], [+achievable(west(m(s(s(n0))),c(s(s(n0)))),boatoneast,east(m(s(n0)),c(s(n0))))], [+achievable(west(m(s(s(n0))),c(s(s(s(n0))))),boatonwest,east(m(s(n0)),c(n0)))], [+achievable(west(m(s(s(s(n0)))),c(s(n0))),boatoneast,east(m(n0),c(s(s(n0)))))], [+achievable(west(m(s(s(s(n0)))),c(s(s(n0)))),boatoneast,east(m(n0),c(s(n0))))], [+achievable(west(m(s(s(s(n0)))),c(s(s(n0)))),boatonwest,east(m(n0),c(s(n0))))], [+achievable(west(m(s(s(s(n0)))),c(n0)),boatoneast,east(m(n0),c(s(s(s(n0))))))], [+achievable(west(m(s(s(s(n0)))),c(s(n0))),boatonwest,east(m(n0),c(s(s(n0)))))], [+achievable(west(m(s(n0)),c(s(n0))),boatoneast,east(m(s(s(n0))),c(s(s(n0)))))], [+achievable(west(m(s(n0)),c(s(s(n0)))),boatonwest,east(m(s(s(n0))),c(s(n0))))], [+achievable(west(m(n0),c(s(s(n0)))),boatoneast,east(m(s(s(s(n0)))),c(s(n0))))], [+achievable(west(m(n0),c(s(s(s(n0))))),boatonwest,east(m(s(s(s(n0)))),c(n0)))], [+achievable(west(m(s(s(n0))),c(s(s(n0)))),boatonwest,east(m(s(n0)),c(s(n0))))], [+achievable(west(m(n0),c(s(n0))),boatoneast,east(m(s(s(s(n0)))),c(s(s(n0)))))], [+achievable(west(m(n0),c(s(s(n0)))),boatonwest,east(m(s(s(s(n0)))),c(s(n0))))], [+achievable(west(m(s(n0)),c(s(n0))),boatonwest,east(m(s(s(n0))),c(s(s(n0)))))], [+achievable(west(m(n0),c(n0)),boatoneast,east(m(s(s(s(n0)))),c(s(s(s(n0))))))], [+achievable(west(m(n0),c(s(n0))),boatonwest,east(m(s(s(s(n0)))),c(s(s(n0)))))]]
Sys <------  Send Consequences : [[+achievable(west(m(s(n0)),c(s(s(n0)))),boatoneast,east(m(s(s(n0))),c(s(n0))))], [+achievable(west(m(s(s(s(n0)))),c(s(s(s(n0))))),boatonwest,east(m(n0),c(n0)))], [+achievable(west(m(s(s(n0))),c(s(s(n0)))),boatoneast,east(m(s(n0)),c(s(n0))))], [+achievable(west(m(s(s(n0))),c(s(s(s(n0))))),boatonwest,east(m(s(n0)),c(n0)))], [+achievable(west(m(s(s(s(n0)))),c(s(n0))),boatoneast,east(m(n0),c(s(s(n0)))))], [+achievable(west(m(s(s(s(n0)))),c(s(s(n0)))),boatoneast,east(m(n0),c(s(n0))))], [+achievable(west(m(s(s(s(n0)))),c(s(s(n0)))),boatonwest,east(m(n0),c(s(n0))))], [+achievable(west(m(s(s(s(n0)))),c(n0)),boatoneast,east(m(n0),c(s(s(s(n0))))))], [+achievable(west(m(s(s(s(n0)))),c(s(n0))),boatonwest,east(m(n0),c(s(s(n0)))))], [+achievable(west(m(s(n0)),c(s(n0))),boatoneast,east(m(s(s(n0))),c(s(s(n0)))))], [+achievable(west(m(s(n0)),c(s(s(n0)))),boatonwest,east(m(s(s(n0))),c(s(n0))))], [+achievable(west(m(n0),c(s(s(n0)))),boatoneast,east(m(s(s(s(n0)))),c(s(n0))))], [+achievable(west(m(n0),c(s(s(s(n0))))),boatonwest,east(m(s(s(s(n0)))),c(n0)))], [+achievable(west(m(s(s(n0))),c(s(s(n0)))),boatonwest,east(m(s(n0)),c(s(n0))))], [+achievable(west(m(n0),c(s(n0))),boatoneast,east(m(s(s(s(n0)))),c(s(s(n0)))))], [+achievable(west(m(n0),c(s(s(n0)))),boatonwest,east(m(s(s(s(n0)))),c(s(n0))))], [+achievable(west(m(s(n0)),c(s(n0))),boatonwest,east(m(s(s(n0))),c(s(s(n0)))))], [+achievable(west(m(n0),c(n0)),boatoneast,east(m(s(s(s(n0)))),c(s(s(s(n0))))))], [+achievable(west(m(n0),c(s(n0))),boatonwest,east(m(s(s(s(n0)))),c(s(s(n0)))))]]
Ag0 -> Sys : {Finish}
Sys <------  {Finish}
Sys -> Ag0 : {Finish}
Sys -> Ag1 : {Finish}
Ag0 <------  {Finish}
Ag1 <------  {Finish}
19 (NEW) CHARACTERISTIC CLAUSES

[+achievable(west(m(s(n0)),c(s(s(n0)))),boatoneast,east(m(s(s(n0))),c(s(n0))))]
[+achievable(west(m(s(s(s(n0)))),c(s(s(s(n0))))),boatonwest,east(m(n0),c(n0)))]
[+achievable(west(m(s(s(n0))),c(s(s(n0)))),boatoneast,east(m(s(n0)),c(s(n0))))]
[+achievable(west(m(s(s(n0))),c(s(s(s(n0))))),boatonwest,east(m(s(n0)),c(n0)))]
[+achievable(west(m(s(s(s(n0)))),c(s(n0))),boatoneast,east(m(n0),c(s(s(n0)))))]
[+achievable(west(m(s(s(s(n0)))),c(s(s(n0)))),boatoneast,east(m(n0),c(s(n0))))]
[+achievable(west(m(s(s(s(n0)))),c(s(s(n0)))),boatonwest,east(m(n0),c(s(n0))))]
[+achievable(west(m(s(s(s(n0)))),c(n0)),boatoneast,east(m(n0),c(s(s(s(n0))))))]
[+achievable(west(m(s(s(s(n0)))),c(s(n0))),boatonwest,east(m(n0),c(s(s(n0)))))]
[+achievable(west(m(s(n0)),c(s(n0))),boatoneast,east(m(s(s(n0))),c(s(s(n0)))))]
[+achievable(west(m(s(n0)),c(s(s(n0)))),boatonwest,east(m(s(s(n0))),c(s(n0))))]
[+achievable(west(m(n0),c(s(s(n0)))),boatoneast,east(m(s(s(s(n0)))),c(s(n0))))]
[+achievable(west(m(n0),c(s(s(s(n0))))),boatonwest,east(m(s(s(s(n0)))),c(n0)))]
[+achievable(west(m(s(s(n0))),c(s(s(n0)))),boatonwest,east(m(s(n0)),c(s(n0))))]
[+achievable(west(m(n0),c(s(n0))),boatoneast,east(m(s(s(s(n0)))),c(s(s(n0)))))]
[+achievable(west(m(n0),c(s(s(n0)))),boatonwest,east(m(s(s(s(n0)))),c(s(n0))))]
[+achievable(west(m(s(n0)),c(s(n0))),boatonwest,east(m(s(s(n0))),c(s(s(n0)))))]
[+achievable(west(m(n0),c(n0)),boatoneast,east(m(s(s(s(n0)))),c(s(s(s(n0))))))]
[+achievable(west(m(n0),c(s(n0))),boatonwest,east(m(s(s(s(n0)))),c(s(s(n0)))))]

Total execution time was 2508 ms.

Execution time was 2075 ms.

DCIF PROBLEM STAR
PUZ008-1.C1i2_all_ld2-4_DICF-PB-Star
