resultFilename :PUZ008-1.C1i2
nethod:SOLAR-Inc
pbBasename :PUZ008-1.C1i2
variantSuffix:_all_ld2-4
distr suff:
timout :600000
>>>>>>>>>>>> Solving at depth : 4( real 4)
>>>>>>>>>>>> Solve - measure : [59, 43, 10, 10, 0, 0, 0, 0]
SolveToClause Finished!
6 CHARACTERISTIC CLAUSES

[+achievable(west(m(s(s(s(n0)))),c(s(s(n0)))),boatonwest,east(m(n0),c(s(n0))))]
[+achievable(west(m(s(s(n0))),c(s(s(n0)))),boatoneast,east(m(s(n0)),c(s(n0))))]
[+achievable(west(m(s(s(s(n0)))),c(n0)),boatoneast,east(m(n0),c(s(s(s(n0))))))]
[+achievable(west(m(s(s(s(n0)))),c(s(n0))),boatoneast,east(m(n0),c(s(s(n0)))))]
[+achievable(west(m(s(s(s(n0)))),c(s(s(n0)))),boatoneast,east(m(n0),c(s(n0))))]
[+achievable(west(m(s(s(s(n0)))),c(s(s(s(n0))))),boatonwest,east(m(n0),c(n0)))]


Total execution time was 549 ms.


Execution time was 518 ms.

status 103
---System Timeout---
SOLAR PROBLEM
PUZ008-1.C1i2_all_ld2-4_SOLAR-Inc
