resultFilename :PUZ008-1.C1i2
nethod:DICF-PB-Star-FixedRoot-1
pbBasename :PUZ008-1.C1i2
variantSuffix:_all_ld-1--1
distr suff:_kmet6
timout :600000
Time for creating graph: 0.088s
Sys -> Ag0 : {New neighbour}
Sys -> Ag1 : {New neighbour}
Sys -> Ag0 : {New neighbour}
Sys -> Ag2 : {New neighbour}
Sys -> Ag0 : {New neighbour}
Sys -> Ag3 : {New neighbour}
Sys -> Ag0 : {New neighbour}
Sys -> Ag4 : {New neighbour}
Sys -> Ag0 : {New neighbour}
Sys -> Ag5 : {New neighbour}
Sys -> Ag1 : {New neighbour}
Sys -> Ag2 : {New neighbour}
Sys -> Ag1 : {New neighbour}
Sys -> Ag3 : {New neighbour}
Sys -> Ag1 : {New neighbour}
Sys -> Ag4 : {New neighbour}
Sys -> Ag1 : {New neighbour}
Sys -> Ag5 : {New neighbour}
Sys -> Ag2 : {New neighbour}
Sys -> Ag3 : {New neighbour}
Sys -> Ag2 : {New neighbour}
Sys -> Ag4 : {New neighbour}
Sys -> Ag2 : {New neighbour}
Sys -> Ag5 : {New neighbour}
Sys -> Ag3 : {New neighbour}
Sys -> Ag4 : {New neighbour}
Sys -> Ag3 : {New neighbour}
Sys -> Ag5 : {New neighbour}
Sys -> Ag4 : {New neighbour}
Sys -> Ag5 : {New neighbour}
Sys -> Ag0 : {Start}
Sys -> Ag1 : {Start}
Sys -> Ag2 : {Start}
Sys -> Ag3 : {Start}
Sys -> Ag4 : {Start}
Sys -> Ag5 : {Start}
Sys -> Ag0 : {Launch}
Sys -> Ag1 : {Launch}
Sys -> Ag2 : {Launch}
Sys -> Ag3 : {Launch}
Sys -> Ag4 : {Launch}
Sys -> Ag5 : {Launch}
Ag0 <------  {New neighbour}
Ag0 <------  {New neighbour}
Ag0 <------  {New neighbour}
Ag0 <------  {New neighbour}
Ag0 <------  {New neighbour}
Ag0 <------  {Start}
Ag0 -> Sys : {Started}
Ag0 <------  {Launch}
Ag1 <------  {New neighbour}
Ag1 <------  {New neighbour}
Ag1 <------  {New neighbour}
Ag1 <------  {New neighbour}
Ag1 <------  {New neighbour}
Ag1 <------  {Start}
Ag1 -> Sys : {Started}
Ag1 <------  {Launch}
Ag1 receives [[+achievable(west(m(s(s(s(n0)))),c(s(s(s(n0))))),boatonwest,east(m(n0),c(n0)))]]
After pruning [[+achievable(west(m(s(s(s(n0)))),c(s(s(s(n0))))),boatonwest,east(m(n0),c(n0)))]]
Input Languages : {Ag3=[], Ag0=[], Ag5=[+achievable(_0,_1,_2), -achievable(_0,_1,_2)], Ag2=[+achievable(_0,_1,_2), -achievable(_0,_1,_2)], Ag4=[]}
Starting SolveToClause...
Launching solver...
Ag2 <------  {New neighbour}
Ag2 <------  {New neighbour}
Ag2 <------  {New neighbour}
Ag2 <------  {New neighbour}
Ag2 <------  {New neighbour}
Ag2 <------  {Start}
Ag2 -> Sys : {Started}
Ag2 <------  {Launch}
Ag3 <------  {New neighbour}
Ag3 <------  {New neighbour}
Ag3 <------  {New neighbour}
Ag3 <------  {New neighbour}
Ag3 <------  {New neighbour}
Ag3 <------  {Start}
Ag3 -> Sys : {Started}
Ag3 <------  {Launch}
Ag4 <------  {New neighbour}
Ag4 <------  {New neighbour}
Ag4 <------  {New neighbour}
Ag4 <------  {New neighbour}
Ag4 <------  {New neighbour}
Ag4 <------  {Start}
Ag4 -> Sys : {Started}
Ag4 <------  {Launch}
----------------------------------------------------------------------
Clauses:
 [-achievable(west(m(_0),c(s(_1))),boatonwest,east(m(_2),c(_3))), +achievable(west(m(_0),c(_1)),boatoneast,east(m(_2),c(s(_3))))]
 [-achievable(west(m(s(_0)),c(_1)),boatonwest,east(m(_2),c(_3))), +achievable(west(m(_0),c(_1)),boatoneast,east(m(s(_2)),c(_3)))]
 [+achievable(west(_0,_1),_2,east(m(s(_3)),c(s(s(_3)))))]
 [+achievable(west(_0,_1),_2,east(m(s(_3)),c(s(s(s(_3))))))]
 [+achievable(west(m(s(s(s(n0)))),c(s(s(s(n0))))),boatonwest,east(m(n0),c(n0)))]
Top clauses:
 [+achievable(west(m(s(s(s(n0)))),c(s(s(s(n0))))),boatonwest,east(m(n0),c(n0)))]
Production field:
 [+achievable(_0,_1,_2), -achievable(_0,_1,_2), +achievable(_0,_1,_2), -achievable(_0,_1,_2), +achievable(_0,_1,_2)]

>>>>>>>>>>>> Solving at depth : -1( real 0)
Ag5 <------  {New neighbour}
Ag5 <------  {New neighbour}
Ag5 <------  {New neighbour}
Ag5 <------  {New neighbour}
Ag5 <------  {New neighbour}
Ag5 <------  {Start}
Ag5 -> Sys : {Started}
Ag5 <------  {Launch}
Sys <------  {Started}
Sys <------  {Started}
Sys <------  {Started}
Sys <------  {Started}
Sys <------  {Started}
Sys <------  {Started}
>>>>>>>>>>>> Solve - measure : [62, 10, 3, 3, 0, 0, 0, 0]
Solver finished.
SolveToClause Finished!
Ag1: updated receivedCl []
updated lstCsq [[+achievable(west(m(s(s(s(n0)))),c(s(s(n0)))),boatoneast,east(m(n0),c(s(n0))))], [+achievable(west(m(s(s(n0))),c(s(s(s(n0))))),boatoneast,east(m(s(n0)),c(n0)))], [+achievable(west(m(s(s(s(n0)))),c(s(s(s(n0))))),boatonwest,east(m(n0),c(n0)))]]
Ag1 -> Ag0 : Send Clauses : []
Ag0 <------  Send Clauses : []
Ag0 receives []
After pruning []
Input Languages : {}
Ag0: updated receivedCl []
updated lstCsq []
Ag0 -> Ag1 : Send Clauses : []
Ag1 -> Ag2 : Send Clauses : [[+achievable(west(m(s(s(s(n0)))),c(s(s(n0)))),boatoneast,east(m(n0),c(s(n0))))], [+achievable(west(m(s(s(n0))),c(s(s(s(n0))))),boatoneast,east(m(s(n0)),c(n0)))], [+achievable(west(m(s(s(s(n0)))),c(s(s(s(n0))))),boatonwest,east(m(n0),c(n0)))]]
Ag2 <------  Send Clauses : [[+achievable(west(m(s(s(s(n0)))),c(s(s(n0)))),boatoneast,east(m(n0),c(s(n0))))], [+achievable(west(m(s(s(n0))),c(s(s(s(n0))))),boatoneast,east(m(s(n0)),c(n0)))], [+achievable(west(m(s(s(s(n0)))),c(s(s(s(n0))))),boatonwest,east(m(n0),c(n0)))]]
Ag2 receives [[+achievable(west(m(s(s(s(n0)))),c(s(s(n0)))),boatoneast,east(m(n0),c(s(n0))))], [+achievable(west(m(s(s(n0))),c(s(s(s(n0))))),boatoneast,east(m(s(n0)),c(n0)))], [+achievable(west(m(s(s(s(n0)))),c(s(s(s(n0))))),boatonwest,east(m(n0),c(n0)))]]
After pruning [[+achievable(west(m(s(s(s(n0)))),c(s(s(n0)))),boatoneast,east(m(n0),c(s(n0))))], [+achievable(west(m(s(s(s(n0)))),c(s(s(s(n0))))),boatonwest,east(m(n0),c(n0)))]]
Input Languages : {}
Starting SolveToClause...
Launching solver...
----------------------------------------------------------------------
Clauses:
 [-achievable(west(m(_0),c(_1)),boatoneast,east(m(_2),c(s(_3)))), +achievable(west(m(_0),c(s(_1))),boatonwest,east(m(_2),c(_3)))]
 [-achievable(west(m(_0),c(s(s(_1)))),boatonwest,east(m(_2),c(_3))), +achievable(west(m(_0),c(_1)),boatoneast,east(m(_2),c(s(s(_3)))))]
 [-achievable(west(m(_0),c(_1)),boatoneast,east(m(_2),c(s(s(_3))))), +achievable(west(m(_0),c(s(s(_1)))),boatonwest,east(m(_2),c(_3)))]
 [+achievable(west(m(s(_0)),c(s(s(_0)))),_1,east(_2,_3))]
 [+achievable(west(m(s(_0)),c(s(s(s(_0))))),_1,east(_2,_3))]
 [+achievable(west(m(s(s(s(n0)))),c(s(s(n0)))),boatoneast,east(m(n0),c(s(n0))))]
 [+achievable(west(m(s(s(s(n0)))),c(s(s(s(n0))))),boatonwest,east(m(n0),c(n0)))]
Top clauses:
 [+achievable(west(m(s(s(s(n0)))),c(s(s(n0)))),boatoneast,east(m(n0),c(s(n0))))]
 [+achievable(west(m(s(s(s(n0)))),c(s(s(s(n0))))),boatonwest,east(m(n0),c(n0)))]
Production field:
 [+achievable(_0,_1,_2), -achievable(_0,_1,_2), +achievable(_0,_1,_2)]

>>>>>>>>>>>> Solving at depth : -1( real 0)
Ag1 -> Ag3 : Send Clauses : []
>>>>>>>>>>>> Solve - measure : [13, 22, 6, 6, 0, 0, 0, 0]
Solver finished.
SolveToClause Finished!
Ag2: updated receivedCl []
updated lstCsq [[+achievable(west(m(s(s(s(n0)))),c(s(s(n0)))),boatonwest,east(m(n0),c(s(n0))))], [+achievable(west(m(s(s(s(n0)))),c(n0)),boatoneast,east(m(n0),c(s(s(s(n0))))))], [+achievable(west(m(s(s(s(n0)))),c(s(s(n0)))),boatoneast,east(m(n0),c(s(n0))))], [+achievable(west(m(s(s(s(n0)))),c(s(n0))),boatonwest,east(m(n0),c(s(s(n0)))))], [+achievable(west(m(s(s(s(n0)))),c(s(n0))),boatoneast,east(m(n0),c(s(s(n0)))))], [+achievable(west(m(s(s(s(n0)))),c(s(s(s(n0))))),boatonwest,east(m(n0),c(n0)))]]
Ag2 -> Ag1 : Send Clauses : [[+achievable(west(m(s(s(s(n0)))),c(s(s(n0)))),boatonwest,east(m(n0),c(s(n0))))], [+achievable(west(m(s(s(s(n0)))),c(n0)),boatoneast,east(m(n0),c(s(s(s(n0))))))], [+achievable(west(m(s(s(s(n0)))),c(s(s(n0)))),boatoneast,east(m(n0),c(s(n0))))], [+achievable(west(m(s(s(s(n0)))),c(s(n0))),boatonwest,east(m(n0),c(s(s(n0)))))], [+achievable(west(m(s(s(s(n0)))),c(s(n0))),boatoneast,east(m(n0),c(s(s(n0)))))], [+achievable(west(m(s(s(s(n0)))),c(s(s(s(n0))))),boatonwest,east(m(n0),c(n0)))]]
Ag3 <------  Send Clauses : []
Ag3 receives []
After pruning []
Input Languages : {}
Ag3: updated receivedCl []
updated lstCsq []
Ag3 -> Ag1 : Send Clauses : []
Ag1 -> Ag4 : Send Clauses : []
Ag4 <------  Send Clauses : []
Ag4 receives []
After pruning []
Input Languages : {}
Ag4: updated receivedCl []
updated lstCsq []
Ag4 -> Ag1 : Send Clauses : []
Ag1 -> Ag5 : Send Clauses : [[+achievable(west(m(s(s(s(n0)))),c(s(s(n0)))),boatoneast,east(m(n0),c(s(n0))))], [+achievable(west(m(s(s(n0))),c(s(s(s(n0))))),boatoneast,east(m(s(n0)),c(n0)))], [+achievable(west(m(s(s(s(n0)))),c(s(s(s(n0))))),boatonwest,east(m(n0),c(n0)))]]
Ag5 <------  Send Clauses : [[+achievable(west(m(s(s(s(n0)))),c(s(s(n0)))),boatoneast,east(m(n0),c(s(n0))))], [+achievable(west(m(s(s(n0))),c(s(s(s(n0))))),boatoneast,east(m(s(n0)),c(n0)))], [+achievable(west(m(s(s(s(n0)))),c(s(s(s(n0))))),boatonwest,east(m(n0),c(n0)))]]
Ag5 receives [[+achievable(west(m(s(s(s(n0)))),c(s(s(n0)))),boatoneast,east(m(n0),c(s(n0))))], [+achievable(west(m(s(s(n0))),c(s(s(s(n0))))),boatoneast,east(m(s(n0)),c(n0)))], [+achievable(west(m(s(s(s(n0)))),c(s(s(s(n0))))),boatonwest,east(m(n0),c(n0)))]]
After pruning [[+achievable(west(m(s(s(s(n0)))),c(s(s(n0)))),boatoneast,east(m(n0),c(s(n0))))], [+achievable(west(m(s(s(n0))),c(s(s(s(n0))))),boatoneast,east(m(s(n0)),c(n0)))], [+achievable(west(m(s(s(s(n0)))),c(s(s(s(n0))))),boatonwest,east(m(n0),c(n0)))]]
Input Languages : {}
Starting SolveToClause...
Launching solver...
----------------------------------------------------------------------
Clauses:
 [-achievable(west(m(_0),c(_1)),boatoneast,east(m(s(_2)),c(_3))), +achievable(west(m(s(_0)),c(_1)),boatonwest,east(m(_2),c(_3)))]
 [-achievable(west(m(s(s(_0))),c(_1)),boatonwest,east(m(_2),c(_3))), +achievable(west(m(_0),c(_1)),boatoneast,east(m(s(s(_2))),c(_3)))]
 [-achievable(west(m(_0),c(_1)),boatoneast,east(m(s(s(_2))),c(_3))), +achievable(west(m(s(s(_0))),c(_1)),boatonwest,east(m(_2),c(_3)))]
 [-achievable(west(m(s(_0)),c(s(_1))),boatonwest,east(m(_2),c(_3))), +achievable(west(m(_0),c(_1)),boatoneast,east(m(s(_2)),c(s(_3))))]
 [-achievable(west(m(_0),c(_1)),boatoneast,east(m(s(_2)),c(s(_3)))), +achievable(west(m(s(_0)),c(s(_1))),boatonwest,east(m(_2),c(_3)))]
 [+achievable(west(m(s(s(s(n0)))),c(s(s(n0)))),boatoneast,east(m(n0),c(s(n0))))]
 [+achievable(west(m(s(s(n0))),c(s(s(s(n0))))),boatoneast,east(m(s(n0)),c(n0)))]
 [+achievable(west(m(s(s(s(n0)))),c(s(s(s(n0))))),boatonwest,east(m(n0),c(n0)))]
Top clauses:
 [+achievable(west(m(s(s(s(n0)))),c(s(s(n0)))),boatoneast,east(m(n0),c(s(n0))))]
 [+achievable(west(m(s(s(n0))),c(s(s(s(n0))))),boatoneast,east(m(s(n0)),c(n0)))]
 [+achievable(west(m(s(s(s(n0)))),c(s(s(s(n0))))),boatonwest,east(m(n0),c(n0)))]
Production field:
 [+achievable(_0,_1,_2), -achievable(_0,_1,_2), +achievable(_0,_1,_2)]

>>>>>>>>>>>> Solving at depth : -1( real 0)
Ag1 <------  Send Clauses : []
Ag1 <------  Send Clauses : [[+achievable(west(m(s(s(s(n0)))),c(s(s(n0)))),boatonwest,east(m(n0),c(s(n0))))], [+achievable(west(m(s(s(s(n0)))),c(n0)),boatoneast,east(m(n0),c(s(s(s(n0))))))], [+achievable(west(m(s(s(s(n0)))),c(s(s(n0)))),boatoneast,east(m(n0),c(s(n0))))], [+achievable(west(m(s(s(s(n0)))),c(s(n0))),boatonwest,east(m(n0),c(s(s(n0)))))], [+achievable(west(m(s(s(s(n0)))),c(s(n0))),boatoneast,east(m(n0),c(s(s(n0)))))], [+achievable(west(m(s(s(s(n0)))),c(s(s(s(n0))))),boatonwest,east(m(n0),c(n0)))]]
Ag1 <------  Send Clauses : []
Ag1 <------  Send Clauses : []
>>>>>>>>>>>> Solve - measure : [229, 1041, 285, 285, 0, 0, 0, 0]
Solver finished.
SolveToClause Finished!
Ag5: updated receivedCl []
updated lstCsq [[+achievable(west(m(s(s(n0))),c(s(n0))),boatoneast,east(m(s(n0)),c(s(s(n0)))))], [+achievable(west(m(s(s(n0))),c(s(s(s(n0))))),boatoneast,east(m(s(n0)),c(n0)))], [+achievable(west(m(s(s(n0))),c(n0)),boatoneast,east(m(s(n0)),c(s(s(s(n0))))))], [+achievable(west(m(s(n0)),c(s(n0))),boatonwest,east(m(s(s(n0))),c(s(s(n0)))))], [+achievable(west(m(s(s(s(n0)))),c(s(s(n0)))),boatoneast,east(m(n0),c(s(n0))))], [+achievable(west(m(s(s(n0))),c(n0)),boatonwest,east(m(s(n0)),c(s(s(s(n0))))))], [+achievable(west(m(s(s(s(n0)))),c(n0)),boatonwest,east(m(n0),c(s(s(s(n0))))))], [+achievable(west(m(s(s(s(n0)))),c(s(s(n0)))),boatonwest,east(m(n0),c(s(n0))))], [+achievable(west(m(s(s(n0))),c(s(s(s(n0))))),boatonwest,east(m(s(n0)),c(n0)))], [+achievable(west(m(n0),c(s(s(s(n0))))),boatoneast,east(m(s(s(s(n0)))),c(n0)))], [+achievable(west(m(s(s(n0))),c(s(n0))),boatonwest,east(m(s(n0)),c(s(s(n0)))))], [+achievable(west(m(s(n0)),c(s(s(n0)))),boatonwest,east(m(s(s(n0))),c(s(n0))))], [+achievable(west(m(s(n0)),c(s(s(s(n0))))),boatoneast,east(m(s(s(n0))),c(n0)))], [+achievable(west(m(s(s(s(n0)))),c(s(s(s(n0))))),boatonwest,east(m(n0),c(n0)))], [+achievable(west(m(n0),c(n0)),boatoneast,east(m(s(s(s(n0)))),c(s(s(s(n0))))))], [+achievable(west(m(s(n0)),c(s(s(s(n0))))),boatonwest,east(m(s(s(n0))),c(n0)))], [+achievable(west(m(s(n0)),c(n0)),boatonwest,east(m(s(s(n0))),c(s(s(s(n0))))))], [+achievable(west(m(s(n0)),c(s(n0))),boatoneast,east(m(s(s(n0))),c(s(s(n0)))))], [+achievable(west(m(s(s(n0))),c(s(s(n0)))),boatonwest,east(m(s(n0)),c(s(n0))))], [+achievable(west(m(s(n0)),c(n0)),boatoneast,east(m(s(s(n0))),c(s(s(s(n0))))))], [+achievable(west(m(n0),c(s(n0))),boatoneast,east(m(s(s(s(n0)))),c(s(s(n0)))))], [+achievable(west(m(s(s(n0))),c(s(s(n0)))),boatoneast,east(m(s(n0)),c(s(n0))))], [+achievable(west(m(s(s(s(n0)))),c(s(n0))),boatonwest,east(m(n0),c(s(s(n0)))))], [+achievable(west(m(n0),c(s(s(n0)))),boatoneast,east(m(s(s(s(n0)))),c(s(n0))))], [+achievable(west(m(s(n0)),c(s(s(n0)))),boatoneast,east(m(s(s(n0))),c(s(n0))))]]
Ag5 -> Ag1 : Send Clauses : [[+achievable(west(m(s(s(n0))),c(s(n0))),boatoneast,east(m(s(n0)),c(s(s(n0)))))], [+achievable(west(m(s(s(n0))),c(s(s(s(n0))))),boatoneast,east(m(s(n0)),c(n0)))], [+achievable(west(m(s(s(n0))),c(n0)),boatoneast,east(m(s(n0)),c(s(s(s(n0))))))], [+achievable(west(m(s(n0)),c(s(n0))),boatonwest,east(m(s(s(n0))),c(s(s(n0)))))], [+achievable(west(m(s(s(s(n0)))),c(s(s(n0)))),boatoneast,east(m(n0),c(s(n0))))], [+achievable(west(m(s(s(n0))),c(n0)),boatonwest,east(m(s(n0)),c(s(s(s(n0))))))], [+achievable(west(m(s(s(s(n0)))),c(n0)),boatonwest,east(m(n0),c(s(s(s(n0))))))], [+achievable(west(m(s(s(s(n0)))),c(s(s(n0)))),boatonwest,east(m(n0),c(s(n0))))], [+achievable(west(m(s(s(n0))),c(s(s(s(n0))))),boatonwest,east(m(s(n0)),c(n0)))], [+achievable(west(m(n0),c(s(s(s(n0))))),boatoneast,east(m(s(s(s(n0)))),c(n0)))], [+achievable(west(m(s(s(n0))),c(s(n0))),boatonwest,east(m(s(n0)),c(s(s(n0)))))], [+achievable(west(m(s(n0)),c(s(s(n0)))),boatonwest,east(m(s(s(n0))),c(s(n0))))], [+achievable(west(m(s(n0)),c(s(s(s(n0))))),boatoneast,east(m(s(s(n0))),c(n0)))], [+achievable(west(m(s(s(s(n0)))),c(s(s(s(n0))))),boatonwest,east(m(n0),c(n0)))], [+achievable(west(m(n0),c(n0)),boatoneast,east(m(s(s(s(n0)))),c(s(s(s(n0))))))], [+achievable(west(m(s(n0)),c(s(s(s(n0))))),boatonwest,east(m(s(s(n0))),c(n0)))], [+achievable(west(m(s(n0)),c(n0)),boatonwest,east(m(s(s(n0))),c(s(s(s(n0))))))], [+achievable(west(m(s(n0)),c(s(n0))),boatoneast,east(m(s(s(n0))),c(s(s(n0)))))], [+achievable(west(m(s(s(n0))),c(s(s(n0)))),boatonwest,east(m(s(n0)),c(s(n0))))], [+achievable(west(m(s(n0)),c(n0)),boatoneast,east(m(s(s(n0))),c(s(s(s(n0))))))], [+achievable(west(m(n0),c(s(n0))),boatoneast,east(m(s(s(s(n0)))),c(s(s(n0)))))], [+achievable(west(m(s(s(n0))),c(s(s(n0)))),boatoneast,east(m(s(n0)),c(s(n0))))], [+achievable(west(m(s(s(s(n0)))),c(s(n0))),boatonwest,east(m(n0),c(s(s(n0)))))], [+achievable(west(m(n0),c(s(s(n0)))),boatoneast,east(m(s(s(s(n0)))),c(s(n0))))], [+achievable(west(m(s(n0)),c(s(s(n0)))),boatoneast,east(m(s(s(n0))),c(s(n0))))]]
Ag1 <------  Send Clauses : [[+achievable(west(m(s(s(n0))),c(s(n0))),boatoneast,east(m(s(n0)),c(s(s(n0)))))], [+achievable(west(m(s(s(n0))),c(s(s(s(n0))))),boatoneast,east(m(s(n0)),c(n0)))], [+achievable(west(m(s(s(n0))),c(n0)),boatoneast,east(m(s(n0)),c(s(s(s(n0))))))], [+achievable(west(m(s(n0)),c(s(n0))),boatonwest,east(m(s(s(n0))),c(s(s(n0)))))], [+achievable(west(m(s(s(s(n0)))),c(s(s(n0)))),boatoneast,east(m(n0),c(s(n0))))], [+achievable(west(m(s(s(n0))),c(n0)),boatonwest,east(m(s(n0)),c(s(s(s(n0))))))], [+achievable(west(m(s(s(s(n0)))),c(n0)),boatonwest,east(m(n0),c(s(s(s(n0))))))], [+achievable(west(m(s(s(s(n0)))),c(s(s(n0)))),boatonwest,east(m(n0),c(s(n0))))], [+achievable(west(m(s(s(n0))),c(s(s(s(n0))))),boatonwest,east(m(s(n0)),c(n0)))], [+achievable(west(m(n0),c(s(s(s(n0))))),boatoneast,east(m(s(s(s(n0)))),c(n0)))], [+achievable(west(m(s(s(n0))),c(s(n0))),boatonwest,east(m(s(n0)),c(s(s(n0)))))], [+achievable(west(m(s(n0)),c(s(s(n0)))),boatonwest,east(m(s(s(n0))),c(s(n0))))], [+achievable(west(m(s(n0)),c(s(s(s(n0))))),boatoneast,east(m(s(s(n0))),c(n0)))], [+achievable(west(m(s(s(s(n0)))),c(s(s(s(n0))))),boatonwest,east(m(n0),c(n0)))], [+achievable(west(m(n0),c(n0)),boatoneast,east(m(s(s(s(n0)))),c(s(s(s(n0))))))], [+achievable(west(m(s(n0)),c(s(s(s(n0))))),boatonwest,east(m(s(s(n0))),c(n0)))], [+achievable(west(m(s(n0)),c(n0)),boatonwest,east(m(s(s(n0))),c(s(s(s(n0))))))], [+achievable(west(m(s(n0)),c(s(n0))),boatoneast,east(m(s(s(n0))),c(s(s(n0)))))], [+achievable(west(m(s(s(n0))),c(s(s(n0)))),boatonwest,east(m(s(n0)),c(s(n0))))], [+achievable(west(m(s(n0)),c(n0)),boatoneast,east(m(s(s(n0))),c(s(s(s(n0))))))], [+achievable(west(m(n0),c(s(n0))),boatoneast,east(m(s(s(s(n0)))),c(s(s(n0)))))], [+achievable(west(m(s(s(n0))),c(s(s(n0)))),boatoneast,east(m(s(n0)),c(s(n0))))], [+achievable(west(m(s(s(s(n0)))),c(s(n0))),boatonwest,east(m(n0),c(s(s(n0)))))], [+achievable(west(m(n0),c(s(s(n0)))),boatoneast,east(m(s(s(s(n0)))),c(s(n0))))], [+achievable(west(m(s(n0)),c(s(s(n0)))),boatoneast,east(m(s(s(n0))),c(s(n0))))]]
Ag1 receives [[+achievable(west(m(s(s(s(n0)))),c(s(s(s(n0))))),boatonwest,east(m(n0),c(n0)))], [+achievable(west(m(s(s(s(n0)))),c(s(s(n0)))),boatonwest,east(m(n0),c(s(n0))))], [+achievable(west(m(s(s(s(n0)))),c(n0)),boatoneast,east(m(n0),c(s(s(s(n0))))))], [+achievable(west(m(s(s(s(n0)))),c(s(s(n0)))),boatoneast,east(m(n0),c(s(n0))))], [+achievable(west(m(s(s(s(n0)))),c(s(n0))),boatonwest,east(m(n0),c(s(s(n0)))))], [+achievable(west(m(s(s(s(n0)))),c(s(n0))),boatoneast,east(m(n0),c(s(s(n0)))))], [+achievable(west(m(s(s(s(n0)))),c(s(s(s(n0))))),boatonwest,east(m(n0),c(n0)))], [+achievable(west(m(s(s(n0))),c(s(n0))),boatoneast,east(m(s(n0)),c(s(s(n0)))))], [+achievable(west(m(s(s(n0))),c(s(s(s(n0))))),boatoneast,east(m(s(n0)),c(n0)))], [+achievable(west(m(s(s(n0))),c(n0)),boatoneast,east(m(s(n0)),c(s(s(s(n0))))))], [+achievable(west(m(s(n0)),c(s(n0))),boatonwest,east(m(s(s(n0))),c(s(s(n0)))))], [+achievable(west(m(s(s(s(n0)))),c(s(s(n0)))),boatoneast,east(m(n0),c(s(n0))))], [+achievable(west(m(s(s(n0))),c(n0)),boatonwest,east(m(s(n0)),c(s(s(s(n0))))))], [+achievable(west(m(s(s(s(n0)))),c(n0)),boatonwest,east(m(n0),c(s(s(s(n0))))))], [+achievable(west(m(s(s(s(n0)))),c(s(s(n0)))),boatonwest,east(m(n0),c(s(n0))))], [+achievable(west(m(s(s(n0))),c(s(s(s(n0))))),boatonwest,east(m(s(n0)),c(n0)))], [+achievable(west(m(n0),c(s(s(s(n0))))),boatoneast,east(m(s(s(s(n0)))),c(n0)))], [+achievable(west(m(s(s(n0))),c(s(n0))),boatonwest,east(m(s(n0)),c(s(s(n0)))))], [+achievable(west(m(s(n0)),c(s(s(n0)))),boatonwest,east(m(s(s(n0))),c(s(n0))))], [+achievable(west(m(s(n0)),c(s(s(s(n0))))),boatoneast,east(m(s(s(n0))),c(n0)))], [+achievable(west(m(s(s(s(n0)))),c(s(s(s(n0))))),boatonwest,east(m(n0),c(n0)))], [+achievable(west(m(n0),c(n0)),boatoneast,east(m(s(s(s(n0)))),c(s(s(s(n0))))))], [+achievable(west(m(s(n0)),c(s(s(s(n0))))),boatonwest,east(m(s(s(n0))),c(n0)))], [+achievable(west(m(s(n0)),c(n0)),boatonwest,east(m(s(s(n0))),c(s(s(s(n0))))))], [+achievable(west(m(s(n0)),c(s(n0))),boatoneast,east(m(s(s(n0))),c(s(s(n0)))))], [+achievable(west(m(s(s(n0))),c(s(s(n0)))),boatonwest,east(m(s(n0)),c(s(n0))))], [+achievable(west(m(s(n0)),c(n0)),boatoneast,east(m(s(s(n0))),c(s(s(s(n0))))))], [+achievable(west(m(n0),c(s(n0))),boatoneast,east(m(s(s(s(n0)))),c(s(s(n0)))))], [+achievable(west(m(s(s(n0))),c(s(s(n0)))),boatoneast,east(m(s(n0)),c(s(n0))))], [+achievable(west(m(s(s(s(n0)))),c(s(n0))),boatonwest,east(m(n0),c(s(s(n0)))))], [+achievable(west(m(n0),c(s(s(n0)))),boatoneast,east(m(s(s(s(n0)))),c(s(n0))))], [+achievable(west(m(s(n0)),c(s(s(n0)))),boatoneast,east(m(s(s(n0))),c(s(n0))))]]
After pruning [[+achievable(west(m(s(s(s(n0)))),c(s(s(n0)))),boatonwest,east(m(n0),c(s(n0))))], [+achievable(west(m(s(s(s(n0)))),c(n0)),boatoneast,east(m(n0),c(s(s(s(n0))))))], [+achievable(west(m(s(s(s(n0)))),c(s(n0))),boatonwest,east(m(n0),c(s(s(n0)))))], [+achievable(west(m(s(s(s(n0)))),c(s(n0))),boatoneast,east(m(n0),c(s(s(n0)))))], [+achievable(west(m(s(n0)),c(s(n0))),boatonwest,east(m(s(s(n0))),c(s(s(n0)))))], [+achievable(west(m(s(s(s(n0)))),c(n0)),boatonwest,east(m(n0),c(s(s(s(n0))))))], [+achievable(west(m(s(s(s(n0)))),c(s(s(n0)))),boatonwest,east(m(n0),c(s(n0))))], [+achievable(west(m(s(s(n0))),c(s(s(s(n0))))),boatonwest,east(m(s(n0)),c(n0)))], [+achievable(west(m(n0),c(s(s(s(n0))))),boatoneast,east(m(s(s(s(n0)))),c(n0)))], [+achievable(west(m(s(n0)),c(s(s(n0)))),boatonwest,east(m(s(s(n0))),c(s(n0))))], [+achievable(west(m(s(n0)),c(s(s(s(n0))))),boatoneast,east(m(s(s(n0))),c(n0)))], [+achievable(west(m(n0),c(n0)),boatoneast,east(m(s(s(s(n0)))),c(s(s(s(n0))))))], [+achievable(west(m(s(n0)),c(s(s(s(n0))))),boatonwest,east(m(s(s(n0))),c(n0)))], [+achievable(west(m(s(n0)),c(s(n0))),boatoneast,east(m(s(s(n0))),c(s(s(n0)))))], [+achievable(west(m(s(s(n0))),c(s(s(n0)))),boatonwest,east(m(s(n0)),c(s(n0))))], [+achievable(west(m(n0),c(s(n0))),boatoneast,east(m(s(s(s(n0)))),c(s(s(n0)))))], [+achievable(west(m(s(s(n0))),c(s(s(n0)))),boatoneast,east(m(s(n0)),c(s(n0))))], [+achievable(west(m(s(s(s(n0)))),c(s(n0))),boatonwest,east(m(n0),c(s(s(n0)))))], [+achievable(west(m(n0),c(s(s(n0)))),boatoneast,east(m(s(s(s(n0)))),c(s(n0))))], [+achievable(west(m(s(n0)),c(s(s(n0)))),boatoneast,east(m(s(s(n0))),c(s(n0))))]]
Input Languages : {Ag3=[], Ag0=[], Ag5=[+achievable(_0,_1,_2), -achievable(_0,_1,_2)], Ag2=[+achievable(_0,_1,_2), -achievable(_0,_1,_2)], Ag4=[]}
Starting SolveToClause...
Launching solver...
----------------------------------------------------------------------
Clauses:
 [+achievable(west(m(_0),c(_1)),boatoneast,east(m(_2),c(s(_3)))), -achievable(west(m(_0),c(s(_1))),boatonwest,east(m(_2),c(_3)))]
 [+achievable(west(m(_0),c(_1)),boatoneast,east(m(s(_2)),c(_3))), -achievable(west(m(s(_0)),c(_1)),boatonwest,east(m(_2),c(_3)))]
 [+achievable(west(_0,_1),_2,east(m(s(_3)),c(s(s(_3)))))]
 [+achievable(west(_0,_1),_2,east(m(s(_3)),c(s(s(s(_3))))))]
 [+achievable(west(m(s(s(s(n0)))),c(s(s(n0)))),boatoneast,east(m(n0),c(s(n0))))]
 [+achievable(west(m(s(s(n0))),c(s(s(s(n0))))),boatoneast,east(m(s(n0)),c(n0)))]
 [+achievable(west(m(s(s(s(n0)))),c(s(s(s(n0))))),boatonwest,east(m(n0),c(n0)))]
 [+achievable(west(m(s(s(s(n0)))),c(s(s(n0)))),boatonwest,east(m(n0),c(s(n0))))]
 [+achievable(west(m(s(s(s(n0)))),c(n0)),boatoneast,east(m(n0),c(s(s(s(n0))))))]
 [+achievable(west(m(s(s(s(n0)))),c(s(n0))),boatonwest,east(m(n0),c(s(s(n0)))))]
 [+achievable(west(m(s(s(s(n0)))),c(s(n0))),boatoneast,east(m(n0),c(s(s(n0)))))]
 [+achievable(west(m(s(n0)),c(s(n0))),boatonwest,east(m(s(s(n0))),c(s(s(n0)))))]
 [+achievable(west(m(s(s(s(n0)))),c(n0)),boatonwest,east(m(n0),c(s(s(s(n0))))))]
 [+achievable(west(m(s(s(s(n0)))),c(s(s(n0)))),boatonwest,east(m(n0),c(s(n0))))]
 [+achievable(west(m(s(s(n0))),c(s(s(s(n0))))),boatonwest,east(m(s(n0)),c(n0)))]
 [+achievable(west(m(n0),c(s(s(s(n0))))),boatoneast,east(m(s(s(s(n0)))),c(n0)))]
 [+achievable(west(m(s(n0)),c(s(s(n0)))),boatonwest,east(m(s(s(n0))),c(s(n0))))]
 [+achievable(west(m(s(n0)),c(s(s(s(n0))))),boatoneast,east(m(s(s(n0))),c(n0)))]
 [+achievable(west(m(n0),c(n0)),boatoneast,east(m(s(s(s(n0)))),c(s(s(s(n0))))))]
 [+achievable(west(m(s(n0)),c(s(s(s(n0))))),boatonwest,east(m(s(s(n0))),c(n0)))]
 [+achievable(west(m(s(n0)),c(s(n0))),boatoneast,east(m(s(s(n0))),c(s(s(n0)))))]
 [+achievable(west(m(s(s(n0))),c(s(s(n0)))),boatonwest,east(m(s(n0)),c(s(n0))))]
 [+achievable(west(m(n0),c(s(n0))),boatoneast,east(m(s(s(s(n0)))),c(s(s(n0)))))]
 [+achievable(west(m(s(s(n0))),c(s(s(n0)))),boatoneast,east(m(s(n0)),c(s(n0))))]
 [+achievable(west(m(s(s(s(n0)))),c(s(n0))),boatonwest,east(m(n0),c(s(s(n0)))))]
 [+achievable(west(m(n0),c(s(s(n0)))),boatoneast,east(m(s(s(s(n0)))),c(s(n0))))]
 [+achievable(west(m(s(n0)),c(s(s(n0)))),boatoneast,east(m(s(s(n0))),c(s(n0))))]
Top clauses:
 [+achievable(west(m(s(s(s(n0)))),c(s(s(n0)))),boatonwest,east(m(n0),c(s(n0))))]
 [+achievable(west(m(s(s(s(n0)))),c(n0)),boatoneast,east(m(n0),c(s(s(s(n0))))))]
 [+achievable(west(m(s(s(s(n0)))),c(s(n0))),boatonwest,east(m(n0),c(s(s(n0)))))]
 [+achievable(west(m(s(s(s(n0)))),c(s(n0))),boatoneast,east(m(n0),c(s(s(n0)))))]
 [+achievable(west(m(s(n0)),c(s(n0))),boatonwest,east(m(s(s(n0))),c(s(s(n0)))))]
 [+achievable(west(m(s(s(s(n0)))),c(n0)),boatonwest,east(m(n0),c(s(s(s(n0))))))]
 [+achievable(west(m(s(s(s(n0)))),c(s(s(n0)))),boatonwest,east(m(n0),c(s(n0))))]
 [+achievable(west(m(s(s(n0))),c(s(s(s(n0))))),boatonwest,east(m(s(n0)),c(n0)))]
 [+achievable(west(m(n0),c(s(s(s(n0))))),boatoneast,east(m(s(s(s(n0)))),c(n0)))]
 [+achievable(west(m(s(n0)),c(s(s(n0)))),boatonwest,east(m(s(s(n0))),c(s(n0))))]
 [+achievable(west(m(s(n0)),c(s(s(s(n0))))),boatoneast,east(m(s(s(n0))),c(n0)))]
 [+achievable(west(m(n0),c(n0)),boatoneast,east(m(s(s(s(n0)))),c(s(s(s(n0))))))]
 [+achievable(west(m(s(n0)),c(s(s(s(n0))))),boatonwest,east(m(s(s(n0))),c(n0)))]
 [+achievable(west(m(s(n0)),c(s(n0))),boatoneast,east(m(s(s(n0))),c(s(s(n0)))))]
 [+achievable(west(m(s(s(n0))),c(s(s(n0)))),boatonwest,east(m(s(n0)),c(s(n0))))]
 [+achievable(west(m(n0),c(s(n0))),boatoneast,east(m(s(s(s(n0)))),c(s(s(n0)))))]
 [+achievable(west(m(s(s(n0))),c(s(s(n0)))),boatoneast,east(m(s(n0)),c(s(n0))))]
 [+achievable(west(m(s(s(s(n0)))),c(s(n0))),boatonwest,east(m(n0),c(s(s(n0)))))]
 [+achievable(west(m(n0),c(s(s(n0)))),boatoneast,east(m(s(s(s(n0)))),c(s(n0))))]
 [+achievable(west(m(s(n0)),c(s(s(n0)))),boatoneast,east(m(s(s(n0))),c(s(n0))))]
Production field:
 [+achievable(_0,_1,_2), -achievable(_0,_1,_2), +achievable(_0,_1,_2), -achievable(_0,_1,_2), +achievable(_0,_1,_2)]

>>>>>>>>>>>> Solving at depth : -1( real 0)
>>>>>>>>>>>> Solve - measure : [37, 70, 18, 18, 0, 0, 0, 0]
Solver finished.
SolveToClause Finished!
Ag1: updated receivedCl []
updated lstCsq [[+achievable(west(m(s(s(s(n0)))),c(s(s(n0)))),boatoneast,east(m(n0),c(s(n0))))], [+achievable(west(m(s(s(n0))),c(s(s(s(n0))))),boatoneast,east(m(s(n0)),c(n0)))], [+achievable(west(m(s(s(s(n0)))),c(s(s(s(n0))))),boatonwest,east(m(n0),c(n0)))], [+achievable(west(m(n0),c(s(s(n0)))),boatoneast,east(m(s(s(s(n0)))),c(s(n0))))], [+achievable(west(m(s(s(s(n0)))),c(n0)),boatoneast,east(m(n0),c(s(s(s(n0))))))], [+achievable(west(m(s(n0)),c(s(n0))),boatonwest,east(m(s(s(n0))),c(s(s(n0)))))], [+achievable(west(m(s(s(s(n0)))),c(s(n0))),boatoneast,east(m(n0),c(s(s(n0)))))], [+achievable(west(m(s(s(n0))),c(s(s(n0)))),boatonwest,east(m(s(n0)),c(s(n0))))], [+achievable(west(m(s(n0)),c(s(s(s(n0))))),boatonwest,east(m(s(s(n0))),c(n0)))], [+achievable(west(m(s(n0)),c(s(s(s(n0))))),boatoneast,east(m(s(s(n0))),c(n0)))], [+achievable(west(m(s(s(n0))),c(s(s(s(n0))))),boatonwest,east(m(s(n0)),c(n0)))], [+achievable(west(m(s(s(n0))),c(s(s(n0)))),boatoneast,east(m(s(n0)),c(s(n0))))], [+achievable(west(m(s(n0)),c(s(n0))),boatoneast,east(m(s(s(n0))),c(s(s(n0)))))], [+achievable(west(m(s(s(s(n0)))),c(s(n0))),boatonwest,east(m(n0),c(s(s(n0)))))], [+achievable(west(m(n0),c(s(n0))),boatoneast,east(m(s(s(s(n0)))),c(s(s(n0)))))], [+achievable(west(m(n0),c(s(s(s(n0))))),boatoneast,east(m(s(s(s(n0)))),c(n0)))], [+achievable(west(m(n0),c(n0)),boatoneast,east(m(s(s(s(n0)))),c(s(s(s(n0))))))], [+achievable(west(m(s(s(s(n0)))),c(s(s(n0)))),boatonwest,east(m(n0),c(s(n0))))], [+achievable(west(m(s(n0)),c(s(s(n0)))),boatoneast,east(m(s(s(n0))),c(s(n0))))], [+achievable(west(m(s(s(s(n0)))),c(n0)),boatonwest,east(m(n0),c(s(s(s(n0))))))], [+achievable(west(m(s(n0)),c(s(s(n0)))),boatonwest,east(m(s(s(n0))),c(s(n0))))]]
Ag1 -> Ag2 : Send Clauses : [[+achievable(west(m(n0),c(s(s(n0)))),boatoneast,east(m(s(s(s(n0)))),c(s(n0))))], [+achievable(west(m(s(s(s(n0)))),c(n0)),boatoneast,east(m(n0),c(s(s(s(n0))))))], [+achievable(west(m(s(n0)),c(s(n0))),boatonwest,east(m(s(s(n0))),c(s(s(n0)))))], [+achievable(west(m(s(s(s(n0)))),c(s(n0))),boatoneast,east(m(n0),c(s(s(n0)))))], [+achievable(west(m(s(s(n0))),c(s(s(n0)))),boatonwest,east(m(s(n0)),c(s(n0))))], [+achievable(west(m(s(n0)),c(s(s(s(n0))))),boatonwest,east(m(s(s(n0))),c(n0)))], [+achievable(west(m(s(n0)),c(s(s(s(n0))))),boatoneast,east(m(s(s(n0))),c(n0)))], [+achievable(west(m(s(s(n0))),c(s(s(s(n0))))),boatonwest,east(m(s(n0)),c(n0)))], [+achievable(west(m(s(s(n0))),c(s(s(n0)))),boatoneast,east(m(s(n0)),c(s(n0))))], [+achievable(west(m(s(n0)),c(s(n0))),boatoneast,east(m(s(s(n0))),c(s(s(n0)))))], [+achievable(west(m(s(s(s(n0)))),c(s(n0))),boatonwest,east(m(n0),c(s(s(n0)))))], [+achievable(west(m(n0),c(s(n0))),boatoneast,east(m(s(s(s(n0)))),c(s(s(n0)))))], [+achievable(west(m(n0),c(s(s(s(n0))))),boatoneast,east(m(s(s(s(n0)))),c(n0)))], [+achievable(west(m(n0),c(n0)),boatoneast,east(m(s(s(s(n0)))),c(s(s(s(n0))))))], [+achievable(west(m(s(s(s(n0)))),c(s(s(n0)))),boatonwest,east(m(n0),c(s(n0))))], [+achievable(west(m(s(n0)),c(s(s(n0)))),boatoneast,east(m(s(s(n0))),c(s(n0))))], [+achievable(west(m(s(s(s(n0)))),c(n0)),boatonwest,east(m(n0),c(s(s(s(n0))))))], [+achievable(west(m(s(n0)),c(s(s(n0)))),boatonwest,east(m(s(s(n0))),c(s(n0))))]]
Ag2 <------  Send Clauses : [[+achievable(west(m(n0),c(s(s(n0)))),boatoneast,east(m(s(s(s(n0)))),c(s(n0))))], [+achievable(west(m(s(s(s(n0)))),c(n0)),boatoneast,east(m(n0),c(s(s(s(n0))))))], [+achievable(west(m(s(n0)),c(s(n0))),boatonwest,east(m(s(s(n0))),c(s(s(n0)))))], [+achievable(west(m(s(s(s(n0)))),c(s(n0))),boatoneast,east(m(n0),c(s(s(n0)))))], [+achievable(west(m(s(s(n0))),c(s(s(n0)))),boatonwest,east(m(s(n0)),c(s(n0))))], [+achievable(west(m(s(n0)),c(s(s(s(n0))))),boatonwest,east(m(s(s(n0))),c(n0)))], [+achievable(west(m(s(n0)),c(s(s(s(n0))))),boatoneast,east(m(s(s(n0))),c(n0)))], [+achievable(west(m(s(s(n0))),c(s(s(s(n0))))),boatonwest,east(m(s(n0)),c(n0)))], [+achievable(west(m(s(s(n0))),c(s(s(n0)))),boatoneast,east(m(s(n0)),c(s(n0))))], [+achievable(west(m(s(n0)),c(s(n0))),boatoneast,east(m(s(s(n0))),c(s(s(n0)))))], [+achievable(west(m(s(s(s(n0)))),c(s(n0))),boatonwest,east(m(n0),c(s(s(n0)))))], [+achievable(west(m(n0),c(s(n0))),boatoneast,east(m(s(s(s(n0)))),c(s(s(n0)))))], [+achievable(west(m(n0),c(s(s(s(n0))))),boatoneast,east(m(s(s(s(n0)))),c(n0)))], [+achievable(west(m(n0),c(n0)),boatoneast,east(m(s(s(s(n0)))),c(s(s(s(n0))))))], [+achievable(west(m(s(s(s(n0)))),c(s(s(n0)))),boatonwest,east(m(n0),c(s(n0))))], [+achievable(west(m(s(n0)),c(s(s(n0)))),boatoneast,east(m(s(s(n0))),c(s(n0))))], [+achievable(west(m(s(s(s(n0)))),c(n0)),boatonwest,east(m(n0),c(s(s(s(n0))))))], [+achievable(west(m(s(n0)),c(s(s(n0)))),boatonwest,east(m(s(s(n0))),c(s(n0))))]]
Ag2 receives [[+achievable(west(m(n0),c(s(s(n0)))),boatoneast,east(m(s(s(s(n0)))),c(s(n0))))], [+achievable(west(m(s(s(s(n0)))),c(n0)),boatoneast,east(m(n0),c(s(s(s(n0))))))], [+achievable(west(m(s(n0)),c(s(n0))),boatonwest,east(m(s(s(n0))),c(s(s(n0)))))], [+achievable(west(m(s(s(s(n0)))),c(s(n0))),boatoneast,east(m(n0),c(s(s(n0)))))], [+achievable(west(m(s(s(n0))),c(s(s(n0)))),boatonwest,east(m(s(n0)),c(s(n0))))], [+achievable(west(m(s(n0)),c(s(s(s(n0))))),boatonwest,east(m(s(s(n0))),c(n0)))], [+achievable(west(m(s(n0)),c(s(s(s(n0))))),boatoneast,east(m(s(s(n0))),c(n0)))], [+achievable(west(m(s(s(n0))),c(s(s(s(n0))))),boatonwest,east(m(s(n0)),c(n0)))], [+achievable(west(m(s(s(n0))),c(s(s(n0)))),boatoneast,east(m(s(n0)),c(s(n0))))], [+achievable(west(m(s(n0)),c(s(n0))),boatoneast,east(m(s(s(n0))),c(s(s(n0)))))], [+achievable(west(m(s(s(s(n0)))),c(s(n0))),boatonwest,east(m(n0),c(s(s(n0)))))], [+achievable(west(m(n0),c(s(n0))),boatoneast,east(m(s(s(s(n0)))),c(s(s(n0)))))], [+achievable(west(m(n0),c(s(s(s(n0))))),boatoneast,east(m(s(s(s(n0)))),c(n0)))], [+achievable(west(m(n0),c(n0)),boatoneast,east(m(s(s(s(n0)))),c(s(s(s(n0))))))], [+achievable(west(m(s(s(s(n0)))),c(s(s(n0)))),boatonwest,east(m(n0),c(s(n0))))], [+achievable(west(m(s(n0)),c(s(s(n0)))),boatoneast,east(m(s(s(n0))),c(s(n0))))], [+achievable(west(m(s(s(s(n0)))),c(n0)),boatonwest,east(m(n0),c(s(s(s(n0))))))], [+achievable(west(m(s(n0)),c(s(s(n0)))),boatonwest,east(m(s(s(n0))),c(s(n0))))]]
After pruning [[+achievable(west(m(n0),c(s(s(n0)))),boatoneast,east(m(s(s(s(n0)))),c(s(n0))))], [+achievable(west(m(s(n0)),c(s(n0))),boatonwest,east(m(s(s(n0))),c(s(s(n0)))))], [+achievable(west(m(s(s(n0))),c(s(s(n0)))),boatonwest,east(m(s(n0)),c(s(n0))))], [+achievable(west(m(s(s(n0))),c(s(s(n0)))),boatoneast,east(m(s(n0)),c(s(n0))))], [+achievable(west(m(s(n0)),c(s(n0))),boatoneast,east(m(s(s(n0))),c(s(s(n0)))))], [+achievable(west(m(n0),c(s(n0))),boatoneast,east(m(s(s(s(n0)))),c(s(s(n0)))))], [+achievable(west(m(n0),c(s(s(s(n0))))),boatoneast,east(m(s(s(s(n0)))),c(n0)))], [+achievable(west(m(n0),c(n0)),boatoneast,east(m(s(s(s(n0)))),c(s(s(s(n0))))))], [+achievable(west(m(s(s(s(n0)))),c(n0)),boatonwest,east(m(n0),c(s(s(s(n0))))))]]
Input Languages : {}
Starting SolveToClause...
Launching solver...
----------------------------------------------------------------------
Clauses:
 [+achievable(west(m(_0),c(s(_1))),boatonwest,east(m(_2),c(_3))), -achievable(west(m(_0),c(_1)),boatoneast,east(m(_2),c(s(_3))))]
 [+achievable(west(m(_0),c(_1)),boatoneast,east(m(_2),c(s(s(_3))))), -achievable(west(m(_0),c(s(s(_1)))),boatonwest,east(m(_2),c(_3)))]
 [+achievable(west(m(_0),c(s(s(_1)))),boatonwest,east(m(_2),c(_3))), -achievable(west(m(_0),c(_1)),boatoneast,east(m(_2),c(s(s(_3)))))]
 [+achievable(west(m(s(_0)),c(s(s(_0)))),_1,east(_2,_3))]
 [+achievable(west(m(s(_0)),c(s(s(s(_0))))),_1,east(_2,_3))]
 [+achievable(west(m(s(s(s(n0)))),c(s(s(n0)))),boatonwest,east(m(n0),c(s(n0))))]
 [+achievable(west(m(s(s(s(n0)))),c(n0)),boatoneast,east(m(n0),c(s(s(s(n0))))))]
 [+achievable(west(m(s(s(s(n0)))),c(s(s(n0)))),boatoneast,east(m(n0),c(s(n0))))]
 [+achievable(west(m(s(s(s(n0)))),c(s(n0))),boatonwest,east(m(n0),c(s(s(n0)))))]
 [+achievable(west(m(s(s(s(n0)))),c(s(n0))),boatoneast,east(m(n0),c(s(s(n0)))))]
 [+achievable(west(m(s(s(s(n0)))),c(s(s(s(n0))))),boatonwest,east(m(n0),c(n0)))]
 [+achievable(west(m(n0),c(s(s(n0)))),boatoneast,east(m(s(s(s(n0)))),c(s(n0))))]
 [+achievable(west(m(s(n0)),c(s(n0))),boatonwest,east(m(s(s(n0))),c(s(s(n0)))))]
 [+achievable(west(m(s(s(n0))),c(s(s(n0)))),boatonwest,east(m(s(n0)),c(s(n0))))]
 [+achievable(west(m(s(s(n0))),c(s(s(n0)))),boatoneast,east(m(s(n0)),c(s(n0))))]
 [+achievable(west(m(s(n0)),c(s(n0))),boatoneast,east(m(s(s(n0))),c(s(s(n0)))))]
 [+achievable(west(m(n0),c(s(n0))),boatoneast,east(m(s(s(s(n0)))),c(s(s(n0)))))]
 [+achievable(west(m(n0),c(s(s(s(n0))))),boatoneast,east(m(s(s(s(n0)))),c(n0)))]
 [+achievable(west(m(n0),c(n0)),boatoneast,east(m(s(s(s(n0)))),c(s(s(s(n0))))))]
 [+achievable(west(m(s(s(s(n0)))),c(n0)),boatonwest,east(m(n0),c(s(s(s(n0))))))]
Top clauses:
 [+achievable(west(m(n0),c(s(s(n0)))),boatoneast,east(m(s(s(s(n0)))),c(s(n0))))]
 [+achievable(west(m(s(n0)),c(s(n0))),boatonwest,east(m(s(s(n0))),c(s(s(n0)))))]
 [+achievable(west(m(s(s(n0))),c(s(s(n0)))),boatonwest,east(m(s(n0)),c(s(n0))))]
 [+achievable(west(m(s(s(n0))),c(s(s(n0)))),boatoneast,east(m(s(n0)),c(s(n0))))]
 [+achievable(west(m(s(n0)),c(s(n0))),boatoneast,east(m(s(s(n0))),c(s(s(n0)))))]
 [+achievable(west(m(n0),c(s(n0))),boatoneast,east(m(s(s(s(n0)))),c(s(s(n0)))))]
 [+achievable(west(m(n0),c(s(s(s(n0))))),boatoneast,east(m(s(s(s(n0)))),c(n0)))]
 [+achievable(west(m(n0),c(n0)),boatoneast,east(m(s(s(s(n0)))),c(s(s(s(n0))))))]
 [+achievable(west(m(s(s(s(n0)))),c(n0)),boatonwest,east(m(n0),c(s(s(s(n0))))))]
Production field:
 [+achievable(_0,_1,_2), -achievable(_0,_1,_2), +achievable(_0,_1,_2)]

>>>>>>>>>>>> Solving at depth : -1( real 0)
Ag1 -> Ag5 : Send Clauses : [[+achievable(west(m(n0),c(s(s(n0)))),boatoneast,east(m(s(s(s(n0)))),c(s(n0))))], [+achievable(west(m(s(s(s(n0)))),c(n0)),boatoneast,east(m(n0),c(s(s(s(n0))))))], [+achievable(west(m(s(n0)),c(s(n0))),boatonwest,east(m(s(s(n0))),c(s(s(n0)))))], [+achievable(west(m(s(s(s(n0)))),c(s(n0))),boatoneast,east(m(n0),c(s(s(n0)))))], [+achievable(west(m(s(s(n0))),c(s(s(n0)))),boatonwest,east(m(s(n0)),c(s(n0))))], [+achievable(west(m(s(n0)),c(s(s(s(n0))))),boatonwest,east(m(s(s(n0))),c(n0)))], [+achievable(west(m(s(n0)),c(s(s(s(n0))))),boatoneast,east(m(s(s(n0))),c(n0)))], [+achievable(west(m(s(s(n0))),c(s(s(s(n0))))),boatonwest,east(m(s(n0)),c(n0)))], [+achievable(west(m(s(s(n0))),c(s(s(n0)))),boatoneast,east(m(s(n0)),c(s(n0))))], [+achievable(west(m(s(n0)),c(s(n0))),boatoneast,east(m(s(s(n0))),c(s(s(n0)))))], [+achievable(west(m(s(s(s(n0)))),c(s(n0))),boatonwest,east(m(n0),c(s(s(n0)))))], [+achievable(west(m(n0),c(s(n0))),boatoneast,east(m(s(s(s(n0)))),c(s(s(n0)))))], [+achievable(west(m(n0),c(s(s(s(n0))))),boatoneast,east(m(s(s(s(n0)))),c(n0)))], [+achievable(west(m(n0),c(n0)),boatoneast,east(m(s(s(s(n0)))),c(s(s(s(n0))))))], [+achievable(west(m(s(s(s(n0)))),c(s(s(n0)))),boatonwest,east(m(n0),c(s(n0))))], [+achievable(west(m(s(n0)),c(s(s(n0)))),boatoneast,east(m(s(s(n0))),c(s(n0))))], [+achievable(west(m(s(s(s(n0)))),c(n0)),boatonwest,east(m(n0),c(s(s(s(n0))))))], [+achievable(west(m(s(n0)),c(s(s(n0)))),boatonwest,east(m(s(s(n0))),c(s(n0))))]]
Ag5 <------  Send Clauses : [[+achievable(west(m(n0),c(s(s(n0)))),boatoneast,east(m(s(s(s(n0)))),c(s(n0))))], [+achievable(west(m(s(s(s(n0)))),c(n0)),boatoneast,east(m(n0),c(s(s(s(n0))))))], [+achievable(west(m(s(n0)),c(s(n0))),boatonwest,east(m(s(s(n0))),c(s(s(n0)))))], [+achievable(west(m(s(s(s(n0)))),c(s(n0))),boatoneast,east(m(n0),c(s(s(n0)))))], [+achievable(west(m(s(s(n0))),c(s(s(n0)))),boatonwest,east(m(s(n0)),c(s(n0))))], [+achievable(west(m(s(n0)),c(s(s(s(n0))))),boatonwest,east(m(s(s(n0))),c(n0)))], [+achievable(west(m(s(n0)),c(s(s(s(n0))))),boatoneast,east(m(s(s(n0))),c(n0)))], [+achievable(west(m(s(s(n0))),c(s(s(s(n0))))),boatonwest,east(m(s(n0)),c(n0)))], [+achievable(west(m(s(s(n0))),c(s(s(n0)))),boatoneast,east(m(s(n0)),c(s(n0))))], [+achievable(west(m(s(n0)),c(s(n0))),boatoneast,east(m(s(s(n0))),c(s(s(n0)))))], [+achievable(west(m(s(s(s(n0)))),c(s(n0))),boatonwest,east(m(n0),c(s(s(n0)))))], [+achievable(west(m(n0),c(s(n0))),boatoneast,east(m(s(s(s(n0)))),c(s(s(n0)))))], [+achievable(west(m(n0),c(s(s(s(n0))))),boatoneast,east(m(s(s(s(n0)))),c(n0)))], [+achievable(west(m(n0),c(n0)),boatoneast,east(m(s(s(s(n0)))),c(s(s(s(n0))))))], [+achievable(west(m(s(s(s(n0)))),c(s(s(n0)))),boatonwest,east(m(n0),c(s(n0))))], [+achievable(west(m(s(n0)),c(s(s(n0)))),boatoneast,east(m(s(s(n0))),c(s(n0))))], [+achievable(west(m(s(s(s(n0)))),c(n0)),boatonwest,east(m(n0),c(s(s(s(n0))))))], [+achievable(west(m(s(n0)),c(s(s(n0)))),boatonwest,east(m(s(s(n0))),c(s(n0))))]]
Ag5 receives [[+achievable(west(m(n0),c(s(s(n0)))),boatoneast,east(m(s(s(s(n0)))),c(s(n0))))], [+achievable(west(m(s(s(s(n0)))),c(n0)),boatoneast,east(m(n0),c(s(s(s(n0))))))], [+achievable(west(m(s(n0)),c(s(n0))),boatonwest,east(m(s(s(n0))),c(s(s(n0)))))], [+achievable(west(m(s(s(s(n0)))),c(s(n0))),boatoneast,east(m(n0),c(s(s(n0)))))], [+achievable(west(m(s(s(n0))),c(s(s(n0)))),boatonwest,east(m(s(n0)),c(s(n0))))], [+achievable(west(m(s(n0)),c(s(s(s(n0))))),boatonwest,east(m(s(s(n0))),c(n0)))], [+achievable(west(m(s(n0)),c(s(s(s(n0))))),boatoneast,east(m(s(s(n0))),c(n0)))], [+achievable(west(m(s(s(n0))),c(s(s(s(n0))))),boatonwest,east(m(s(n0)),c(n0)))], [+achievable(west(m(s(s(n0))),c(s(s(n0)))),boatoneast,east(m(s(n0)),c(s(n0))))], [+achievable(west(m(s(n0)),c(s(n0))),boatoneast,east(m(s(s(n0))),c(s(s(n0)))))], [+achievable(west(m(s(s(s(n0)))),c(s(n0))),boatonwest,east(m(n0),c(s(s(n0)))))], [+achievable(west(m(n0),c(s(n0))),boatoneast,east(m(s(s(s(n0)))),c(s(s(n0)))))], [+achievable(west(m(n0),c(s(s(s(n0))))),boatoneast,east(m(s(s(s(n0)))),c(n0)))], [+achievable(west(m(n0),c(n0)),boatoneast,east(m(s(s(s(n0)))),c(s(s(s(n0))))))], [+achievable(west(m(s(s(s(n0)))),c(s(s(n0)))),boatonwest,east(m(n0),c(s(n0))))], [+achievable(west(m(s(n0)),c(s(s(n0)))),boatoneast,east(m(s(s(n0))),c(s(n0))))], [+achievable(west(m(s(s(s(n0)))),c(n0)),boatonwest,east(m(n0),c(s(s(s(n0))))))], [+achievable(west(m(s(n0)),c(s(s(n0)))),boatonwest,east(m(s(s(n0))),c(s(n0))))]]
After pruning [[+achievable(west(m(s(s(s(n0)))),c(n0)),boatoneast,east(m(n0),c(s(s(s(n0))))))], [+achievable(west(m(s(s(s(n0)))),c(s(n0))),boatoneast,east(m(n0),c(s(s(n0)))))]]
Input Languages : {}
Starting SolveToClause...
Launching solver...
----------------------------------------------------------------------
Clauses:
 [+achievable(west(m(s(_0)),c(_1)),boatonwest,east(m(_2),c(_3))), -achievable(west(m(_0),c(_1)),boatoneast,east(m(s(_2)),c(_3)))]
 [+achievable(west(m(_0),c(_1)),boatoneast,east(m(s(s(_2))),c(_3))), -achievable(west(m(s(s(_0))),c(_1)),boatonwest,east(m(_2),c(_3)))]
 [-achievable(west(m(_0),c(_1)),boatoneast,east(m(s(s(_2))),c(_3))), +achievable(west(m(s(s(_0))),c(_1)),boatonwest,east(m(_2),c(_3)))]
 [+achievable(west(m(_0),c(_1)),boatoneast,east(m(s(_2)),c(s(_3)))), -achievable(west(m(s(_0)),c(s(_1))),boatonwest,east(m(_2),c(_3)))]
 [-achievable(west(m(_0),c(_1)),boatoneast,east(m(s(_2)),c(s(_3)))), +achievable(west(m(s(_0)),c(s(_1))),boatonwest,east(m(_2),c(_3)))]
 [+achievable(west(m(s(s(n0))),c(s(n0))),boatoneast,east(m(s(n0)),c(s(s(n0)))))]
 [+achievable(west(m(s(s(n0))),c(s(s(s(n0))))),boatoneast,east(m(s(n0)),c(n0)))]
 [+achievable(west(m(s(s(n0))),c(n0)),boatoneast,east(m(s(n0)),c(s(s(s(n0))))))]
 [+achievable(west(m(s(n0)),c(s(n0))),boatonwest,east(m(s(s(n0))),c(s(s(n0)))))]
 [+achievable(west(m(s(s(s(n0)))),c(s(s(n0)))),boatoneast,east(m(n0),c(s(n0))))]
 [+achievable(west(m(s(s(n0))),c(n0)),boatonwest,east(m(s(n0)),c(s(s(s(n0))))))]
 [+achievable(west(m(s(s(s(n0)))),c(n0)),boatonwest,east(m(n0),c(s(s(s(n0))))))]
 [+achievable(west(m(s(s(s(n0)))),c(s(s(n0)))),boatonwest,east(m(n0),c(s(n0))))]
 [+achievable(west(m(s(s(n0))),c(s(s(s(n0))))),boatonwest,east(m(s(n0)),c(n0)))]
 [+achievable(west(m(n0),c(s(s(s(n0))))),boatoneast,east(m(s(s(s(n0)))),c(n0)))]
 [+achievable(west(m(s(s(n0))),c(s(n0))),boatonwest,east(m(s(n0)),c(s(s(n0)))))]
 [+achievable(west(m(s(n0)),c(s(s(n0)))),boatonwest,east(m(s(s(n0))),c(s(n0))))]
 [+achievable(west(m(s(n0)),c(s(s(s(n0))))),boatoneast,east(m(s(s(n0))),c(n0)))]
 [+achievable(west(m(s(s(s(n0)))),c(s(s(s(n0))))),boatonwest,east(m(n0),c(n0)))]
 [+achievable(west(m(n0),c(n0)),boatoneast,east(m(s(s(s(n0)))),c(s(s(s(n0))))))]
 [+achievable(west(m(s(n0)),c(s(s(s(n0))))),boatonwest,east(m(s(s(n0))),c(n0)))]
 [+achievable(west(m(s(n0)),c(n0)),boatonwest,east(m(s(s(n0))),c(s(s(s(n0))))))]
 [+achievable(west(m(s(n0)),c(s(n0))),boatoneast,east(m(s(s(n0))),c(s(s(n0)))))]
 [+achievable(west(m(s(s(n0))),c(s(s(n0)))),boatonwest,east(m(s(n0)),c(s(n0))))]
 [+achievable(west(m(s(n0)),c(n0)),boatoneast,east(m(s(s(n0))),c(s(s(s(n0))))))]
 [+achievable(west(m(n0),c(s(n0))),boatoneast,east(m(s(s(s(n0)))),c(s(s(n0)))))]
 [+achievable(west(m(s(s(n0))),c(s(s(n0)))),boatoneast,east(m(s(n0)),c(s(n0))))]
 [+achievable(west(m(s(s(s(n0)))),c(s(n0))),boatonwest,east(m(n0),c(s(s(n0)))))]
 [+achievable(west(m(n0),c(s(s(n0)))),boatoneast,east(m(s(s(s(n0)))),c(s(n0))))]
 [+achievable(west(m(s(n0)),c(s(s(n0)))),boatoneast,east(m(s(s(n0))),c(s(n0))))]
 [+achievable(west(m(s(s(s(n0)))),c(n0)),boatoneast,east(m(n0),c(s(s(s(n0))))))]
 [+achievable(west(m(s(s(s(n0)))),c(s(n0))),boatoneast,east(m(n0),c(s(s(n0)))))]
Top clauses:
 [+achievable(west(m(s(s(s(n0)))),c(n0)),boatoneast,east(m(n0),c(s(s(s(n0))))))]
 [+achievable(west(m(s(s(s(n0)))),c(s(n0))),boatoneast,east(m(n0),c(s(s(n0)))))]
Production field:
 [+achievable(_0,_1,_2), -achievable(_0,_1,_2), +achievable(_0,_1,_2)]

>>>>>>>>>>>> Solving at depth : -1( real 0)
>>>>>>>>>>>> Solve - measure : [38, 57, 16, 16, 0, 0, 0, 0]
Solver finished.
SolveToClause Finished!
Ag2: updated receivedCl []
updated lstCsq [[+achievable(west(m(s(s(s(n0)))),c(s(s(n0)))),boatonwest,east(m(n0),c(s(n0))))], [+achievable(west(m(s(s(s(n0)))),c(n0)),boatoneast,east(m(n0),c(s(s(s(n0))))))], [+achievable(west(m(s(s(s(n0)))),c(s(s(n0)))),boatoneast,east(m(n0),c(s(n0))))], [+achievable(west(m(s(s(s(n0)))),c(s(n0))),boatonwest,east(m(n0),c(s(s(n0)))))], [+achievable(west(m(s(s(s(n0)))),c(s(n0))),boatoneast,east(m(n0),c(s(s(n0)))))], [+achievable(west(m(s(s(s(n0)))),c(s(s(s(n0))))),boatonwest,east(m(n0),c(n0)))], [+achievable(west(m(n0),c(s(s(n0)))),boatoneast,east(m(s(s(s(n0)))),c(s(n0))))], [+achievable(west(m(s(s(n0))),c(n0)),boatoneast,east(m(s(n0)),c(s(s(s(n0))))))], [+achievable(west(m(s(n0)),c(s(n0))),boatonwest,east(m(s(s(n0))),c(s(s(n0)))))], [+achievable(west(m(s(s(n0))),c(s(s(n0)))),boatonwest,east(m(s(n0)),c(s(n0))))], [+achievable(west(m(s(s(n0))),c(s(n0))),boatonwest,east(m(s(n0)),c(s(s(n0)))))], [+achievable(west(m(n0),c(s(n0))),boatonwest,east(m(s(s(s(n0)))),c(s(s(n0)))))], [+achievable(west(m(s(s(n0))),c(s(s(n0)))),boatoneast,east(m(s(n0)),c(s(n0))))], [+achievable(west(m(s(n0)),c(s(n0))),boatoneast,east(m(s(s(n0))),c(s(s(n0)))))], [+achievable(west(m(n0),c(s(s(n0)))),boatonwest,east(m(s(s(s(n0)))),c(s(n0))))], [+achievable(west(m(n0),c(s(s(s(n0))))),boatoneast,east(m(s(s(s(n0)))),c(n0)))], [+achievable(west(m(n0),c(s(n0))),boatoneast,east(m(s(s(s(n0)))),c(s(s(n0)))))], [+achievable(west(m(n0),c(n0)),boatoneast,east(m(s(s(s(n0)))),c(s(s(s(n0))))))], [+achievable(west(m(n0),c(s(s(s(n0))))),boatonwest,east(m(s(s(s(n0)))),c(n0)))], [+achievable(west(m(s(s(s(n0)))),c(n0)),boatonwest,east(m(n0),c(s(s(s(n0))))))]]
Ag2 -> Ag1 : Send Clauses : [[+achievable(west(m(n0),c(s(s(n0)))),boatoneast,east(m(s(s(s(n0)))),c(s(n0))))], [+achievable(west(m(s(s(n0))),c(n0)),boatoneast,east(m(s(n0)),c(s(s(s(n0))))))], [+achievable(west(m(s(n0)),c(s(n0))),boatonwest,east(m(s(s(n0))),c(s(s(n0)))))], [+achievable(west(m(s(s(n0))),c(s(s(n0)))),boatonwest,east(m(s(n0)),c(s(n0))))], [+achievable(west(m(s(s(n0))),c(s(n0))),boatonwest,east(m(s(n0)),c(s(s(n0)))))], [+achievable(west(m(n0),c(s(n0))),boatonwest,east(m(s(s(s(n0)))),c(s(s(n0)))))], [+achievable(west(m(s(s(n0))),c(s(s(n0)))),boatoneast,east(m(s(n0)),c(s(n0))))], [+achievable(west(m(s(n0)),c(s(n0))),boatoneast,east(m(s(s(n0))),c(s(s(n0)))))], [+achievable(west(m(n0),c(s(s(n0)))),boatonwest,east(m(s(s(s(n0)))),c(s(n0))))], [+achievable(west(m(n0),c(s(s(s(n0))))),boatoneast,east(m(s(s(s(n0)))),c(n0)))], [+achievable(west(m(n0),c(s(n0))),boatoneast,east(m(s(s(s(n0)))),c(s(s(n0)))))], [+achievable(west(m(n0),c(n0)),boatoneast,east(m(s(s(s(n0)))),c(s(s(s(n0))))))], [+achievable(west(m(n0),c(s(s(s(n0))))),boatonwest,east(m(s(s(s(n0)))),c(n0)))], [+achievable(west(m(s(s(s(n0)))),c(n0)),boatonwest,east(m(n0),c(s(s(s(n0))))))]]
Ag1 <------  Send Clauses : [[+achievable(west(m(n0),c(s(s(n0)))),boatoneast,east(m(s(s(s(n0)))),c(s(n0))))], [+achievable(west(m(s(s(n0))),c(n0)),boatoneast,east(m(s(n0)),c(s(s(s(n0))))))], [+achievable(west(m(s(n0)),c(s(n0))),boatonwest,east(m(s(s(n0))),c(s(s(n0)))))], [+achievable(west(m(s(s(n0))),c(s(s(n0)))),boatonwest,east(m(s(n0)),c(s(n0))))], [+achievable(west(m(s(s(n0))),c(s(n0))),boatonwest,east(m(s(n0)),c(s(s(n0)))))], [+achievable(west(m(n0),c(s(n0))),boatonwest,east(m(s(s(s(n0)))),c(s(s(n0)))))], [+achievable(west(m(s(s(n0))),c(s(s(n0)))),boatoneast,east(m(s(n0)),c(s(n0))))], [+achievable(west(m(s(n0)),c(s(n0))),boatoneast,east(m(s(s(n0))),c(s(s(n0)))))], [+achievable(west(m(n0),c(s(s(n0)))),boatonwest,east(m(s(s(s(n0)))),c(s(n0))))], [+achievable(west(m(n0),c(s(s(s(n0))))),boatoneast,east(m(s(s(s(n0)))),c(n0)))], [+achievable(west(m(n0),c(s(n0))),boatoneast,east(m(s(s(s(n0)))),c(s(s(n0)))))], [+achievable(west(m(n0),c(n0)),boatoneast,east(m(s(s(s(n0)))),c(s(s(s(n0))))))], [+achievable(west(m(n0),c(s(s(s(n0))))),boatonwest,east(m(s(s(s(n0)))),c(n0)))], [+achievable(west(m(s(s(s(n0)))),c(n0)),boatonwest,east(m(n0),c(s(s(s(n0))))))]]
>>>>>>>>>>>> Solve - measure : [44, 7, 2, 2, 0, 0, 0, 0]
Solver finished.
SolveToClause Finished!
Ag5: updated receivedCl []
updated lstCsq [[+achievable(west(m(s(s(n0))),c(s(n0))),boatoneast,east(m(s(n0)),c(s(s(n0)))))], [+achievable(west(m(s(s(n0))),c(s(s(s(n0))))),boatoneast,east(m(s(n0)),c(n0)))], [+achievable(west(m(s(s(n0))),c(n0)),boatoneast,east(m(s(n0)),c(s(s(s(n0))))))], [+achievable(west(m(s(n0)),c(s(n0))),boatonwest,east(m(s(s(n0))),c(s(s(n0)))))], [+achievable(west(m(s(s(s(n0)))),c(s(s(n0)))),boatoneast,east(m(n0),c(s(n0))))], [+achievable(west(m(s(s(n0))),c(n0)),boatonwest,east(m(s(n0)),c(s(s(s(n0))))))], [+achievable(west(m(s(s(s(n0)))),c(n0)),boatonwest,east(m(n0),c(s(s(s(n0))))))], [+achievable(west(m(s(s(s(n0)))),c(s(s(n0)))),boatonwest,east(m(n0),c(s(n0))))], [+achievable(west(m(s(s(n0))),c(s(s(s(n0))))),boatonwest,east(m(s(n0)),c(n0)))], [+achievable(west(m(n0),c(s(s(s(n0))))),boatoneast,east(m(s(s(s(n0)))),c(n0)))], [+achievable(west(m(s(s(n0))),c(s(n0))),boatonwest,east(m(s(n0)),c(s(s(n0)))))], [+achievable(west(m(s(n0)),c(s(s(n0)))),boatonwest,east(m(s(s(n0))),c(s(n0))))], [+achievable(west(m(s(n0)),c(s(s(s(n0))))),boatoneast,east(m(s(s(n0))),c(n0)))], [+achievable(west(m(s(s(s(n0)))),c(s(s(s(n0))))),boatonwest,east(m(n0),c(n0)))], [+achievable(west(m(n0),c(n0)),boatoneast,east(m(s(s(s(n0)))),c(s(s(s(n0))))))], [+achievable(west(m(s(n0)),c(s(s(s(n0))))),boatonwest,east(m(s(s(n0))),c(n0)))], [+achievable(west(m(s(n0)),c(n0)),boatonwest,east(m(s(s(n0))),c(s(s(s(n0))))))], [+achievable(west(m(s(n0)),c(s(n0))),boatoneast,east(m(s(s(n0))),c(s(s(n0)))))], [+achievable(west(m(s(s(n0))),c(s(s(n0)))),boatonwest,east(m(s(n0)),c(s(n0))))], [+achievable(west(m(s(n0)),c(n0)),boatoneast,east(m(s(s(n0))),c(s(s(s(n0))))))], [+achievable(west(m(n0),c(s(n0))),boatoneast,east(m(s(s(s(n0)))),c(s(s(n0)))))], [+achievable(west(m(s(s(n0))),c(s(s(n0)))),boatoneast,east(m(s(n0)),c(s(n0))))], [+achievable(west(m(s(s(s(n0)))),c(s(n0))),boatonwest,east(m(n0),c(s(s(n0)))))], [+achievable(west(m(n0),c(s(s(n0)))),boatoneast,east(m(s(s(s(n0)))),c(s(n0))))], [+achievable(west(m(s(n0)),c(s(s(n0)))),boatoneast,east(m(s(s(n0))),c(s(n0))))], [+achievable(west(m(s(s(s(n0)))),c(n0)),boatoneast,east(m(n0),c(s(s(s(n0))))))], [+achievable(west(m(s(s(s(n0)))),c(s(n0))),boatoneast,east(m(n0),c(s(s(n0)))))]]
Ag5 -> Ag1 : Send Clauses : [[+achievable(west(m(s(s(s(n0)))),c(n0)),boatoneast,east(m(n0),c(s(s(s(n0))))))], [+achievable(west(m(s(s(s(n0)))),c(s(n0))),boatoneast,east(m(n0),c(s(s(n0)))))]]
Ag1 <------  Send Clauses : [[+achievable(west(m(s(s(s(n0)))),c(n0)),boatoneast,east(m(n0),c(s(s(s(n0))))))], [+achievable(west(m(s(s(s(n0)))),c(s(n0))),boatoneast,east(m(n0),c(s(s(n0)))))]]
Ag1 receives [[+achievable(west(m(s(s(s(n0)))),c(s(s(s(n0))))),boatonwest,east(m(n0),c(n0)))], [+achievable(west(m(s(s(s(n0)))),c(s(s(n0)))),boatonwest,east(m(n0),c(s(n0))))], [+achievable(west(m(s(s(s(n0)))),c(n0)),boatoneast,east(m(n0),c(s(s(s(n0))))))], [+achievable(west(m(s(s(s(n0)))),c(s(s(n0)))),boatoneast,east(m(n0),c(s(n0))))], [+achievable(west(m(s(s(s(n0)))),c(s(n0))),boatonwest,east(m(n0),c(s(s(n0)))))], [+achievable(west(m(s(s(s(n0)))),c(s(n0))),boatoneast,east(m(n0),c(s(s(n0)))))], [+achievable(west(m(s(s(s(n0)))),c(s(s(s(n0))))),boatonwest,east(m(n0),c(n0)))], [+achievable(west(m(s(s(n0))),c(s(n0))),boatoneast,east(m(s(n0)),c(s(s(n0)))))], [+achievable(west(m(s(s(n0))),c(s(s(s(n0))))),boatoneast,east(m(s(n0)),c(n0)))], [+achievable(west(m(s(s(n0))),c(n0)),boatoneast,east(m(s(n0)),c(s(s(s(n0))))))], [+achievable(west(m(s(n0)),c(s(n0))),boatonwest,east(m(s(s(n0))),c(s(s(n0)))))], [+achievable(west(m(s(s(s(n0)))),c(s(s(n0)))),boatoneast,east(m(n0),c(s(n0))))], [+achievable(west(m(s(s(n0))),c(n0)),boatonwest,east(m(s(n0)),c(s(s(s(n0))))))], [+achievable(west(m(s(s(s(n0)))),c(n0)),boatonwest,east(m(n0),c(s(s(s(n0))))))], [+achievable(west(m(s(s(s(n0)))),c(s(s(n0)))),boatonwest,east(m(n0),c(s(n0))))], [+achievable(west(m(s(s(n0))),c(s(s(s(n0))))),boatonwest,east(m(s(n0)),c(n0)))], [+achievable(west(m(n0),c(s(s(s(n0))))),boatoneast,east(m(s(s(s(n0)))),c(n0)))], [+achievable(west(m(s(s(n0))),c(s(n0))),boatonwest,east(m(s(n0)),c(s(s(n0)))))], [+achievable(west(m(s(n0)),c(s(s(n0)))),boatonwest,east(m(s(s(n0))),c(s(n0))))], [+achievable(west(m(s(n0)),c(s(s(s(n0))))),boatoneast,east(m(s(s(n0))),c(n0)))], [+achievable(west(m(s(s(s(n0)))),c(s(s(s(n0))))),boatonwest,east(m(n0),c(n0)))], [+achievable(west(m(n0),c(n0)),boatoneast,east(m(s(s(s(n0)))),c(s(s(s(n0))))))], [+achievable(west(m(s(n0)),c(s(s(s(n0))))),boatonwest,east(m(s(s(n0))),c(n0)))], [+achievable(west(m(s(n0)),c(n0)),boatonwest,east(m(s(s(n0))),c(s(s(s(n0))))))], [+achievable(west(m(s(n0)),c(s(n0))),boatoneast,east(m(s(s(n0))),c(s(s(n0)))))], [+achievable(west(m(s(s(n0))),c(s(s(n0)))),boatonwest,east(m(s(n0)),c(s(n0))))], [+achievable(west(m(s(n0)),c(n0)),boatoneast,east(m(s(s(n0))),c(s(s(s(n0))))))], [+achievable(west(m(n0),c(s(n0))),boatoneast,east(m(s(s(s(n0)))),c(s(s(n0)))))], [+achievable(west(m(s(s(n0))),c(s(s(n0)))),boatoneast,east(m(s(n0)),c(s(n0))))], [+achievable(west(m(s(s(s(n0)))),c(s(n0))),boatonwest,east(m(n0),c(s(s(n0)))))], [+achievable(west(m(n0),c(s(s(n0)))),boatoneast,east(m(s(s(s(n0)))),c(s(n0))))], [+achievable(west(m(s(n0)),c(s(s(n0)))),boatoneast,east(m(s(s(n0))),c(s(n0))))], [+achievable(west(m(n0),c(s(s(n0)))),boatoneast,east(m(s(s(s(n0)))),c(s(n0))))], [+achievable(west(m(s(s(n0))),c(n0)),boatoneast,east(m(s(n0)),c(s(s(s(n0))))))], [+achievable(west(m(s(n0)),c(s(n0))),boatonwest,east(m(s(s(n0))),c(s(s(n0)))))], [+achievable(west(m(s(s(n0))),c(s(s(n0)))),boatonwest,east(m(s(n0)),c(s(n0))))], [+achievable(west(m(s(s(n0))),c(s(n0))),boatonwest,east(m(s(n0)),c(s(s(n0)))))], [+achievable(west(m(n0),c(s(n0))),boatonwest,east(m(s(s(s(n0)))),c(s(s(n0)))))], [+achievable(west(m(s(s(n0))),c(s(s(n0)))),boatoneast,east(m(s(n0)),c(s(n0))))], [+achievable(west(m(s(n0)),c(s(n0))),boatoneast,east(m(s(s(n0))),c(s(s(n0)))))], [+achievable(west(m(n0),c(s(s(n0)))),boatonwest,east(m(s(s(s(n0)))),c(s(n0))))], [+achievable(west(m(n0),c(s(s(s(n0))))),boatoneast,east(m(s(s(s(n0)))),c(n0)))], [+achievable(west(m(n0),c(s(n0))),boatoneast,east(m(s(s(s(n0)))),c(s(s(n0)))))], [+achievable(west(m(n0),c(n0)),boatoneast,east(m(s(s(s(n0)))),c(s(s(s(n0))))))], [+achievable(west(m(n0),c(s(s(s(n0))))),boatonwest,east(m(s(s(s(n0)))),c(n0)))], [+achievable(west(m(s(s(s(n0)))),c(n0)),boatonwest,east(m(n0),c(s(s(s(n0))))))], [+achievable(west(m(s(s(s(n0)))),c(n0)),boatoneast,east(m(n0),c(s(s(s(n0))))))], [+achievable(west(m(s(s(s(n0)))),c(s(n0))),boatoneast,east(m(n0),c(s(s(n0)))))]]
After pruning [[+achievable(west(m(n0),c(s(n0))),boatonwest,east(m(s(s(s(n0)))),c(s(s(n0)))))], [+achievable(west(m(n0),c(s(s(n0)))),boatonwest,east(m(s(s(s(n0)))),c(s(n0))))], [+achievable(west(m(n0),c(s(s(s(n0))))),boatonwest,east(m(s(s(s(n0)))),c(n0)))]]
Input Languages : {Ag3=[], Ag0=[], Ag5=[+achievable(_0,_1,_2), -achievable(_0,_1,_2)], Ag2=[+achievable(_0,_1,_2), -achievable(_0,_1,_2)], Ag4=[]}
Starting SolveToClause...
Launching solver...
----------------------------------------------------------------------
Clauses:
 [+achievable(west(m(_0),c(_1)),boatoneast,east(m(_2),c(s(_3)))), -achievable(west(m(_0),c(s(_1))),boatonwest,east(m(_2),c(_3)))]
 [+achievable(west(m(_0),c(_1)),boatoneast,east(m(s(_2)),c(_3))), -achievable(west(m(s(_0)),c(_1)),boatonwest,east(m(_2),c(_3)))]
 [+achievable(west(_0,_1),_2,east(m(s(_3)),c(s(s(_3)))))]
 [+achievable(west(_0,_1),_2,east(m(s(_3)),c(s(s(s(_3))))))]
 [+achievable(west(m(s(s(s(n0)))),c(s(s(n0)))),boatoneast,east(m(n0),c(s(n0))))]
 [+achievable(west(m(s(s(n0))),c(s(s(s(n0))))),boatoneast,east(m(s(n0)),c(n0)))]
 [+achievable(west(m(s(s(s(n0)))),c(s(s(s(n0))))),boatonwest,east(m(n0),c(n0)))]
 [+achievable(west(m(n0),c(s(s(n0)))),boatoneast,east(m(s(s(s(n0)))),c(s(n0))))]
 [+achievable(west(m(s(s(s(n0)))),c(n0)),boatoneast,east(m(n0),c(s(s(s(n0))))))]
 [+achievable(west(m(s(n0)),c(s(n0))),boatonwest,east(m(s(s(n0))),c(s(s(n0)))))]
 [+achievable(west(m(s(s(s(n0)))),c(s(n0))),boatoneast,east(m(n0),c(s(s(n0)))))]
 [+achievable(west(m(s(s(n0))),c(s(s(n0)))),boatonwest,east(m(s(n0)),c(s(n0))))]
 [+achievable(west(m(s(n0)),c(s(s(s(n0))))),boatonwest,east(m(s(s(n0))),c(n0)))]
 [+achievable(west(m(s(n0)),c(s(s(s(n0))))),boatoneast,east(m(s(s(n0))),c(n0)))]
 [+achievable(west(m(s(s(n0))),c(s(s(s(n0))))),boatonwest,east(m(s(n0)),c(n0)))]
 [+achievable(west(m(s(s(n0))),c(s(s(n0)))),boatoneast,east(m(s(n0)),c(s(n0))))]
 [+achievable(west(m(s(n0)),c(s(n0))),boatoneast,east(m(s(s(n0))),c(s(s(n0)))))]
 [+achievable(west(m(s(s(s(n0)))),c(s(n0))),boatonwest,east(m(n0),c(s(s(n0)))))]
 [+achievable(west(m(n0),c(s(n0))),boatoneast,east(m(s(s(s(n0)))),c(s(s(n0)))))]
 [+achievable(west(m(n0),c(s(s(s(n0))))),boatoneast,east(m(s(s(s(n0)))),c(n0)))]
 [+achievable(west(m(n0),c(n0)),boatoneast,east(m(s(s(s(n0)))),c(s(s(s(n0))))))]
 [+achievable(west(m(s(s(s(n0)))),c(s(s(n0)))),boatonwest,east(m(n0),c(s(n0))))]
 [+achievable(west(m(s(n0)),c(s(s(n0)))),boatoneast,east(m(s(s(n0))),c(s(n0))))]
 [+achievable(west(m(s(s(s(n0)))),c(n0)),boatonwest,east(m(n0),c(s(s(s(n0))))))]
 [+achievable(west(m(s(n0)),c(s(s(n0)))),boatonwest,east(m(s(s(n0))),c(s(n0))))]
 [+achievable(west(m(n0),c(s(n0))),boatonwest,east(m(s(s(s(n0)))),c(s(s(n0)))))]
 [+achievable(west(m(n0),c(s(s(n0)))),boatonwest,east(m(s(s(s(n0)))),c(s(n0))))]
 [+achievable(west(m(n0),c(s(s(s(n0))))),boatonwest,east(m(s(s(s(n0)))),c(n0)))]
Top clauses:
 [+achievable(west(m(n0),c(s(n0))),boatonwest,east(m(s(s(s(n0)))),c(s(s(n0)))))]
 [+achievable(west(m(n0),c(s(s(n0)))),boatonwest,east(m(s(s(s(n0)))),c(s(n0))))]
 [+achievable(west(m(n0),c(s(s(s(n0))))),boatonwest,east(m(s(s(s(n0)))),c(n0)))]
Production field:
 [+achievable(_0,_1,_2), -achievable(_0,_1,_2), +achievable(_0,_1,_2), -achievable(_0,_1,_2), +achievable(_0,_1,_2)]

>>>>>>>>>>>> Solving at depth : -1( real 0)
>>>>>>>>>>>> Solve - measure : [35, 13, 3, 3, 0, 0, 0, 0]
Solver finished.
SolveToClause Finished!
Ag1: updated receivedCl []
updated lstCsq [[+achievable(west(m(s(s(s(n0)))),c(s(s(n0)))),boatoneast,east(m(n0),c(s(n0))))], [+achievable(west(m(s(s(n0))),c(s(s(s(n0))))),boatoneast,east(m(s(n0)),c(n0)))], [+achievable(west(m(s(s(s(n0)))),c(s(s(s(n0))))),boatonwest,east(m(n0),c(n0)))], [+achievable(west(m(n0),c(s(s(n0)))),boatoneast,east(m(s(s(s(n0)))),c(s(n0))))], [+achievable(west(m(s(s(s(n0)))),c(n0)),boatoneast,east(m(n0),c(s(s(s(n0))))))], [+achievable(west(m(s(n0)),c(s(n0))),boatonwest,east(m(s(s(n0))),c(s(s(n0)))))], [+achievable(west(m(s(s(s(n0)))),c(s(n0))),boatoneast,east(m(n0),c(s(s(n0)))))], [+achievable(west(m(s(s(n0))),c(s(s(n0)))),boatonwest,east(m(s(n0)),c(s(n0))))], [+achievable(west(m(s(n0)),c(s(s(s(n0))))),boatonwest,east(m(s(s(n0))),c(n0)))], [+achievable(west(m(s(n0)),c(s(s(s(n0))))),boatoneast,east(m(s(s(n0))),c(n0)))], [+achievable(west(m(s(s(n0))),c(s(s(s(n0))))),boatonwest,east(m(s(n0)),c(n0)))], [+achievable(west(m(s(s(n0))),c(s(s(n0)))),boatoneast,east(m(s(n0)),c(s(n0))))], [+achievable(west(m(s(n0)),c(s(n0))),boatoneast,east(m(s(s(n0))),c(s(s(n0)))))], [+achievable(west(m(s(s(s(n0)))),c(s(n0))),boatonwest,east(m(n0),c(s(s(n0)))))], [+achievable(west(m(n0),c(s(n0))),boatoneast,east(m(s(s(s(n0)))),c(s(s(n0)))))], [+achievable(west(m(n0),c(s(s(s(n0))))),boatoneast,east(m(s(s(s(n0)))),c(n0)))], [+achievable(west(m(n0),c(n0)),boatoneast,east(m(s(s(s(n0)))),c(s(s(s(n0))))))], [+achievable(west(m(s(s(s(n0)))),c(s(s(n0)))),boatonwest,east(m(n0),c(s(n0))))], [+achievable(west(m(s(n0)),c(s(s(n0)))),boatoneast,east(m(s(s(n0))),c(s(n0))))], [+achievable(west(m(s(s(s(n0)))),c(n0)),boatonwest,east(m(n0),c(s(s(s(n0))))))], [+achievable(west(m(s(n0)),c(s(s(n0)))),boatonwest,east(m(s(s(n0))),c(s(n0))))], [+achievable(west(m(n0),c(s(s(n0)))),boatonwest,east(m(s(s(s(n0)))),c(s(n0))))], [+achievable(west(m(n0),c(s(n0))),boatonwest,east(m(s(s(s(n0)))),c(s(s(n0)))))], [+achievable(west(m(n0),c(s(s(s(n0))))),boatonwest,east(m(s(s(s(n0)))),c(n0)))]]
Ag1 -> Ag2 : Send Clauses : [[+achievable(west(m(n0),c(s(s(n0)))),boatonwest,east(m(s(s(s(n0)))),c(s(n0))))], [+achievable(west(m(n0),c(s(n0))),boatonwest,east(m(s(s(s(n0)))),c(s(s(n0)))))], [+achievable(west(m(n0),c(s(s(s(n0))))),boatonwest,east(m(s(s(s(n0)))),c(n0)))]]
Ag2 <------  Send Clauses : [[+achievable(west(m(n0),c(s(s(n0)))),boatonwest,east(m(s(s(s(n0)))),c(s(n0))))], [+achievable(west(m(n0),c(s(n0))),boatonwest,east(m(s(s(s(n0)))),c(s(s(n0)))))], [+achievable(west(m(n0),c(s(s(s(n0))))),boatonwest,east(m(s(s(s(n0)))),c(n0)))]]
Ag2 receives [[+achievable(west(m(n0),c(s(s(n0)))),boatonwest,east(m(s(s(s(n0)))),c(s(n0))))], [+achievable(west(m(n0),c(s(n0))),boatonwest,east(m(s(s(s(n0)))),c(s(s(n0)))))], [+achievable(west(m(n0),c(s(s(s(n0))))),boatonwest,east(m(s(s(s(n0)))),c(n0)))]]
After pruning []
Input Languages : {}
Ag2: updated receivedCl []
updated lstCsq [[+achievable(west(m(s(s(s(n0)))),c(s(s(n0)))),boatonwest,east(m(n0),c(s(n0))))], [+achievable(west(m(s(s(s(n0)))),c(n0)),boatoneast,east(m(n0),c(s(s(s(n0))))))], [+achievable(west(m(s(s(s(n0)))),c(s(s(n0)))),boatoneast,east(m(n0),c(s(n0))))], [+achievable(west(m(s(s(s(n0)))),c(s(n0))),boatonwest,east(m(n0),c(s(s(n0)))))], [+achievable(west(m(s(s(s(n0)))),c(s(n0))),boatoneast,east(m(n0),c(s(s(n0)))))], [+achievable(west(m(s(s(s(n0)))),c(s(s(s(n0))))),boatonwest,east(m(n0),c(n0)))], [+achievable(west(m(n0),c(s(s(n0)))),boatoneast,east(m(s(s(s(n0)))),c(s(n0))))], [+achievable(west(m(s(s(n0))),c(n0)),boatoneast,east(m(s(n0)),c(s(s(s(n0))))))], [+achievable(west(m(s(n0)),c(s(n0))),boatonwest,east(m(s(s(n0))),c(s(s(n0)))))], [+achievable(west(m(s(s(n0))),c(s(s(n0)))),boatonwest,east(m(s(n0)),c(s(n0))))], [+achievable(west(m(s(s(n0))),c(s(n0))),boatonwest,east(m(s(n0)),c(s(s(n0)))))], [+achievable(west(m(n0),c(s(n0))),boatonwest,east(m(s(s(s(n0)))),c(s(s(n0)))))], [+achievable(west(m(s(s(n0))),c(s(s(n0)))),boatoneast,east(m(s(n0)),c(s(n0))))], [+achievable(west(m(s(n0)),c(s(n0))),boatoneast,east(m(s(s(n0))),c(s(s(n0)))))], [+achievable(west(m(n0),c(s(s(n0)))),boatonwest,east(m(s(s(s(n0)))),c(s(n0))))], [+achievable(west(m(n0),c(s(s(s(n0))))),boatoneast,east(m(s(s(s(n0)))),c(n0)))], [+achievable(west(m(n0),c(s(n0))),boatoneast,east(m(s(s(s(n0)))),c(s(s(n0)))))], [+achievable(west(m(n0),c(n0)),boatoneast,east(m(s(s(s(n0)))),c(s(s(s(n0))))))], [+achievable(west(m(n0),c(s(s(s(n0))))),boatonwest,east(m(s(s(s(n0)))),c(n0)))], [+achievable(west(m(s(s(s(n0)))),c(n0)),boatonwest,east(m(n0),c(s(s(s(n0))))))]]
Ag2 -> Ag1 : Send Clauses : []
Ag1 -> Ag5 : Send Clauses : [[+achievable(west(m(n0),c(s(s(n0)))),boatonwest,east(m(s(s(s(n0)))),c(s(n0))))], [+achievable(west(m(n0),c(s(n0))),boatonwest,east(m(s(s(s(n0)))),c(s(s(n0)))))], [+achievable(west(m(n0),c(s(s(s(n0))))),boatonwest,east(m(s(s(s(n0)))),c(n0)))]]
Ag5 <------  Send Clauses : [[+achievable(west(m(n0),c(s(s(n0)))),boatonwest,east(m(s(s(s(n0)))),c(s(n0))))], [+achievable(west(m(n0),c(s(n0))),boatonwest,east(m(s(s(s(n0)))),c(s(s(n0)))))], [+achievable(west(m(n0),c(s(s(s(n0))))),boatonwest,east(m(s(s(s(n0)))),c(n0)))]]
Ag5 receives [[+achievable(west(m(n0),c(s(s(n0)))),boatonwest,east(m(s(s(s(n0)))),c(s(n0))))], [+achievable(west(m(n0),c(s(n0))),boatonwest,east(m(s(s(s(n0)))),c(s(s(n0)))))], [+achievable(west(m(n0),c(s(s(s(n0))))),boatonwest,east(m(s(s(s(n0)))),c(n0)))]]
After pruning [[+achievable(west(m(n0),c(s(s(n0)))),boatonwest,east(m(s(s(s(n0)))),c(s(n0))))], [+achievable(west(m(n0),c(s(n0))),boatonwest,east(m(s(s(s(n0)))),c(s(s(n0)))))], [+achievable(west(m(n0),c(s(s(s(n0))))),boatonwest,east(m(s(s(s(n0)))),c(n0)))]]
Input Languages : {}
Starting SolveToClause...
Launching solver...
----------------------------------------------------------------------
Clauses:
 [+achievable(west(m(s(_0)),c(_1)),boatonwest,east(m(_2),c(_3))), -achievable(west(m(_0),c(_1)),boatoneast,east(m(s(_2)),c(_3)))]
 [+achievable(west(m(_0),c(_1)),boatoneast,east(m(s(s(_2))),c(_3))), -achievable(west(m(s(s(_0))),c(_1)),boatonwest,east(m(_2),c(_3)))]
 [+achievable(west(m(s(s(_0))),c(_1)),boatonwest,east(m(_2),c(_3))), -achievable(west(m(_0),c(_1)),boatoneast,east(m(s(s(_2))),c(_3)))]
 [+achievable(west(m(_0),c(_1)),boatoneast,east(m(s(_2)),c(s(_3)))), -achievable(west(m(s(_0)),c(s(_1))),boatonwest,east(m(_2),c(_3)))]
 [+achievable(west(m(s(_0)),c(s(_1))),boatonwest,east(m(_2),c(_3))), -achievable(west(m(_0),c(_1)),boatoneast,east(m(s(_2)),c(s(_3))))]
 [+achievable(west(m(s(s(n0))),c(s(n0))),boatoneast,east(m(s(n0)),c(s(s(n0)))))]
 [+achievable(west(m(s(s(n0))),c(s(s(s(n0))))),boatoneast,east(m(s(n0)),c(n0)))]
 [+achievable(west(m(s(s(n0))),c(n0)),boatoneast,east(m(s(n0)),c(s(s(s(n0))))))]
 [+achievable(west(m(s(n0)),c(s(n0))),boatonwest,east(m(s(s(n0))),c(s(s(n0)))))]
 [+achievable(west(m(s(s(s(n0)))),c(s(s(n0)))),boatoneast,east(m(n0),c(s(n0))))]
 [+achievable(west(m(s(s(n0))),c(n0)),boatonwest,east(m(s(n0)),c(s(s(s(n0))))))]
 [+achievable(west(m(s(s(s(n0)))),c(n0)),boatonwest,east(m(n0),c(s(s(s(n0))))))]
 [+achievable(west(m(s(s(s(n0)))),c(s(s(n0)))),boatonwest,east(m(n0),c(s(n0))))]
 [+achievable(west(m(s(s(n0))),c(s(s(s(n0))))),boatonwest,east(m(s(n0)),c(n0)))]
 [+achievable(west(m(n0),c(s(s(s(n0))))),boatoneast,east(m(s(s(s(n0)))),c(n0)))]
 [+achievable(west(m(s(s(n0))),c(s(n0))),boatonwest,east(m(s(n0)),c(s(s(n0)))))]
 [+achievable(west(m(s(n0)),c(s(s(n0)))),boatonwest,east(m(s(s(n0))),c(s(n0))))]
 [+achievable(west(m(s(n0)),c(s(s(s(n0))))),boatoneast,east(m(s(s(n0))),c(n0)))]
 [+achievable(west(m(s(s(s(n0)))),c(s(s(s(n0))))),boatonwest,east(m(n0),c(n0)))]
 [+achievable(west(m(n0),c(n0)),boatoneast,east(m(s(s(s(n0)))),c(s(s(s(n0))))))]
 [+achievable(west(m(s(n0)),c(s(s(s(n0))))),boatonwest,east(m(s(s(n0))),c(n0)))]
 [+achievable(west(m(s(n0)),c(n0)),boatonwest,east(m(s(s(n0))),c(s(s(s(n0))))))]
 [+achievable(west(m(s(n0)),c(s(n0))),boatoneast,east(m(s(s(n0))),c(s(s(n0)))))]
 [+achievable(west(m(s(s(n0))),c(s(s(n0)))),boatonwest,east(m(s(n0)),c(s(n0))))]
 [+achievable(west(m(s(n0)),c(n0)),boatoneast,east(m(s(s(n0))),c(s(s(s(n0))))))]
 [+achievable(west(m(n0),c(s(n0))),boatoneast,east(m(s(s(s(n0)))),c(s(s(n0)))))]
 [+achievable(west(m(s(s(n0))),c(s(s(n0)))),boatoneast,east(m(s(n0)),c(s(n0))))]
 [+achievable(west(m(s(s(s(n0)))),c(s(n0))),boatonwest,east(m(n0),c(s(s(n0)))))]
 [+achievable(west(m(n0),c(s(s(n0)))),boatoneast,east(m(s(s(s(n0)))),c(s(n0))))]
 [+achievable(west(m(s(n0)),c(s(s(n0)))),boatoneast,east(m(s(s(n0))),c(s(n0))))]
 [+achievable(west(m(s(s(s(n0)))),c(n0)),boatoneast,east(m(n0),c(s(s(s(n0))))))]
 [+achievable(west(m(s(s(s(n0)))),c(s(n0))),boatoneast,east(m(n0),c(s(s(n0)))))]
 [+achievable(west(m(n0),c(s(s(n0)))),boatonwest,east(m(s(s(s(n0)))),c(s(n0))))]
 [+achievable(west(m(n0),c(s(n0))),boatonwest,east(m(s(s(s(n0)))),c(s(s(n0)))))]
 [+achievable(west(m(n0),c(s(s(s(n0))))),boatonwest,east(m(s(s(s(n0)))),c(n0)))]
Top clauses:
 [+achievable(west(m(n0),c(s(s(n0)))),boatonwest,east(m(s(s(s(n0)))),c(s(n0))))]
 [+achievable(west(m(n0),c(s(n0))),boatonwest,east(m(s(s(s(n0)))),c(s(s(n0)))))]
 [+achievable(west(m(n0),c(s(s(s(n0))))),boatonwest,east(m(s(s(s(n0)))),c(n0)))]
Production field:
 [+achievable(_0,_1,_2), -achievable(_0,_1,_2), +achievable(_0,_1,_2)]

>>>>>>>>>>>> Solving at depth : -1( real 0)
Ag1 <------  Send Clauses : []
>>>>>>>>>>>> Solve - measure : [44, 10, 3, 3, 0, 0, 0, 0]
Solver finished.
SolveToClause Finished!
Ag5: updated receivedCl []
updated lstCsq [[+achievable(west(m(s(s(n0))),c(s(n0))),boatoneast,east(m(s(n0)),c(s(s(n0)))))], [+achievable(west(m(s(s(n0))),c(s(s(s(n0))))),boatoneast,east(m(s(n0)),c(n0)))], [+achievable(west(m(s(s(n0))),c(n0)),boatoneast,east(m(s(n0)),c(s(s(s(n0))))))], [+achievable(west(m(s(n0)),c(s(n0))),boatonwest,east(m(s(s(n0))),c(s(s(n0)))))], [+achievable(west(m(s(s(s(n0)))),c(s(s(n0)))),boatoneast,east(m(n0),c(s(n0))))], [+achievable(west(m(s(s(n0))),c(n0)),boatonwest,east(m(s(n0)),c(s(s(s(n0))))))], [+achievable(west(m(s(s(s(n0)))),c(n0)),boatonwest,east(m(n0),c(s(s(s(n0))))))], [+achievable(west(m(s(s(s(n0)))),c(s(s(n0)))),boatonwest,east(m(n0),c(s(n0))))], [+achievable(west(m(s(s(n0))),c(s(s(s(n0))))),boatonwest,east(m(s(n0)),c(n0)))], [+achievable(west(m(n0),c(s(s(s(n0))))),boatoneast,east(m(s(s(s(n0)))),c(n0)))], [+achievable(west(m(s(s(n0))),c(s(n0))),boatonwest,east(m(s(n0)),c(s(s(n0)))))], [+achievable(west(m(s(n0)),c(s(s(n0)))),boatonwest,east(m(s(s(n0))),c(s(n0))))], [+achievable(west(m(s(n0)),c(s(s(s(n0))))),boatoneast,east(m(s(s(n0))),c(n0)))], [+achievable(west(m(s(s(s(n0)))),c(s(s(s(n0))))),boatonwest,east(m(n0),c(n0)))], [+achievable(west(m(n0),c(n0)),boatoneast,east(m(s(s(s(n0)))),c(s(s(s(n0))))))], [+achievable(west(m(s(n0)),c(s(s(s(n0))))),boatonwest,east(m(s(s(n0))),c(n0)))], [+achievable(west(m(s(n0)),c(n0)),boatonwest,east(m(s(s(n0))),c(s(s(s(n0))))))], [+achievable(west(m(s(n0)),c(s(n0))),boatoneast,east(m(s(s(n0))),c(s(s(n0)))))], [+achievable(west(m(s(s(n0))),c(s(s(n0)))),boatonwest,east(m(s(n0)),c(s(n0))))], [+achievable(west(m(s(n0)),c(n0)),boatoneast,east(m(s(s(n0))),c(s(s(s(n0))))))], [+achievable(west(m(n0),c(s(n0))),boatoneast,east(m(s(s(s(n0)))),c(s(s(n0)))))], [+achievable(west(m(s(s(n0))),c(s(s(n0)))),boatoneast,east(m(s(n0)),c(s(n0))))], [+achievable(west(m(s(s(s(n0)))),c(s(n0))),boatonwest,east(m(n0),c(s(s(n0)))))], [+achievable(west(m(n0),c(s(s(n0)))),boatoneast,east(m(s(s(s(n0)))),c(s(n0))))], [+achievable(west(m(s(n0)),c(s(s(n0)))),boatoneast,east(m(s(s(n0))),c(s(n0))))], [+achievable(west(m(s(s(s(n0)))),c(n0)),boatoneast,east(m(n0),c(s(s(s(n0))))))], [+achievable(west(m(s(s(s(n0)))),c(s(n0))),boatoneast,east(m(n0),c(s(s(n0)))))], [+achievable(west(m(n0),c(s(s(n0)))),boatonwest,east(m(s(s(s(n0)))),c(s(n0))))], [+achievable(west(m(n0),c(s(n0))),boatonwest,east(m(s(s(s(n0)))),c(s(s(n0)))))], [+achievable(west(m(n0),c(s(s(s(n0))))),boatonwest,east(m(s(s(s(n0)))),c(n0)))]]
Ag5 -> Ag1 : Send Clauses : [[+achievable(west(m(n0),c(s(s(n0)))),boatonwest,east(m(s(s(s(n0)))),c(s(n0))))], [+achievable(west(m(n0),c(s(n0))),boatonwest,east(m(s(s(s(n0)))),c(s(s(n0)))))], [+achievable(west(m(n0),c(s(s(s(n0))))),boatonwest,east(m(s(s(s(n0)))),c(n0)))]]
Ag1 <------  Send Clauses : [[+achievable(west(m(n0),c(s(s(n0)))),boatonwest,east(m(s(s(s(n0)))),c(s(n0))))], [+achievable(west(m(n0),c(s(n0))),boatonwest,east(m(s(s(s(n0)))),c(s(s(n0)))))], [+achievable(west(m(n0),c(s(s(s(n0))))),boatonwest,east(m(s(s(s(n0)))),c(n0)))]]
Ag1 receives [[+achievable(west(m(s(s(s(n0)))),c(s(s(s(n0))))),boatonwest,east(m(n0),c(n0)))], [+achievable(west(m(s(s(s(n0)))),c(s(s(n0)))),boatonwest,east(m(n0),c(s(n0))))], [+achievable(west(m(s(s(s(n0)))),c(n0)),boatoneast,east(m(n0),c(s(s(s(n0))))))], [+achievable(west(m(s(s(s(n0)))),c(s(s(n0)))),boatoneast,east(m(n0),c(s(n0))))], [+achievable(west(m(s(s(s(n0)))),c(s(n0))),boatonwest,east(m(n0),c(s(s(n0)))))], [+achievable(west(m(s(s(s(n0)))),c(s(n0))),boatoneast,east(m(n0),c(s(s(n0)))))], [+achievable(west(m(s(s(s(n0)))),c(s(s(s(n0))))),boatonwest,east(m(n0),c(n0)))], [+achievable(west(m(s(s(n0))),c(s(n0))),boatoneast,east(m(s(n0)),c(s(s(n0)))))], [+achievable(west(m(s(s(n0))),c(s(s(s(n0))))),boatoneast,east(m(s(n0)),c(n0)))], [+achievable(west(m(s(s(n0))),c(n0)),boatoneast,east(m(s(n0)),c(s(s(s(n0))))))], [+achievable(west(m(s(n0)),c(s(n0))),boatonwest,east(m(s(s(n0))),c(s(s(n0)))))], [+achievable(west(m(s(s(s(n0)))),c(s(s(n0)))),boatoneast,east(m(n0),c(s(n0))))], [+achievable(west(m(s(s(n0))),c(n0)),boatonwest,east(m(s(n0)),c(s(s(s(n0))))))], [+achievable(west(m(s(s(s(n0)))),c(n0)),boatonwest,east(m(n0),c(s(s(s(n0))))))], [+achievable(west(m(s(s(s(n0)))),c(s(s(n0)))),boatonwest,east(m(n0),c(s(n0))))], [+achievable(west(m(s(s(n0))),c(s(s(s(n0))))),boatonwest,east(m(s(n0)),c(n0)))], [+achievable(west(m(n0),c(s(s(s(n0))))),boatoneast,east(m(s(s(s(n0)))),c(n0)))], [+achievable(west(m(s(s(n0))),c(s(n0))),boatonwest,east(m(s(n0)),c(s(s(n0)))))], [+achievable(west(m(s(n0)),c(s(s(n0)))),boatonwest,east(m(s(s(n0))),c(s(n0))))], [+achievable(west(m(s(n0)),c(s(s(s(n0))))),boatoneast,east(m(s(s(n0))),c(n0)))], [+achievable(west(m(s(s(s(n0)))),c(s(s(s(n0))))),boatonwest,east(m(n0),c(n0)))], [+achievable(west(m(n0),c(n0)),boatoneast,east(m(s(s(s(n0)))),c(s(s(s(n0))))))], [+achievable(west(m(s(n0)),c(s(s(s(n0))))),boatonwest,east(m(s(s(n0))),c(n0)))], [+achievable(west(m(s(n0)),c(n0)),boatonwest,east(m(s(s(n0))),c(s(s(s(n0))))))], [+achievable(west(m(s(n0)),c(s(n0))),boatoneast,east(m(s(s(n0))),c(s(s(n0)))))], [+achievable(west(m(s(s(n0))),c(s(s(n0)))),boatonwest,east(m(s(n0)),c(s(n0))))], [+achievable(west(m(s(n0)),c(n0)),boatoneast,east(m(s(s(n0))),c(s(s(s(n0))))))], [+achievable(west(m(n0),c(s(n0))),boatoneast,east(m(s(s(s(n0)))),c(s(s(n0)))))], [+achievable(west(m(s(s(n0))),c(s(s(n0)))),boatoneast,east(m(s(n0)),c(s(n0))))], [+achievable(west(m(s(s(s(n0)))),c(s(n0))),boatonwest,east(m(n0),c(s(s(n0)))))], [+achievable(west(m(n0),c(s(s(n0)))),boatoneast,east(m(s(s(s(n0)))),c(s(n0))))], [+achievable(west(m(s(n0)),c(s(s(n0)))),boatoneast,east(m(s(s(n0))),c(s(n0))))], [+achievable(west(m(n0),c(s(s(n0)))),boatoneast,east(m(s(s(s(n0)))),c(s(n0))))], [+achievable(west(m(s(s(n0))),c(n0)),boatoneast,east(m(s(n0)),c(s(s(s(n0))))))], [+achievable(west(m(s(n0)),c(s(n0))),boatonwest,east(m(s(s(n0))),c(s(s(n0)))))], [+achievable(west(m(s(s(n0))),c(s(s(n0)))),boatonwest,east(m(s(n0)),c(s(n0))))], [+achievable(west(m(s(s(n0))),c(s(n0))),boatonwest,east(m(s(n0)),c(s(s(n0)))))], [+achievable(west(m(n0),c(s(n0))),boatonwest,east(m(s(s(s(n0)))),c(s(s(n0)))))], [+achievable(west(m(s(s(n0))),c(s(s(n0)))),boatoneast,east(m(s(n0)),c(s(n0))))], [+achievable(west(m(s(n0)),c(s(n0))),boatoneast,east(m(s(s(n0))),c(s(s(n0)))))], [+achievable(west(m(n0),c(s(s(n0)))),boatonwest,east(m(s(s(s(n0)))),c(s(n0))))], [+achievable(west(m(n0),c(s(s(s(n0))))),boatoneast,east(m(s(s(s(n0)))),c(n0)))], [+achievable(west(m(n0),c(s(n0))),boatoneast,east(m(s(s(s(n0)))),c(s(s(n0)))))], [+achievable(west(m(n0),c(n0)),boatoneast,east(m(s(s(s(n0)))),c(s(s(s(n0))))))], [+achievable(west(m(n0),c(s(s(s(n0))))),boatonwest,east(m(s(s(s(n0)))),c(n0)))], [+achievable(west(m(s(s(s(n0)))),c(n0)),boatonwest,east(m(n0),c(s(s(s(n0))))))], [+achievable(west(m(s(s(s(n0)))),c(n0)),boatoneast,east(m(n0),c(s(s(s(n0))))))], [+achievable(west(m(s(s(s(n0)))),c(s(n0))),boatoneast,east(m(n0),c(s(s(n0)))))], [+achievable(west(m(n0),c(s(s(n0)))),boatonwest,east(m(s(s(s(n0)))),c(s(n0))))], [+achievable(west(m(n0),c(s(n0))),boatonwest,east(m(s(s(s(n0)))),c(s(s(n0)))))], [+achievable(west(m(n0),c(s(s(s(n0))))),boatonwest,east(m(s(s(s(n0)))),c(n0)))]]
After pruning []
Input Languages : {Ag3=[], Ag0=[], Ag5=[+achievable(_0,_1,_2), -achievable(_0,_1,_2)], Ag2=[+achievable(_0,_1,_2), -achievable(_0,_1,_2)], Ag4=[]}
Ag1: updated receivedCl []
updated lstCsq [[+achievable(west(m(s(s(s(n0)))),c(s(s(n0)))),boatoneast,east(m(n0),c(s(n0))))], [+achievable(west(m(s(s(n0))),c(s(s(s(n0))))),boatoneast,east(m(s(n0)),c(n0)))], [+achievable(west(m(s(s(s(n0)))),c(s(s(s(n0))))),boatonwest,east(m(n0),c(n0)))], [+achievable(west(m(n0),c(s(s(n0)))),boatoneast,east(m(s(s(s(n0)))),c(s(n0))))], [+achievable(west(m(s(s(s(n0)))),c(n0)),boatoneast,east(m(n0),c(s(s(s(n0))))))], [+achievable(west(m(s(n0)),c(s(n0))),boatonwest,east(m(s(s(n0))),c(s(s(n0)))))], [+achievable(west(m(s(s(s(n0)))),c(s(n0))),boatoneast,east(m(n0),c(s(s(n0)))))], [+achievable(west(m(s(s(n0))),c(s(s(n0)))),boatonwest,east(m(s(n0)),c(s(n0))))], [+achievable(west(m(s(n0)),c(s(s(s(n0))))),boatonwest,east(m(s(s(n0))),c(n0)))], [+achievable(west(m(s(n0)),c(s(s(s(n0))))),boatoneast,east(m(s(s(n0))),c(n0)))], [+achievable(west(m(s(s(n0))),c(s(s(s(n0))))),boatonwest,east(m(s(n0)),c(n0)))], [+achievable(west(m(s(s(n0))),c(s(s(n0)))),boatoneast,east(m(s(n0)),c(s(n0))))], [+achievable(west(m(s(n0)),c(s(n0))),boatoneast,east(m(s(s(n0))),c(s(s(n0)))))], [+achievable(west(m(s(s(s(n0)))),c(s(n0))),boatonwest,east(m(n0),c(s(s(n0)))))], [+achievable(west(m(n0),c(s(n0))),boatoneast,east(m(s(s(s(n0)))),c(s(s(n0)))))], [+achievable(west(m(n0),c(s(s(s(n0))))),boatoneast,east(m(s(s(s(n0)))),c(n0)))], [+achievable(west(m(n0),c(n0)),boatoneast,east(m(s(s(s(n0)))),c(s(s(s(n0))))))], [+achievable(west(m(s(s(s(n0)))),c(s(s(n0)))),boatonwest,east(m(n0),c(s(n0))))], [+achievable(west(m(s(n0)),c(s(s(n0)))),boatoneast,east(m(s(s(n0))),c(s(n0))))], [+achievable(west(m(s(s(s(n0)))),c(n0)),boatonwest,east(m(n0),c(s(s(s(n0))))))], [+achievable(west(m(s(n0)),c(s(s(n0)))),boatonwest,east(m(s(s(n0))),c(s(n0))))], [+achievable(west(m(n0),c(s(s(n0)))),boatonwest,east(m(s(s(s(n0)))),c(s(n0))))], [+achievable(west(m(n0),c(s(n0))),boatonwest,east(m(s(s(s(n0)))),c(s(s(n0)))))], [+achievable(west(m(n0),c(s(s(s(n0))))),boatonwest,east(m(s(s(s(n0)))),c(n0)))]]
Ag1 -> Sys : Send Consequences : [[+achievable(west(m(s(s(s(n0)))),c(s(s(n0)))),boatoneast,east(m(n0),c(s(n0))))], [+achievable(west(m(s(s(n0))),c(s(s(s(n0))))),boatoneast,east(m(s(n0)),c(n0)))], [+achievable(west(m(s(s(s(n0)))),c(s(s(s(n0))))),boatonwest,east(m(n0),c(n0)))], [+achievable(west(m(n0),c(s(s(n0)))),boatoneast,east(m(s(s(s(n0)))),c(s(n0))))], [+achievable(west(m(s(s(s(n0)))),c(n0)),boatoneast,east(m(n0),c(s(s(s(n0))))))], [+achievable(west(m(s(n0)),c(s(n0))),boatonwest,east(m(s(s(n0))),c(s(s(n0)))))], [+achievable(west(m(s(s(s(n0)))),c(s(n0))),boatoneast,east(m(n0),c(s(s(n0)))))], [+achievable(west(m(s(s(n0))),c(s(s(n0)))),boatonwest,east(m(s(n0)),c(s(n0))))], [+achievable(west(m(s(n0)),c(s(s(s(n0))))),boatonwest,east(m(s(s(n0))),c(n0)))], [+achievable(west(m(s(n0)),c(s(s(s(n0))))),boatoneast,east(m(s(s(n0))),c(n0)))], [+achievable(west(m(s(s(n0))),c(s(s(s(n0))))),boatonwest,east(m(s(n0)),c(n0)))], [+achievable(west(m(s(s(n0))),c(s(s(n0)))),boatoneast,east(m(s(n0)),c(s(n0))))], [+achievable(west(m(s(n0)),c(s(n0))),boatoneast,east(m(s(s(n0))),c(s(s(n0)))))], [+achievable(west(m(s(s(s(n0)))),c(s(n0))),boatonwest,east(m(n0),c(s(s(n0)))))], [+achievable(west(m(n0),c(s(n0))),boatoneast,east(m(s(s(s(n0)))),c(s(s(n0)))))], [+achievable(west(m(n0),c(s(s(s(n0))))),boatoneast,east(m(s(s(s(n0)))),c(n0)))], [+achievable(west(m(n0),c(n0)),boatoneast,east(m(s(s(s(n0)))),c(s(s(s(n0))))))], [+achievable(west(m(s(s(s(n0)))),c(s(s(n0)))),boatonwest,east(m(n0),c(s(n0))))], [+achievable(west(m(s(n0)),c(s(s(n0)))),boatoneast,east(m(s(s(n0))),c(s(n0))))], [+achievable(west(m(s(s(s(n0)))),c(n0)),boatonwest,east(m(n0),c(s(s(s(n0))))))], [+achievable(west(m(s(n0)),c(s(s(n0)))),boatonwest,east(m(s(s(n0))),c(s(n0))))], [+achievable(west(m(n0),c(s(s(n0)))),boatonwest,east(m(s(s(s(n0)))),c(s(n0))))], [+achievable(west(m(n0),c(s(n0))),boatonwest,east(m(s(s(s(n0)))),c(s(s(n0)))))], [+achievable(west(m(n0),c(s(s(s(n0))))),boatonwest,east(m(s(s(s(n0)))),c(n0)))]]
Sys <------  Send Consequences : [[+achievable(west(m(s(s(s(n0)))),c(s(s(n0)))),boatoneast,east(m(n0),c(s(n0))))], [+achievable(west(m(s(s(n0))),c(s(s(s(n0))))),boatoneast,east(m(s(n0)),c(n0)))], [+achievable(west(m(s(s(s(n0)))),c(s(s(s(n0))))),boatonwest,east(m(n0),c(n0)))], [+achievable(west(m(n0),c(s(s(n0)))),boatoneast,east(m(s(s(s(n0)))),c(s(n0))))], [+achievable(west(m(s(s(s(n0)))),c(n0)),boatoneast,east(m(n0),c(s(s(s(n0))))))], [+achievable(west(m(s(n0)),c(s(n0))),boatonwest,east(m(s(s(n0))),c(s(s(n0)))))], [+achievable(west(m(s(s(s(n0)))),c(s(n0))),boatoneast,east(m(n0),c(s(s(n0)))))], [+achievable(west(m(s(s(n0))),c(s(s(n0)))),boatonwest,east(m(s(n0)),c(s(n0))))], [+achievable(west(m(s(n0)),c(s(s(s(n0))))),boatonwest,east(m(s(s(n0))),c(n0)))], [+achievable(west(m(s(n0)),c(s(s(s(n0))))),boatoneast,east(m(s(s(n0))),c(n0)))], [+achievable(west(m(s(s(n0))),c(s(s(s(n0))))),boatonwest,east(m(s(n0)),c(n0)))], [+achievable(west(m(s(s(n0))),c(s(s(n0)))),boatoneast,east(m(s(n0)),c(s(n0))))], [+achievable(west(m(s(n0)),c(s(n0))),boatoneast,east(m(s(s(n0))),c(s(s(n0)))))], [+achievable(west(m(s(s(s(n0)))),c(s(n0))),boatonwest,east(m(n0),c(s(s(n0)))))], [+achievable(west(m(n0),c(s(n0))),boatoneast,east(m(s(s(s(n0)))),c(s(s(n0)))))], [+achievable(west(m(n0),c(s(s(s(n0))))),boatoneast,east(m(s(s(s(n0)))),c(n0)))], [+achievable(west(m(n0),c(n0)),boatoneast,east(m(s(s(s(n0)))),c(s(s(s(n0))))))], [+achievable(west(m(s(s(s(n0)))),c(s(s(n0)))),boatonwest,east(m(n0),c(s(n0))))], [+achievable(west(m(s(n0)),c(s(s(n0)))),boatoneast,east(m(s(s(n0))),c(s(n0))))], [+achievable(west(m(s(s(s(n0)))),c(n0)),boatonwest,east(m(n0),c(s(s(s(n0))))))], [+achievable(west(m(s(n0)),c(s(s(n0)))),boatonwest,east(m(s(s(n0))),c(s(n0))))], [+achievable(west(m(n0),c(s(s(n0)))),boatonwest,east(m(s(s(s(n0)))),c(s(n0))))], [+achievable(west(m(n0),c(s(n0))),boatonwest,east(m(s(s(s(n0)))),c(s(s(n0)))))], [+achievable(west(m(n0),c(s(s(s(n0))))),boatonwest,east(m(s(s(s(n0)))),c(n0)))]]
Ag1 -> Sys : {Finish}
Sys <------  {Finish}
Sys -> Ag0 : {Finish}
Ag0 <------  {Finish}
Sys -> Ag1 : {Finish}
Sys -> Ag2 : {Finish}
Ag2 <------  {Finish}
Sys -> Ag3 : {Finish}
Ag3 <------  {Finish}
Sys -> Ag4 : {Finish}
Ag4 <------  {Finish}
Sys -> Ag5 : {Finish}
Ag5 <------  {Finish}
Ag1 <------  {Finish}
24 (NEW) CHARACTERISTIC CLAUSES

[+achievable(west(m(s(s(s(n0)))),c(s(s(n0)))),boatoneast,east(m(n0),c(s(n0))))]
[+achievable(west(m(s(s(n0))),c(s(s(s(n0))))),boatoneast,east(m(s(n0)),c(n0)))]
[+achievable(west(m(s(s(s(n0)))),c(s(s(s(n0))))),boatonwest,east(m(n0),c(n0)))]
[+achievable(west(m(n0),c(s(s(n0)))),boatoneast,east(m(s(s(s(n0)))),c(s(n0))))]
[+achievable(west(m(s(s(s(n0)))),c(n0)),boatoneast,east(m(n0),c(s(s(s(n0))))))]
[+achievable(west(m(s(n0)),c(s(n0))),boatonwest,east(m(s(s(n0))),c(s(s(n0)))))]
[+achievable(west(m(s(s(s(n0)))),c(s(n0))),boatoneast,east(m(n0),c(s(s(n0)))))]
[+achievable(west(m(s(s(n0))),c(s(s(n0)))),boatonwest,east(m(s(n0)),c(s(n0))))]
[+achievable(west(m(s(n0)),c(s(s(s(n0))))),boatonwest,east(m(s(s(n0))),c(n0)))]
[+achievable(west(m(s(n0)),c(s(s(s(n0))))),boatoneast,east(m(s(s(n0))),c(n0)))]
[+achievable(west(m(s(s(n0))),c(s(s(s(n0))))),boatonwest,east(m(s(n0)),c(n0)))]
[+achievable(west(m(s(s(n0))),c(s(s(n0)))),boatoneast,east(m(s(n0)),c(s(n0))))]
[+achievable(west(m(s(n0)),c(s(n0))),boatoneast,east(m(s(s(n0))),c(s(s(n0)))))]
[+achievable(west(m(s(s(s(n0)))),c(s(n0))),boatonwest,east(m(n0),c(s(s(n0)))))]
[+achievable(west(m(n0),c(s(n0))),boatoneast,east(m(s(s(s(n0)))),c(s(s(n0)))))]
[+achievable(west(m(n0),c(s(s(s(n0))))),boatoneast,east(m(s(s(s(n0)))),c(n0)))]
[+achievable(west(m(n0),c(n0)),boatoneast,east(m(s(s(s(n0)))),c(s(s(s(n0))))))]
[+achievable(west(m(s(s(s(n0)))),c(s(s(n0)))),boatonwest,east(m(n0),c(s(n0))))]
[+achievable(west(m(s(n0)),c(s(s(n0)))),boatoneast,east(m(s(s(n0))),c(s(n0))))]
[+achievable(west(m(s(s(s(n0)))),c(n0)),boatonwest,east(m(n0),c(s(s(s(n0))))))]
[+achievable(west(m(s(n0)),c(s(s(n0)))),boatonwest,east(m(s(s(n0))),c(s(n0))))]
[+achievable(west(m(n0),c(s(s(n0)))),boatonwest,east(m(s(s(s(n0)))),c(s(n0))))]
[+achievable(west(m(n0),c(s(n0))),boatonwest,east(m(s(s(s(n0)))),c(s(s(n0)))))]
[+achievable(west(m(n0),c(s(s(s(n0))))),boatonwest,east(m(s(s(s(n0)))),c(n0)))]

Total execution time was 2183 ms.

Execution time was 2024 ms.

DCIF PROBLEM STAR
PUZ008-1.C1i2_all_ld-1--1_DICF-PB-Star-FixedRoot-1
