Creating pool with 4 processes

generating Parameters for MONO problems
temporary file did not exist
buildGraph #########################################
File loaded, Now making graph...
temporary file did not exist
kMETIS #############################################
**********************************************************************
  METIS 4.0.3 Copyright 1998, Regents of the University of Minnesota
Graph Information ---------------------------------------------------
  Name: Problems/Bio/glucolysistemp_graph_kmet2.gra, #Vertices: 148, #Edges: 290, #Parts: 2

K-way Partitioning... -----------------------------------------------
  2-way Edge-Cut:       4, Balance:  1.03 

Timing Information --------------------------------------------------
  I/O:          		   0.001
  Partitioning: 		   0.000   (KMETIS time)
  Total:        		   0.001
**********************************************************************

graph2DCF ##########################################
File loaded, Now saving...
temporary file did not exist
buildGraph #########################################
File loaded, Now making graph...
temporary file did not exist
kMETIS #############################################
**********************************************************************
  METIS 4.0.3 Copyright 1998, Regents of the University of Minnesota
Graph Information ---------------------------------------------------
  Name: Problems/Bio/glucolysistemp_graph_kmet4.gra, #Vertices: 148, #Edges: 290, #Parts: 4

K-way Partitioning... -----------------------------------------------
  4-way Edge-Cut:      21, Balance:  1.03 

Timing Information --------------------------------------------------
  I/O:          		   0.000
  Partitioning: 		   0.000   (KMETIS time)
  Total:        		   0.001
**********************************************************************

graph2DCF ##########################################
File loaded, Now saving...
launching MONO problems
generating Dist parameters and dependencies for MULTI problems
generating Method Parameters for MULTI problems
generating parameters MULTI
dist
verbose
infile_path
csq_mono
method
outfile
numagent
timeout
var
csq
infile
dist
verbose
infile_path
csq_mono
method
outfile
numagent
timeout
var
csq
infile
dist
verbose
infile_path
csq_mono
method
outfile
numagent
timeout
var
csq
infile
dist
verbose
infile_path
csq_mono
method
outfile
numagent
timeout
var
csq
infile
dist
verbose
infile_path
csq_mono
method
outfile
numagent
timeout
var
csq
infile
dist
verbose
infile_path
csq_mono
method
outfile
numagent
timeout
var
csq
infile
dist
verbose
infile_path
csq_mono
method
outfile
numagent
timeout
var
csq
infile
dist
verbose
infile_path
csq_mono
method
outfile
numagent
timeout
var
csq
infile
dist
verbose
infile_path
csq_mono
method
outfile
numagent
timeout
var
csq
infile
dist
verbose
infile_path
csq_mono
method
outfile
numagent
timeout
var
csq
infile
dist
verbose
infile_path
csq_mono
method
outfile
numagent
timeout
var
csq
infile
dist
verbose
infile_path
csq_mono
method
outfile
numagent
timeout
var
csq
infile
dist
verbose
infile_path
csq_mono
method
outfile
numagent
timeout
var
csq
infile
dist
verbose
infile_path
csq_mono
method
outfile
numagent
timeout
var
csq
infile
dist
verbose
infile_path
csq_mono
method
outfile
numagent
timeout
var
csq
infile
dist
verbose
infile_path
csq_mono
method
outfile
numagent
timeout
var
csq
infile
dist
verbose
infile_path
csq_mono
method
outfile
numagent
timeout
var
csq
infile
dist
verbose
infile_path
csq_mono
method
outfile
numagent
timeout
var
csq
infile
dist
verbose
infile_path
csq_mono
method
outfile
numagent
timeout
var
csq
infile
dist
verbose
infile_path
csq_mono
method
outfile
numagent
timeout
var
csq
infile
dist
verbose
infile_path
csq_mono
method
outfile
numagent
timeout
var
csq
infile
dist
verbose
infile_path
csq_mono
method
outfile
numagent
timeout
var
csq
infile
dist
verbose
infile_path
csq_mono
method
outfile
numagent
timeout
var
csq
infile
dist
verbose
infile_path
csq_mono
method
outfile
numagent
timeout
var
csq
infile
dist
verbose
infile_path
csq_mono
method
outfile
numagent
timeout
var
csq
infile
dist
verbose
infile_path
csq_mono
method
outfile
numagent
timeout
var
csq
infile
dist
verbose
infile_path
csq_mono
method
outfile
numagent
timeout
var
csq
infile
dist
verbose
infile_path
csq_mono
method
outfile
numagent
timeout
var
csq
infile
dist
verbose
infile_path
csq_mono
method
outfile
numagent
timeout
var
csq
infile
dist
verbose
infile_path
csq_mono
method
outfile
numagent
timeout
var
csq
infile
launching MULTI
launching MULTI problems
ZIIS ZE END
