generate VARIANT################################
launch MONO#####################################
-d64
-Xms512m
-Xmx10g
-jar
ressources/CFLauncher_7.jar
-method=SOLAR-Inc-Carc
-verbose
-t=1200000
-var=_min-4_ld3--1
-csq=Problems/Bio/glucolysis_min-4_ld3--1_MONO
Problems/Bio/glucolysis
Problems/Bio/glucolysis_min-4_ld3--1
>>>>>>>>>>>> Solving at depth : -1( real 0)
>>>>>>>>>>>> Solve - measure : [46, 1, 0, 0, 0, 0, 0, 0]
>>>>>>>>>>>> Solving at depth : -1( real 0)
>>>>>>>>>>>> Solve - measure : [3, 1, 0, 0, 0, 0, 0, 0]
>>>>>>>>>>>> Solving at depth : -1( real 0)
>>>>>>>>>>>> Solve - measure : [15, 8, 2, 2, 0, 0, 0, 0]
>>>>>>>>>>>> Solving at depth : -1( real 0)
>>>>>>>>>>>> Solve - measure : [6, 18, 6, 3, 0, 0, 0, 0]
>>>>>>>>>>>> Solving at depth : -1( real 0)
>>>>>>>>>>>> Solve - measure : [5, 14, 4, 3, 0, 0, 0, 0]
>>>>>>>>>>>> Solving at depth : -1( real 0)
>>>>>>>>>>>> Solve - measure : [16, 142, 48, 26, 0, 0, 0, 0]
>>>>>>>>>>>> Solving at depth : -1( real 0)
>>>>>>>>>>>> Solve - measure : [5, 19, 6, 4, 0, 0, 0, 0]
>>>>>>>>>>>> Solving at depth : -1( real 0)
>>>>>>>>>>>> Solve - measure : [10, 79, 27, 14, 0, 0, 0, 0]
>>>>>>>>>>>> Solving at depth : -1( real 0)
>>>>>>>>>>>> Solve - measure : [44, 579, 200, 104, 0, 0, 0, 0]
>>>>>>>>>>>> Solving at depth : -1( real 0)
>>>>>>>>>>>> Solve - measure : [43, 579, 200, 104, 0, 0, 0, 0]
>>>>>>>>>>>> Solving at depth : -1( real 0)
>>>>>>>>>>>> Solve - measure : [41, 579, 200, 104, 0, 0, 0, 0]
>>>>>>>>>>>> Solving at depth : -1( real 0)
>>>>>>>>>>>> Solve - measure : [13, 114, 42, 14, 0, 0, 0, 0]
>>>>>>>>>>>> Solving at depth : -1( real 0)
>>>>>>>>>>>> Solve - measure : [88, 1283, 476, 160, 0, 0, 0, 0]
>>>>>>>>>>>> Solving at depth : -1( real 0)
>>>>>>>>>>>> Solve - measure : [85, 1283, 476, 160, 0, 0, 0, 0]
>>>>>>>>>>>> Solving at depth : -1( real 0)
>>>>>>>>>>>> Solve - measure : [62, 1283, 476, 160, 0, 0, 0, 0]
>>>>>>>>>>>> Solving at depth : -1( real 0)
>>>>>>>>>>>> Solve - measure : [54, 1283, 476, 160, 0, 0, 0, 0]
>>>>>>>>>>>> Solving at depth : -1( real 0)
>>>>>>>>>>>> Solve - measure : [41, 1283, 476, 160, 0, 0, 0, 0]
>>>>>>>>>>>> Solving at depth : -1( real 0)
>>>>>>>>>>>> Solve - measure : [11, 221, 75, 12, 0, 4, 0, 0]
>>>>>>>>>>>> Solving at depth : -1( real 0)
>>>>>>>>>>>> Solve - measure : [9, 160, 60, 12, 0, 0, 0, 0]
>>>>>>>>>>>> Solving at depth : -1( real 0)
>>>>>>>>>>>> Solve - measure : [105, 3205, 1209, 257, 0, 4, 0, 0]
>>>>>>>>>>>> Solving at depth : -1( real 0)
>>>>>>>>>>>> Solve - measure : [90, 3205, 1209, 257, 0, 4, 0, 0]
>>>>>>>>>>>> Solving at depth : -1( real 0)
>>>>>>>>>>>> Solve - measure : [81, 3205, 1209, 257, 0, 4, 0, 0]
>>>>>>>>>>>> Solving at depth : -1( real 0)
>>>>>>>>>>>> Solve - measure : [13, 470, 177, 25, 0, 4, 0, 0]
>>>>>>>>>>>> Solving at depth : -1( real 0)
>>>>>>>>>>>> Solve - measure : [65, 4525, 1725, 318, 0, 8, 0, 0]
>>>>>>>>>>>> Solving at depth : -1( real 0)
>>>>>>>>>>>> Solve - measure : [8, 323, 123, 20, 0, 5, 0, 0]
>>>>>>>>>>>> Solving at depth : -1( real 0)
>>>>>>>>>>>> Solve - measure : [80, 8013, 3068, 481, 0, 24, 0, 23]
>>>>>>>>>>>> Solving at depth : -1( real 0)
>>>>>>>>>>>> Solve - measure : [20, 1130, 439, 66, 0, 8, 0, 0]
>>>>>>>>>>>> Solving at depth : -1( real 0)
>>>>>>>>>>>> Solve - measure : [281, 18588, 7167, 1062, 0, 46, 0, 49]
>>>>>>>>>>>> Solving at depth : -1( real 0)
>>>>>>>>>>>> Solve - measure : [235, 18588, 7167, 1062, 0, 46, 0, 49]
>>>>>>>>>>>> Solving at depth : -1( real 0)
>>>>>>>>>>>> Solve - measure : [173, 18588, 7167, 1062, 0, 46, 0, 49]
>>>>>>>>>>>> Solving at depth : -1( real 0)
>>>>>>>>>>>> Solve - measure : [13, 1188, 464, 66, 0, 8, 0, 0]
>>>>>>>>>>>> Solving at depth : -1( real 0)
>>>>>>>>>>>> Solve - measure : [159, 24496, 9557, 1287, 0, 54, 0, 52]
>>>>>>>>>>>> Solving at depth : -1( real 0)
>>>>>>>>>>>> Solve - measure : [41, 24496, 9557, 1287, 0, 54, 0, 52]
>>>>>>>>>>>> Solving at depth : -1( real 0)
>>>>>>>>>>>> Solve - measure : [40, 24496, 9557, 1287, 0, 54, 0, 52]
>>>>>>>>>>>> Solving at depth : -1( real 0)
>>>>>>>>>>>> Solve - measure : [5, 1908, 743, 80, 0, 8, 0, 6]
>>>>>>>>>>>> Solving at depth : -1( real 0)
>>>>>>>>>>>> Solve - measure : [46, 31850, 12527, 1530, 0, 66, 0, 63]
>>>>>>>>>>>> Solving at depth : -1( real 0)
>>>>>>>>>>>> Solve - measure : [40, 31850, 12527, 1530, 0, 66, 0, 63]
>>>>>>>>>>>> Solving at depth : -1( real 0)
>>>>>>>>>>>> Solve - measure : [35, 31850, 12527, 1530, 0, 66, 0, 63]
>>>>>>>>>>>> Solving at depth : -1( real 0)
>>>>>>>>>>>> Solve - measure : [34, 31850, 12527, 1530, 0, 66, 0, 63]
>>>>>>>>>>>> Solving at depth : -1( real 0)
>>>>>>>>>>>> Solve - measure : [2, 10, 4, 0, 0, 0, 0, 0]
>>>>>>>>>>>> Solving at depth : -1( real 0)
>>>>>>>>>>>> Solve - measure : [1, 13, 5, 0, 0, 0, 0, 0]
>>>>>>>>>>>> Solving at depth : -1( real 0)
>>>>>>>>>>>> Solve - measure : [1, 13, 5, 0, 0, 0, 0, 0]
>>>>>>>>>>>> Solving at depth : -1( real 0)
>>>>>>>>>>>> Solve - measure : [41, 40165, 15848, 1656, 0, 77, 0, 67]
>>>>>>>>>>>> Solving at depth : -1( real 0)
>>>>>>>>>>>> Solve - measure : [48, 40165, 15848, 1656, 0, 77, 0, 67]
>>>>>>>>>>>> Solving at depth : -1( real 0)
>>>>>>>>>>>> Solve - measure : [61, 40165, 15848, 1656, 0, 77, 0, 67]
>>>>>>>>>>>> Solving at depth : -1( real 0)
>>>>>>>>>>>> Solve - measure : [4, 1679, 670, 66, 0, 11, 0, 1]
>>>>>>>>>>>> Solving at depth : -1( real 0)
>>>>>>>>>>>> Solve - measure : [73, 47846, 19012, 1895, 0, 85, 0, 76]
>>>>>>>>>>>> Solving at depth : -1( real 0)
>>>>>>>>>>>> Solve - measure : [59, 47846, 19012, 1895, 0, 85, 0, 76]
>>>>>>>>>>>> Solving at depth : -1( real 0)
>>>>>>>>>>>> Solve - measure : [47, 47846, 19012, 1895, 0, 85, 0, 76]
>>>>>>>>>>>> Solving at depth : -1( real 0)
>>>>>>>>>>>> Solve - measure : [4, 1777, 712, 66, 0, 11, 0, 1]
>>>>>>>>>>>> Solving at depth : -1( real 0)
>>>>>>>>>>>> Solve - measure : [55, 56713, 22638, 2134, 0, 93, 0, 85]
>>>>>>>>>>>> Solving at depth : -1( real 0)
>>>>>>>>>>>> Solve - measure : [70, 56713, 22638, 2134, 0, 93, 0, 85]
>>>>>>>>>>>> Solving at depth : -1( real 0)
>>>>>>>>>>>> Solve - measure : [53, 56713, 22638, 2134, 0, 93, 0, 85]
>>>>>>>>>>>> Solving at depth : -1( real 0)
>>>>>>>>>>>> Solve - measure : [2, 20, 8, 0, 0, 0, 0, 0]
>>>>>>>>>>>> Solving at depth : -1( real 0)
>>>>>>>>>>>> Solve - measure : [59, 61747, 24744, 2174, 0, 93, 0, 87]
>>>>>>>>>>>> Solving at depth : -1( real 0)
>>>>>>>>>>>> Solve - measure : [59, 61747, 24744, 2174, 0, 93, 0, 87]
>>>>>>>>>>>> Solving at depth : -1( real 0)
>>>>>>>>>>>> Solve - measure : [58, 61747, 24744, 2174, 0, 93, 0, 87]
>>>>>>>>>>>> Solving at depth : -1( real 0)
>>>>>>>>>>>> Solve - measure : [1, 27, 11, 0, 0, 0, 0, 0]
>>>>>>>>>>>> Solving at depth : -1( real 0)
>>>>>>>>>>>> Solve - measure : [69, 67141, 27008, 2214, 0, 93, 0, 89]
>>>>>>>>>>>> Solving at depth : -1( real 0)
>>>>>>>>>>>> Solve - measure : [79, 67141, 27008, 2214, 0, 93, 0, 89]
>>>>>>>>>>>> Solving at depth : -1( real 0)
>>>>>>>>>>>> Solve - measure : [109, 67141, 27008, 2214, 0, 93, 0, 89]
>>>>>>>>>>>> Solving at depth : -1( real 0)
>>>>>>>>>>>> Solve - measure : [2, 34, 14, 0, 0, 0, 0, 0]
>>>>>>>>>>>> Solving at depth : -1( real 0)
>>>>>>>>>>>> Solve - measure : [118, 80238, 32373, 2412, 0, 126, 0, 92]
>>>>>>>>>>>> Solving at depth : -1( real 0)
>>>>>>>>>>>> Solve - measure : [4, 789, 308, 20, 0, 0, 0, 1]
>>>>>>>>>>>> Solving at depth : -1( real 0)
>>>>>>>>>>>> Solve - measure : [2, 38, 15, 0, 0, 0, 0, 0]
>>>>>>>>>>>> Solving at depth : -1( real 0)
>>>>>>>>>>>> Solve - measure : [243, 111727, 44448, 2747, 0, 170, 0, 142]
>>>>>>>>>>>> Solving at depth : -1( real 0)
>>>>>>>>>>>> Solve - measure : [132, 111727, 44448, 2747, 0, 170, 0, 142]
>>>>>>>>>>>> Solving at depth : -1( real 0)
>>>>>>>>>>>> Solve - measure : [124, 111727, 44448, 2747, 0, 170, 0, 142]
>>>>>>>>>>>> Solving at depth : -1( real 0)
>>>>>>>>>>>> Solve - measure : [2, 72, 29, 0, 0, 0, 0, 0]
>>>>>>>>>>>> Solving at depth : -1( real 0)
>>>>>>>>>>>> Solve - measure : [149, 134745, 53876, 2907, 0, 192, 0, 148]
>>>>>>>>>>>> Solving at depth : -1( real 0)
>>>>>>>>>>>> Solve - measure : [151, 134745, 53876, 2907, 0, 192, 0, 148]
>>>>>>>>>>>> Solving at depth : -1( real 0)
>>>>>>>>>>>> Solve - measure : [2, 74, 30, 0, 0, 0, 0, 0]
>>>>>>>>>>>> Solving at depth : -1( real 0)
>>>>>>>>>>>> Solve - measure : [214, 181477, 72958, 3191, 0, 247, 0, 293]
>>>>>>>>>>>> Solving at depth : -1( real 0)
>>>>>>>>>>>> Solve - measure : [210, 181477, 72958, 3191, 0, 247, 0, 293]
>>>>>>>>>>>> Solving at depth : -1( real 0)
>>>>>>>>>>>> Solve - measure : [2, 79, 32, 0, 0, 0, 0, 0]
>>>>>>>>>>>> Solving at depth : -1( real 0)
>>>>>>>>>>>> Solve - measure : [2, 82, 33, 0, 0, 0, 0, 0]
>>>>>>>>>>>> Solving at depth : -1( real 0)
>>>>>>>>>>>> Solve - measure : [353, 244063, 97415, 3751, 0, 315, 0, 258]
>>>>>>>>>>>> Solving at depth : -1( real 0)
>>>>>>>>>>>> Solve - measure : [471, 244063, 97415, 3751, 0, 315, 0, 258]
>>>>>>>>>>>> Solving at depth : -1( real 0)
>>>>>>>>>>>> Solve - measure : [390, 244063, 97415, 3751, 0, 315, 0, 258]
>>>>>>>>>>>> Solving at depth : -1( real 0)
>>>>>>>>>>>> Solve - measure : [20, 13686, 5487, 142, 0, 22, 0, 8]
>>>>>>>>>>>> Solving at depth : -1( real 0)
>>>>>>>>>>>> Solve - measure : [377, 305488, 122587, 4186, 0, 381, 0, 282]
>>>>>>>>>>>> Solving at depth : -1( real 0)
>>>>>>>>>>>> Solve - measure : [3, 148, 60, 0, 0, 0, 0, 0]
>>>>>>>>>>>> Solving at depth : -1( real 0)
>>>>>>>>>>>> Solve - measure : [490, 387799, 156083, 4692, 0, 469, 0, 321]
>>>>>>>>>>>> Solving at depth : -1( real 0)
>>>>>>>>>>>> Solve - measure : [3, 181, 73, 0, 0, 0, 0, 0]
>>>>>>>>>>>> Solving at depth : -1( real 0)
>>>>>>>>>>>> Solve - measure : [780, 628585, 251595, 5867, 0, 636, 0, 366]
>>>>>>>>>>>> Solving at depth : -1( real 0)
>>>>>>>>>>>> Solve - measure : [894, 628585, 251595, 5867, 0, 636, 0, 366]
>>>>>>>>>>>> Solving at depth : -1( real 0)
>>>>>>>>>>>> Solve - measure : [1222, 628585, 251595, 5867, 0, 636, 0, 366]
>>>>>>>>>>>> Solving at depth : -1( real 0)
>>>>>>>>>>>> Solve - measure : [107, 50199, 20237, 284, 0, 44, 0, 13]
>>>>>>>>>>>> Solving at depth : -1( real 0)
>>>>>>>>>>>> Solve - measure : [1075, 798663, 320195, 6435, 0, 724, 0, 427]
>>>>>>>>>>>> Solving at depth : -1( real 0)
>>>>>>>>>>>> Solve - measure : [1020, 798663, 320195, 6435, 0, 724, 0, 427]
>>>>>>>>>>>> Solving at depth : -1( real 0)
>>>>>>>>>>>> Solve - measure : [1024, 798663, 320195, 6435, 0, 724, 0, 427]
>>>>>>>>>>>> Solving at depth : -1( real 0)
>>>>>>>>>>>> Solve - measure : [2, 197, 80, 0, 0, 0, 0, 0]
>>>>>>>>>>>> Solving at depth : -1( real 0)
>>>>>>>>>>>> Solve - measure : [1207, 940149, 378271, 7003, 0, 812, 0, 453]
>>>>>>>>>>>> Solving at depth : -1( real 0)
>>>>>>>>>>>> Solve - measure : [1570, 940149, 378271, 7003, 0, 812, 0, 453]
>>>>>>>>>>>> Solving at depth : -1( real 0)
>>>>>>>>>>>> Solve - measure : [1627, 940149, 378271, 7003, 0, 812, 0, 453]
>>>>>>>>>>>> Solving at depth : -1( real 0)
>>>>>>>>>>>> Solve - measure : [2, 204, 83, 0, 0, 0, 0, 0]
>>>>>>>>>>>> Solving at depth : -1( real 0)
>>>>>>>>>>>> Solve - measure : [1442, 1141276, 460635, 7855, 0, 944, 0, 492]
>>>>>>>>>>>> Solving at depth : -1( real 0)
>>>>>>>>>>>> Solve - measure : [1501, 1141276, 460635, 7855, 0, 944, 0, 492]
>>>>>>>>>>>> Solving at depth : -1( real 0)
>>>>>>>>>>>> Solve - measure : [1488, 1141276, 460635, 7855, 0, 944, 0, 492]
>>>>>>>>>>>> Solving at depth : -1( real 0)
>>>>>>>>>>>> Solve - measure : [1504, 1141276, 460635, 7855, 0, 944, 0, 492]
>>>>>>>>>>>> Solving at depth : -1( real 0)
>>>>>>>>>>>> Solve - measure : [1558, 1141276, 460635, 7855, 0, 944, 0, 492]
>>>>>>>>>>>> Solving at depth : -1( real 0)
>>>>>>>>>>>> Solve - measure : [161, 109551, 44135, 568, 0, 88, 0, 26]
>>>>>>>>>>>> Solving at depth : -1( real 0)
>>>>>>>>>>>> Solve - measure : [173, 111838, 45050, 568, 0, 88, 0, 26]
>>>>>>>>>>>> Solving at depth : -1( real 0)
>>>>>>>>>>>> Solve - measure : [2227, 1657953, 668393, 9559, 0, 1208, 0, 952]
>>>>>>>>>>>> Solving at depth : -1( real 0)
>>>>>>>>>>>> Solve - measure : [2226, 1657953, 668393, 9559, 0, 1208, 0, 952]
>>>>>>>>>>>> Solving at depth : -1( real 0)
>>>>>>>>>>>> Solve - measure : [2188, 1657953, 668393, 9559, 0, 1208, 0, 952]
>>>>>>>>>>>> Solving at depth : -1( real 0)
>>>>>>>>>>>> Solve - measure : [2, 10, 4, 0, 0, 0, 0, 0]
>>>>>>>>>>>> Solving at depth : -1( real 0)
>>>>>>>>>>>> Solve - measure : [2234, 1657989, 668409, 9559, 0, 1208, 0, 952]
>>>>>>>>>>>> Solving at depth : -1( real 0)
>>>>>>>>>>>> Solve - measure : [2227, 1657989, 668409, 9559, 0, 1208, 0, 952]
>>>>>>>>>>>> Solving at depth : -1( real 0)
>>>>>>>>>>>> Solve - measure : [2244, 1657989, 668409, 9559, 0, 1208, 0, 952]
>>>>>>>>>>>> Solving at depth : -1( real 0)
>>>>>>>>>>>> Solve - measure : [3, 17, 7, 0, 0, 0, 0, 0]
>>>>>>>>>>>> Solving at depth : -1( real 0)
>>>>>>>>>>>> Solve - measure : [2231, 1658081, 668449, 9559, 0, 1208, 0, 952]
>>>>>>>>>>>> Solving at depth : -1( real 0)
>>>>>>>>>>>> Solve - measure : [2, 19, 8, 0, 0, 0, 0, 0]
>>>>>>>>>>>> Solving at depth : -1( real 0)
>>>>>>>>>>>> Solve - measure : [2216, 1700189, 686958, 9699, 0, 1208, 0, 959]
>>>>>>>>>>>> Solving at depth : -1( real 0)
>>>>>>>>>>>> Solve - measure : [7, 4924, 1990, 66, 0, 8, 0, 0]
>>>>>>>>>>>> Solving at depth : -1( real 0)
>>>>>>>>>>>> Solve - measure : [740, 636985, 257101, 8973, 0, 162, 0, 722]
>>>>>>>>>>>> Solving at depth : -1( real 0)
>>>>>>>>>>>> Solve - measure : [742, 636985, 257101, 8973, 0, 162, 0, 722]
>>>>>>>>>>>> Solving at depth : -1( real 0)
>>>>>>>>>>>> Solve - measure : [741, 636985, 257101, 8973, 0, 162, 0, 722]
>>>>>>>>>>>> Solving at depth : -1( real 0)
>>>>>>>>>>>> Solve - measure : [8, 4987, 2017, 66, 0, 8, 0, 0]
>>>>>>>>>>>> Solving at depth : -1( real 0)
>>>>>>>>>>>> Solve - measure : [791, 670375, 271043, 9211, 0, 178, 0, 724]
>>>>>>>>>>>> Solving at depth : -1( real 0)
>>>>>>>>>>>> Solve - measure : [13, 9462, 3828, 80, 0, 8, 0, 6]
>>>>>>>>>>>> Solving at depth : -1( real 0)
>>>>>>>>>>>> Solve - measure : [1311, 1087202, 438415, 17997, 0, 424, 0, 1099]
>>>>>>>>>>>> Solving at depth : -1( real 0)
>>>>>>>>>>>> Solve - measure : [30, 22935, 9274, 222, 0, 24, 0, 18]
>>>>>>>>>>>> Solving at depth : -1( real 0)
>>>>>>>>>>>> Solve - measure : [1962, 1610927, 649683, 25386, 0, 642, 0, 1340]
>>>>>>>>>>>> Solving at depth : -1( real 0)
>>>>>>>>>>>> Solve - measure : [13, 8696, 3505, 97, 0, 2, 0, 3]
>>>>>>>>>>>> Solving at depth : -1( real 0)
>>>>>>>>>>>> Solve - measure : [2880, 2271014, 917332, 36917, 0, 1174, 0, 2022]
>>>>>>>>>>>> Solving at depth : -1( real 0)
>>>>>>>>>>>> Solve - measure : [66, 48574, 19688, 382, 0, 38, 0, 40]
>>>>>>>>>>>> Solving at depth : -1( real 0)
>>>>>>>>>>>> Solve - measure : [4711, 3510350, 1418700, 54230, 0, 1235, 0, 2826]
>>>>>>>>>>>> Solving at depth : -1( real 0)
>>>>>>>>>>>> Solve - measure : [4841, 3510350, 1418700, 54230, 0, 1235, 0, 2826]
>>>>>>>>>>>> Solving at depth : -1( real 0)
>>>>>>>>>>>> Solve - measure : [4849, 3510350, 1418700, 54230, 0, 1235, 0, 2826]
>>>>>>>>>>>> Solving at depth : -1( real 0)
>>>>>>>>>>>> Solve - measure : [2, 10, 4, 0, 0, 0, 0, 0]
>>>>>>>>>>>> Solving at depth : -1( real 0)
>>>>>>>>>>>> Solve - measure : [4876, 3510386, 1418716, 54230, 0, 1235, 0, 2826]
>>>>>>>>>>>> Solving at depth : -1( real 0)
>>>>>>>>>>>> Solve - measure : [8, 3852, 1542, 57, 0, 0, 0, 5]
>>>>>>>>>>>> Solving at depth : -1( real 0)
>>>>>>>>>>>> Solve - measure : [5030, 3637874, 1475636, 54503, 0, 1235, 0, 2848]
>>>>>>>>>>>> Solving at depth : -1( real 0)
>>>>>>>>>>>> Solve - measure : [87, 55205, 22365, 574, 0, 56, 0, 36]
>>>>>>>>>>>> Solving at depth : -1( real 0)
>>>>>>>>>>>> Solve - measure : [5650, 4071062, 1651248, 58054, 0, 1459, 0, 2998]
>>>>>>>>>>>> Solving at depth : -1( real 0)
>>>>>>>>>>>> Solve - measure : [5652, 4071062, 1651248, 58054, 0, 1459, 0, 2998]
>>>>>>>>>>>> Solving at depth : -1( real 0)
>>>>>>>>>>>> Solve - measure : [5658, 4071062, 1651248, 58054, 0, 1459, 0, 2998]
>>>>>>>>>>>> Solving at depth : -1( real 0)
>>>>>>>>>>>> Solve - measure : [89, 55394, 22446, 574, 0, 56, 0, 36]
>>>>>>>>>>>> Solving at depth : -1( real 0)
>>>>>>>>>>>> Solve - measure : [6039, 4324651, 1756728, 59774, 0, 1515, 0, 3046]
>>>>>>>>>>>> Solving at depth : -1( real 0)
>>>>>>>>>>>> Solve - measure : [105, 76300, 30981, 560, 0, 32, 0, 60]
>>>>>>>>>>>> Solving at depth : -1( real 0)
>>>>>>>>>>>> Solve - measure : [10582, 7302801, 2967513, 103576, 0, 2696, 0, 4863]
>>>>>>>>>>>> Solving at depth : -1( real 0)
>>>>>>>>>>>> Solve - measure : [246, 160540, 65081, 1358, 0, 95, 0, 154]
>>>>>>>>>>>> Solving at depth : -1( real 0)
>>>>>>>>>>>> Solve - measure : [17630, 11870535, 4814276, 168429, 0, 3834, 0, 6846]
>>>>>>>>>>>> Solving at depth : -1( real 0)
>>>>>>>>>>>> Solve - measure : [17816, 11870535, 4814276, 168429, 0, 3834, 0, 6846]
>>>>>>>>>>>> Solving at depth : -1( real 0)
>>>>>>>>>>>> Solve - measure : [17698, 11870535, 4814276, 168429, 0, 3834, 0, 6846]
>>>>>>>>>>>> Solving at depth : -1( real 0)
>>>>>>>>>>>> Solve - measure : [390, 254831, 103320, 2152, 0, 157, 0, 238]
>>>>>>>>>>>> Solving at depth : -1( real 0)
>>>>>>>>>>>> Solve - measure : [17, 8311, 3352, 97, 0, 0, 0, 7]
SolveToClause Finished!
4 CHARACTERISTIC CLAUSES
[+r_d2d6d1d39_0]
[+r_d2d6d1d39_1]
[+r_d1d1d1d42_3]
[+r_d1d1d1d42_2]


Total execution time was 182692 ms.


Execution time was 182689 ms.

status 101
Problems/Bio/glucolysis_min-4_ld3--1_MONO

NO TIME OUT#################################
output to finishing problems################
GENERATE DISTRIBUTION#######################
temporary file did not exist
buildGraph #########################################
File loaded, Now making graph...
temporary file did not exist
kMETIS #############################################
**********************************************************************
  METIS 4.0.3 Copyright 1998, Regents of the University of Minnesota
Graph Information ---------------------------------------------------
  Name: Problems/Bio/glucolysis_min-4_ld3--1temp_graph_kmet2.gra, #Vertices: 148, #Edges: 290, #Parts: 2

K-way Partitioning... -----------------------------------------------
  2-way Edge-Cut:       4, Balance:  1.03 

Timing Information --------------------------------------------------
  I/O:          		   0.000
  Partitioning: 		   0.000   (KMETIS time)
  Total:        		   0.001
**********************************************************************

graph2DCF ##########################################
File loaded, Now saving...
Dist is quite VALID#############################
temporary file did not exist
buildGraph #########################################
File loaded, Now making graph...
temporary file did not exist
kMETIS #############################################
**********************************************************************
  METIS 4.0.3 Copyright 1998, Regents of the University of Minnesota
Graph Information ---------------------------------------------------
  Name: Problems/Bio/glucolysis_min-4_ld3--1temp_graph_kmet4.gra, #Vertices: 148, #Edges: 290, #Parts: 4

K-way Partitioning... -----------------------------------------------
  4-way Edge-Cut:      21, Balance:  1.03 

Timing Information --------------------------------------------------
  I/O:          		   0.000
  Partitioning: 		   0.000   (KMETIS time)
  Total:        		   0.001
**********************************************************************

graph2DCF ##########################################
File loaded, Now saving...
Dist is quite VALID#############################
temporary file did not exist
buildGraph #########################################
File loaded, Now making graph...
temporary file did not exist
kMETIS #############################################
**********************************************************************
  METIS 4.0.3 Copyright 1998, Regents of the University of Minnesota
Graph Information ---------------------------------------------------
  Name: Problems/Bio/glucolysis_min-4_ld3--1temp_graph_kmet6.gra, #Vertices: 148, #Edges: 290, #Parts: 6

K-way Partitioning... -----------------------------------------------
  6-way Edge-Cut:      30, Balance:  1.14 

Timing Information --------------------------------------------------
  I/O:          		   0.000
  Partitioning: 		   0.000   (KMETIS time)
  Total:        		   0.001
**********************************************************************

graph2DCF ##########################################
File loaded, Now saving...
Dist is quite VALID#############################
temporary file did not exist
buildGraph #########################################
File loaded, Now making graph...
temporary file did not exist
kMETIS #############################################
**********************************************************************
  METIS 4.0.3 Copyright 1998, Regents of the University of Minnesota
Graph Information ---------------------------------------------------
  Name: Problems/Bio/glucolysis_min-4_ld3--1temp_graph_kmet8.gra, #Vertices: 148, #Edges: 290, #Parts: 8

K-way Partitioning... -----------------------------------------------
  8-way Edge-Cut:      33, Balance:  1.03 

Timing Information --------------------------------------------------
  I/O:          		   0.000
  Partitioning: 		   0.001   (KMETIS time)
  Total:        		   0.001
**********************************************************************

graph2DCF ##########################################
File loaded, Now saving...
Dist is quite VALID#############################
removing temp .csv#########################
