generate VARIANT################################
launch MONO#####################################
-d64
-Xms512m
-Xmx10g
-jar
ressources/CFLauncher_7.jar
-method=SOLAR-Inc-Carc
-verbose
-t=1200000
-var=_min-2_ld5--1
-csq=Problems/Bio/glucolysis_min-2_ld5--1_MONO
Problems/Bio/glucolysis
Problems/Bio/glucolysis_min-2_ld5--1
>>>>>>>>>>>> Solving at depth : -1( real 0)
>>>>>>>>>>>> Solve - measure : [42, 1, 0, 0, 0, 0, 0, 0]
>>>>>>>>>>>> Solving at depth : -1( real 0)
>>>>>>>>>>>> Solve - measure : [3, 1, 0, 0, 0, 0, 0, 0]
>>>>>>>>>>>> Solving at depth : -1( real 0)
>>>>>>>>>>>> Solve - measure : [14, 8, 2, 2, 0, 0, 0, 0]
>>>>>>>>>>>> Solving at depth : -1( real 0)
>>>>>>>>>>>> Solve - measure : [6, 18, 6, 3, 0, 0, 0, 0]
>>>>>>>>>>>> Solving at depth : -1( real 0)
>>>>>>>>>>>> Solve - measure : [10, 84, 30, 12, 0, 0, 0, 0]
>>>>>>>>>>>> Solving at depth : -1( real 0)
>>>>>>>>>>>> Solve - measure : [9, 84, 30, 12, 0, 0, 0, 0]
>>>>>>>>>>>> Solving at depth : -1( real 0)
>>>>>>>>>>>> Solve - measure : [9, 84, 30, 12, 0, 0, 0, 0]
>>>>>>>>>>>> Solving at depth : -1( real 0)
>>>>>>>>>>>> Solve - measure : [7, 44, 17, 3, 0, 0, 0, 0]
>>>>>>>>>>>> Solving at depth : -1( real 0)
>>>>>>>>>>>> Solve - measure : [25, 326, 128, 24, 0, 0, 0, 0]
>>>>>>>>>>>> Solving at depth : -1( real 0)
>>>>>>>>>>>> Solve - measure : [24, 326, 128, 24, 0, 0, 0, 0]
>>>>>>>>>>>> Solving at depth : -1( real 0)
>>>>>>>>>>>> Solve - measure : [23, 326, 128, 24, 0, 0, 0, 0]
>>>>>>>>>>>> Solving at depth : -1( real 0)
>>>>>>>>>>>> Solve - measure : [8, 65, 26, 3, 0, 0, 0, 0]
>>>>>>>>>>>> Solving at depth : -1( real 0)
>>>>>>>>>>>> Solve - measure : [44, 736, 298, 36, 0, 0, 0, 0]
>>>>>>>>>>>> Solving at depth : -1( real 0)
>>>>>>>>>>>> Solve - measure : [43, 736, 298, 36, 0, 0, 0, 0]
>>>>>>>>>>>> Solving at depth : -1( real 0)
>>>>>>>>>>>> Solve - measure : [46, 736, 298, 36, 0, 0, 0, 0]
>>>>>>>>>>>> Solving at depth : -1( real 0)
>>>>>>>>>>>> Solve - measure : [48, 736, 298, 36, 0, 0, 0, 0]
>>>>>>>>>>>> Solving at depth : -1( real 0)
>>>>>>>>>>>> Solve - measure : [47, 736, 298, 36, 0, 0, 0, 0]
>>>>>>>>>>>> Solving at depth : -1( real 0)
>>>>>>>>>>>> Solve - measure : [12, 109, 41, 3, 0, 2, 0, 0]
>>>>>>>>>>>> Solving at depth : -1( real 0)
>>>>>>>>>>>> Solve - measure : [10, 101, 40, 3, 0, 0, 0, 0]
>>>>>>>>>>>> Solving at depth : -1( real 0)
>>>>>>>>>>>> Solve - measure : [99, 1905, 762, 58, 0, 2, 0, 0]
>>>>>>>>>>>> Solving at depth : -1( real 0)
>>>>>>>>>>>> Solve - measure : [74, 1905, 762, 58, 0, 2, 0, 0]
>>>>>>>>>>>> Solving at depth : -1( real 0)
>>>>>>>>>>>> Solve - measure : [72, 1905, 762, 58, 0, 2, 0, 0]
>>>>>>>>>>>> Solving at depth : -1( real 0)
>>>>>>>>>>>> Solve - measure : [13, 211, 84, 4, 0, 2, 0, 0]
>>>>>>>>>>>> Solving at depth : -1( real 0)
>>>>>>>>>>>> Solve - measure : [94, 2647, 1065, 71, 0, 4, 0, 0]
>>>>>>>>>>>> Solving at depth : -1( real 0)
>>>>>>>>>>>> Solve - measure : [9, 142, 56, 3, 0, 1, 0, 0]
>>>>>>>>>>>> Solving at depth : -1( real 0)
>>>>>>>>>>>> Solve - measure : [152, 4368, 1762, 92, 0, 9, 0, 18]
>>>>>>>>>>>> Solving at depth : -1( real 0)
>>>>>>>>>>>> Solve - measure : [24, 550, 227, 10, 0, 4, 0, 0]
>>>>>>>>>>>> Solving at depth : -1( real 0)
>>>>>>>>>>>> Solve - measure : [344, 10242, 4135, 184, 0, 20, 0, 37]
>>>>>>>>>>>> Solving at depth : -1( real 0)
>>>>>>>>>>>> Solve - measure : [249, 10242, 4135, 184, 0, 20, 0, 37]
>>>>>>>>>>>> Solving at depth : -1( real 0)
>>>>>>>>>>>> Solve - measure : [172, 10242, 4135, 184, 0, 20, 0, 37]
>>>>>>>>>>>> Solving at depth : -1( real 0)
>>>>>>>>>>>> Solve - measure : [12, 580, 240, 10, 0, 4, 0, 0]
>>>>>>>>>>>> Solving at depth : -1( real 0)
>>>>>>>>>>>> Solve - measure : [172, 13778, 5608, 227, 0, 24, 0, 40]
>>>>>>>>>>>> Solving at depth : -1( real 0)
>>>>>>>>>>>> Solve - measure : [134, 13778, 5608, 227, 0, 24, 0, 40]
>>>>>>>>>>>> Solving at depth : -1( real 0)
>>>>>>>>>>>> Solve - measure : [120, 13778, 5608, 227, 0, 24, 0, 40]
>>>>>>>>>>>> Solving at depth : -1( real 0)
>>>>>>>>>>>> Solve - measure : [13, 1018, 413, 12, 0, 4, 0, 4]
>>>>>>>>>>>> Solving at depth : -1( real 0)
>>>>>>>>>>>> Solve - measure : [141, 18106, 7405, 269, 0, 30, 0, 48]
>>>>>>>>>>>> Solving at depth : -1( real 0)
>>>>>>>>>>>> Solve - measure : [121, 18106, 7405, 269, 0, 30, 0, 48]
>>>>>>>>>>>> Solving at depth : -1( real 0)
>>>>>>>>>>>> Solve - measure : [103, 18106, 7405, 269, 0, 30, 0, 48]
>>>>>>>>>>>> Solving at depth : -1( real 0)
>>>>>>>>>>>> Solve - measure : [101, 18106, 7405, 269, 0, 30, 0, 48]
>>>>>>>>>>>> Solving at depth : -1( real 0)
>>>>>>>>>>>> Solve - measure : [3, 10, 4, 0, 0, 0, 0, 0]
>>>>>>>>>>>> Solving at depth : -1( real 0)
>>>>>>>>>>>> Solve - measure : [3, 13, 5, 0, 0, 0, 0, 0]
>>>>>>>>>>>> Solving at depth : -1( real 0)
>>>>>>>>>>>> Solve - measure : [3, 13, 5, 0, 0, 0, 0, 0]
>>>>>>>>>>>> Solving at depth : -1( real 0)
>>>>>>>>>>>> Solve - measure : [118, 22872, 9341, 301, 0, 32, 0, 52]
>>>>>>>>>>>> Solving at depth : -1( real 0)
>>>>>>>>>>>> Solve - measure : [105, 22872, 9341, 301, 0, 32, 0, 52]
>>>>>>>>>>>> Solving at depth : -1( real 0)
>>>>>>>>>>>> Solve - measure : [27, 22872, 9341, 301, 0, 32, 0, 52]
>>>>>>>>>>>> Solving at depth : -1( real 0)
>>>>>>>>>>>> Solve - measure : [3, 831, 340, 11, 0, 2, 0, 1]
>>>>>>>>>>>> Solving at depth : -1( real 0)
>>>>>>>>>>>> Solve - measure : [31, 27887, 11437, 346, 0, 36, 0, 59]
>>>>>>>>>>>> Solving at depth : -1( real 0)
>>>>>>>>>>>> Solve - measure : [30, 27887, 11437, 346, 0, 36, 0, 59]
>>>>>>>>>>>> Solving at depth : -1( real 0)
>>>>>>>>>>>> Solve - measure : [30, 27887, 11437, 346, 0, 36, 0, 59]
>>>>>>>>>>>> Solving at depth : -1( real 0)
>>>>>>>>>>>> Solve - measure : [4, 873, 358, 11, 0, 2, 0, 1]
>>>>>>>>>>>> Solving at depth : -1( real 0)
>>>>>>>>>>>> Solve - measure : [41, 33279, 13689, 391, 0, 40, 0, 66]
>>>>>>>>>>>> Solving at depth : -1( real 0)
>>>>>>>>>>>> Solve - measure : [38, 33279, 13689, 391, 0, 40, 0, 66]
>>>>>>>>>>>> Solving at depth : -1( real 0)
>>>>>>>>>>>> Solve - measure : [36, 33279, 13689, 391, 0, 40, 0, 66]
>>>>>>>>>>>> Solving at depth : -1( real 0)
>>>>>>>>>>>> Solve - measure : [2, 20, 8, 0, 0, 0, 0, 0]
>>>>>>>>>>>> Solving at depth : -1( real 0)
>>>>>>>>>>>> Solve - measure : [39, 36355, 14986, 405, 0, 40, 0, 68]
>>>>>>>>>>>> Solving at depth : -1( real 0)
>>>>>>>>>>>> Solve - measure : [37, 36355, 14986, 405, 0, 40, 0, 68]
>>>>>>>>>>>> Solving at depth : -1( real 0)
>>>>>>>>>>>> Solve - measure : [38, 36355, 14986, 405, 0, 40, 0, 68]
>>>>>>>>>>>> Solving at depth : -1( real 0)
>>>>>>>>>>>> Solve - measure : [2, 27, 11, 0, 0, 0, 0, 0]
>>>>>>>>>>>> Solving at depth : -1( real 0)
>>>>>>>>>>>> Solve - measure : [41, 39622, 16365, 419, 0, 40, 0, 70]
>>>>>>>>>>>> Solving at depth : -1( real 0)
>>>>>>>>>>>> Solve - measure : [40, 39622, 16365, 419, 0, 40, 0, 70]
>>>>>>>>>>>> Solving at depth : -1( real 0)
>>>>>>>>>>>> Solve - measure : [40, 39622, 16365, 419, 0, 40, 0, 70]
>>>>>>>>>>>> Solving at depth : -1( real 0)
>>>>>>>>>>>> Solve - measure : [1, 34, 14, 0, 0, 0, 0, 0]
>>>>>>>>>>>> Solving at depth : -1( real 0)
>>>>>>>>>>>> Solve - measure : [63, 44582, 18433, 452, 0, 46, 0, 73]
>>>>>>>>>>>> Solving at depth : -1( real 0)
>>>>>>>>>>>> Solve - measure : [3, 456, 182, 7, 0, 0, 0, 1]
>>>>>>>>>>>> Solving at depth : -1( real 0)
>>>>>>>>>>>> Solve - measure : [2, 38, 15, 0, 0, 0, 0, 0]
>>>>>>>>>>>> Solving at depth : -1( real 0)
>>>>>>>>>>>> Solve - measure : [239, 56613, 23050, 520, 0, 54, 0, 104]
>>>>>>>>>>>> Solving at depth : -1( real 0)
>>>>>>>>>>>> Solve - measure : [82, 56613, 23050, 520, 0, 54, 0, 104]
>>>>>>>>>>>> Solving at depth : -1( real 0)
>>>>>>>>>>>> Solve - measure : [70, 56613, 23050, 520, 0, 54, 0, 104]
>>>>>>>>>>>> Solving at depth : -1( real 0)
>>>>>>>>>>>> Solve - measure : [3, 72, 29, 0, 0, 0, 0, 0]
>>>>>>>>>>>> Solving at depth : -1( real 0)
>>>>>>>>>>>> Solve - measure : [76, 64395, 26276, 552, 0, 58, 0, 110]
>>>>>>>>>>>> Solving at depth : -1( real 0)
>>>>>>>>>>>> Solve - measure : [77, 64395, 26276, 552, 0, 58, 0, 110]
>>>>>>>>>>>> Solving at depth : -1( real 0)
>>>>>>>>>>>> Solve - measure : [2, 74, 30, 0, 0, 0, 0, 0]
>>>>>>>>>>>> Solving at depth : -1( real 0)
>>>>>>>>>>>> Solve - measure : [98, 80467, 32902, 606, 0, 68, 0, 169]
>>>>>>>>>>>> Solving at depth : -1( real 0)
>>>>>>>>>>>> Solve - measure : [96, 80467, 32902, 606, 0, 68, 0, 169]
>>>>>>>>>>>> Solving at depth : -1( real 0)
>>>>>>>>>>>> Solve - measure : [2, 79, 32, 0, 0, 0, 0, 0]
>>>>>>>>>>>> Solving at depth : -1( real 0)
>>>>>>>>>>>> Solve - measure : [2, 82, 33, 0, 0, 0, 0, 0]
>>>>>>>>>>>> Solving at depth : -1( real 0)
>>>>>>>>>>>> Solve - measure : [121, 101988, 41375, 721, 0, 88, 0, 183]
>>>>>>>>>>>> Solving at depth : -1( real 0)
>>>>>>>>>>>> Solve - measure : [159, 101988, 41375, 721, 0, 88, 0, 183]
>>>>>>>>>>>> Solving at depth : -1( real 0)
>>>>>>>>>>>> Solve - measure : [194, 101988, 41375, 721, 0, 88, 0, 183]
>>>>>>>>>>>> Solving at depth : -1( real 0)
>>>>>>>>>>>> Solve - measure : [11, 4119, 1663, 32, 0, 4, 0, 8]
>>>>>>>>>>>> Solving at depth : -1( real 0)
>>>>>>>>>>>> Solve - measure : [203, 121365, 49380, 817, 0, 100, 0, 207]
>>>>>>>>>>>> Solving at depth : -1( real 0)
>>>>>>>>>>>> Solve - measure : [3, 148, 60, 0, 0, 0, 0, 0]
>>>>>>>>>>>> Solving at depth : -1( real 0)
>>>>>>>>>>>> Solve - measure : [184, 143958, 58639, 919, 0, 116, 0, 246]
>>>>>>>>>>>> Solving at depth : -1( real 0)
>>>>>>>>>>>> Solve - measure : [3, 181, 73, 0, 0, 0, 0, 0]
>>>>>>>>>>>> Solving at depth : -1( real 0)
>>>>>>>>>>>> Solve - measure : [266, 209225, 84599, 1166, 0, 154, 0, 291]
>>>>>>>>>>>> Solving at depth : -1( real 0)
>>>>>>>>>>>> Solve - measure : [270, 209225, 84599, 1166, 0, 154, 0, 291]
>>>>>>>>>>>> Solving at depth : -1( real 0)
>>>>>>>>>>>> Solve - measure : [267, 209225, 84599, 1166, 0, 154, 0, 291]
>>>>>>>>>>>> Solving at depth : -1( real 0)
>>>>>>>>>>>> Solve - measure : [20, 13018, 5265, 64, 0, 8, 0, 13]
>>>>>>>>>>>> Solving at depth : -1( real 0)
>>>>>>>>>>>> Solve - measure : [417, 252668, 102154, 1294, 0, 170, 0, 333]
>>>>>>>>>>>> Solving at depth : -1( real 0)
>>>>>>>>>>>> Solve - measure : [502, 252668, 102154, 1294, 0, 170, 0, 333]
>>>>>>>>>>>> Solving at depth : -1( real 0)
>>>>>>>>>>>> Solve - measure : [381, 252668, 102154, 1294, 0, 170, 0, 333]
>>>>>>>>>>>> Solving at depth : -1( real 0)
>>>>>>>>>>>> Solve - measure : [3, 197, 80, 0, 0, 0, 0, 0]
>>>>>>>>>>>> Solving at depth : -1( real 0)
>>>>>>>>>>>> Solve - measure : [378, 290693, 117815, 1422, 0, 186, 0, 359]
>>>>>>>>>>>> Solving at depth : -1( real 0)
>>>>>>>>>>>> Solve - measure : [372, 290693, 117815, 1422, 0, 186, 0, 359]
>>>>>>>>>>>> Solving at depth : -1( real 0)
>>>>>>>>>>>> Solve - measure : [378, 290693, 117815, 1422, 0, 186, 0, 359]
>>>>>>>>>>>> Solving at depth : -1( real 0)
>>>>>>>>>>>> Solve - measure : [2, 204, 83, 0, 0, 0, 0, 0]
>>>>>>>>>>>> Solving at depth : -1( real 0)
>>>>>>>>>>>> Solve - measure : [449, 343618, 139552, 1614, 0, 210, 0, 398]
>>>>>>>>>>>> Solving at depth : -1( real 0)
>>>>>>>>>>>> Solve - measure : [439, 343618, 139552, 1614, 0, 210, 0, 398]
>>>>>>>>>>>> Solving at depth : -1( real 0)
>>>>>>>>>>>> Solve - measure : [632, 343618, 139552, 1614, 0, 210, 0, 398]
>>>>>>>>>>>> Solving at depth : -1( real 0)
>>>>>>>>>>>> Solve - measure : [673, 343618, 139552, 1614, 0, 210, 0, 398]
>>>>>>>>>>>> Solving at depth : -1( real 0)
>>>>>>>>>>>> Solve - measure : [460, 343618, 139552, 1614, 0, 210, 0, 398]
>>>>>>>>>>>> Solving at depth : -1( real 0)
>>>>>>>>>>>> Solve - measure : [44, 27989, 11311, 128, 0, 16, 0, 26]
>>>>>>>>>>>> Solving at depth : -1( real 0)
>>>>>>>>>>>> Solve - measure : [45, 28476, 11506, 128, 0, 16, 0, 26]
>>>>>>>>>>>> Solving at depth : -1( real 0)
>>>>>>>>>>>> Solve - measure : [624, 478133, 193682, 1998, 0, 258, 0, 654]
>>>>>>>>>>>> Solving at depth : -1( real 0)
>>>>>>>>>>>> Solve - measure : [652, 478133, 193682, 1998, 0, 258, 0, 654]
>>>>>>>>>>>> Solving at depth : -1( real 0)
>>>>>>>>>>>> Solve - measure : [649, 478133, 193682, 1998, 0, 258, 0, 654]
>>>>>>>>>>>> Solving at depth : -1( real 0)
>>>>>>>>>>>> Solve - measure : [2, 10, 4, 0, 0, 0, 0, 0]
>>>>>>>>>>>> Solving at depth : -1( real 0)
>>>>>>>>>>>> Solve - measure : [637, 478169, 193698, 1998, 0, 258, 0, 654]
>>>>>>>>>>>> Solving at depth : -1( real 0)
>>>>>>>>>>>> Solve - measure : [656, 478169, 193698, 1998, 0, 258, 0, 654]
>>>>>>>>>>>> Solving at depth : -1( real 0)
>>>>>>>>>>>> Solve - measure : [994, 478169, 193698, 1998, 0, 258, 0, 654]
>>>>>>>>>>>> Solving at depth : -1( real 0)
>>>>>>>>>>>> Solve - measure : [3, 17, 7, 0, 0, 0, 0, 0]
>>>>>>>>>>>> Solving at depth : -1( real 0)
>>>>>>>>>>>> Solve - measure : [925, 478261, 193738, 1998, 0, 258, 0, 654]
>>>>>>>>>>>> Solving at depth : -1( real 0)
>>>>>>>>>>>> Solve - measure : [2, 19, 8, 0, 0, 0, 0, 0]
>>>>>>>>>>>> Solving at depth : -1( real 0)
>>>>>>>>>>>> Solve - measure : [686, 498930, 202815, 2047, 0, 258, 0, 661]
>>>>>>>>>>>> Solving at depth : -1( real 0)
>>>>>>>>>>>> Solve - measure : [6, 2774, 1136, 10, 0, 4, 0, 0]
>>>>>>>>>>>> Solving at depth : -1( real 0)
>>>>>>>>>>>> Solve - measure : [547, 392126, 159969, 2126, 0, 78, 0, 629]
>>>>>>>>>>>> Solving at depth : -1( real 0)
>>>>>>>>>>>> Solve - measure : [542, 392126, 159969, 2126, 0, 78, 0, 629]
>>>>>>>>>>>> Solving at depth : -1( real 0)
>>>>>>>>>>>> Solve - measure : [542, 392126, 159969, 2126, 0, 78, 0, 629]
>>>>>>>>>>>> Solving at depth : -1( real 0)
>>>>>>>>>>>> Solve - measure : [6, 2809, 1151, 10, 0, 4, 0, 0]
>>>>>>>>>>>> Solving at depth : -1( real 0)
>>>>>>>>>>>> Solve - measure : [575, 413512, 168961, 2168, 0, 86, 0, 631]
>>>>>>>>>>>> Solving at depth : -1( real 0)
>>>>>>>>>>>> Solve - measure : [10, 5570, 2272, 12, 0, 4, 0, 4]
>>>>>>>>>>>> Solving at depth : -1( real 0)
>>>>>>>>>>>> Solve - measure : [987, 686510, 280346, 3935, 0, 206, 0, 958]
>>>>>>>>>>>> Solving at depth : -1( real 0)
>>>>>>>>>>>> Solve - measure : [23, 13969, 5701, 30, 0, 12, 0, 12]
>>>>>>>>>>>> Solving at depth : -1( real 0)
>>>>>>>>>>>> Solve - measure : [1427, 1006946, 411067, 5205, 0, 312, 0, 1115]
>>>>>>>>>>>> Solving at depth : -1( real 0)
>>>>>>>>>>>> Solve - measure : [9, 4748, 1927, 21, 0, 0, 0, 3]
>>>>>>>>>>>> Solving at depth : -1( real 0)
>>>>>>>>>>>> Solve - measure : [2416, 1325557, 542464, 6752, 0, 544, 0, 1599]
>>>>>>>>>>>> Solving at depth : -1( real 0)
>>>>>>>>>>>> Solve - measure : [37, 21847, 8925, 45, 0, 10, 0, 20]
>>>>>>>>>>>> Solving at depth : -1( real 0)
>>>>>>>>>>>> Solve - measure : [2795, 1878300, 768012, 10303, 0, 586, 0, 1919]
>>>>>>>>>>>> Solving at depth : -1( real 0)
>>>>>>>>>>>> Solve - measure : [2795, 1878300, 768012, 10303, 0, 586, 0, 1919]
>>>>>>>>>>>> Solving at depth : -1( real 0)
>>>>>>>>>>>> Solve - measure : [2825, 1878300, 768012, 10303, 0, 586, 0, 1919]
>>>>>>>>>>>> Solving at depth : -1( real 0)
>>>>>>>>>>>> Solve - measure : [3, 10, 4, 0, 0, 0, 0, 0]
>>>>>>>>>>>> Solving at depth : -1( real 0)
>>>>>>>>>>>> Solve - measure : [2826, 1878336, 768028, 10303, 0, 586, 0, 1919]
>>>>>>>>>>>> Solving at depth : -1( real 0)
>>>>>>>>>>>> Solve - measure : [7, 3190, 1292, 21, 0, 0, 0, 5]
>>>>>>>>>>>> Solving at depth : -1( real 0)
>>>>>>>>>>>> Solve - measure : [2872, 1946204, 798107, 10402, 0, 586, 0, 1941]
>>>>>>>>>>>> Solving at depth : -1( real 0)
>>>>>>>>>>>> Solve - measure : [44, 24663, 10095, 66, 0, 24, 0, 12]
>>>>>>>>>>>> Solving at depth : -1( real 0)
>>>>>>>>>>>> Solve - measure : [3285, 2158198, 885038, 10779, 0, 682, 0, 1983]
>>>>>>>>>>>> Solving at depth : -1( real 0)
>>>>>>>>>>>> Solve - measure : [3259, 2158198, 885038, 10779, 0, 682, 0, 1983]
>>>>>>>>>>>> Solving at depth : -1( real 0)
>>>>>>>>>>>> Solve - measure : [3258, 2158198, 885038, 10779, 0, 682, 0, 1983]
>>>>>>>>>>>> Solving at depth : -1( real 0)
>>>>>>>>>>>> Solve - measure : [46, 24754, 10134, 66, 0, 24, 0, 12]
>>>>>>>>>>>> Solving at depth : -1( real 0)
>>>>>>>>>>>> Solve - measure : [3470, 2287665, 939275, 11004, 0, 706, 0, 2007]
>>>>>>>>>>>> Solving at depth : -1( real 0)
>>>>>>>>>>>> Solve - measure : [69, 45226, 18469, 102, 0, 18, 0, 36]
>>>>>>>>>>>> Solving at depth : -1( real 0)
>>>>>>>>>>>> Solve - measure : [5827, 3687376, 1514751, 17252, 0, 1278, 0, 3053]
>>>>>>>>>>>> Solving at depth : -1( real 0)
>>>>>>>>>>>> Solve - measure : [160, 96028, 39217, 220, 0, 53, 0, 84]
>>>>>>>>>>>> Solving at depth : -1( real 0)
>>>>>>>>>>>> Solve - measure : [9674, 6088149, 2496617, 26693, 0, 1821, 0, 4092]
>>>>>>>>>>>> Solving at depth : -1( real 0)
>>>>>>>>>>>> Solve - measure : [9681, 6088149, 2496617, 26693, 0, 1821, 0, 4092]
>>>>>>>>>>>> Solving at depth : -1( real 0)
>>>>>>>>>>>> Solve - measure : [9660, 6088149, 2496617, 26693, 0, 1821, 0, 4092]
>>>>>>>>>>>> Solving at depth : -1( real 0)
>>>>>>>>>>>> Solve - measure : [244, 146867, 59984, 336, 0, 81, 0, 128]
>>>>>>>>>>>> Solving at depth : -1( real 0)
>>>>>>>>>>>> Solve - measure : [16, 7252, 2947, 40, 0, 0, 0, 7]
SolveToClause Finished!
2 CHARACTERISTIC CLAUSES
[+r_d2d6d1d39_0]
[+r_d2d6d1d39_1]


Total execution time was 89260 ms.


Execution time was 89257 ms.

status 101
Problems/Bio/glucolysis_min-2_ld5--1_MONO

NO TIME OUT#################################
output to finishing problems################
GENERATE DISTRIBUTION#######################
temporary file did not exist
buildGraph #########################################
File loaded, Now making graph...
temporary file did not exist
kMETIS #############################################
**********************************************************************
  METIS 4.0.3 Copyright 1998, Regents of the University of Minnesota
Graph Information ---------------------------------------------------
  Name: Problems/Bio/glucolysis_min-2_ld5--1temp_graph_kmet2.gra, #Vertices: 148, #Edges: 290, #Parts: 2

K-way Partitioning... -----------------------------------------------
  2-way Edge-Cut:       4, Balance:  1.03 

Timing Information --------------------------------------------------
  I/O:          		   0.000
  Partitioning: 		   0.000   (KMETIS time)
  Total:        		   0.001
**********************************************************************

graph2DCF ##########################################
File loaded, Now saving...
Dist is quite VALID#############################
temporary file did not exist
buildGraph #########################################
File loaded, Now making graph...
temporary file did not exist
kMETIS #############################################
**********************************************************************
  METIS 4.0.3 Copyright 1998, Regents of the University of Minnesota
Graph Information ---------------------------------------------------
  Name: Problems/Bio/glucolysis_min-2_ld5--1temp_graph_kmet4.gra, #Vertices: 148, #Edges: 290, #Parts: 4

K-way Partitioning... -----------------------------------------------
  4-way Edge-Cut:      21, Balance:  1.03 

Timing Information --------------------------------------------------
  I/O:          		   0.000
  Partitioning: 		   0.000   (KMETIS time)
  Total:        		   0.001
**********************************************************************

graph2DCF ##########################################
File loaded, Now saving...
Dist is quite VALID#############################
temporary file did not exist
buildGraph #########################################
File loaded, Now making graph...
temporary file did not exist
kMETIS #############################################
**********************************************************************
  METIS 4.0.3 Copyright 1998, Regents of the University of Minnesota
Graph Information ---------------------------------------------------
  Name: Problems/Bio/glucolysis_min-2_ld5--1temp_graph_kmet6.gra, #Vertices: 148, #Edges: 290, #Parts: 6

K-way Partitioning... -----------------------------------------------
  6-way Edge-Cut:      30, Balance:  1.14 

Timing Information --------------------------------------------------
  I/O:          		   0.000
  Partitioning: 		   0.001   (KMETIS time)
  Total:        		   0.001
**********************************************************************

graph2DCF ##########################################
File loaded, Now saving...
Dist is quite VALID#############################
temporary file did not exist
buildGraph #########################################
File loaded, Now making graph...
temporary file did not exist
kMETIS #############################################
**********************************************************************
  METIS 4.0.3 Copyright 1998, Regents of the University of Minnesota
Graph Information ---------------------------------------------------
  Name: Problems/Bio/glucolysis_min-2_ld5--1temp_graph_kmet8.gra, #Vertices: 148, #Edges: 290, #Parts: 8

K-way Partitioning... -----------------------------------------------
  8-way Edge-Cut:      33, Balance:  1.03 

Timing Information --------------------------------------------------
  I/O:          		   0.000
  Partitioning: 		   0.001   (KMETIS time)
  Total:        		   0.001
**********************************************************************

graph2DCF ##########################################
File loaded, Now saving...
Dist is quite VALID#############################
removing temp .csv#########################
