generate VARIANT################################
launch MONO#####################################
-d64
-Xms512m
-Xmx10g
-jar
ressources/CFLauncher_7.jar
-method=SOLAR-Inc-Carc
-verbose
-t=1200000
-var=_max-6_ld5--1
-csq=Problems/Bio/glucolysis_max-6_ld5--1_MONO
Problems/Bio/glucolysis
Problems/Bio/glucolysis_max-6_ld5--1
>>>>>>>>>>>> Solving at depth : -1( real 0)
>>>>>>>>>>>> Solve - measure : [40, 1, 0, 0, 0, 0, 0, 0]
>>>>>>>>>>>> Solving at depth : -1( real 0)
>>>>>>>>>>>> Solve - measure : [3, 1, 0, 0, 0, 0, 0, 0]
>>>>>>>>>>>> Solving at depth : -1( real 0)
>>>>>>>>>>>> Solve - measure : [2, 1, 0, 0, 0, 0, 0, 0]
>>>>>>>>>>>> Solving at depth : -1( real 0)
>>>>>>>>>>>> Solve - measure : [15, 14, 5, 1, 0, 0, 0, 0]
>>>>>>>>>>>> Solving at depth : -1( real 0)
>>>>>>>>>>>> Solve - measure : [9, 56, 22, 4, 0, 0, 0, 0]
>>>>>>>>>>>> Solving at depth : -1( real 0)
>>>>>>>>>>>> Solve - measure : [7, 56, 22, 4, 0, 0, 0, 0]
>>>>>>>>>>>> Solving at depth : -1( real 0)
>>>>>>>>>>>> Solve - measure : [8, 56, 22, 4, 0, 0, 0, 0]
>>>>>>>>>>>> Solving at depth : -1( real 0)
>>>>>>>>>>>> Solve - measure : [6, 18, 7, 1, 0, 0, 0, 0]
>>>>>>>>>>>> Solving at depth : -1( real 0)
>>>>>>>>>>>> Solve - measure : [13, 153, 62, 8, 0, 0, 0, 0]
>>>>>>>>>>>> Solving at depth : -1( real 0)
>>>>>>>>>>>> Solve - measure : [8, 22, 8, 2, 0, 0, 0, 0]
>>>>>>>>>>>> Solving at depth : -1( real 0)
>>>>>>>>>>>> Solve - measure : [23, 321, 126, 24, 0, 0, 0, 0]
>>>>>>>>>>>> Solving at depth : -1( real 0)
>>>>>>>>>>>> Solve - measure : [7, 46, 18, 3, 0, 0, 0, 0]
>>>>>>>>>>>> Solving at depth : -1( real 0)
>>>>>>>>>>>> Solve - measure : [35, 548, 218, 36, 0, 0, 0, 0]
>>>>>>>>>>>> Solving at depth : -1( real 0)
>>>>>>>>>>>> Solve - measure : [35, 548, 218, 36, 0, 0, 0, 0]
>>>>>>>>>>>> Solving at depth : -1( real 0)
>>>>>>>>>>>> Solve - measure : [7, 32, 12, 3, 0, 0, 0, 0]
>>>>>>>>>>>> Solving at depth : -1( real 0)
>>>>>>>>>>>> Solve - measure : [56, 926, 366, 74, 0, 0, 0, 0]
>>>>>>>>>>>> Solving at depth : -1( real 0)
>>>>>>>>>>>> Solve - measure : [62, 926, 366, 74, 0, 0, 0, 0]
>>>>>>>>>>>> Solving at depth : -1( real 0)
>>>>>>>>>>>> Solve - measure : [16, 142, 51, 9, 0, 2, 0, 0]
>>>>>>>>>>>> Solving at depth : -1( real 0)
>>>>>>>>>>>> Solve - measure : [11, 92, 34, 6, 0, 0, 0, 0]
>>>>>>>>>>>> Solving at depth : -1( real 0)
>>>>>>>>>>>> Solve - measure : [136, 2106, 798, 131, 0, 4, 0, 0]
>>>>>>>>>>>> Solving at depth : -1( real 0)
>>>>>>>>>>>> Solve - measure : [8, 41, 15, 4, 0, 0, 0, 0]
>>>>>>>>>>>> Solving at depth : -1( real 0)
>>>>>>>>>>>> Solve - measure : [142, 2696, 1021, 197, 0, 4, 0, 0]
>>>>>>>>>>>> Solving at depth : -1( real 0)
>>>>>>>>>>>> Solve - measure : [16, 265, 101, 14, 0, 2, 0, 0]
>>>>>>>>>>>> Solving at depth : -1( real 0)
>>>>>>>>>>>> Solve - measure : [124, 3402, 1312, 205, 0, 4, 0, 0]
>>>>>>>>>>>> Solving at depth : -1( real 0)
>>>>>>>>>>>> Solve - measure : [11, 166, 64, 9, 0, 0, 0, 0]
>>>>>>>>>>>> Solving at depth : -1( real 0)
>>>>>>>>>>>> Solve - measure : [156, 4957, 1913, 293, 0, 7, 0, 8]
>>>>>>>>>>>> Solving at depth : -1( real 0)
>>>>>>>>>>>> Solve - measure : [13, 286, 112, 18, 0, 2, 0, 0]
>>>>>>>>>>>> Solving at depth : -1( real 0)
>>>>>>>>>>>> Solve - measure : [205, 8670, 3380, 521, 0, 19, 0, 13]
>>>>>>>>>>>> Solving at depth : -1( real 0)
>>>>>>>>>>>> Solve - measure : [187, 8670, 3380, 521, 0, 19, 0, 13]
>>>>>>>>>>>> Solving at depth : -1( real 0)
>>>>>>>>>>>> Solve - measure : [183, 8670, 3380, 521, 0, 19, 0, 13]
>>>>>>>>>>>> Solving at depth : -1( real 0)
>>>>>>>>>>>> Solve - measure : [8, 315, 125, 17, 0, 2, 0, 0]
>>>>>>>>>>>> Solving at depth : -1( real 0)
>>>>>>>>>>>> Solve - measure : [157, 11143, 4390, 601, 0, 21, 0, 16]
>>>>>>>>>>>> Solving at depth : -1( real 0)
>>>>>>>>>>>> Solve - measure : [145, 11143, 4390, 601, 0, 21, 0, 16]
>>>>>>>>>>>> Solving at depth : -1( real 0)
>>>>>>>>>>>> Solve - measure : [130, 11143, 4390, 601, 0, 21, 0, 16]
>>>>>>>>>>>> Solving at depth : -1( real 0)
>>>>>>>>>>>> Solve - measure : [12, 759, 297, 33, 0, 6, 0, 0]
>>>>>>>>>>>> Solving at depth : -1( real 0)
>>>>>>>>>>>> Solve - measure : [145, 13893, 5500, 698, 0, 30, 0, 18]
>>>>>>>>>>>> Solving at depth : -1( real 0)
>>>>>>>>>>>> Solve - measure : [123, 13893, 5500, 698, 0, 30, 0, 18]
>>>>>>>>>>>> Solving at depth : -1( real 0)
>>>>>>>>>>>> Solve - measure : [111, 13893, 5500, 698, 0, 30, 0, 18]
>>>>>>>>>>>> Solving at depth : -1( real 0)
>>>>>>>>>>>> Solve - measure : [62, 13893, 5500, 698, 0, 30, 0, 18]
>>>>>>>>>>>> Solving at depth : -1( real 0)
>>>>>>>>>>>> Solve - measure : [2, 10, 4, 0, 0, 0, 0, 0]
>>>>>>>>>>>> Solving at depth : -1( real 0)
>>>>>>>>>>>> Solve - measure : [2, 13, 5, 0, 0, 0, 0, 0]
>>>>>>>>>>>> Solving at depth : -1( real 0)
>>>>>>>>>>>> Solve - measure : [2, 13, 5, 0, 0, 0, 0, 0]
>>>>>>>>>>>> Solving at depth : -1( real 0)
>>>>>>>>>>>> Solve - measure : [23, 17059, 6770, 750, 0, 30, 0, 22]
>>>>>>>>>>>> Solving at depth : -1( real 0)
>>>>>>>>>>>> Solve - measure : [21, 17059, 6770, 750, 0, 30, 0, 22]
>>>>>>>>>>>> Solving at depth : -1( real 0)
>>>>>>>>>>>> Solve - measure : [21, 17059, 6770, 750, 0, 30, 0, 22]
>>>>>>>>>>>> Solving at depth : -1( real 0)
>>>>>>>>>>>> Solve - measure : [4, 513, 204, 22, 0, 0, 0, 1]
>>>>>>>>>>>> Solving at depth : -1( real 0)
>>>>>>>>>>>> Solve - measure : [40, 20306, 8104, 839, 0, 34, 0, 25]
>>>>>>>>>>>> Solving at depth : -1( real 0)
>>>>>>>>>>>> Solve - measure : [29, 20306, 8104, 839, 0, 34, 0, 25]
>>>>>>>>>>>> Solving at depth : -1( real 0)
>>>>>>>>>>>> Solve - measure : [29, 20306, 8104, 839, 0, 34, 0, 25]
>>>>>>>>>>>> Solving at depth : -1( real 0)
>>>>>>>>>>>> Solve - measure : [4, 548, 219, 22, 0, 0, 0, 1]
>>>>>>>>>>>> Solving at depth : -1( real 0)
>>>>>>>>>>>> Solve - measure : [32, 23902, 9584, 928, 0, 38, 0, 28]
>>>>>>>>>>>> Solving at depth : -1( real 0)
>>>>>>>>>>>> Solve - measure : [30, 23902, 9584, 928, 0, 38, 0, 28]
>>>>>>>>>>>> Solving at depth : -1( real 0)
>>>>>>>>>>>> Solve - measure : [30, 23902, 9584, 928, 0, 38, 0, 28]
>>>>>>>>>>>> Solving at depth : -1( real 0)
>>>>>>>>>>>> Solve - measure : [2, 20, 8, 0, 0, 0, 0, 0]
>>>>>>>>>>>> Solving at depth : -1( real 0)
>>>>>>>>>>>> Solve - measure : [33, 26184, 10540, 948, 0, 38, 0, 30]
>>>>>>>>>>>> Solving at depth : -1( real 0)
>>>>>>>>>>>> Solve - measure : [2, 24, 9, 1, 0, 0, 0, 0]
>>>>>>>>>>>> Solving at depth : -1( real 0)
>>>>>>>>>>>> Solve - measure : [34, 26258, 10569, 951, 0, 38, 0, 29]
>>>>>>>>>>>> Solving at depth : -1( real 0)
>>>>>>>>>>>> Solve - measure : [3, 275, 109, 11, 0, 0, 0, 1]
>>>>>>>>>>>> Solving at depth : -1( real 0)
>>>>>>>>>>>> Solve - measure : [71, 41295, 16483, 1539, 0, 94, 0, 56]
>>>>>>>>>>>> Solving at depth : -1( real 0)
>>>>>>>>>>>> Solve - measure : [76, 41295, 16483, 1539, 0, 94, 0, 56]
>>>>>>>>>>>> Solving at depth : -1( real 0)
>>>>>>>>>>>> Solve - measure : [75, 41295, 16483, 1539, 0, 94, 0, 56]
>>>>>>>>>>>> Solving at depth : -1( real 0)
>>>>>>>>>>>> Solve - measure : [5, 556, 223, 20, 0, 3, 0, 1]
>>>>>>>>>>>> Solving at depth : -1( real 0)
>>>>>>>>>>>> Solve - measure : [70, 47794, 19165, 1673, 0, 97, 0, 60]
>>>>>>>>>>>> Solving at depth : -1( real 0)
>>>>>>>>>>>> Solve - measure : [4, 460, 180, 16, 0, 0, 0, 1]
>>>>>>>>>>>> Solving at depth : -1( real 0)
>>>>>>>>>>>> Solve - measure : [3, 561, 224, 20, 0, 4, 0, 1]
>>>>>>>>>>>> Solving at depth : -1( real 0)
>>>>>>>>>>>> Solve - measure : [158, 59856, 23759, 1915, 0, 98, 0, 92]
>>>>>>>>>>>> Solving at depth : -1( real 0)
>>>>>>>>>>>> Solve - measure : [75, 59856, 23759, 1915, 0, 98, 0, 92]
>>>>>>>>>>>> Solving at depth : -1( real 0)
>>>>>>>>>>>> Solve - measure : [74, 59856, 23759, 1915, 0, 98, 0, 92]
>>>>>>>>>>>> Solving at depth : -1( real 0)
>>>>>>>>>>>> Solve - measure : [3, 73, 29, 1, 0, 0, 0, 0]
>>>>>>>>>>>> Solving at depth : -1( real 0)
>>>>>>>>>>>> Solve - measure : [82, 66526, 26487, 2011, 0, 98, 0, 98]
>>>>>>>>>>>> Solving at depth : -1( real 0)
>>>>>>>>>>>> Solve - measure : [83, 66526, 26487, 2011, 0, 98, 0, 98]
>>>>>>>>>>>> Solving at depth : -1( real 0)
>>>>>>>>>>>> Solve - measure : [4, 673, 270, 20, 0, 11, 0, 1]
>>>>>>>>>>>> Solving at depth : -1( real 0)
>>>>>>>>>>>> Solve - measure : [115, 89704, 35743, 2613, 0, 300, 0, 168]
>>>>>>>>>>>> Solving at depth : -1( real 0)
>>>>>>>>>>>> Solve - measure : [113, 89704, 35743, 2613, 0, 300, 0, 168]
>>>>>>>>>>>> Solving at depth : -1( real 0)
>>>>>>>>>>>> Solve - measure : [4, 968, 387, 20, 0, 20, 0, 1]
>>>>>>>>>>>> Solving at depth : -1( real 0)
>>>>>>>>>>>> Solve - measure : [4, 622, 249, 20, 0, 4, 0, 1]
>>>>>>>>>>>> Solving at depth : -1( real 0)
>>>>>>>>>>>> Solve - measure : [226, 120015, 47767, 3043, 0, 580, 0, 186]
>>>>>>>>>>>> Solving at depth : -1( real 0)
>>>>>>>>>>>> Solve - measure : [241, 120015, 47767, 3043, 0, 580, 0, 186]
>>>>>>>>>>>> Solving at depth : -1( real 0)
>>>>>>>>>>>> Solve - measure : [163, 120015, 47767, 3043, 0, 580, 0, 186]
>>>>>>>>>>>> Solving at depth : -1( real 0)
>>>>>>>>>>>> Solve - measure : [10, 5023, 1997, 115, 0, 11, 0, 9]
>>>>>>>>>>>> Solving at depth : -1( real 0)
>>>>>>>>>>>> Solve - measure : [188, 142461, 57144, 3368, 0, 589, 0, 214]
>>>>>>>>>>>> Solving at depth : -1( real 0)
>>>>>>>>>>>> Solve - measure : [5, 1191, 472, 31, 0, 13, 0, 2]
>>>>>>>>>>>> Solving at depth : -1( real 0)
>>>>>>>>>>>> Solve - measure : [220, 170767, 68854, 3883, 0, 612, 0, 268]
>>>>>>>>>>>> Solving at depth : -1( real 0)
>>>>>>>>>>>> Solve - measure : [5, 1662, 663, 51, 0, 9, 0, 4]
>>>>>>>>>>>> Solving at depth : -1( real 0)
>>>>>>>>>>>> Solve - measure : [324, 246180, 98859, 4932, 0, 628, 0, 323]
>>>>>>>>>>>> Solving at depth : -1( real 0)
>>>>>>>>>>>> Solve - measure : [7, 2893, 1138, 109, 0, 1, 0, 15]
>>>>>>>>>>>> Solving at depth : -1( real 0)
>>>>>>>>>>>> Solve - measure : [929, 522251, 209740, 11281, 0, 1208, 0, 2769]
>>>>>>>>>>>> Solving at depth : -1( real 0)
>>>>>>>>>>>> Solve - measure : [39, 14989, 5957, 327, 0, 20, 0, 15]
>>>>>>>>>>>> Solving at depth : -1( real 0)
>>>>>>>>>>>> Solve - measure : [936, 605693, 243915, 13128, 0, 1253, 0, 2842]
>>>>>>>>>>>> Solving at depth : -1( real 0)
>>>>>>>>>>>> Solve - measure : [807, 605693, 243915, 13128, 0, 1253, 0, 2842]
>>>>>>>>>>>> Solving at depth : -1( real 0)
>>>>>>>>>>>> Solve - measure : [808, 605693, 243915, 13128, 0, 1253, 0, 2842]
>>>>>>>>>>>> Solving at depth : -1( real 0)
>>>>>>>>>>>> Solve - measure : [4, 1713, 684, 54, 0, 9, 0, 4]
>>>>>>>>>>>> Solving at depth : -1( real 0)
>>>>>>>>>>>> Solve - measure : [1274, 660753, 266297, 13967, 0, 1245, 0, 2876]
>>>>>>>>>>>> Solving at depth : -1( real 0)
>>>>>>>>>>>> Solve - measure : [1187, 660753, 266297, 13967, 0, 1245, 0, 2876]
>>>>>>>>>>>> Solving at depth : -1( real 0)
>>>>>>>>>>>> Solve - measure : [952, 660753, 266297, 13967, 0, 1245, 0, 2876]
>>>>>>>>>>>> Solving at depth : -1( real 0)
>>>>>>>>>>>> Solve - measure : [6, 1734, 693, 54, 0, 9, 0, 4]
>>>>>>>>>>>> Solving at depth : -1( real 0)
>>>>>>>>>>>> Solve - measure : [1081, 721736, 291093, 14924, 0, 1254, 0, 2925]
>>>>>>>>>>>> Solving at depth : -1( real 0)
>>>>>>>>>>>> Solve - measure : [1075, 721736, 291093, 14924, 0, 1254, 0, 2925]
>>>>>>>>>>>> Solving at depth : -1( real 0)
>>>>>>>>>>>> Solve - measure : [1065, 721736, 291093, 14924, 0, 1254, 0, 2925]
>>>>>>>>>>>> Solving at depth : -1( real 0)
>>>>>>>>>>>> Solve - measure : [1391, 721736, 291093, 14924, 0, 1254, 0, 2925]
>>>>>>>>>>>> Solving at depth : -1( real 0)
>>>>>>>>>>>> Solve - measure : [1522, 721736, 291093, 14924, 0, 1254, 0, 2925]
>>>>>>>>>>>> Solving at depth : -1( real 0)
>>>>>>>>>>>> Solve - measure : [50, 32190, 12794, 643, 0, 53, 0, 30]
>>>>>>>>>>>> Solving at depth : -1( real 0)
>>>>>>>>>>>> Solve - measure : [53, 32452, 12893, 637, 0, 53, 0, 30]
>>>>>>>>>>>> Solving at depth : -1( real 0)
>>>>>>>>>>>> Solve - measure : [1340, 903789, 363174, 17526, 0, 1406, 0, 3874]
>>>>>>>>>>>> Solving at depth : -1( real 0)
>>>>>>>>>>>> Solve - measure : [1335, 903789, 363174, 17526, 0, 1406, 0, 3874]
>>>>>>>>>>>> Solving at depth : -1( real 0)
>>>>>>>>>>>> Solve - measure : [1303, 903789, 363174, 17526, 0, 1406, 0, 3874]
>>>>>>>>>>>> Solving at depth : -1( real 0)
>>>>>>>>>>>> Solve - measure : [2, 10, 4, 0, 0, 0, 0, 0]
>>>>>>>>>>>> Solving at depth : -1( real 0)
>>>>>>>>>>>> Solve - measure : [1330, 903825, 363190, 17526, 0, 1406, 0, 3874]
>>>>>>>>>>>> Solving at depth : -1( real 0)
>>>>>>>>>>>> Solve - measure : [1323, 903825, 363190, 17526, 0, 1406, 0, 3874]
>>>>>>>>>>>> Solving at depth : -1( real 0)
>>>>>>>>>>>> Solve - measure : [1357, 903825, 363190, 17526, 0, 1406, 0, 3874]
>>>>>>>>>>>> Solving at depth : -1( real 0)
>>>>>>>>>>>> Solve - measure : [2, 17, 7, 0, 0, 0, 0, 0]
>>>>>>>>>>>> Solving at depth : -1( real 0)
>>>>>>>>>>>> Solve - measure : [1356, 903917, 363230, 17526, 0, 1406, 0, 3874]
>>>>>>>>>>>> Solving at depth : -1( real 0)
>>>>>>>>>>>> Solve - measure : [3, 19, 8, 0, 0, 0, 0, 0]
>>>>>>>>>>>> Solving at depth : -1( real 0)
>>>>>>>>>>>> Solve - measure : [1384, 937289, 377488, 17816, 0, 1451, 0, 4097]
>>>>>>>>>>>> Solving at depth : -1( real 0)
>>>>>>>>>>>> Solve - measure : [17, 10131, 4148, 122, 0, 37, 0, 82]
>>>>>>>>>>>> Solving at depth : -1( real 0)
>>>>>>>>>>>> Solve - measure : [1378, 966954, 390647, 17775, 0, 1547, 0, 4428]
>>>>>>>>>>>> Solving at depth : -1( real 0)
>>>>>>>>>>>> Solve - measure : [1448, 966954, 390647, 17775, 0, 1547, 0, 4428]
>>>>>>>>>>>> Solving at depth : -1( real 0)
>>>>>>>>>>>> Solve - measure : [1417, 966954, 390647, 17775, 0, 1547, 0, 4428]
>>>>>>>>>>>> Solving at depth : -1( real 0)
>>>>>>>>>>>> Solve - measure : [19, 9968, 4081, 120, 0, 36, 0, 80]
>>>>>>>>>>>> Solving at depth : -1( real 0)
>>>>>>>>>>>> Solve - measure : [1506, 1004430, 406263, 18094, 0, 1611, 0, 4613]
>>>>>>>>>>>> Solving at depth : -1( real 0)
>>>>>>>>>>>> Solve - measure : [22, 12340, 5045, 155, 0, 51, 0, 91]
>>>>>>>>>>>> Solving at depth : -1( real 0)
>>>>>>>>>>>> Solve - measure : [2047, 1305473, 528748, 23418, 0, 2458, 0, 6908]
>>>>>>>>>>>> Solving at depth : -1( real 0)
>>>>>>>>>>>> Solve - measure : [79, 46932, 19261, 619, 0, 202, 0, 369]
>>>>>>>>>>>> Solving at depth : -1( real 0)
>>>>>>>>>>>> Solve - measure : [2917, 1859903, 756082, 31502, 0, 4126, 0, 10413]
>>>>>>>>>>>> Solving at depth : -1( real 0)
>>>>>>>>>>>> Solve - measure : [24, 12072, 4929, 166, 0, 27, 0, 96]
>>>>>>>>>>>> Solving at depth : -1( real 0)
>>>>>>>>>>>> Solve - measure : [4152, 2555228, 1042297, 40910, 0, 6075, 0, 14859]
>>>>>>>>>>>> Solving at depth : -1( real 0)
>>>>>>>>>>>> Solve - measure : [161, 99916, 41106, 1263, 0, 382, 0, 846]
>>>>>>>>>>>> Solving at depth : -1( real 0)
>>>>>>>>>>>> Solve - measure : [6850, 4115704, 1683458, 63388, 0, 10314, 0, 23711]
>>>>>>>>>>>> Solving at depth : -1( real 0)
>>>>>>>>>>>> Solve - measure : [6877, 4115704, 1683458, 63388, 0, 10314, 0, 23711]
>>>>>>>>>>>> Solving at depth : -1( real 0)
>>>>>>>>>>>> Solve - measure : [6800, 4115704, 1683458, 63388, 0, 10314, 0, 23711]
>>>>>>>>>>>> Solving at depth : -1( real 0)
>>>>>>>>>>>> Solve - measure : [2, 10, 4, 0, 0, 0, 0, 0]
>>>>>>>>>>>> Solving at depth : -1( real 0)
>>>>>>>>>>>> Solve - measure : [6885, 4115740, 1683474, 63388, 0, 10314, 0, 23711]
>>>>>>>>>>>> Solving at depth : -1( real 0)
>>>>>>>>>>>> Solve - measure : [20, 10195, 4161, 126, 0, 21, 0, 89]
>>>>>>>>>>>> Solving at depth : -1( real 0)
>>>>>>>>>>>> Solve - measure : [6935, 4206956, 1722673, 63995, 0, 10419, 0, 24125]
>>>>>>>>>>>> Solving at depth : -1( real 0)
>>>>>>>>>>>> Solve - measure : [187, 95083, 39141, 1214, 0, 355, 0, 791]
>>>>>>>>>>>> Solving at depth : -1( real 0)
>>>>>>>>>>>> Solve - measure : [7981, 4740297, 1943435, 69369, 0, 11762, 0, 27106]
>>>>>>>>>>>> Solving at depth : -1( real 0)
>>>>>>>>>>>> Solve - measure : [7962, 4740297, 1943435, 69369, 0, 11762, 0, 27106]
>>>>>>>>>>>> Solving at depth : -1( real 0)
>>>>>>>>>>>> Solve - measure : [7981, 4740297, 1943435, 69369, 0, 11762, 0, 27106]
>>>>>>>>>>>> Solving at depth : -1( real 0)
>>>>>>>>>>>> Solve - measure : [192, 95293, 39231, 1214, 0, 355, 0, 791]
>>>>>>>>>>>> Solving at depth : -1( real 0)
>>>>>>>>>>>> Solve - measure : [8506, 4979623, 2043406, 71470, 0, 12166, 0, 28110]
>>>>>>>>>>>> Solving at depth : -1( real 0)
>>>>>>>>>>>> Solve - measure : [273, 151681, 62539, 1776, 0, 696, 0, 1013]
>>>>>>>>>>>> Solving at depth : -1( real 0)
>>>>>>>>>>>> Solve - measure : [13872, 7792249, 3200158, 109181, 0, 21797, 0, 46319]
>>>>>>>>>>>> Solving at depth : -1( real 0)
>>>>>>>>>>>> Solve - measure : [701, 360104, 148481, 4365, 0, 1616, 0, 2659]
>>>>>>>>>>>> Solving at depth : -1( real 0)
>>>>>>>>>>>> Solve - measure : [22787, 12741504, 5235769, 172228, 0, 37864, 0, 75915]
>>>>>>>>>>>> Solving at depth : -1( real 0)
>>>>>>>>>>>> Solve - measure : [22947, 12741504, 5235769, 172228, 0, 37864, 0, 75915]
>>>>>>>>>>>> Solving at depth : -1( real 0)
>>>>>>>>>>>> Solve - measure : [22865, 12741504, 5235769, 172228, 0, 37864, 0, 75915]
>>>>>>>>>>>> Solving at depth : -1( real 0)
>>>>>>>>>>>> Solve - measure : [1035, 525219, 216546, 6369, 0, 2328, 0, 3895]
>>>>>>>>>>>> Solving at depth : -1( real 0)
>>>>>>>>>>>> Solve - measure : [56, 24391, 9971, 306, 0, 65, 0, 201]
SolveToClause Finished!
6 CHARACTERISTIC CLAUSES
[-m_formaldehyde, +m_ornithine]
[-m_ornithine, +m_formaldehyde]
[+m_citrate]
[+m_e2oxoglutarate]
[+m_fumarate]
[+m_succinate]


Total execution time was 218770 ms.


Execution time was 218767 ms.

status 101
Problems/Bio/glucolysis_max-6_ld5--1_MONO

NO TIME OUT#################################
output to finishing problems################
GENERATE DISTRIBUTION#######################
temporary file did not exist
buildGraph #########################################
File loaded, Now making graph...
temporary file did not exist
kMETIS #############################################
**********************************************************************
  METIS 4.0.3 Copyright 1998, Regents of the University of Minnesota
Graph Information ---------------------------------------------------
  Name: Problems/Bio/glucolysis_max-6_ld5--1temp_graph_kmet2.gra, #Vertices: 148, #Edges: 290, #Parts: 2

K-way Partitioning... -----------------------------------------------
  2-way Edge-Cut:       4, Balance:  1.03 

Timing Information --------------------------------------------------
  I/O:          		   0.000
  Partitioning: 		   0.000   (KMETIS time)
  Total:        		   0.001
**********************************************************************

graph2DCF ##########################################
File loaded, Now saving...
Dist is quite VALID#############################
temporary file did not exist
buildGraph #########################################
File loaded, Now making graph...
temporary file did not exist
kMETIS #############################################
**********************************************************************
  METIS 4.0.3 Copyright 1998, Regents of the University of Minnesota
Graph Information ---------------------------------------------------
  Name: Problems/Bio/glucolysis_max-6_ld5--1temp_graph_kmet4.gra, #Vertices: 148, #Edges: 290, #Parts: 4

K-way Partitioning... -----------------------------------------------
  4-way Edge-Cut:      21, Balance:  1.03 

Timing Information --------------------------------------------------
  I/O:          		   0.001
  Partitioning: 		   0.000   (KMETIS time)
  Total:        		   0.001
**********************************************************************

graph2DCF ##########################################
File loaded, Now saving...
Dist is quite VALID#############################
temporary file did not exist
buildGraph #########################################
File loaded, Now making graph...
temporary file did not exist
kMETIS #############################################
**********************************************************************
  METIS 4.0.3 Copyright 1998, Regents of the University of Minnesota
Graph Information ---------------------------------------------------
  Name: Problems/Bio/glucolysis_max-6_ld5--1temp_graph_kmet6.gra, #Vertices: 148, #Edges: 290, #Parts: 6

K-way Partitioning... -----------------------------------------------
  6-way Edge-Cut:      30, Balance:  1.14 

Timing Information --------------------------------------------------
  I/O:          		   0.001
  Partitioning: 		   0.001   (KMETIS time)
  Total:        		   0.001
**********************************************************************

graph2DCF ##########################################
File loaded, Now saving...
Dist is quite VALID#############################
temporary file did not exist
buildGraph #########################################
File loaded, Now making graph...
temporary file did not exist
kMETIS #############################################
**********************************************************************
  METIS 4.0.3 Copyright 1998, Regents of the University of Minnesota
Graph Information ---------------------------------------------------
  Name: Problems/Bio/glucolysis_max-6_ld5--1temp_graph_kmet8.gra, #Vertices: 148, #Edges: 290, #Parts: 8

K-way Partitioning... -----------------------------------------------
  8-way Edge-Cut:      33, Balance:  1.03 

Timing Information --------------------------------------------------
  I/O:          		   0.001
  Partitioning: 		   0.001   (KMETIS time)
  Total:        		   0.001
**********************************************************************

graph2DCF ##########################################
File loaded, Now saving...
Dist is quite VALID#############################
removing temp .csv#########################
