generate VARIANT################################
launch MONO#####################################
-d64
-Xms512m
-Xmx10g
-jar
ressources/CFLauncher_7.jar
-method=SOLAR-Inc-Carc
-verbose
-t=1200000
-var=_min-20_ld2--1
-csq=Problems/Bio/glucolysis_min-20_ld2--1_MONO
Problems/Bio/glucolysis
Problems/Bio/glucolysis_min-20_ld2--1
>>>>>>>>>>>> Solving at depth : -1( real 0)
>>>>>>>>>>>> Solve - measure : [47, 1, 0, 0, 0, 0, 0, 0]
>>>>>>>>>>>> Solving at depth : -1( real 0)
>>>>>>>>>>>> Solve - measure : [3, 1, 0, 0, 0, 0, 0, 0]
>>>>>>>>>>>> Solving at depth : -1( real 0)
>>>>>>>>>>>> Solve - measure : [16, 8, 2, 2, 0, 0, 0, 0]
>>>>>>>>>>>> Solving at depth : -1( real 0)
>>>>>>>>>>>> Solve - measure : [7, 18, 6, 3, 0, 0, 0, 0]
>>>>>>>>>>>> Solving at depth : -1( real 0)
>>>>>>>>>>>> Solve - measure : [6, 14, 4, 3, 0, 0, 0, 0]
>>>>>>>>>>>> Solving at depth : -1( real 0)
>>>>>>>>>>>> Solve - measure : [16, 142, 48, 26, 0, 0, 0, 0]
>>>>>>>>>>>> Solving at depth : -1( real 0)
>>>>>>>>>>>> Solve - measure : [6, 19, 6, 4, 0, 0, 0, 0]
>>>>>>>>>>>> Solving at depth : -1( real 0)
>>>>>>>>>>>> Solve - measure : [10, 79, 27, 14, 0, 0, 0, 0]
>>>>>>>>>>>> Solving at depth : -1( real 0)
>>>>>>>>>>>> Solve - measure : [7, 23, 7, 5, 0, 0, 0, 0]
>>>>>>>>>>>> Solving at depth : -1( real 0)
>>>>>>>>>>>> Solve - measure : [58, 757, 257, 147, 0, 0, 0, 0]
>>>>>>>>>>>> Solving at depth : -1( real 0)
>>>>>>>>>>>> Solve - measure : [7, 28, 9, 6, 0, 0, 0, 0]
>>>>>>>>>>>> Solving at depth : -1( real 0)
>>>>>>>>>>>> Solve - measure : [18, 171, 58, 33, 0, 0, 0, 0]
>>>>>>>>>>>> Solving at depth : -1( real 0)
>>>>>>>>>>>> Solve - measure : [8, 32, 10, 7, 0, 0, 0, 0]
>>>>>>>>>>>> Solving at depth : -1( real 0)
>>>>>>>>>>>> Solve - measure : [153, 2265, 767, 456, 0, 0, 0, 0]
>>>>>>>>>>>> Solving at depth : -1( real 0)
>>>>>>>>>>>> Solve - measure : [133, 2265, 767, 456, 0, 0, 0, 0]
>>>>>>>>>>>> Solving at depth : -1( real 0)
>>>>>>>>>>>> Solve - measure : [7, 37, 12, 8, 0, 0, 0, 0]
>>>>>>>>>>>> Solving at depth : -1( real 0)
>>>>>>>>>>>> Solve - measure : [7, 37, 12, 8, 0, 0, 0, 0]
>>>>>>>>>>>> Solving at depth : -1( real 0)
>>>>>>>>>>>> Solve - measure : [47, 688, 204, 122, 0, 7, 0, 0]
>>>>>>>>>>>> Solving at depth : -1( real 0)
>>>>>>>>>>>> Solve - measure : [29, 333, 110, 63, 0, 0, 0, 0]
>>>>>>>>>>>> Solving at depth : -1( real 0)
>>>>>>>>>>>> Solve - measure : [7, 44, 14, 9, 0, 0, 0, 0]
>>>>>>>>>>>> Solving at depth : -1( real 0)
>>>>>>>>>>>> Solve - measure : [431, 8924, 2971, 1705, 0, 8, 0, 0]
>>>>>>>>>>>> Solving at depth : -1( real 0)
>>>>>>>>>>>> Solve - measure : [7, 49, 16, 10, 0, 0, 0, 0]
>>>>>>>>>>>> Solving at depth : -1( real 0)
>>>>>>>>>>>> Solve - measure : [102, 2501, 807, 466, 0, 8, 0, 0]
>>>>>>>>>>>> Solving at depth : -1( real 0)
>>>>>>>>>>>> Solve - measure : [5, 56, 17, 12, 0, 0, 0, 0]
>>>>>>>>>>>> Solving at depth : -1( real 0)
>>>>>>>>>>>> Solve - measure : [58, 1618, 529, 315, 0, 29, 0, 0]
>>>>>>>>>>>> Solving at depth : -1( real 0)
>>>>>>>>>>>> Solve - measure : [6, 104, 33, 22, 0, 0, 0, 0]
>>>>>>>>>>>> Solving at depth : -1( real 0)
>>>>>>>>>>>> Solve - measure : [135, 4575, 1484, 871, 0, 12, 0, 6]
>>>>>>>>>>>> Solving at depth : -1( real 0)
>>>>>>>>>>>> Solve - measure : [8, 112, 35, 24, 0, 0, 0, 0]
>>>>>>>>>>>> Solving at depth : -1( real 0)
>>>>>>>>>>>> Solve - measure : [7, 115, 36, 25, 0, 0, 0, 0]
>>>>>>>>>>>> Solving at depth : -1( real 0)
>>>>>>>>>>>> Solve - measure : [8, 118, 37, 26, 0, 0, 0, 0]
>>>>>>>>>>>> Solving at depth : -1( real 0)
>>>>>>>>>>>> Solve - measure : [187, 5738, 1846, 1133, 0, 13, 0, 8]
>>>>>>>>>>>> Solving at depth : -1( real 0)
>>>>>>>>>>>> Solve - measure : [6, 132, 42, 30, 0, 0, 0, 0]
>>>>>>>>>>>> Solving at depth : -1( real 0)
>>>>>>>>>>>> Solve - measure : [7, 135, 43, 31, 0, 0, 0, 0]
>>>>>>>>>>>> Solving at depth : -1( real 0)
>>>>>>>>>>>> Solve - measure : [7, 138, 44, 32, 0, 0, 0, 0]
>>>>>>>>>>>> Solving at depth : -1( real 0)
>>>>>>>>>>>> Solve - measure : [417, 22565, 7204, 4765, 0, 28, 0, 22]
>>>>>>>>>>>> Solving at depth : -1( real 0)
>>>>>>>>>>>> Solve - measure : [950, 266734, 85623, 57798, 0, 295, 0, 221]
>>>>>>>>>>>> Solving at depth : -1( real 0)
>>>>>>>>>>>> Solve - measure : [463, 266734, 85623, 57798, 0, 295, 0, 221]
>>>>>>>>>>>> Solving at depth : -1( real 0)
>>>>>>>>>>>> Solve - measure : [520, 266734, 85623, 57798, 0, 295, 0, 221]
>>>>>>>>>>>> Solving at depth : -1( real 0)
>>>>>>>>>>>> Solve - measure : [562, 266734, 85623, 57798, 0, 295, 0, 221]
>>>>>>>>>>>> Solving at depth : -1( real 0)
>>>>>>>>>>>> Solve - measure : [1, 16, 6, 1, 0, 0, 0, 0]
>>>>>>>>>>>> Solving at depth : -1( real 0)
>>>>>>>>>>>> Solve - measure : [2, 502, 187, 36, 0, 0, 0, 0]
>>>>>>>>>>>> Solving at depth : -1( real 0)
>>>>>>>>>>>> Solve - measure : [6, 831, 261, 178, 0, 1, 0, 1]
>>>>>>>>>>>> Solving at depth : -1( real 0)
>>>>>>>>>>>> Solve - measure : [629, 394370, 128800, 72209, 0, 670, 0, 243]
>>>>>>>>>>>> Solving at depth : -1( real 0)
>>>>>>>>>>>> Solve - measure : [702, 394370, 128800, 72209, 0, 670, 0, 243]
>>>>>>>>>>>> Solving at depth : -1( real 0)
>>>>>>>>>>>> Solve - measure : [903, 394370, 128800, 72209, 0, 670, 0, 243]
>>>>>>>>>>>> Solving at depth : -1( real 0)
>>>>>>>>>>>> Solve - measure : [41, 13654, 4548, 2664, 0, 116, 0, 1]
>>>>>>>>>>>> Solving at depth : -1( real 0)
>>>>>>>>>>>> Solve - measure : [702, 420972, 139619, 76848, 0, 681, 0, 268]
>>>>>>>>>>>> Solving at depth : -1( real 0)
>>>>>>>>>>>> Solve - measure : [698, 420972, 139619, 76848, 0, 681, 0, 268]
>>>>>>>>>>>> Solving at depth : -1( real 0)
>>>>>>>>>>>> Solve - measure : [706, 420972, 139619, 76848, 0, 681, 0, 268]
>>>>>>>>>>>> Solving at depth : -1( real 0)
>>>>>>>>>>>> Solve - measure : [41, 14396, 4866, 2664, 0, 116, 0, 1]
>>>>>>>>>>>> Solving at depth : -1( real 0)
>>>>>>>>>>>> Solve - measure : [891, 486165, 163474, 84884, 0, 731, 0, 293]
>>>>>>>>>>>> Solving at depth : -1( real 0)
>>>>>>>>>>>> Solve - measure : [1206, 486165, 163474, 84884, 0, 731, 0, 293]
>>>>>>>>>>>> Solving at depth : -1( real 0)
>>>>>>>>>>>> Solve - measure : [923, 486165, 163474, 84884, 0, 731, 0, 293]
>>>>>>>>>>>> Solving at depth : -1( real 0)
>>>>>>>>>>>> Solve - measure : [13, 852, 271, 178, 0, 0, 0, 1]
>>>>>>>>>>>> Solving at depth : -1( real 0)
>>>>>>>>>>>> Solve - measure : [856, 519988, 177466, 85753, 0, 731, 0, 297]
>>>>>>>>>>>> Solving at depth : -1( real 0)
>>>>>>>>>>>> Solve - measure : [820, 519988, 177466, 85753, 0, 731, 0, 297]
>>>>>>>>>>>> Solving at depth : -1( real 0)
>>>>>>>>>>>> Solve - measure : [805, 519988, 177466, 85753, 0, 731, 0, 297]
>>>>>>>>>>>> Solving at depth : -1( real 0)
>>>>>>>>>>>> Solve - measure : [5, 866, 277, 178, 0, 0, 0, 1]
>>>>>>>>>>>> Solving at depth : -1( real 0)
>>>>>>>>>>>> Solve - measure : [890, 555916, 192318, 86559, 0, 731, 0, 301]
>>>>>>>>>>>> Solving at depth : -1( real 0)
>>>>>>>>>>>> Solve - measure : [877, 555916, 192318, 86559, 0, 731, 0, 301]
>>>>>>>>>>>> Solving at depth : -1( real 0)
>>>>>>>>>>>> Solve - measure : [842, 555916, 192318, 86559, 0, 731, 0, 301]
>>>>>>>>>>>> Solving at depth : -1( real 0)
>>>>>>>>>>>> Solve - measure : [48, 13587, 4763, 2169, 0, 208, 0, 1]
>>>>>>>>>>>> Solving at depth : -1( real 0)
>>>>>>>>>>>> Solve - measure : [1930, 879888, 318003, 104265, 0, 1326, 0, 305]
>>>>>>>>>>>> Solving at depth : -1( real 0)
>>>>>>>>>>>> Solve - measure : [13, 5166, 1921, 304, 0, 0, 0, 1]
>>>>>>>>>>>> Solving at depth : -1( real 0)
>>>>>>>>>>>> Solve - measure : [50, 15915, 5518, 2586, 0, 210, 0, 96]
>>>>>>>>>>>> Solving at depth : -1( real 0)
>>>>>>>>>>>> Solve - measure : [2412, 1618106, 592287, 135738, 0, 1805, 0, 730]
>>>>>>>>>>>> Solving at depth : -1( real 0)
>>>>>>>>>>>> Solve - measure : [2317, 1618106, 592287, 135738, 0, 1805, 0, 730]
>>>>>>>>>>>> Solving at depth : -1( real 0)
>>>>>>>>>>>> Solve - measure : [2344, 1618106, 592287, 135738, 0, 1805, 0, 730]
>>>>>>>>>>>> Solving at depth : -1( real 0)
>>>>>>>>>>>> Solve - measure : [12, 4313, 1391, 874, 0, 2, 0, 8]
>>>>>>>>>>>> Solving at depth : -1( real 0)
>>>>>>>>>>>> Solve - measure : [2963, 2173988, 813561, 151193, 0, 1831, 0, 656]
>>>>>>>>>>>> Solving at depth : -1( real 0)
>>>>>>>>>>>> Solve - measure : [3001, 2173988, 813561, 151193, 0, 1831, 0, 656]
>>>>>>>>>>>> Solving at depth : -1( real 0)
>>>>>>>>>>>> Solve - measure : [117, 70435, 27710, 2587, 0, 2034, 0, 96]
>>>>>>>>>>>> Solving at depth : -1( real 0)
>>>>>>>>>>>> Solve - measure : [5088, 3626084, 1387052, 199604, 0, 6606, 0, 1976]
>>>>>>>>>>>> Solving at depth : -1( real 0)
>>>>>>>>>>>> Solve - measure : [5044, 3626084, 1387052, 199604, 0, 6606, 0, 1976]
>>>>>>>>>>>> Solving at depth : -1( real 0)
>>>>>>>>>>>> Solve - measure : [182, 112945, 44610, 2865, 0, 2950, 0, 98]
>>>>>>>>>>>> Solving at depth : -1( real 0)
>>>>>>>>>>>> Solve - measure : [18, 7149, 2315, 1430, 0, 4, 0, 18]
>>>>>>>>>>>> Solving at depth : -1( real 0)
>>>>>>>>>>>> Solve - measure : [7581, 5425524, 2079388, 252871, 0, 7547, 0, 1473]
>>>>>>>>>>>> Solving at depth : -1( real 0)
>>>>>>>>>>>> Solve - measure : [7392, 5425524, 2079388, 252871, 0, 7547, 0, 1473]
>>>>>>>>>>>> Solving at depth : -1( real 0)
>>>>>>>>>>>> Solve - measure : [7520, 5425524, 2079388, 252871, 0, 7547, 0, 1473]
>>>>>>>>>>>> Solving at depth : -1( real 0)
>>>>>>>>>>>> Solve - measure : [583, 416374, 162042, 14296, 0, 232, 0, 12]
>>>>>>>>>>>> Solving at depth : -1( real 0)
>>>>>>>>>>>> Solve - measure : [9825, 7215268, 2798136, 297035, 0, 8247, 0, 1527]
>>>>>>>>>>>> Solving at depth : -1( real 0)
>>>>>>>>>>>> Solve - measure : [17, 15480, 5551, 1709, 0, 190, 0, 12]
>>>>>>>>>>>> Solving at depth : -1( real 0)
>>>>>>>>>>>> Solve - measure : [12602, 10040734, 3917537, 377698, 0, 9431, 0, 4185]
>>>>>>>>>>>> Solving at depth : -1( real 0)
>>>>>>>>>>>> Solve - measure : [87, 36202, 11741, 7270, 0, 20, 0, 72]
>>>>>>>>>>>> Solving at depth : -1( real 0)
>>>>>>>>>>>> Solve - measure : [23530, 17933128, 6984982, 566262, 0, 10854, 0, 4471]
>>>>>>>>>>>> Solving at depth : -1( real 0)
>>>>>>>>>>>> Solve - measure : [23325, 17933128, 6984982, 566262, 0, 10854, 0, 4471]
>>>>>>>>>>>> Solving at depth : -1( real 0)
>>>>>>>>>>>> Solve - measure : [22458, 17933128, 6984982, 566262, 0, 10854, 0, 4471]
>>>>>>>>>>>> Solving at depth : -1( real 0)
>>>>>>>>>>>> Solve - measure : [2201, 1669249, 657475, 44261, 0, 466, 0, 21]
>>>>>>>>>>>> Solving at depth : -1( real 0)
>>>>>>>>>>>> Solve - measure : [30877, 23794298, 9295444, 722990, 0, 11836, 0, 4927]
>>>>>>>>>>>> Solving at depth : -1( real 0)
>>>>>>>>>>>> Solve - measure : [29910, 23794298, 9295444, 722990, 0, 11836, 0, 4927]
>>>>>>>>>>>> Solving at depth : -1( real 0)
>>>>>>>>>>>> Solve - measure : [28618, 23794298, 9295444, 722990, 0, 11836, 0, 4927]
>>>>>>>>>>>> Solving at depth : -1( real 0)
>>>>>>>>>>>> Solve - measure : [73, 33562, 10900, 6714, 0, 20, 0, 60]
>>>>>>>>>>>> Solving at depth : -1( real 0)
>>>>>>>>>>>> Solve - measure : [33678, 28477364, 11181930, 823173, 0, 12808, 0, 5089]
>>>>>>>>>>>> Solving at depth : -1( real 0)
>>>>>>>>>>>> Solve - measure : [39610, 28477364, 11181930, 823173, 0, 12808, 0, 5089]
>>>>>>>>>>>> Solving at depth : -1( real 0)
>>>>>>>>>>>> Solve - measure : [39760, 28477364, 11181930, 823173, 0, 12808, 0, 5089]
>>>>>>>>>>>> Solving at depth : -1( real 0)
>>>>>>>>>>>> Solve - measure : [87, 33597, 10915, 6714, 0, 20, 0, 60]
>>>>>>>>>>>> Solving at depth : -1( real 0)
>>>>>>>>>>>> Solve - measure : [42059, 35145032, 13864526, 960903, 0, 14226, 0, 5212]
>>>>>>>>>>>> Solving at depth : -1( real 0)
>>>>>>>>>>>> Solve - measure : [49949, 35145032, 13864526, 960903, 0, 14226, 0, 5212]
>>>>>>>>>>>> Solving at depth : -1( real 0)
>>>>>>>>>>>> Solve - measure : [50483, 35145032, 13864526, 960903, 0, 14226, 0, 5212]
>>>>>>>>>>>> Solving at depth : -1( real 0)
>>>>>>>>>>>> Solve - measure : [49746, 34659652, 13670941, 940077, 0, 12753, 0, 4429]
>>>>>>>>>>>> Solving at depth : -1( real 0)
>>>>>>>>>>>> Solve - measure : [2, 0, 0, 0, 0, 0, 0, 0]
>>>>>>>>>>>> Solving at depth : -1( real 0)
>>>>>>>>>>>> Solve - measure : [2, 0, 0, 0, 0, 0, 0, 0]
>>>>>>>>>>>> Solving at depth : -1( real 0)
>>>>>>>>>>>> Solve - measure : [3, 0, 0, 0, 0, 0, 0, 0]
>>>>>>>>>>>> Solving at depth : -1( real 0)
>>>>>>>>>>>> Solve - measure : [2, 0, 0, 0, 0, 0, 0, 0]
>>>>>>>>>>>> Solving at depth : -1( real 0)
>>>>>>>>>>>> Solve - measure : [3, 0, 0, 0, 0, 0, 0, 0]
>>>>>>>>>>>> Solving at depth : -1( real 0)
>>>>>>>>>>>> Solve - measure : [2, 0, 0, 0, 0, 0, 0, 0]
>>>>>>>>>>>> Solving at depth : -1( real 0)
>>>>>>>>>>>> Solve - measure : [2, 0, 0, 0, 0, 0, 0, 0]
>>>>>>>>>>>> Solving at depth : -1( real 0)
>>>>>>>>>>>> Solve - measure : [2, 0, 0, 0, 0, 0, 0, 0]
>>>>>>>>>>>> Solving at depth : -1( real 0)
>>>>>>>>>>>> Solve - measure : [2, 0, 0, 0, 0, 0, 0, 0]
>>>>>>>>>>>> Solving at depth : -1( real 0)
>>>>>>>>>>>> Solve - measure : [2, 0, 0, 0, 0, 0, 0, 0]
>>>>>>>>>>>> Solving at depth : -1( real 0)
>>>>>>>>>>>> Solve - measure : [3, 0, 0, 0, 0, 0, 0, 0]
>>>>>>>>>>>> Solving at depth : -1( real 0)
>>>>>>>>>>>> Solve - measure : [3, 0, 0, 0, 0, 0, 0, 0]
>>>>>>>>>>>> Solving at depth : -1( real 0)
>>>>>>>>>>>> Solve - measure : [3, 0, 0, 0, 0, 0, 0, 0]
>>>>>>>>>>>> Solving at depth : -1( real 0)
>>>>>>>>>>>> Solve - measure : [3, 0, 0, 0, 0, 0, 0, 0]
>>>>>>>>>>>> Solving at depth : -1( real 0)
>>>>>>>>>>>> Solve - measure : [2, 0, 0, 0, 0, 0, 0, 0]
>>>>>>>>>>>> Solving at depth : -1( real 0)
>>>>>>>>>>>> Solve - measure : [2, 0, 0, 0, 0, 0, 0, 0]
>>>>>>>>>>>> Solving at depth : -1( real 0)
>>>>>>>>>>>> Solve - measure : [2, 0, 0, 0, 0, 0, 0, 0]
>>>>>>>>>>>> Solving at depth : -1( real 0)
>>>>>>>>>>>> Solve - measure : [2, 0, 0, 0, 0, 0, 0, 0]
>>>>>>>>>>>> Solving at depth : -1( real 0)
>>>>>>>>>>>> Solve - measure : [3, 0, 0, 0, 0, 0, 0, 0]
>>>>>>>>>>>> Solving at depth : -1( real 0)
>>>>>>>>>>>> Solve - measure : [2, 0, 0, 0, 0, 0, 0, 0]
>>>>>>>>>>>> Solving at depth : -1( real 0)
>>>>>>>>>>>> Solve - measure : [2, 0, 0, 0, 0, 0, 0, 0]
>>>>>>>>>>>> Solving at depth : -1( real 0)
>>>>>>>>>>>> Solve - measure : [2, 0, 0, 0, 0, 0, 0, 0]
>>>>>>>>>>>> Solving at depth : -1( real 0)
>>>>>>>>>>>> Solve - measure : [3, 0, 0, 0, 0, 0, 0, 0]
>>>>>>>>>>>> Solving at depth : -1( real 0)
>>>>>>>>>>>> Solve - measure : [4, 0, 0, 0, 0, 0, 0, 0]
>>>>>>>>>>>> Solving at depth : -1( real 0)
>>>>>>>>>>>> Solve - measure : [3, 0, 0, 0, 0, 0, 0, 0]
>>>>>>>>>>>> Solving at depth : -1( real 0)
>>>>>>>>>>>> Solve - measure : [3, 0, 0, 0, 0, 0, 0, 0]
>>>>>>>>>>>> Solving at depth : -1( real 0)
>>>>>>>>>>>> Solve - measure : [3, 0, 0, 0, 0, 0, 0, 0]
>>>>>>>>>>>> Solving at depth : -1( real 0)
>>>>>>>>>>>> Solve - measure : [3, 0, 0, 0, 0, 0, 0, 0]
>>>>>>>>>>>> Solving at depth : -1( real 0)
>>>>>>>>>>>> Solve - measure : [3, 0, 0, 0, 0, 0, 0, 0]
>>>>>>>>>>>> Solving at depth : -1( real 0)
>>>>>>>>>>>> Solve - measure : [2, 0, 0, 0, 0, 0, 0, 0]
>>>>>>>>>>>> Solving at depth : -1( real 0)
>>>>>>>>>>>> Solve - measure : [3, 0, 0, 0, 0, 0, 0, 0]
>>>>>>>>>>>> Solving at depth : -1( real 0)
>>>>>>>>>>>> Solve - measure : [3, 0, 0, 0, 0, 0, 0, 0]
>>>>>>>>>>>> Solving at depth : -1( real 0)
>>>>>>>>>>>> Solve - measure : [3, 0, 0, 0, 0, 0, 0, 0]
>>>>>>>>>>>> Solving at depth : -1( real 0)
>>>>>>>>>>>> Solve - measure : [3, 0, 0, 0, 0, 0, 0, 0]
>>>>>>>>>>>> Solving at depth : -1( real 0)
>>>>>>>>>>>> Solve - measure : [3, 0, 0, 0, 0, 0, 0, 0]
>>>>>>>>>>>> Solving at depth : -1( real 0)
>>>>>>>>>>>> Solve - measure : [3, 0, 0, 0, 0, 0, 0, 0]
>>>>>>>>>>>> Solving at depth : -1( real 0)
>>>>>>>>>>>> Solve - measure : [3, 0, 0, 0, 0, 0, 0, 0]
>>>>>>>>>>>> Solving at depth : -1( real 0)
>>>>>>>>>>>> Solve - measure : [3, 0, 0, 0, 0, 0, 0, 0]
>>>>>>>>>>>> Solving at depth : -1( real 0)
>>>>>>>>>>>> Solve - measure : [3, 0, 0, 0, 0, 0, 0, 0]
>>>>>>>>>>>> Solving at depth : -1( real 0)
>>>>>>>>>>>> Solve - measure : [4, 0, 0, 0, 0, 0, 0, 0]
>>>>>>>>>>>> Solving at depth : -1( real 0)
>>>>>>>>>>>> Solve - measure : [3, 0, 0, 0, 0, 0, 0, 0]
>>>>>>>>>>>> Solving at depth : -1( real 0)
>>>>>>>>>>>> Solve - measure : [3, 0, 0, 0, 0, 0, 0, 0]
>>>>>>>>>>>> Solving at depth : -1( real 0)
>>>>>>>>>>>> Solve - measure : [3, 0, 0, 0, 0, 0, 0, 0]
>>>>>>>>>>>> Solving at depth : -1( real 0)
>>>>>>>>>>>> Solve - measure : [4, 0, 0, 0, 0, 0, 0, 0]
>>>>>>>>>>>> Solving at depth : -1( real 0)
>>>>>>>>>>>> Solve - measure : [4, 0, 0, 0, 0, 0, 0, 0]
>>>>>>>>>>>> Solving at depth : -1( real 0)
>>>>>>>>>>>> Solve - measure : [3, 0, 0, 0, 0, 0, 0, 0]
>>>>>>>>>>>> Solving at depth : -1( real 0)
>>>>>>>>>>>> Solve - measure : [3, 0, 0, 0, 0, 0, 0, 0]
>>>>>>>>>>>> Solving at depth : -1( real 0)
>>>>>>>>>>>> Solve - measure : [4, 0, 0, 0, 0, 0, 0, 0]
SolveToClause Finished!
343 CHARACTERISTIC CLAUSES
[+r_d2d6d1d39_0, -r_d2d6d1d39_1]
[+r_d4d2d1d3_6, -r_d2d3d1d61_5]
[+r_d4d2d1d3_6, -r_d1d1d1d42_2]
[-r_d2d3d1d61_5, +r_d1d1d1d42_2]
[+r_d1d1d1d42_2, -r_d1d13d11d16_13]
[+r_d2d6d1d39_1, -r_d1d13d11d16_13]
[+r_d1d1d1d42_3, -r_d2d6d1dx_15]
[+r_d1d3d99d1_11, -r_d4d2d1d2_8]
[-r_d2d6d1d39_0, +r_d1d13d11d16_12]
[+r_d4d2d1d2_8, -r_d2d3d1d61_5]
[+r_d4d2d1d2_8, -r_d1d1d1d42_2]
[+r_d2d6d1dx_15, -r_d1d3d99d1_10]
[+r_d1d13d11d16_12, -r_d4d2d1d2_8]
[+r_d4d2d1d3_6, -r_d1d3d99d1_10]
[+r_d2d3d1d61_5, -r_d4d2d1d3_7]
[+r_d2d3d1d61_5, -r_d2d6d1dx_15]
[+r_d1d13d11d16_12, -r_d4d2d1d3_7]
[+m_transaconitate, -m_taurine]
[+r_d1d1d1d42_2, -r_d2d6d1d39_1]
[+r_d1d13d11d16_12, -r_d1d3d99d1_10]
[+r_d2d6d1d39_1, -m_taurine]
[-r_d2d6d1d39_0, +r_d2d3d1d61_5]
[-r_d4d2d1d2_9, +r_d4d2d1d2_8]
[+r_d2d6d1d39_1, -r_d1d1d1d42_3]
[+r_d1d3d99d1_11, -r_d2d3d1d61_5]
[+m_taurine, -r_d1d1d1d42_2]
[+m_transaconitate, -r_d4d2d1d2_9]
[-r_d1d3d99d1_11, +r_d4d2d1d3_6]
[+r_d1d3d99d1_11, -r_d2d3d1d61_4]
[-r_d1d3d99d1_11, +r_d2d6d1d39_1]
[+m_taurine, -r_d2d6d1dx_14]
[+r_d2d6d1dx_15, -r_d1d1d1d42_3]
[-r_d1d3d99d1_11, +m_hippurate]
[+r_d2d6d1dx_15, -r_d4d2d1d2_9]
[+m_transaconitate, -r_d4d2d1d3_6]
[+m_transaconitate, -r_d2d3d1d61_4]
[+r_d2d6d1dx_15, -r_d1d13d11d16_12]
[+r_d1d13d11d16_13, -r_d4d2d1d3_7]
[+r_d4d2d1d3_7, -r_d1d13d11d16_13]
[+r_d4d2d1d3_7, -r_d4d2d1d2_9]
[+r_d1d1d1d42_2, -r_d4d2d1d2_9]
[+r_d4d2d1d3_6, -r_d2d6d1d39_0]
[+r_d1d3d99d1_11, -r_d4d2d1d3_6]
[+r_d2d3d1d61_5, -r_d1d13d11d16_12]
[+r_d4d2d1d3_6, -r_d2d6d1dx_14]
[+r_d1d1d1d42_3, -m_taurine]
[-r_d1d3d99d1_11, +r_d2d6d1d39_0]
[+r_d4d2d1d2_9, -r_d2d3d1d61_4]
[-m_taurine, +r_d4d2d1d2_8]
[+m_taurine, -r_d1d13d11d16_13]
[+r_d2d3d1d61_5, -r_d1d13d11d16_13]
[+r_d4d2d1d2_9, -r_d1d1d1d42_2]
[+r_d1d1d1d42_2, -r_d1d1d1d42_3]
[+r_d1d13d11d16_12, -r_d1d13d11d16_13]
[+r_d1d3d99d1_11, -r_d4d2d1d3_7]
[+r_d2d6d1dx_15, -r_d2d6d1dx_14]
[+r_d1d13d11d16_13, -r_d1d13d11d16_12]
[+m_hippurate, -r_d1d13d11d16_12]
[+m_transaconitate, -m_hippurate]
[-r_d4d3d2d1_16, +r_d4d2d1d2_8]
[-r_d4d3d2d1_16, +r_d2d6d1dx_15]
[-r_d1d3d99d1_11, +r_d1d3d99d1_10]
[+r_d2d6d1d39_1, -r_d4d2d1d2_8]
[-r_d2d6d1d39_0, +m_hippurate]
[+m_taurine, -r_d1d3d99d1_11]
[+r_d2d6d1d39_1, -r_d1d13d11d16_12]
[+r_d1d1d1d42_3, -r_d4d2d1d2_9]
[+r_d2d6d1dx_15, -r_d1d13d11d16_13]
[+r_d1d13d11d16_13, -r_d1d3d99d1_10]
[+r_d4d2d1d2_8, -r_d1d13d11d16_13]
[+r_d2d6d1dx_14, -m_hippurate]
[+m_taurine, -r_d2d6d1d39_0]
[-r_d2d6d1d39_0, +r_d2d6d1d39_1]
[+r_d4d2d1d2_9, -r_d2d6d1d39_1]
[-r_d2d6d1d39_1, +r_d2d3d1d61_4]
[+r_d1d13d11d16_13, -r_d2d6d1dx_15]
[+r_d2d6d1d39_0, -r_d1d13d11d16_12]
[-r_d2d6d1dx_14, +r_d4d2d1d2_8]
[-r_d2d6d1d39_0, +r_d1d1d1d42_3]
[-r_d4d2d1d3_6, +r_d1d1d1d42_3]
[+r_d1d3d99d1_11, -r_d1d13d11d16_12]
[-r_d2d6d1d39_0, +r_d4d2d1d3_7]
[+r_d2d6d1d39_0, -r_d1d1d1d42_3]
[-r_d4d3d2d1_16, +r_d2d3d1d61_5]
[+r_d4d2d1d3_6, -r_d4d2d1d3_7]
[+r_d4d2d1d2_9, -m_hippurate]
[+r_d4d2d1d2_9, -r_d2d3d1d61_5]
[+m_taurine, -r_d4d2d1d2_8]
[+r_d4d2d1d3_6, -r_d4d2d1d2_8]
[-r_d1d3d99d1_11, +r_d1d13d11d16_13]
[-r_d1d3d99d1_11, +r_d1d1d1d42_2]
[+m_taurine, -r_d2d3d1d61_5]
[+r_d4d2d1d3_6, -m_hippurate]
[+m_hippurate, -r_d2d3d1d61_4]
[+r_d4d2d1d3_7, -m_taurine]
[+r_d1d13d11d16_13, -r_d1d1d1d42_3]
[+r_d2d3d1d61_5, -r_d2d3d1d61_4]
[+r_d4d2d1d2_9, -r_d2d6d1d39_0]
[-r_d1d1d1d42_2, +r_d1d1d1d42_3]
[-r_d4d2d1d3_6, +r_d2d3d1d61_4]
[+r_d1d3d99d1_11, -r_d2d6d1dx_14]
[+r_d1d13d11d16_12, -r_d2d6d1dx_14]
[+r_d4d2d1d2_9, -r_d1d3d99d1_10]
[+r_d1d3d99d1_10, -r_d1d13d11d16_12]
[-r_d1d1d1d42_2, +r_d2d6d1d39_0]
[+r_d1d3d99d1_11, -m_taurine]
[-r_d2d3d1d61_5, +m_hippurate]
[+r_d4d2d1d2_9, -r_d1d13d11d16_12]
[+r_d4d2d1d2_8, -r_d2d3d1d61_4]
[-r_d1d3d99d1_11, +r_d1d13d11d16_12]
[+r_d2d3d1d61_5, -r_d1d1d1d42_3]
[+r_d2d6d1dx_14, -r_d1d1d1d42_3]
[-r_d2d6d1d39_0, +r_d1d3d99d1_10]
[-r_d1d3d99d1_11, +r_d2d3d1d61_5]
[+m_hippurate, -r_d4d2d1d3_7]
[-r_d4d3d2d1_16, +r_d1d13d11d16_12]
[+r_d2d6d1dx_14, -r_d1d13d11d16_12]
[+r_d2d6d1d39_1, -m_hippurate]
[+r_d2d3d1d61_4, -m_hippurate]
[-r_d4d2d1d3_6, +m_hippurate]
[+r_d2d3d1d61_4, -r_d1d13d11d16_13]
[-r_d1d3d99d1_11, +r_d4d2d1d3_7]
[+r_d2d3d1d61_5, -r_d4d2d1d2_9]
[+r_d2d6d1dx_14, -r_d2d6d1d39_1]
[+m_transaconitate, -r_d2d6d1d39_1]
[+r_d2d3d1d61_4, -r_d2d6d1dx_14]
[-r_d2d6d1d39_0, +r_d2d3d1d61_4]
[+m_taurine, -r_d2d6d1d39_1]
[+r_d4d2d1d2_9, -r_d1d3d99d1_11]
[-r_d4d3d2d1_16, +m_transaconitate]
[+r_d4d2d1d3_6, -r_d2d3d1d61_4]
[+r_d1d3d99d1_10, -r_d2d6d1dx_15]
[-r_d2d3d1d61_5, +r_d1d13d11d16_13]
[+r_d1d3d99d1_11, -r_d2d6d1dx_15]
[-r_d4d3d2d1_16, +r_d4d2d1d3_6]
[+r_d1d1d1d42_3, -r_d1d13d11d16_13]
[-r_d4d3d2d1_16, +r_d2d3d1d61_4]
[+r_d1d13d11d16_12, -r_d2d3d1d61_4]
[+r_d2d6d1d39_1, -r_d2d6d1dx_14]
[+m_transaconitate, -r_d2d6d1d39_0]
[+r_d2d6d1dx_14, -r_d2d3d1d61_5]
[+m_hippurate, -r_d1d1d1d42_3]
[-r_d4d3d2d1_16, +r_d4d2d1d3_7]
[+r_d2d6d1d39_1, -r_d1d3d99d1_10]
[-r_d4d3d2d1_16, +r_d2d6d1dx_14]
[-r_d2d3d1d61_5, +r_d1d3d99d1_10]
[+r_d2d6d1d39_1, -r_d4d2d1d3_7]
[+r_d1d1d1d42_2, -r_d1d3d99d1_10]
[+r_d4d2d1d2_8, -r_d2d6d1d39_0]
[+r_d2d6d1d39_0, -r_d1d3d99d1_10]
[-r_d4d2d1d3_6, +r_d1d13d11d16_13]
[+r_d4d2d1d3_6, -m_taurine]
[+r_d1d1d1d42_3, -r_d4d2d1d2_8]
[-r_d4d2d1d3_6, +r_d2d3d1d61_5]
[+m_taurine, -r_d4d2d1d2_9]
[+r_d1d1d1d42_3, -r_d4d2d1d3_7]
[+r_d1d3d99d1_11, -m_hippurate]
[-r_d2d6d1d39_1, +r_d1d13d11d16_13]
[-r_d4d3d2d1_16, +r_d1d1d1d42_2]
[-r_d1d1d1d42_2, +r_d2d3d1d61_4]
[+r_d2d6d1dx_14, -r_d1d3d99d1_11]
[+r_d1d3d99d1_10, -r_d4d2d1d2_8]
[+r_d4d2d1d2_8, -r_d1d3d99d1_11]
[-r_d4d2d1d3_6, +r_d2d6d1d39_0]
[-r_d1d1d1d42_2, +m_transaconitate]
[+r_d2d6d1dx_14, -r_d4d2d1d2_9]
[+r_d2d6d1dx_14, -r_d1d3d99d1_10]
[-r_d4d2d1d3_6, +r_d1d1d1d42_2]
[-r_d4d2d1d3_6, +r_d1d3d99d1_10]
[+r_d2d6d1d39_1, -r_d2d6d1dx_15]
[+r_d4d2d1d2_9, -r_d4d2d1d2_8]
[-r_d2d3d1d61_5, +r_d2d6d1d39_0]
[+r_d4d2d1d3_7, -m_hippurate]
[+m_transaconitate, -r_d1d13d11d16_13]
[+m_hippurate, -r_d2d6d1dx_14]
[-r_d4d3d2d1_16, +m_taurine]
[+r_d4d2d1d3_7, -r_d1d13d11d16_12]
[+r_d4d2d1d3_7, -r_d1d3d99d1_10]
[+r_d2d6d1dx_15, -r_d1d1d1d42_2]
[+r_d4d2d1d2_9, -r_d4d2d1d3_7]
[+m_transaconitate, -r_d1d3d99d1_10]
[-r_d2d3d1d61_4, +r_d2d6d1d39_0]
[-r_d2d3d1d61_5, +r_d4d2d1d3_7]
[+r_d1d1d1d42_2, -m_taurine]
[+r_d4d2d1d3_6, -r_d2d6d1dx_15]
[+m_hippurate, -r_d1d13d11d16_13]
[+r_d2d3d1d61_4, -m_taurine]
[+m_taurine, -r_d2d3d1d61_4]
[+r_d4d2d1d2_8, -r_d1d13d11d16_12]
[-r_d1d1d1d42_2, +r_d4d2d1d3_7]
[+m_hippurate, -r_d4d2d1d2_8]
[-r_d4d3d2d1_16, +m_hippurate]
[-r_d4d3d2d1_16, +r_d4d2d1d2_9]
[+r_d4d2d1d3_6, -r_d1d13d11d16_13]
[+r_d2d6d1dx_15, -r_d4d2d1d2_8]
[+m_transaconitate, -r_d1d1d1d42_3]
[+r_d1d3d99d1_11, -r_d2d6d1d39_0]
[-r_d1d3d99d1_11, +r_d2d3d1d61_4]
[+r_d4d2d1d3_7, -r_d2d6d1dx_14]
[+r_d4d2d1d2_8, -r_d4d2d1d3_6]
[+m_hippurate, -m_taurine]
[+r_d2d3d1d61_4, -r_d2d6d1dx_15]
[-r_d2d3d1d61_5, +r_d1d1d1d42_3]
[+r_d1d3d99d1_11, -r_d1d13d11d16_13]
[-r_d1d1d1d42_2, +r_d2d3d1d61_5]
[+r_d2d3d1d61_4, -r_d4d2d1d2_8]
[+r_d2d6d1dx_15, -r_d2d3d1d61_4]
[+r_d2d6d1dx_15, -r_d4d2d1d3_6]
[+r_d2d6d1dx_15, -r_d2d3d1d61_5]
[+r_d2d3d1d61_5, -m_taurine]
[-r_d4d2d1d3_6, +r_d2d6d1d39_1]
[+r_d2d6d1d39_0, -m_taurine]
[+r_d2d6d1dx_14, -r_d2d6d1dx_15]
[+r_d4d2d1d2_9, -r_d2d6d1dx_15]
[+r_d1d13d11d16_12, -r_d1d1d1d42_3]
[+r_d2d6d1dx_14, -r_d4d2d1d2_8]
[-r_d4d2d1d3_6, +r_d1d13d11d16_12]
[+m_taurine, -r_d1d1d1d42_3]
[-r_d4d3d2d1_16, +r_d1d1d1d42_3]
[+r_d1d13d11d16_13, -r_d2d6d1dx_14]
[-r_d2d3d1d61_4, +r_d2d6d1d39_1]
[-r_d2d3d1d61_5, +r_d2d6d1d39_1]
[+r_d2d6d1dx_14, -r_d4d2d1d3_6]
[+r_d2d3d1d61_4, -r_d4d2d1d3_7]
[-r_d4d3d2d1_16, +r_d1d3d99d1_10]
[+m_transaconitate, -r_d4d2d1d3_7]
[+r_d4d2d1d2_8, -r_d1d1d1d42_3]
[-r_d1d1d1d42_3, +r_d4d2d1d3_7]
[-r_d1d1d1d42_2, +r_d1d13d11d16_12]
[+r_d1d3d99d1_10, -r_d4d2d1d3_7]
[+r_d2d3d1d61_5, -r_d4d2d1d2_8]
[+r_d2d6d1d39_0, -r_d4d2d1d2_8]
[+r_d1d13d11d16_13, -r_d2d3d1d61_4]
[+m_taurine, -m_hippurate]
[+r_d4d2d1d2_9, -r_d1d13d11d16_13]
[+r_d1d3d99d1_11, -r_d1d3d99d1_10]
[+r_d1d1d1d42_3, -r_d1d3d99d1_10]
[-r_d4d3d2d1_16, +r_d2d6d1d39_1]
[+r_d1d13d11d16_12, -m_taurine]
[+r_d2d3d1d61_4, -r_d1d13d11d16_12]
[+m_transaconitate, -r_d2d6d1dx_14]
[+r_d1d1d1d42_2, -r_d2d6d1dx_15]
[-r_d2d6d1d39_1, +r_d2d3d1d61_5]
[+r_d4d2d1d2_8, -m_hippurate]
[+r_d4d2d1d2_8, -r_d4d2d1d3_7]
[+r_d4d2d1d3_6, -r_d4d2d1d2_9]
[+r_d1d13d11d16_13, -m_taurine]
[-r_d2d6d1dx_15, +r_d4d2d1d2_8]
[-r_d2d6d1d39_1, +r_d4d2d1d3_7]
[+r_d1d1d1d42_2, -r_d2d6d1dx_14]
[-r_d4d3d2d1_16, +r_d2d6d1d39_0]
[+r_d1d3d99d1_10, -r_d1d1d1d42_3]
[-r_d2d6d1d39_1, +r_d1d3d99d1_10]
[+r_d1d13d11d16_12, -m_hippurate]
[+r_d1d3d99d1_10, -m_taurine]
[+r_d1d1d1d42_2, -r_d2d6d1d39_0]
[+m_transaconitate, -r_d4d2d1d2_8]
[-r_d2d6d1d39_1, +m_hippurate]
[+m_taurine, -r_d1d13d11d16_12]
[+m_transaconitate, -r_d2d6d1dx_15]
[+m_taurine, -r_d4d2d1d3_7]
[+m_hippurate, -r_d2d6d1dx_15]
[+r_d2d6d1d39_0, -r_d1d13d11d16_13]
[+r_d2d6d1dx_14, -m_taurine]
[+r_d4d2d1d3_6, -r_d1d1d1d42_3]
[+r_d2d6d1dx_15, -r_d4d2d1d3_7]
[-r_d1d1d1d42_2, +m_hippurate]
[-r_d1d3d99d1_11, +m_transaconitate]
[+r_d2d6d1dx_15, -m_hippurate]
[+r_d2d6d1d39_0, -r_d2d6d1dx_14]
[-r_d4d3d2d1_16, +r_d1d13d11d16_13]
[+r_d1d3d99d1_10, -r_d2d3d1d61_4]
[+r_d4d2d1d2_9, -r_d2d6d1dx_14]
[+r_d1d3d99d1_10, -m_hippurate]
[+r_d2d3d1d61_4, -r_d1d1d1d42_3]
[+r_d1d1d1d42_3, -r_d2d6d1dx_14]
[+r_d1d1d1d42_2, -r_d4d2d1d3_7]
[+r_d1d13d11d16_13, -r_d4d2d1d2_8]
[+r_d1d3d99d1_11, -r_d2d6d1d39_1]
[+r_d1d1d1d42_3, -m_hippurate]
[+r_d2d3d1d61_4, -r_d1d3d99d1_10]
[+r_d1d1d1d42_2, -r_d4d2d1d2_8]
[+r_d2d6d1d39_0, -r_d4d2d1d2_9]
[+r_d2d6d1dx_15, -r_d1d3d99d1_11]
[+r_d2d6d1dx_15, -r_d2d6d1d39_1]
[+r_d2d6d1d39_0, -m_hippurate]
[+m_transaconitate, -r_d1d13d11d16_12]
[+r_d1d3d99d1_10, -r_d1d13d11d16_13]
[+r_d4d2d1d2_9, -r_d1d1d1d42_3]
[+r_d2d3d1d61_5, -r_d1d3d99d1_10]
[-r_d4d2d1d3_6, +r_d4d2d1d3_7]
[+r_d2d6d1dx_14, -r_d1d1d1d42_2]
[+r_d2d6d1dx_14, -r_d2d6d1d39_0]
[+r_d1d1d1d42_2, -r_d1d13d11d16_12]
[+r_d2d6d1dx_14, -r_d4d2d1d3_7]
[-r_d2d3d1d61_4, +r_d1d1d1d42_3]
[+r_d1d13d11d16_13, -m_hippurate]
[+r_d4d2d1d3_7, -r_d2d6d1dx_15]
[+m_taurine, -r_d4d2d1d3_6]
[+r_d1d1d1d42_3, -r_d1d13d11d16_12]
[+r_d2d6d1dx_14, -r_d1d13d11d16_13]
[+r_d1d3d99d1_10, -r_d4d2d1d2_9]
[+r_d2d6d1d39_0, -r_d4d2d1d3_7]
[+r_d1d1d1d42_2, -m_hippurate]
[+m_hippurate, -r_d4d2d1d2_9]
[+r_d1d3d99d1_11, -r_d4d2d1d2_9]
[+r_d4d2d1d3_7, -r_d4d2d1d2_8]
[-r_d2d3d1d61_4, +r_d4d2d1d3_7]
[+r_d1d1d1d42_2, -r_d2d3d1d61_4]
[-r_d4d3d2d1_16, +r_d1d3d99d1_11]
[+r_d2d6d1dx_15, -m_taurine]
[+r_d4d2d1d2_9, -m_taurine]
[+m_hippurate, -r_d1d3d99d1_10]
[-r_d2d6d1d39_1, +r_d1d13d11d16_12]
[+r_d2d3d1d61_4, -r_d4d2d1d2_9]
[+r_d1d13d11d16_12, -r_d2d6d1dx_15]
[-r_d1d1d1d42_2, +r_d1d13d11d16_13]
[-r_d1d1d1d42_2, +r_d1d3d99d1_10]
[+r_d2d3d1d61_5, -m_hippurate]
[+r_d2d3d1d61_5, -r_d2d6d1dx_14]
[+r_d1d3d99d1_11, -r_d1d1d1d42_2]
[+m_taurine, -r_d1d3d99d1_10]
[-r_d2d3d1d61_5, +m_transaconitate]
[-r_d2d6d1d39_1, +r_d1d1d1d42_3]
[+r_d4d2d1d2_8, -r_d2d6d1d39_1]
[+r_d4d2d1d2_8, -r_d1d3d99d1_10]
[+r_d1d13d11d16_12, -r_d4d2d1d2_9]
[+r_d1d3d99d1_11, -r_d1d1d1d42_3]
[-r_d2d3d1d61_5, +r_d1d13d11d16_12]
[+r_d1d13d11d16_13, -r_d4d2d1d2_9]
[-r_d1d1d1d42_2, +r_d2d6d1d39_1]
[+r_d2d6d1d39_0, -r_d2d6d1dx_15]
[+r_d1d3d99d1_10, -r_d2d6d1dx_14]
[-r_d2d6d1d39_0, +r_d1d13d11d16_13]
[+r_d2d6d1d39_1, -r_d4d2d1d2_9]
[+r_d2d6d1dx_15, -r_d2d6d1d39_0]
[+r_d2d6d1dx_14, -r_d2d3d1d61_4]
[+r_d4d2d1d2_9, -r_d4d2d1d3_6]
[+r_d4d2d1d3_6, -r_d1d13d11d16_12]
[-r_d1d3d99d1_11, +r_d1d1d1d42_3]
[+m_taurine, -r_d2d6d1dx_15]
[+r_d4d2d1d3_6, -r_d2d6d1d39_1]
[-r_d2d3d1d61_5, +r_d2d3d1d61_4]


Total execution time was 697754 ms.


Execution time was 697751 ms.

status 103
---System Timeout---
Problems/Bio/glucolysis_min-20_ld2--1_MONO

removing temp .csv#########################
