generate VARIANT################################
launch MONO#####################################
-d64
-Xms512m
-Xmx10g
-jar
ressources/CFLauncher_7.jar
-method=SOLAR-Inc-Carc
-verbose
-t=1200000
-var=_max-15_ld2--1
-csq=Problems/Bio/glucolysis_max-15_ld2--1_MONO
Problems/Bio/glucolysis
Problems/Bio/glucolysis_max-15_ld2--1
>>>>>>>>>>>> Solving at depth : -1( real 0)
>>>>>>>>>>>> Solve - measure : [44, 1, 0, 0, 0, 0, 0, 0]
>>>>>>>>>>>> Solving at depth : -1( real 0)
>>>>>>>>>>>> Solve - measure : [4, 1, 0, 0, 0, 0, 0, 0]
>>>>>>>>>>>> Solving at depth : -1( real 0)
>>>>>>>>>>>> Solve - measure : [3, 1, 0, 0, 0, 0, 0, 0]
>>>>>>>>>>>> Solving at depth : -1( real 0)
>>>>>>>>>>>> Solve - measure : [16, 14, 5, 1, 0, 0, 0, 0]
>>>>>>>>>>>> Solving at depth : -1( real 0)
>>>>>>>>>>>> Solve - measure : [10, 56, 22, 4, 0, 0, 0, 0]
>>>>>>>>>>>> Solving at depth : -1( real 0)
>>>>>>>>>>>> Solve - measure : [7, 56, 22, 4, 0, 0, 0, 0]
>>>>>>>>>>>> Solving at depth : -1( real 0)
>>>>>>>>>>>> Solve - measure : [8, 56, 22, 4, 0, 0, 0, 0]
>>>>>>>>>>>> Solving at depth : -1( real 0)
>>>>>>>>>>>> Solve - measure : [6, 18, 7, 1, 0, 0, 0, 0]
>>>>>>>>>>>> Solving at depth : -1( real 0)
>>>>>>>>>>>> Solve - measure : [14, 153, 62, 8, 0, 0, 0, 0]
>>>>>>>>>>>> Solving at depth : -1( real 0)
>>>>>>>>>>>> Solve - measure : [10, 22, 8, 2, 0, 0, 0, 0]
>>>>>>>>>>>> Solving at depth : -1( real 0)
>>>>>>>>>>>> Solve - measure : [24, 321, 126, 24, 0, 0, 0, 0]
>>>>>>>>>>>> Solving at depth : -1( real 0)
>>>>>>>>>>>> Solve - measure : [8, 46, 18, 3, 0, 0, 0, 0]
>>>>>>>>>>>> Solving at depth : -1( real 0)
>>>>>>>>>>>> Solve - measure : [38, 548, 218, 36, 0, 0, 0, 0]
>>>>>>>>>>>> Solving at depth : -1( real 0)
>>>>>>>>>>>> Solve - measure : [8, 30, 11, 3, 0, 0, 0, 0]
>>>>>>>>>>>> Solving at depth : -1( real 0)
>>>>>>>>>>>> Solve - measure : [8, 33, 12, 4, 0, 0, 0, 0]
>>>>>>>>>>>> Solving at depth : -1( real 0)
>>>>>>>>>>>> Solve - measure : [76, 1184, 457, 110, 0, 0, 0, 0]
>>>>>>>>>>>> Solving at depth : -1( real 0)
>>>>>>>>>>>> Solve - measure : [82, 1184, 457, 110, 0, 0, 0, 0]
>>>>>>>>>>>> Solving at depth : -1( real 0)
>>>>>>>>>>>> Solve - measure : [17, 151, 51, 18, 0, 2, 0, 0]
>>>>>>>>>>>> Solving at depth : -1( real 0)
>>>>>>>>>>>> Solve - measure : [14, 123, 45, 11, 0, 0, 0, 0]
>>>>>>>>>>>> Solving at depth : -1( real 0)
>>>>>>>>>>>> Solve - measure : [161, 2564, 952, 225, 0, 4, 0, 0]
>>>>>>>>>>>> Solving at depth : -1( real 0)
>>>>>>>>>>>> Solve - measure : [9, 42, 15, 5, 0, 0, 0, 0]
>>>>>>>>>>>> Solving at depth : -1( real 0)
>>>>>>>>>>>> Solve - measure : [123, 3167, 1175, 304, 0, 4, 0, 0]
>>>>>>>>>>>> Solving at depth : -1( real 0)
>>>>>>>>>>>> Solve - measure : [15, 290, 106, 25, 0, 3, 0, 0]
>>>>>>>>>>>> Solving at depth : -1( real 0)
>>>>>>>>>>>> Solve - measure : [130, 3911, 1471, 336, 0, 5, 0, 0]
>>>>>>>>>>>> Solving at depth : -1( real 0)
>>>>>>>>>>>> Solve - measure : [10, 171, 64, 14, 0, 0, 0, 0]
>>>>>>>>>>>> Solving at depth : -1( real 0)
>>>>>>>>>>>> Solve - measure : [152, 5649, 2119, 491, 0, 15, 0, 8]
>>>>>>>>>>>> Solving at depth : -1( real 0)
>>>>>>>>>>>> Solve - measure : [16, 394, 150, 34, 0, 4, 0, 0]
>>>>>>>>>>>> Solving at depth : -1( real 0)
>>>>>>>>>>>> Solve - measure : [267, 10405, 3957, 878, 0, 38, 0, 13]
>>>>>>>>>>>> Solving at depth : -1( real 0)
>>>>>>>>>>>> Solve - measure : [127, 10405, 3957, 878, 0, 38, 0, 13]
>>>>>>>>>>>> Solving at depth : -1( real 0)
>>>>>>>>>>>> Solve - measure : [123, 10405, 3957, 878, 0, 38, 0, 13]
>>>>>>>>>>>> Solving at depth : -1( real 0)
>>>>>>>>>>>> Solve - measure : [7, 437, 169, 33, 0, 4, 0, 0]
>>>>>>>>>>>> Solving at depth : -1( real 0)
>>>>>>>>>>>> Solve - measure : [93, 13403, 5167, 1013, 0, 42, 0, 16]
>>>>>>>>>>>> Solving at depth : -1( real 0)
>>>>>>>>>>>> Solve - measure : [91, 13403, 5167, 1013, 0, 42, 0, 16]
>>>>>>>>>>>> Solving at depth : -1( real 0)
>>>>>>>>>>>> Solve - measure : [103, 13403, 5167, 1013, 0, 42, 0, 16]
>>>>>>>>>>>> Solving at depth : -1( real 0)
>>>>>>>>>>>> Solve - measure : [9, 907, 347, 61, 0, 8, 0, 0]
>>>>>>>>>>>> Solving at depth : -1( real 0)
>>>>>>>>>>>> Solve - measure : [90, 16824, 6532, 1181, 0, 54, 0, 18]
>>>>>>>>>>>> Solving at depth : -1( real 0)
>>>>>>>>>>>> Solve - measure : [50, 16824, 6532, 1181, 0, 54, 0, 18]
>>>>>>>>>>>> Solving at depth : -1( real 0)
>>>>>>>>>>>> Solve - measure : [39, 16824, 6532, 1181, 0, 54, 0, 18]
>>>>>>>>>>>> Solving at depth : -1( real 0)
>>>>>>>>>>>> Solve - measure : [40, 16824, 6532, 1181, 0, 54, 0, 18]
>>>>>>>>>>>> Solving at depth : -1( real 0)
>>>>>>>>>>>> Solve - measure : [4, 18, 7, 1, 0, 0, 0, 0]
>>>>>>>>>>>> Solving at depth : -1( real 0)
>>>>>>>>>>>> Solve - measure : [4, 14, 5, 1, 0, 0, 0, 0]
>>>>>>>>>>>> Solving at depth : -1( real 0)
>>>>>>>>>>>> Solve - measure : [5, 240, 91, 16, 0, 1, 0, 1]
>>>>>>>>>>>> Solving at depth : -1( real 0)
>>>>>>>>>>>> Solve - measure : [38, 25644, 9850, 1821, 0, 108, 0, 38]
>>>>>>>>>>>> Solving at depth : -1( real 0)
>>>>>>>>>>>> Solve - measure : [36, 25644, 9850, 1821, 0, 108, 0, 38]
>>>>>>>>>>>> Solving at depth : -1( real 0)
>>>>>>>>>>>> Solve - measure : [35, 25644, 9850, 1821, 0, 108, 0, 38]
>>>>>>>>>>>> Solving at depth : -1( real 0)
>>>>>>>>>>>> Solve - measure : [3, 605, 235, 41, 0, 0, 0, 1]
>>>>>>>>>>>> Solving at depth : -1( real 0)
>>>>>>>>>>>> Solve - measure : [33, 30213, 11707, 2002, 0, 115, 0, 42]
>>>>>>>>>>>> Solving at depth : -1( real 0)
>>>>>>>>>>>> Solve - measure : [32, 30213, 11707, 2002, 0, 115, 0, 42]
>>>>>>>>>>>> Solving at depth : -1( real 0)
>>>>>>>>>>>> Solve - measure : [31, 30213, 11707, 2002, 0, 115, 0, 42]
>>>>>>>>>>>> Solving at depth : -1( real 0)
>>>>>>>>>>>> Solve - measure : [3, 647, 253, 41, 0, 0, 0, 1]
>>>>>>>>>>>> Solving at depth : -1( real 0)
>>>>>>>>>>>> Solve - measure : [36, 35268, 13762, 2192, 0, 122, 0, 46]
>>>>>>>>>>>> Solving at depth : -1( real 0)
>>>>>>>>>>>> Solve - measure : [49, 35268, 13762, 2192, 0, 122, 0, 46]
>>>>>>>>>>>> Solving at depth : -1( real 0)
>>>>>>>>>>>> Solve - measure : [54, 35268, 13762, 2192, 0, 122, 0, 46]
>>>>>>>>>>>> Solving at depth : -1( real 0)
>>>>>>>>>>>> Solve - measure : [2, 33, 13, 1, 0, 0, 0, 0]
>>>>>>>>>>>> Solving at depth : -1( real 0)
>>>>>>>>>>>> Solve - measure : [57, 38068, 14927, 2238, 0, 122, 0, 48]
>>>>>>>>>>>> Solving at depth : -1( real 0)
>>>>>>>>>>>> Solve - measure : [2, 25, 9, 2, 0, 0, 0, 0]
>>>>>>>>>>>> Solving at depth : -1( real 0)
>>>>>>>>>>>> Solve - measure : [54, 38181, 14969, 2250, 0, 122, 0, 47]
>>>>>>>>>>>> Solving at depth : -1( real 0)
>>>>>>>>>>>> Solve - measure : [2, 302, 117, 19, 0, 0, 0, 1]
>>>>>>>>>>>> Solving at depth : -1( real 0)
>>>>>>>>>>>> Solve - measure : [56, 55389, 21560, 3341, 0, 184, 0, 74]
>>>>>>>>>>>> Solving at depth : -1( real 0)
>>>>>>>>>>>> Solve - measure : [1, 33, 12, 3, 0, 0, 0, 0]
>>>>>>>>>>>> Solving at depth : -1( real 0)
>>>>>>>>>>>> Solve - measure : [58, 56649, 22056, 3559, 0, 184, 0, 74]
>>>>>>>>>>>> Solving at depth : -1( real 0)
>>>>>>>>>>>> Solve - measure : [5, 1686, 661, 105, 0, 4, 0, 2]
>>>>>>>>>>>> Solving at depth : -1( real 0)
>>>>>>>>>>>> Solve - measure : [96, 92723, 36020, 5884, 0, 231, 0, 80]
>>>>>>>>>>>> Solving at depth : -1( real 0)
>>>>>>>>>>>> Solve - measure : [2, 526, 197, 39, 0, 0, 0, 1]
>>>>>>>>>>>> Solving at depth : -1( real 0)
>>>>>>>>>>>> Solve - measure : [3, 747, 292, 44, 0, 6, 0, 1]
>>>>>>>>>>>> Solving at depth : -1( real 0)
>>>>>>>>>>>> Solve - measure : [186, 111545, 42676, 6997, 0, 669, 0, 140]
>>>>>>>>>>>> Solving at depth : -1( real 0)
>>>>>>>>>>>> Solve - measure : [3, 198, 75, 14, 0, 0, 0, 0]
>>>>>>>>>>>> Solving at depth : -1( real 0)
>>>>>>>>>>>> Solve - measure : [150, 114792, 43920, 7500, 0, 671, 0, 141]
>>>>>>>>>>>> Solving at depth : -1( real 0)
>>>>>>>>>>>> Solve - measure : [6, 2181, 842, 138, 0, 17, 0, 4]
>>>>>>>>>>>> Solving at depth : -1( real 0)
>>>>>>>>>>>> Solve - measure : [276, 170552, 64911, 11129, 0, 858, 0, 386]
>>>>>>>>>>>> Solving at depth : -1( real 0)
>>>>>>>>>>>> Solve - measure : [307, 170552, 64911, 11129, 0, 858, 0, 386]
>>>>>>>>>>>> Solving at depth : -1( real 0)
>>>>>>>>>>>> Solve - measure : [7, 2384, 917, 144, 0, 51, 0, 7]
>>>>>>>>>>>> Solving at depth : -1( real 0)
>>>>>>>>>>>> Solve - measure : [2, 208, 79, 15, 0, 0, 0, 0]
>>>>>>>>>>>> Solving at depth : -1( real 0)
>>>>>>>>>>>> Solve - measure : [366, 279604, 107411, 18072, 0, 1722, 0, 1075]
>>>>>>>>>>>> Solving at depth : -1( real 0)
>>>>>>>>>>>> Solve - measure : [21, 10564, 4006, 632, 0, 225, 0, 15]
>>>>>>>>>>>> Solving at depth : -1( real 0)
>>>>>>>>>>>> Solve - measure : [10, 4763, 1839, 288, 0, 54, 0, 9]
>>>>>>>>>>>> Solving at depth : -1( real 0)
>>>>>>>>>>>> Solve - measure : [612, 457295, 171252, 30436, 0, 3865, 0, 1443]
>>>>>>>>>>>> Solving at depth : -1( real 0)
>>>>>>>>>>>> Solve - measure : [849, 457295, 171252, 30436, 0, 3865, 0, 1443]
>>>>>>>>>>>> Solving at depth : -1( real 0)
>>>>>>>>>>>> Solve - measure : [730, 457295, 171252, 30436, 0, 3865, 0, 1443]
>>>>>>>>>>>> Solving at depth : -1( real 0)
>>>>>>>>>>>> Solve - measure : [18, 10194, 3812, 699, 0, 23, 0, 10]
>>>>>>>>>>>> Solving at depth : -1( real 0)
>>>>>>>>>>>> Solve - measure : [709, 512923, 193625, 32643, 0, 3933, 0, 1480]
>>>>>>>>>>>> Solving at depth : -1( real 0)
>>>>>>>>>>>> Solve - measure : [19, 9321, 3586, 538, 0, 120, 0, 17]
>>>>>>>>>>>> Solving at depth : -1( real 0)
>>>>>>>>>>>> Solve - measure : [841, 609815, 232658, 38090, 0, 4871, 0, 2024]
>>>>>>>>>>>> Solving at depth : -1( real 0)
>>>>>>>>>>>> Solve - measure : [38, 20796, 8070, 1225, 0, 238, 0, 39]
>>>>>>>>>>>> Solving at depth : -1( real 0)
>>>>>>>>>>>> Solve - measure : [1823, 950573, 364797, 55703, 0, 7461, 0, 3280]
>>>>>>>>>>>> Solving at depth : -1( real 0)
>>>>>>>>>>>> Solve - measure : [14, 4580, 1754, 288, 0, 6, 0, 21]
>>>>>>>>>>>> Solving at depth : -1( real 0)
>>>>>>>>>>>> Solve - measure : [2629, 1633716, 627410, 96578, 0, 11030, 0, 8257]
>>>>>>>>>>>> Solving at depth : -1( real 0)
>>>>>>>>>>>> Solve - measure : [70, 43786, 16724, 2846, 0, 144, 0, 41]
>>>>>>>>>>>> Solving at depth : -1( real 0)
>>>>>>>>>>>> Solve - measure : [2804, 1852286, 713725, 109868, 0, 11954, 0, 8440]
>>>>>>>>>>>> Solving at depth : -1( real 0)
>>>>>>>>>>>> Solve - measure : [3512, 1852286, 713725, 109868, 0, 11954, 0, 8440]
>>>>>>>>>>>> Solving at depth : -1( real 0)
>>>>>>>>>>>> Solve - measure : [2790, 1852286, 713725, 109868, 0, 11954, 0, 8440]
>>>>>>>>>>>> Solving at depth : -1( real 0)
>>>>>>>>>>>> Solve - measure : [36, 19173, 7498, 1107, 0, 223, 0, 32]
>>>>>>>>>>>> Solving at depth : -1( real 0)
>>>>>>>>>>>> Solve - measure : [2989, 1960666, 757247, 114005, 0, 12047, 0, 8494]
>>>>>>>>>>>> Solving at depth : -1( real 0)
>>>>>>>>>>>> Solve - measure : [3009, 1960666, 757247, 114005, 0, 12047, 0, 8494]
>>>>>>>>>>>> Solving at depth : -1( real 0)
>>>>>>>>>>>> Solve - measure : [2904, 1960666, 757247, 114005, 0, 12047, 0, 8494]
>>>>>>>>>>>> Solving at depth : -1( real 0)
>>>>>>>>>>>> Solve - measure : [38, 19369, 7582, 1107, 0, 223, 0, 32]
>>>>>>>>>>>> Solving at depth : -1( real 0)
>>>>>>>>>>>> Solve - measure : [3136, 2097229, 811764, 119647, 0, 12273, 0, 8581]
>>>>>>>>>>>> Solving at depth : -1( real 0)
>>>>>>>>>>>> Solve - measure : [3176, 2097229, 811764, 119647, 0, 12273, 0, 8581]
>>>>>>>>>>>> Solving at depth : -1( real 0)
>>>>>>>>>>>> Solve - measure : [3189, 2097229, 811764, 119647, 0, 12273, 0, 8581]
>>>>>>>>>>>> Solving at depth : -1( real 0)
>>>>>>>>>>>> Solve - measure : [3128, 2097229, 811764, 119647, 0, 12273, 0, 8581]
>>>>>>>>>>>> Solving at depth : -1( real 0)
>>>>>>>>>>>> Solve - measure : [3107, 2097229, 811764, 119647, 0, 12273, 0, 8581]
>>>>>>>>>>>> Solving at depth : -1( real 0)
>>>>>>>>>>>> Solve - measure : [126, 79275, 30374, 4666, 0, 383, 0, 59]
>>>>>>>>>>>> Solving at depth : -1( real 0)
>>>>>>>>>>>> Solve - measure : [124, 80019, 30639, 4648, 0, 383, 0, 59]
>>>>>>>>>>>> Solving at depth : -1( real 0)
>>>>>>>>>>>> Solve - measure : [5151, 3305410, 1286794, 173996, 0, 27328, 0, 13975]
>>>>>>>>>>>> Solving at depth : -1( real 0)
>>>>>>>>>>>> Solve - measure : [5102, 3305410, 1286794, 173996, 0, 27328, 0, 13975]
>>>>>>>>>>>> Solving at depth : -1( real 0)
>>>>>>>>>>>> Solve - measure : [5140, 3305410, 1286794, 173996, 0, 27328, 0, 13975]
>>>>>>>>>>>> Solving at depth : -1( real 0)
>>>>>>>>>>>> Solve - measure : [2, 14, 5, 1, 0, 0, 0, 0]
>>>>>>>>>>>> Solving at depth : -1( real 0)
>>>>>>>>>>>> Solve - measure : [5154, 3305465, 1286816, 174000, 0, 27328, 0, 13975]
>>>>>>>>>>>> Solving at depth : -1( real 0)
>>>>>>>>>>>> Solve - measure : [2, 15, 5, 2, 0, 0, 0, 0]
>>>>>>>>>>>> Solving at depth : -1( real 0)
>>>>>>>>>>>> Solve - measure : [5047, 3305493, 1286826, 174004, 0, 27328, 0, 13975]
>>>>>>>>>>>> Solving at depth : -1( real 0)
>>>>>>>>>>>> Solve - measure : [2, 37, 14, 3, 0, 0, 0, 0]
>>>>>>>>>>>> Solving at depth : -1( real 0)
>>>>>>>>>>>> Solve - measure : [5139, 3305676, 1286897, 174020, 0, 27328, 0, 13975]
>>>>>>>>>>>> Solving at depth : -1( real 0)
>>>>>>>>>>>> Solve - measure : [41, 22949, 8892, 1052, 0, 128, 0, 210]
>>>>>>>>>>>> Solving at depth : -1( real 0)
>>>>>>>>>>>> Solve - measure : [8739, 5348560, 2084955, 285023, 0, 45741, 0, 23860]
>>>>>>>>>>>> Solving at depth : -1( real 0)
>>>>>>>>>>>> Solve - measure : [90, 52265, 20278, 2429, 0, 336, 0, 453]
>>>>>>>>>>>> Solving at depth : -1( real 0)
>>>>>>>>>>>> Solve - measure : [9284, 5826769, 2273611, 312897, 0, 46768, 0, 25626]
>>>>>>>>>>>> Solving at depth : -1( real 0)
>>>>>>>>>>>> Solve - measure : [9458, 5826769, 2273611, 312897, 0, 46768, 0, 25626]
>>>>>>>>>>>> Solving at depth : -1( real 0)
>>>>>>>>>>>> Solve - measure : [9351, 5826769, 2273611, 312897, 0, 46768, 0, 25626]
>>>>>>>>>>>> Solving at depth : -1( real 0)
>>>>>>>>>>>> Solve - measure : [75, 41679, 16168, 1932, 0, 280, 0, 352]
>>>>>>>>>>>> Solving at depth : -1( real 0)
>>>>>>>>>>>> Solve - measure : [9553, 5934062, 2317488, 315568, 0, 47037, 0, 26009]
>>>>>>>>>>>> Solving at depth : -1( real 0)
>>>>>>>>>>>> Solve - measure : [180, 109158, 42389, 5202, 0, 810, 0, 838]
>>>>>>>>>>>> Solving at depth : -1( real 0)
>>>>>>>>>>>> Solve - measure : [15287, 9163753, 3583895, 486835, 0, 83846, 0, 39830]
>>>>>>>>>>>> Solving at depth : -1( real 0)
>>>>>>>>>>>> Solve - measure : [462, 268398, 104335, 12941, 0, 2131, 0, 2064]
>>>>>>>>>>>> Solving at depth : -1( real 0)
>>>>>>>>>>>> Solve - measure : [21884, 12994449, 5089998, 682939, 0, 114687, 0, 55671]
>>>>>>>>>>>> Solving at depth : -1( real 0)
>>>>>>>>>>>> Solve - measure : [86, 48325, 18784, 2482, 0, 207, 0, 274]
>>>>>>>>>>>> Solving at depth : -1( real 0)
>>>>>>>>>>>> Solve - measure : [34964, 20199513, 7929476, 1051952, 0, 194511, 0, 81562]
>>>>>>>>>>>> Solving at depth : -1( real 0)
>>>>>>>>>>>> Solve - measure : [895, 516127, 200608, 25038, 0, 3470, 0, 4406]
>>>>>>>>>>>> Solving at depth : -1( real 0)
>>>>>>>>>>>> Solve - measure : [58712, 33640198, 13240736, 1705099, 0, 306833, 0, 133653]
>>>>>>>>>>>> Solving at depth : -1( real 0)
>>>>>>>>>>>> Solve - measure : [60906, 33640198, 13240736, 1705099, 0, 306833, 0, 133653]
>>>>>>>>>>>> Solving at depth : -1( real 0)
>>>>>>>>>>>> Solve - measure : [61806, 33640198, 13240736, 1705099, 0, 306833, 0, 133653]
>>>>>>>>>>>> Solving at depth : -1( real 0)
>>>>>>>>>>>> Solve - measure : [2, 14, 5, 1, 0, 0, 0, 0]
>>>>>>>>>>>> Solving at depth : -1( real 0)
>>>>>>>>>>>> Solve - measure : [59896, 33640253, 13240758, 1705103, 0, 306833, 0, 133653]
>>>>>>>>>>>> Solving at depth : -1( real 0)
>>>>>>>>>>>> Solve - measure : [53, 27338, 10546, 1387, 0, 124, 0, 230]
>>>>>>>>>>>> Solving at depth : -1( real 0)
>>>>>>>>>>>> Solve - measure : [96080, 49930504, 19640943, 2564526, 0, 437778, 0, 186473]
>>>>>>>>>>>> Solving at depth : -1( real 0)
>>>>>>>>>>>> Solve - measure : [4, 566, 239, 28, 0, 4, 0, 5]
>>>>>>>>>>>> Solving at depth : -1( real 0)
>>>>>>>>>>>> Solve - measure : [2, 0, 0, 0, 0, 0, 0, 0]
>>>>>>>>>>>> Solving at depth : -1( real 0)
>>>>>>>>>>>> Solve - measure : [3, 0, 0, 0, 0, 0, 0, 0]
>>>>>>>>>>>> Solving at depth : -1( real 0)
>>>>>>>>>>>> Solve - measure : [3, 0, 0, 0, 0, 0, 0, 0]
>>>>>>>>>>>> Solving at depth : -1( real 0)
>>>>>>>>>>>> Solve - measure : [3, 0, 0, 0, 0, 0, 0, 0]
>>>>>>>>>>>> Solving at depth : -1( real 0)
>>>>>>>>>>>> Solve - measure : [2, 0, 0, 0, 0, 0, 0, 0]
>>>>>>>>>>>> Solving at depth : -1( real 0)
>>>>>>>>>>>> Solve - measure : [3, 0, 0, 0, 0, 0, 0, 0]
>>>>>>>>>>>> Solving at depth : -1( real 0)
>>>>>>>>>>>> Solve - measure : [2, 0, 0, 0, 0, 0, 0, 0]
>>>>>>>>>>>> Solving at depth : -1( real 0)
>>>>>>>>>>>> Solve - measure : [3, 0, 0, 0, 0, 0, 0, 0]
>>>>>>>>>>>> Solving at depth : -1( real 0)
>>>>>>>>>>>> Solve - measure : [3, 0, 0, 0, 0, 0, 0, 0]
>>>>>>>>>>>> Solving at depth : -1( real 0)
>>>>>>>>>>>> Solve - measure : [3, 0, 0, 0, 0, 0, 0, 0]
>>>>>>>>>>>> Solving at depth : -1( real 0)
>>>>>>>>>>>> Solve - measure : [2, 0, 0, 0, 0, 0, 0, 0]
>>>>>>>>>>>> Solving at depth : -1( real 0)
>>>>>>>>>>>> Solve - measure : [3, 0, 0, 0, 0, 0, 0, 0]
>>>>>>>>>>>> Solving at depth : -1( real 0)
>>>>>>>>>>>> Solve - measure : [3, 0, 0, 0, 0, 0, 0, 0]
SolveToClause Finished!
123 CHARACTERISTIC CLAUSES
[-m_fumarate, +m_e2oxoglutarate]
[-m_acryloylcoa, +m_fumarate]
[-m_formaldehyde, +m_e2oxoglutarate]
[-c_compoundCarginine_fumarateC, +m_betaalanine]
[-m_formaldehyde, +c_compoundCarginine_fumarateC]
[-c_compoundCurea_ornithineC, +m_formaldehyde]
[-m_sarcosine, +m_e2oxoglutarate]
[-m_fumarate, +c_compoundCcitrate_transaconitateC]
[-m_acryloylcoa, +c_compoundCcitrate_transaconitateC]
[-m_sarcosine, +c_compoundCarginine_fumarateC]
[-m_ornithine, +c_compoundCurea_ornithineC]
[-m_formaldehyde, +m_succinate]
[-c_compoundCurea_ornithineC, +m_creatine]
[-m_citrate, +m_acryloylcoa]
[-m_betaalanine, +m_acryloylcoa]
[-c_compoundCurea_ornithineC, +m_betaalanine]
[-m_sarcosine, +m_formaldehyde]
[-c_compoundCcitrate_transaconitateC, +m_e2oxoglutarate]
[-m_succinate, +m_citrate]
[-m_ornithine, +m_betaalanine]
[-c_compoundCcitrate_transaconitateC, +m_acryloylcoa]
[+c_compoundCarginine_fumarateC, -c_compoundCurea_ornithineC]
[-m_sarcosine, +m_ornithine]
[-m_e2oxoglutarate, +m_acryloylcoa]
[-c_compoundCurea_ornithineC, +m_ornithine]
[-m_e2oxoglutarate, +m_fumarate]
[-m_creatine, +c_compoundCarginine_fumarateC]
[-m_ornithine, +m_acryloylcoa]
[-m_formaldehyde, +m_sarcosine]
[-m_formaldehyde, +m_betaalanine]
[+m_betaalanine, -m_pyruvate]
[-m_creatine, +m_ornithine]
[-m_sarcosine, +c_compoundCcitrate_transaconitateC]
[-c_compoundCarginine_fumarateC, +m_creatine]
[-c_compoundCcitrate_transaconitateC, +m_citrate]
[-m_succinate, +m_betaalanine]
[-m_formaldehyde, +m_ornithine]
[-c_compoundCarginine_fumarateC, +m_formaldehyde]
[-m_citrate, +m_e2oxoglutarate]
[-c_compoundCcitrate_transaconitateC, +m_fumarate]
[-m_e2oxoglutarate, +m_citrate]
[-c_compoundCarginine_fumarateC, +c_compoundCcitrate_transaconitateC]
[-c_compoundCurea_ornithineC, +m_succinate]
[-m_creatine, +m_succinate]
[-m_e2oxoglutarate, +m_succinate]
[-m_ornithine, +m_creatine]
[-m_sarcosine, +m_betaalanine]
[-m_creatine, +m_sarcosine]
[-m_formaldehyde, +c_compoundCurea_ornithineC]
[-m_creatine, +m_formaldehyde]
[+c_compoundCcitrate_transaconitateC, -m_pyruvate]
[-m_citrate, +m_betaalanine]
[-m_succinate, +c_compoundCcitrate_transaconitateC]
[-m_ornithine, +c_compoundCcitrate_transaconitateC]
[-m_sarcosine, +m_citrate]
[-c_compoundCarginine_fumarateC, +m_citrate]
[-m_creatine, +m_betaalanine]
[-m_creatine, +m_citrate]
[-m_sarcosine, +c_compoundCurea_ornithineC]
[-c_compoundCcitrate_transaconitateC, +m_betaalanine]
[-m_succinate, +m_acryloylcoa]
[-m_creatine, +c_compoundCcitrate_transaconitateC]
[-m_citrate, +c_compoundCcitrate_transaconitateC]
[-m_e2oxoglutarate, +c_compoundCcitrate_transaconitateC]
[-m_ornithine, +m_fumarate]
[-c_compoundCurea_ornithineC, +c_compoundCcitrate_transaconitateC]
[-m_sarcosine, +m_creatine]
[-c_compoundCarginine_fumarateC, +m_e2oxoglutarate]
[-c_compoundCarginine_fumarateC, +m_sarcosine]
[-c_compoundCurea_ornithineC, +m_e2oxoglutarate]
[-m_citrate, +m_succinate]
[-m_creatine, +c_compoundCurea_ornithineC]
[-c_compoundCarginine_fumarateC, +m_ornithine]
[+m_succinate, -m_pyruvate]
[-m_formaldehyde, +m_fumarate]
[-m_ornithine, +m_e2oxoglutarate]
[-m_ornithine, +m_succinate]
[-m_fumarate, +m_succinate]
[-m_ornithine, +c_compoundCarginine_fumarateC]
[-c_compoundCurea_ornithineC, +m_sarcosine]
[-m_fumarate, +m_citrate]
[+m_acryloylcoa, -m_pyruvate]
[-m_ornithine, +m_sarcosine]
[-c_compoundCurea_ornithineC, +m_citrate]
[-c_compoundCarginine_fumarateC, +c_compoundCurea_ornithineC]
[-m_acryloylcoa, +m_betaalanine]
[+m_fumarate, -c_compoundCurea_ornithineC]
[-m_formaldehyde, +m_creatine]
[+m_e2oxoglutarate, -m_pyruvate]
[-m_creatine, +m_acryloylcoa]
[+m_citrate, -m_pyruvate]
[-m_sarcosine, +m_succinate]
[-m_fumarate, +m_acryloylcoa]
[-c_compoundCcitrate_transaconitateC, +m_succinate]
[-c_compoundCarginine_fumarateC, +m_succinate]
[-m_fumarate, +m_betaalanine]
[-c_compoundCarginine_fumarateC, +m_acryloylcoa]
[-c_compoundCarginine_fumarateC, +m_fumarate]
[-m_succinate, +m_e2oxoglutarate]
[-m_ornithine, +m_citrate]
[-m_succinate, +m_fumarate]
[-m_e2oxoglutarate, +m_betaalanine]
[-m_acryloylcoa, +m_succinate]
[-m_acryloylcoa, +m_e2oxoglutarate]
[-m_creatine, +m_fumarate]
[+m_fumarate, -m_pyruvate]
[-m_citrate, +m_fumarate]
[-m_sarcosine, +m_acryloylcoa]
[-m_formaldehyde, +m_acryloylcoa]
[-m_creatine, +m_e2oxoglutarate]
[-m_ornithine, +m_formaldehyde]
[-c_compoundCurea_ornithineC, +m_acryloylcoa]
[-m_formaldehyde, +m_citrate]
[-m_sarcosine, +m_fumarate]
[-m_formaldehyde, +c_compoundCcitrate_transaconitateC]
[-m_acryloylcoa, +m_citrate]
[-m_betaalanine, +m_succinate]
[-m_betaalanine, +m_pyruvate]
[-m_betaalanine, +m_citrate]
[-m_acryloylcoa, +m_pyruvate]
[-m_betaalanine, +m_fumarate]
[-m_betaalanine, +m_e2oxoglutarate]
[-m_betaalanine, +c_compoundCcitrate_transaconitateC]


Total execution time was 666781 ms.


Execution time was 666778 ms.

status 103
---System Timeout---
Problems/Bio/glucolysis_max-15_ld2--1_MONO

removing temp .csv#########################
