generate VARIANT################################
launch MONO#####################################
-d64
-Xms512m
-Xmx10g
-jar
ressources/CFLauncher_7.jar
-method=SOLAR-Inc-Carc
-verbose
-t=1200000
-var=_min-10_ld3--1
-csq=Problems/Bio/glucolysis_min-10_ld3--1_MONO
Problems/Bio/glucolysis
Problems/Bio/glucolysis_min-10_ld3--1
>>>>>>>>>>>> Solving at depth : -1( real 0)
>>>>>>>>>>>> Solve - measure : [41, 1, 0, 0, 0, 0, 0, 0]
>>>>>>>>>>>> Solving at depth : -1( real 0)
>>>>>>>>>>>> Solve - measure : [3, 1, 0, 0, 0, 0, 0, 0]
>>>>>>>>>>>> Solving at depth : -1( real 0)
>>>>>>>>>>>> Solve - measure : [14, 8, 2, 2, 0, 0, 0, 0]
>>>>>>>>>>>> Solving at depth : -1( real 0)
>>>>>>>>>>>> Solve - measure : [6, 18, 6, 3, 0, 0, 0, 0]
>>>>>>>>>>>> Solving at depth : -1( real 0)
>>>>>>>>>>>> Solve - measure : [5, 14, 4, 3, 0, 0, 0, 0]
>>>>>>>>>>>> Solving at depth : -1( real 0)
>>>>>>>>>>>> Solve - measure : [15, 142, 48, 26, 0, 0, 0, 0]
>>>>>>>>>>>> Solving at depth : -1( real 0)
>>>>>>>>>>>> Solve - measure : [6, 19, 6, 4, 0, 0, 0, 0]
>>>>>>>>>>>> Solving at depth : -1( real 0)
>>>>>>>>>>>> Solve - measure : [10, 79, 27, 14, 0, 0, 0, 0]
>>>>>>>>>>>> Solving at depth : -1( real 0)
>>>>>>>>>>>> Solve - measure : [6, 23, 7, 5, 0, 0, 0, 0]
>>>>>>>>>>>> Solving at depth : -1( real 0)
>>>>>>>>>>>> Solve - measure : [57, 757, 257, 147, 0, 0, 0, 0]
>>>>>>>>>>>> Solving at depth : -1( real 0)
>>>>>>>>>>>> Solve - measure : [6, 28, 9, 6, 0, 0, 0, 0]
>>>>>>>>>>>> Solving at depth : -1( real 0)
>>>>>>>>>>>> Solve - measure : [18, 171, 58, 33, 0, 0, 0, 0]
>>>>>>>>>>>> Solving at depth : -1( real 0)
>>>>>>>>>>>> Solve - measure : [7, 32, 10, 7, 0, 0, 0, 0]
>>>>>>>>>>>> Solving at depth : -1( real 0)
>>>>>>>>>>>> Solve - measure : [155, 2265, 767, 456, 0, 0, 0, 0]
>>>>>>>>>>>> Solving at depth : -1( real 0)
>>>>>>>>>>>> Solve - measure : [127, 2265, 767, 456, 0, 0, 0, 0]
>>>>>>>>>>>> Solving at depth : -1( real 0)
>>>>>>>>>>>> Solve - measure : [6, 37, 12, 8, 0, 0, 0, 0]
>>>>>>>>>>>> Solving at depth : -1( real 0)
>>>>>>>>>>>> Solve - measure : [7, 37, 12, 8, 0, 0, 0, 0]
>>>>>>>>>>>> Solving at depth : -1( real 0)
>>>>>>>>>>>> Solve - measure : [45, 688, 204, 122, 0, 7, 0, 0]
>>>>>>>>>>>> Solving at depth : -1( real 0)
>>>>>>>>>>>> Solve - measure : [26, 333, 110, 63, 0, 0, 0, 0]
>>>>>>>>>>>> Solving at depth : -1( real 0)
>>>>>>>>>>>> Solve - measure : [6, 44, 14, 9, 0, 0, 0, 0]
>>>>>>>>>>>> Solving at depth : -1( real 0)
>>>>>>>>>>>> Solve - measure : [301, 8924, 2971, 1705, 0, 8, 0, 0]
>>>>>>>>>>>> Solving at depth : -1( real 0)
>>>>>>>>>>>> Solve - measure : [200, 8924, 2971, 1705, 0, 8, 0, 0]
>>>>>>>>>>>> Solving at depth : -1( real 0)
>>>>>>>>>>>> Solve - measure : [59, 2147, 696, 389, 0, 8, 0, 0]
>>>>>>>>>>>> Solving at depth : -1( real 0)
>>>>>>>>>>>> Solve - measure : [355, 15503, 5150, 2773, 0, 24, 0, 0]
>>>>>>>>>>>> Solving at depth : -1( real 0)
>>>>>>>>>>>> Solve - measure : [47, 1516, 514, 251, 0, 29, 0, 0]
>>>>>>>>>>>> Solving at depth : -1( real 0)
>>>>>>>>>>>> Solve - measure : [602, 31529, 10616, 5295, 0, 107, 0, 35]
>>>>>>>>>>>> Solving at depth : -1( real 0)
>>>>>>>>>>>> Solve - measure : [65, 3943, 1304, 685, 0, 12, 0, 5]
>>>>>>>>>>>> Solving at depth : -1( real 0)
>>>>>>>>>>>> Solve - measure : [138, 64431, 21936, 10261, 0, 132, 0, 89]
>>>>>>>>>>>> Solving at depth : -1( real 0)
>>>>>>>>>>>> Solve - measure : [102, 64431, 21936, 10261, 0, 132, 0, 89]
>>>>>>>>>>>> Solving at depth : -1( real 0)
>>>>>>>>>>>> Solve - measure : [106, 64431, 21936, 10261, 0, 132, 0, 89]
>>>>>>>>>>>> Solving at depth : -1( real 0)
>>>>>>>>>>>> Solve - measure : [11, 3815, 1275, 637, 0, 13, 0, 4]
>>>>>>>>>>>> Solving at depth : -1( real 0)
>>>>>>>>>>>> Solve - measure : [169, 82506, 28777, 11931, 0, 157, 0, 96]
>>>>>>>>>>>> Solving at depth : -1( real 0)
>>>>>>>>>>>> Solve - measure : [163, 82506, 28777, 11931, 0, 157, 0, 96]
>>>>>>>>>>>> Solving at depth : -1( real 0)
>>>>>>>>>>>> Solve - measure : [125, 82506, 28777, 11931, 0, 157, 0, 96]
>>>>>>>>>>>> Solving at depth : -1( real 0)
>>>>>>>>>>>> Solve - measure : [16, 7132, 2465, 1008, 0, 18, 0, 10]
>>>>>>>>>>>> Solving at depth : -1( real 0)
>>>>>>>>>>>> Solve - measure : [156, 106887, 37931, 14324, 0, 184, 0, 113]
>>>>>>>>>>>> Solving at depth : -1( real 0)
>>>>>>>>>>>> Solve - measure : [155, 106887, 37931, 14324, 0, 184, 0, 113]
>>>>>>>>>>>> Solving at depth : -1( real 0)
>>>>>>>>>>>> Solve - measure : [156, 106887, 37931, 14324, 0, 184, 0, 113]
>>>>>>>>>>>> Solving at depth : -1( real 0)
>>>>>>>>>>>> Solve - measure : [205, 106887, 37931, 14324, 0, 184, 0, 113]
>>>>>>>>>>>> Solving at depth : -1( real 0)
>>>>>>>>>>>> Solve - measure : [1, 10, 4, 0, 0, 0, 0, 0]
>>>>>>>>>>>> Solving at depth : -1( real 0)
>>>>>>>>>>>> Solve - measure : [1, 13, 5, 0, 0, 0, 0, 0]
>>>>>>>>>>>> Solving at depth : -1( real 0)
>>>>>>>>>>>> Solve - measure : [1, 13, 5, 0, 0, 0, 0, 0]
>>>>>>>>>>>> Solving at depth : -1( real 0)
>>>>>>>>>>>> Solve - measure : [302, 136401, 49319, 15226, 0, 245, 0, 117]
>>>>>>>>>>>> Solving at depth : -1( real 0)
>>>>>>>>>>>> Solve - measure : [179, 136401, 49319, 15226, 0, 245, 0, 117]
>>>>>>>>>>>> Solving at depth : -1( real 0)
>>>>>>>>>>>> Solve - measure : [179, 136401, 49319, 15226, 0, 245, 0, 117]
>>>>>>>>>>>> Solving at depth : -1( real 0)
>>>>>>>>>>>> Solve - measure : [13, 6448, 2402, 649, 0, 61, 0, 1]
>>>>>>>>>>>> Solving at depth : -1( real 0)
>>>>>>>>>>>> Solve - measure : [204, 155825, 56964, 17220, 0, 274, 0, 131]
>>>>>>>>>>>> Solving at depth : -1( real 0)
>>>>>>>>>>>> Solve - measure : [196, 155825, 56964, 17220, 0, 274, 0, 131]
>>>>>>>>>>>> Solving at depth : -1( real 0)
>>>>>>>>>>>> Solve - measure : [193, 155825, 56964, 17220, 0, 274, 0, 131]
>>>>>>>>>>>> Solving at depth : -1( real 0)
>>>>>>>>>>>> Solve - measure : [14, 6847, 2573, 649, 0, 61, 0, 1]
>>>>>>>>>>>> Solving at depth : -1( real 0)
>>>>>>>>>>>> Solve - measure : [244, 183064, 67533, 19212, 0, 303, 0, 145]
>>>>>>>>>>>> Solving at depth : -1( real 0)
>>>>>>>>>>>> Solve - measure : [350, 183064, 67533, 19212, 0, 303, 0, 145]
>>>>>>>>>>>> Solving at depth : -1( real 0)
>>>>>>>>>>>> Solve - measure : [370, 183064, 67533, 19212, 0, 303, 0, 145]
>>>>>>>>>>>> Solving at depth : -1( real 0)
>>>>>>>>>>>> Solve - measure : [4, 20, 8, 0, 0, 0, 0, 0]
>>>>>>>>>>>> Solving at depth : -1( real 0)
>>>>>>>>>>>> Solve - measure : [359, 198280, 73859, 19382, 0, 303, 0, 147]
>>>>>>>>>>>> Solving at depth : -1( real 0)
>>>>>>>>>>>> Solve - measure : [267, 198280, 73859, 19382, 0, 303, 0, 147]
>>>>>>>>>>>> Solving at depth : -1( real 0)
>>>>>>>>>>>> Solve - measure : [280, 198280, 73859, 19382, 0, 303, 0, 147]
>>>>>>>>>>>> Solving at depth : -1( real 0)
>>>>>>>>>>>> Solve - measure : [2, 27, 11, 0, 0, 0, 0, 0]
>>>>>>>>>>>> Solving at depth : -1( real 0)
>>>>>>>>>>>> Solve - measure : [277, 214774, 80755, 19552, 0, 303, 0, 149]
>>>>>>>>>>>> Solving at depth : -1( real 0)
>>>>>>>>>>>> Solve - measure : [278, 214774, 80755, 19552, 0, 303, 0, 149]
>>>>>>>>>>>> Solving at depth : -1( real 0)
>>>>>>>>>>>> Solve - measure : [276, 214774, 80755, 19552, 0, 303, 0, 149]
>>>>>>>>>>>> Solving at depth : -1( real 0)
>>>>>>>>>>>> Solve - measure : [2, 34, 14, 0, 0, 0, 0, 0]
>>>>>>>>>>>> Solving at depth : -1( real 0)
>>>>>>>>>>>> Solve - measure : [360, 291901, 111656, 21493, 0, 486, 0, 152]
>>>>>>>>>>>> Solving at depth : -1( real 0)
>>>>>>>>>>>> Solve - measure : [5, 2427, 929, 85, 0, 0, 0, 1]
>>>>>>>>>>>> Solving at depth : -1( real 0)
>>>>>>>>>>>> Solve - measure : [2, 38, 15, 0, 0, 0, 0, 0]
>>>>>>>>>>>> Solving at depth : -1( real 0)
>>>>>>>>>>>> Solve - measure : [662, 485534, 185684, 24565, 0, 735, 0, 305]
>>>>>>>>>>>> Solving at depth : -1( real 0)
>>>>>>>>>>>> Solve - measure : [884, 485534, 185684, 24565, 0, 735, 0, 305]
>>>>>>>>>>>> Solving at depth : -1( real 0)
>>>>>>>>>>>> Solve - measure : [939, 485534, 185684, 24565, 0, 735, 0, 305]
>>>>>>>>>>>> Solving at depth : -1( real 0)
>>>>>>>>>>>> Solve - measure : [3, 72, 29, 0, 0, 0, 0, 0]
>>>>>>>>>>>> Solving at depth : -1( real 0)
>>>>>>>>>>>> Solve - measure : [813, 637376, 247304, 25981, 0, 857, 0, 311]
>>>>>>>>>>>> Solving at depth : -1( real 0)
>>>>>>>>>>>> Solve - measure : [795, 637376, 247304, 25981, 0, 857, 0, 311]
>>>>>>>>>>>> Solving at depth : -1( real 0)
>>>>>>>>>>>> Solve - measure : [1, 74, 30, 0, 0, 0, 0, 0]
>>>>>>>>>>>> Solving at depth : -1( real 0)
>>>>>>>>>>>> Solve - measure : [1226, 973375, 382930, 29147, 0, 1167, 0, 942]
>>>>>>>>>>>> Solving at depth : -1( real 0)
>>>>>>>>>>>> Solve - measure : [1228, 973375, 382930, 29147, 0, 1167, 0, 942]
>>>>>>>>>>>> Solving at depth : -1( real 0)
>>>>>>>>>>>> Solve - measure : [2, 79, 32, 0, 0, 0, 0, 0]
>>>>>>>>>>>> Solving at depth : -1( real 0)
>>>>>>>>>>>> Solve - measure : [2, 82, 33, 0, 0, 0, 0, 0]
>>>>>>>>>>>> Solving at depth : -1( real 0)
>>>>>>>>>>>> Solve - measure : [2309, 1405849, 550886, 34351, 0, 1453, 0, 646]
>>>>>>>>>>>> Solving at depth : -1( real 0)
>>>>>>>>>>>> Solve - measure : [2015, 1405849, 550886, 34351, 0, 1453, 0, 646]
>>>>>>>>>>>> Solving at depth : -1( real 0)
>>>>>>>>>>>> Solve - measure : [1748, 1405849, 550886, 34351, 0, 1453, 0, 646]
>>>>>>>>>>>> Solving at depth : -1( real 0)
>>>>>>>>>>>> Solve - measure : [141, 110566, 44063, 1364, 0, 122, 0, 8]
>>>>>>>>>>>> Solving at depth : -1( real 0)
>>>>>>>>>>>> Solve - measure : [2393, 1870836, 740175, 38455, 0, 1819, 0, 670]
>>>>>>>>>>>> Solving at depth : -1( real 0)
>>>>>>>>>>>> Solve - measure : [2, 148, 60, 0, 0, 0, 0, 0]
>>>>>>>>>>>> Solving at depth : -1( real 0)
>>>>>>>>>>>> Solve - measure : [3235, 2564917, 1021146, 43583, 0, 2312, 0, 709]
>>>>>>>>>>>> Solving at depth : -1( real 0)
>>>>>>>>>>>> Solve - measure : [2, 181, 73, 0, 0, 0, 0, 0]
>>>>>>>>>>>> Solving at depth : -1( real 0)
>>>>>>>>>>>> Solve - measure : [5776, 4546095, 1805434, 54714, 0, 3147, 0, 763]
>>>>>>>>>>>> Solving at depth : -1( real 0)
>>>>>>>>>>>> Solve - measure : [5840, 4546095, 1805434, 54714, 0, 3147, 0, 763]
>>>>>>>>>>>> Solving at depth : -1( real 0)
>>>>>>>>>>>> Solve - measure : [5817, 4546095, 1805434, 54714, 0, 3147, 0, 763]
>>>>>>>>>>>> Solving at depth : -1( real 0)
>>>>>>>>>>>> Solve - measure : [573, 433452, 174338, 2659, 0, 244, 0, 13]
>>>>>>>>>>>> Solving at depth : -1( real 0)
>>>>>>>>>>>> Solve - measure : [7870, 6016004, 2397687, 60009, 0, 3635, 0, 927]
>>>>>>>>>>>> Solving at depth : -1( real 0)
>>>>>>>>>>>> Solve - measure : [7798, 6016004, 2397687, 60009, 0, 3635, 0, 927]
>>>>>>>>>>>> Solving at depth : -1( real 0)
>>>>>>>>>>>> Solve - measure : [7492, 6016004, 2397687, 60009, 0, 3635, 0, 927]
>>>>>>>>>>>> Solving at depth : -1( real 0)
>>>>>>>>>>>> Solve - measure : [2, 197, 80, 0, 0, 0, 0, 0]
>>>>>>>>>>>> Solving at depth : -1( real 0)
>>>>>>>>>>>> Solve - measure : [9197, 7208100, 2885862, 65290, 0, 4123, 0, 953]
>>>>>>>>>>>> Solving at depth : -1( real 0)
>>>>>>>>>>>> Solve - measure : [9425, 7208100, 2885862, 65290, 0, 4123, 0, 953]
>>>>>>>>>>>> Solving at depth : -1( real 0)
>>>>>>>>>>>> Solve - measure : [9463, 7208100, 2885862, 65290, 0, 4123, 0, 953]
>>>>>>>>>>>> Solving at depth : -1( real 0)
>>>>>>>>>>>> Solve - measure : [3, 204, 83, 0, 0, 0, 0, 0]
>>>>>>>>>>>> Solving at depth : -1( real 0)
>>>>>>>>>>>> Solve - measure : [11871, 8923870, 3587046, 73230, 0, 4855, 0, 992]
>>>>>>>>>>>> Solving at depth : -1( real 0)
>>>>>>>>>>>> Solve - measure : [11810, 8923870, 3587046, 73230, 0, 4855, 0, 992]
>>>>>>>>>>>> Solving at depth : -1( real 0)
>>>>>>>>>>>> Solve - measure : [11853, 8923870, 3587046, 73230, 0, 4855, 0, 992]
>>>>>>>>>>>> Solving at depth : -1( real 0)
>>>>>>>>>>>> Solve - measure : [11934, 8923870, 3587046, 73230, 0, 4855, 0, 992]
>>>>>>>>>>>> Solving at depth : -1( real 0)
>>>>>>>>>>>> Solve - measure : [11907, 8923870, 3587046, 73230, 0, 4855, 0, 992]
>>>>>>>>>>>> Solving at depth : -1( real 0)
>>>>>>>>>>>> Solve - measure : [1375, 949800, 381828, 5295, 0, 488, 0, 26]
>>>>>>>>>>>> Solving at depth : -1( real 0)
>>>>>>>>>>>> Solve - measure : [1504, 967710, 388986, 5272, 0, 488, 0, 26]
>>>>>>>>>>>> Solving at depth : -1( real 0)
>>>>>>>>>>>> Solve - measure : [18114, 13353265, 5366534, 89046, 0, 6319, 0, 3422]
>>>>>>>>>>>> Solving at depth : -1( real 0)
>>>>>>>>>>>> Solve - measure : [18162, 13353265, 5366534, 89046, 0, 6319, 0, 3422]
>>>>>>>>>>>> Solving at depth : -1( real 0)
>>>>>>>>>>>> Solve - measure : [18359, 13353265, 5366534, 89046, 0, 6319, 0, 3422]
>>>>>>>>>>>> Solving at depth : -1( real 0)
>>>>>>>>>>>> Solve - measure : [2, 10, 4, 0, 0, 0, 0, 0]
>>>>>>>>>>>> Solving at depth : -1( real 0)
>>>>>>>>>>>> Solve - measure : [18315, 13353301, 5366550, 89046, 0, 6319, 0, 3422]
>>>>>>>>>>>> Solving at depth : -1( real 0)
>>>>>>>>>>>> Solve - measure : [18215, 13353301, 5366550, 89046, 0, 6319, 0, 3422]
>>>>>>>>>>>> Solving at depth : -1( real 0)
>>>>>>>>>>>> Solve - measure : [18326, 13353301, 5366550, 89046, 0, 6319, 0, 3422]
>>>>>>>>>>>> Solving at depth : -1( real 0)
>>>>>>>>>>>> Solve - measure : [3, 17, 7, 0, 0, 0, 0, 0]
>>>>>>>>>>>> Solving at depth : -1( real 0)
>>>>>>>>>>>> Solve - measure : [18319, 13353393, 5366590, 89046, 0, 6319, 0, 3422]
>>>>>>>>>>>> Solving at depth : -1( real 0)
>>>>>>>>>>>> Solve - measure : [2, 19, 8, 0, 0, 0, 0, 0]
>>>>>>>>>>>> Solving at depth : -1( real 0)
>>>>>>>>>>>> Solve - measure : [18345, 13514587, 5437692, 89543, 0, 6319, 0, 3429]
>>>>>>>>>>>> Solving at depth : -1( real 0)
>>>>>>>>>>>> Solve - measure : [18, 10815, 4135, 637, 0, 13, 0, 4]
>>>>>>>>>>>> Solving at depth : -1( real 0)
>>>>>>>>>>>> Solve - measure : [2997, 2042037, 805717, 67884, 0, 915, 0, 1182]
>>>>>>>>>>>> Solving at depth : -1( real 0)
>>>>>>>>>>>> Solve - measure : [3011, 2042037, 805717, 67884, 0, 915, 0, 1182]
>>>>>>>>>>>> Solving at depth : -1( real 0)
>>>>>>>>>>>> Solve - measure : [2987, 2042037, 805717, 67884, 0, 915, 0, 1182]
>>>>>>>>>>>> Solving at depth : -1( real 0)
>>>>>>>>>>>> Solve - measure : [21, 10941, 4189, 637, 0, 13, 0, 4]
>>>>>>>>>>>> Solving at depth : -1( real 0)
>>>>>>>>>>>> Solve - measure : [3081, 2131484, 842456, 69836, 0, 949, 0, 1192]
>>>>>>>>>>>> Solving at depth : -1( real 0)
>>>>>>>>>>>> Solve - measure : [42, 28215, 11137, 861, 0, 17, 0, 9]
>>>>>>>>>>>> Solving at depth : -1( real 0)
>>>>>>>>>>>> Solve - measure : [5489, 3629853, 1430758, 134818, 0, 1808, 0, 1907]
>>>>>>>>>>>> Solving at depth : -1( real 0)
>>>>>>>>>>>> Solve - measure : [105, 65583, 25599, 2672, 0, 42, 0, 42]
>>>>>>>>>>>> Solving at depth : -1( real 0)
>>>>>>>>>>>> Solve - measure : [7210, 4644116, 1825480, 176917, 0, 1774, 0, 2362]
>>>>>>>>>>>> Solving at depth : -1( real 0)
>>>>>>>>>>>> Solve - measure : [61, 35681, 14185, 882, 0, 20, 0, 3]
>>>>>>>>>>>> Solving at depth : -1( real 0)
>>>>>>>>>>>> Solve - measure : [11197, 7152713, 2807769, 293002, 0, 3957, 0, 3657]
>>>>>>>>>>>> Solving at depth : -1( real 0)
>>>>>>>>>>>> Solve - measure : [225, 142326, 56011, 4681, 0, 82, 0, 116]
>>>>>>>>>>>> Solving at depth : -1( real 0)
>>>>>>>>>>>> Solve - measure : [17693, 11281629, 4436785, 436194, 0, 4398, 0, 5884]
>>>>>>>>>>>> Solving at depth : -1( real 0)
>>>>>>>>>>>> Solve - measure : [18064, 11281629, 4436785, 436194, 0, 4398, 0, 5884]
>>>>>>>>>>>> Solving at depth : -1( real 0)
>>>>>>>>>>>> Solve - measure : [17932, 11281629, 4436785, 436194, 0, 4398, 0, 5884]
>>>>>>>>>>>> Solving at depth : -1( real 0)
>>>>>>>>>>>> Solve - measure : [3, 10, 4, 0, 0, 0, 0, 0]
>>>>>>>>>>>> Solving at depth : -1( real 0)
>>>>>>>>>>>> Solve - measure : [17071, 11281665, 4436801, 436194, 0, 4398, 0, 5884]
>>>>>>>>>>>> Solving at depth : -1( real 0)
>>>>>>>>>>>> Solve - measure : [10, 5628, 2202, 185, 0, 0, 0, 5]
>>>>>>>>>>>> Solving at depth : -1( real 0)
>>>>>>>>>>>> Solve - measure : [17026, 11688238, 4619818, 437095, 0, 4398, 0, 5906]
>>>>>>>>>>>> Solving at depth : -1( real 0)
>>>>>>>>>>>> Solve - measure : [260, 159138, 62396, 6154, 0, 102, 0, 118]
>>>>>>>>>>>> Solving at depth : -1( real 0)
>>>>>>>>>>>> Solve - measure : [19682, 13029745, 5149239, 474750, 0, 4894, 0, 6430]
>>>>>>>>>>>> Solving at depth : -1( real 0)
>>>>>>>>>>>> Solve - measure : [21086, 13029745, 5149239, 474750, 0, 4894, 0, 6430]
>>>>>>>>>>>> Solving at depth : -1( real 0)
>>>>>>>>>>>> Solve - measure : [21122, 13029745, 5149239, 474750, 0, 4894, 0, 6430]
>>>>>>>>>>>> Solving at depth : -1( real 0)
>>>>>>>>>>>> Solve - measure : [295, 159572, 62582, 6154, 0, 102, 0, 118]
>>>>>>>>>>>> Solving at depth : -1( real 0)
>>>>>>>>>>>> Solve - measure : [22428, 13848174, 5484301, 491154, 0, 5062, 0, 6560]
>>>>>>>>>>>> Solving at depth : -1( real 0)
>>>>>>>>>>>> Solve - measure : [397, 270577, 108247, 5605, 0, 76, 0, 130]
>>>>>>>>>>>> Solving at depth : -1( real 0)
>>>>>>>>>>>> Solve - measure : [41489, 24784129, 9831224, 879178, 0, 8798, 0, 10904]
>>>>>>>>>>>> Solving at depth : -1( real 0)
>>>>>>>>>>>> Solve - measure : [927, 520080, 206464, 14188, 0, 165, 0, 385]
>>>>>>>>>>>> Solving at depth : -1( real 0)
>>>>>>>>>>>> Solve - measure : [33480, 18913289, 7496268, 602090, 0, 4916, 0, 7239]
>>>>>>>>>>>> Solving at depth : -1( real 0)
>>>>>>>>>>>> Solve - measure : [3, 0, 0, 0, 0, 0, 0, 0]
>>>>>>>>>>>> Solving at depth : -1( real 0)
>>>>>>>>>>>> Solve - measure : [3, 0, 0, 0, 0, 0, 0, 0]
>>>>>>>>>>>> Solving at depth : -1( real 0)
>>>>>>>>>>>> Solve - measure : [3, 0, 0, 0, 0, 0, 0, 0]
>>>>>>>>>>>> Solving at depth : -1( real 0)
>>>>>>>>>>>> Solve - measure : [3, 0, 0, 0, 0, 0, 0, 0]
SolveToClause Finished!
81 CHARACTERISTIC CLAUSES
[+m_transaconitate, -r_d4d2d1d3_6]
[-r_d1d1d1d42_2, +m_transaconitate]
[+r_d4d2d1d3_6, -r_d1d1d1d42_2]
[-r_d2d6d1d39_0, +r_d4d2d1d3_7]
[-r_d4d2d1d2_8, +r_d4d2d1d3_6]
[-r_d2d3d1d61_4, +r_d2d6d1d39_0]
[-r_d2d3d1d61_5, +r_d4d2d1d3_7]
[-r_d2d3d1d61_5, +r_d1d1d1d42_2]
[-r_d1d1d1d42_3, +r_d1d1d1d42_2]
[-r_d1d1d1d42_2, +r_d4d2d1d3_7]
[-r_d1d1d1d42_2, +r_d1d1d1d42_3]
[-r_d4d2d1d3_6, +r_d2d3d1d61_4]
[-r_d1d1d1d42_3, +r_d2d6d1d39_0]
[-r_d4d2d1d3_7, +r_d4d2d1d3_6]
[-r_d1d1d1d42_3, +r_d4d2d1d2_8]
[-r_d2d6d1d39_0, +r_d2d3d1d61_5]
[-r_d1d1d1d42_2, +r_d2d6d1d39_0]
[-r_d2d3d1d61_4, +r_d2d3d1d61_5]
[-r_d4d2d1d3_7, +r_d2d3d1d61_4]
[-r_d1d1d1d42_3, +m_transaconitate]
[-r_d4d2d1d3_7, +r_d2d3d1d61_5]
[-r_d4d2d1d3_7, +r_d1d1d1d42_2]
[-r_d2d3d1d61_5, +r_d1d1d1d42_3]
[-r_d4d2d1d3_7, +r_d2d6d1d39_0]
[-r_d2d3d1d61_4, +m_transaconitate]
[-r_d1d1d1d42_2, +r_d2d3d1d61_5]
[-r_d2d6d1d39_0, +r_d1d1d1d42_2]
[-r_d4d2d1d3_6, +r_d4d2d1d3_7]
[-r_d2d3d1d61_5, +r_d4d2d1d3_6]
[-r_d1d1d1d42_3, +r_d2d3d1d61_4]
[-r_d4d2d1d3_6, +r_d2d6d1d39_1]
[-r_d2d3d1d61_4, +r_d1d1d1d42_3]
[-r_d2d6d1d39_0, +r_d2d3d1d61_4]
[-r_d2d6d1d39_0, +r_d4d2d1d3_6]
[-r_d2d3d1d61_5, +r_d4d2d1d2_8]
[-r_d2d3d1d61_4, +r_d4d2d1d3_6]
[-r_d2d3d1d61_4, +r_d2d6d1d39_1]
[-r_d1d1d1d42_3, +r_d2d3d1d61_5]
[-r_d2d3d1d61_5, +r_d2d6d1d39_1]
[-r_d4d2d1d2_8, +r_d2d6d1d39_1]
[-r_d2d3d1d61_4, +r_d4d2d1d3_7]
[-r_d4d2d1d2_8, +r_d1d1d1d42_2]
[-r_d1d1d1d42_3, +r_d4d2d1d3_7]
[-r_d4d2d1d3_6, +r_d4d2d1d2_8]
[-r_d4d2d1d2_8, +r_d2d6d1d39_0]
[-r_d4d2d1d2_8, +r_d2d3d1d61_5]
[-r_d4d2d1d2_8, +r_d4d2d1d3_7]
[-r_d4d2d1d3_7, +r_d1d1d1d42_3]
[-r_d2d6d1d39_0, +r_d4d2d1d2_8]
[-r_d4d2d1d2_8, +m_transaconitate]
[-r_d2d6d1d39_0, +m_transaconitate]
[-r_d4d2d1d3_6, +r_d2d3d1d61_5]
[-r_d2d3d1d61_5, +m_transaconitate]
[-r_d4d2d1d2_8, +r_d2d3d1d61_4]
[-r_d2d3d1d61_4, +r_d1d1d1d42_2]
[-r_d2d6d1d39_1, +r_d2d3d1d61_5]
[-r_d1d1d1d42_3, +r_d4d2d1d3_6]
[-r_d2d6d1d39_1, +r_d4d2d1d2_8]
[-r_d1d1d1d42_2, +r_d4d2d1d2_8]
[-r_d2d6d1d39_1, +r_d1d1d1d42_3]
[-r_d1d1d1d42_2, +r_d2d3d1d61_4]
[-r_d4d2d1d2_8, +r_d1d1d1d42_3]
[-r_d2d6d1d39_1, +r_d1d1d1d42_2]
[-r_d1d1d1d42_3, +r_d2d6d1d39_1]
[-r_d4d2d1d3_7, +r_d2d6d1d39_1]
[-r_d4d2d1d3_6, +r_d2d6d1d39_0]
[-r_d2d6d1d39_1, +r_d4d2d1d3_7]
[-r_d1d1d1d42_2, +r_d2d6d1d39_1]
[-r_d2d6d1d39_1, +r_d2d6d1d39_0]
[-r_d4d2d1d3_7, +r_d4d2d1d2_8]
[-r_d2d6d1d39_1, +r_d4d2d1d3_6]
[-r_d2d6d1d39_0, +r_d2d6d1d39_1]
[-r_d4d2d1d3_6, +r_d1d1d1d42_2]
[-r_d2d6d1d39_1, +r_d2d3d1d61_4]
[-r_d2d3d1d61_5, +r_d2d6d1d39_0]
[-r_d2d6d1d39_1, +m_transaconitate]
[-r_d2d3d1d61_5, +r_d2d3d1d61_4]
[-r_d2d3d1d61_4, +r_d4d2d1d2_8]
[-r_d4d2d1d3_7, +m_transaconitate]
[-r_d4d2d1d3_6, +r_d1d1d1d42_3]
[-r_d2d6d1d39_0, +r_d1d1d1d42_3]


Total execution time was 643654 ms.


Execution time was 643651 ms.

status 103
---System Timeout---
Problems/Bio/glucolysis_min-10_ld3--1_MONO

removing temp .csv#########################
