LAUNCH MULTI PROBLEM############################
-d64
-Xms512m
-Xmx2g
-jar
ressources/CFLauncher_7.jar
-method=DICF-PB-Token-FixedOrder-0-1-2-3
-verbose
-t=10000
-var=_max-4_ld-1--1
-dist=_kmet2
-csq=Problems/Bio/glucolysis_max-4_ld-1--1_MULTI_DICF-PB-Token-FixedOrder-0-1-2-3
Problems/Bio/glucolysis
Problems/Bio/glucolysis_max-4_ld-1--1_MULTI_DICF-PB-Token-FixedOrder-0-1-2-3
Time for creating graph: 0.169s
java.lang.IndexOutOfBoundsException: Index: 3, Size: 2
	at java.util.ArrayList.rangeCheck(ArrayList.java:635)
	at java.util.ArrayList.get(ArrayList.java:411)
	at systemStructure.PartitionGraph.getAgent(PartitionGraph.java:776)
	at distNewCarc.partition.tokenbased.PBTokenIncConsFinding.<init>(PBTokenIncConsFinding.java:77)
	at launcher.CFLauncher.partitionBasedTokenIncCF(CFLauncher.java:159)
	at launcher.CFLauncher.runExpe(CFLauncher.java:326)
	at launcher.CFLauncher.exec(CFLauncher.java:370)
	at launcher.CFLauncher.main(CFLauncher.java:480)

LAUNCH CMP CSQ##################################
here
Error while saving
java.lang.Exception: File /home/magma/projects/dcif/Etude/Problems/Bio/glucolysis_max-4_ld-1--1_MULTI_DICF-PB-Token-FixedOrder-0-1-2-3.csq does not exist !
	at genLib.io.LoaderTool.load(LoaderTool.java:24)
	at stats.CsqHolder.load(CsqHolder.java:43)
	at stats.CsqHolder.<init>(CsqHolder.java:33)
	at stats.compCsq.main(compCsq.java:80)

MERGE STATS####################################
