LAUNCH MULTI PROBLEM############################
-d64
-Xms512m
-Xmx2g
-jar
ressources/CFLauncher_7.jar
-method=DICF-PB-Token-FixedOrder-3-0-1-2
-verbose
-t=10000
-var=_min-5_ld-1--1
-dist=_kmet4
-csq=Problems/Bio/glucolysis_min-5_ld-1--1_MULTI_DICF-PB-Token-FixedOrder-3-0-1-2
Problems/Bio/glucolysis
Problems/Bio/glucolysis_min-5_ld-1--1_MULTI_DICF-PB-Token-FixedOrder-3-0-1-2
Time for creating graph: 0.271s
Sys -> Ag0 : {New neighbour}
Sys -> Ag1 : {New neighbour}
Sys -> Ag0 : {New neighbour}
Sys -> Ag3 : {New neighbour}
Sys -> Ag1 : {New neighbour}
Sys -> Ag2 : {New neighbour}
Sys -> Ag2 : {New neighbour}
Sys -> Ag3 : {New neighbour}
Sys -> Ag0 : {Start}
Sys -> Ag1 : {Start}
Sys -> Ag2 : {Start}
Sys -> Ag3 : {Start}
Sys -> Ag3 : {Launch}
Ag0 <------  {New neighbour}
Ag0 <------  {New neighbour}
Ag0 <------  {Start}
Ag0 -> Sys : {Started}
Ag1 <------  {New neighbour}
Ag1 <------  {New neighbour}
Ag1 <------  {Start}
Ag1 -> Sys : {Started}
Ag2 <------  {New neighbour}
Ag3 <------  {New neighbour}
Ag3 <------  {New neighbour}
Ag3 <------  {Start}
Ag3 -> Sys : {Started}
Ag3 <------  {Launch}
Ag3 receives [[+m_glucose]]
After pruning [[+m_glucose]]
Sys <------  {Started}
Sys <------  {Started}
Sys <------  {Started}
Input Languages : {Ag2=[+m_citrate, -m_isocitrate, -r_d4d1d2d32_45, +c_compoundCarginine_fumarateC, -r_d2d6d1dx_15, -m_arginine, -m_succinate, +m_nmna, -m_fumarate, +m_betaalanine, -m_acryloylcoa, -m_l2aminoadipate, -m_pyruvate, +r_d2d3d1d61_5, +r_d4d3d2d1_17, +m_lactate, +m_succinate, -r_d4d2d1d2_9, -r_d4d3d1d6_49, +m_llysine, +r_d2d1d3d1_51, +r_d4d2d1d54_47, -r_d2d1d1d7_21, +r_d1d13d11d16_13, -r_d2d6d1d14_55, +m_isocitrate, +r_d1d2d1d31_57, +m_acryloylcoa, -m_betaalanine, -r_d4d3d2d1_16, +m_tmao, -m_e2oxoglutarate, +m_glucose, -m_lactate], Ag0=[+r_d2d1d1d7_21, -m_citrate, -c_compoundCarginine_fumarateC, +r_d4d3d2d1_16, -m_nmna, +m_fumarate, +r_d2d6d1dx_15, +m_arginine, -r_d4d3d2d1_17]}
Ag2 <------  {New neighbour}
Ag2 <------  {Start}
Ag2 -> Sys : {Started}
Sys <------  {Started}
Starting SolveToClause...
Launching solver...
----------------------------------------------------------------------
Clauses:
 [+r_d2d6d1d39_0, -m_l2aminoadipate]
 [+m_e2oxoglutarate, -r_d2d6d1d39_0]
 [+r_d2d6d1d39_1, -m_e2oxoglutarate]
 [+m_l2aminoadipate, -r_d2d6d1d39_1]
 [+r_d1d1d1d42_2, -m_e2oxoglutarate]
 [+m_isocitrate, -r_d1d1d1d42_2]
 [+r_d1d1d1d42_3, -m_isocitrate]
 [+m_e2oxoglutarate, -r_d1d1d1d42_3]
 [+r_d2d3d1d61_4, -m_e2oxoglutarate]
 [+m_succinate, -r_d2d3d1d61_4]
 [+r_d2d3d1d61_5, -m_succinate]
 [+m_citrate, -r_d4d2d1d2_9]
 [+r_d1d3d99d1_11, -m_fumarate]
 [+m_succinate, -r_d1d3d99d1_11]
 [+r_d1d13d11d16_12, -m_succinate]
 [+m_hippurate, -r_d1d13d11d16_12]
 [+r_d1d13d11d16_13, -m_hippurate]
 [+m_tmao, -r_d4d1d2d32_45]
 [+r_d4d2d1d54_46, -m_lactate]
 [+m_acryloylcoa, -r_d4d2d1d54_46]
 [+r_d4d2d1d54_47, -m_acryloylcoa]
 [+r_d4d3d1d6_48, -m_betaalanine]
 [+m_acryloylcoa, -r_d4d3d1d6_48]
 [+m_betaalanine, -r_d4d3d1d6_49]
 [+r_d2d1d3d1_50, -m_acryloylcoa]
 [+m_succinate, -r_d2d1d3d1_50]
 [+r_d2d1d3d1_51, -m_succinate]
 [+r_d4d1d1d20_52, -m_betaalanine]
 [+m_llysine, -r_d4d1d1d20_52]
 [+m_betaalanine, -r_d2d6d1d14_55]
 [+r_d1d2d1d31_56, -m_l2aminoadipate]
 [+m_llysine, -r_d1d2d1d31_56]
 [+r_d1d2d1d31_57, -m_llysine]
 [+r_d1d1d1d27_60, -m_pyruvate]
 [+m_lactate, -r_d1d1d1d27_60]
 [+m_glucose]
Top clauses:
 [+m_glucose]
Production field:
 [+r_d2d1d1d7_21, -m_citrate, -c_compoundCarginine_fumarateC, +r_d4d3d2d1_16, -m_nmna, +m_fumarate, +r_d2d6d1dx_15, +m_arginine, -r_d4d3d2d1_17, +m_citrate, -m_isocitrate, -r_d4d1d2d32_45, +c_compoundCarginine_fumarateC, -r_d2d6d1dx_15, -m_arginine, -m_succinate, +m_nmna, -m_fumarate, +m_betaalanine, -m_acryloylcoa, -m_l2aminoadipate, -m_pyruvate, +r_d2d3d1d61_5, +r_d4d3d2d1_17, +m_lactate, +m_succinate, -r_d4d2d1d2_9, -r_d4d3d1d6_49, +m_llysine, +r_d2d1d3d1_51, +r_d4d2d1d54_47, -r_d2d1d1d7_21, +r_d1d13d11d16_13, -r_d2d6d1d14_55, +m_isocitrate, +r_d1d2d1d31_57, +m_acryloylcoa, -m_betaalanine, -r_d4d3d2d1_16, +m_tmao, -m_e2oxoglutarate, +m_glucose, -m_lactate, +r_d2d6d1d39_0, -r_d2d6d1d39_0, +r_d2d6d1d39_1, -r_d2d6d1d39_1, +r_d1d1d1d42_2, -r_d1d1d1d42_2, +r_d1d1d1d42_3, -r_d1d1d1d42_3, +r_d2d3d1d61_4, -r_d2d3d1d61_4]
>>>>>>>>>>>> Solving at depth : -1( real 0)
>>>>>>>>>>>> Solve - measure : [68, 4, 1, 1, 0, 0, 0, 0]
Solver finished.
SolveToClause Finished!
Ag3: updated receivedCl [[+m_glucose]]
updated lstCsq []
Ag3 -> Ag0 : Send Clauses: Forward {N [Ag3]} Clauses = []
Ag0 <------  Send Clauses: Forward {N [Ag3]} Clauses = []
Ag0 receives []
After pruning []
Input Languages : {Ag3=[-r_d4d3d2d1_16, +m_citrate, -r_d2d1d1d7_21, +c_compoundCarginine_fumarateC, +r_d4d3d2d1_17, -r_d2d6d1dx_15, -m_arginine, +m_nmna, -m_fumarate], Ag1=[+m_citrate, +m_sarcosine, -m_sarcosine, -m_creatinine, +r_d3d5d1d59_37]}
Ag0: updated receivedCl []
updated lstCsq []
Ag0 -> Ag1 : Send Clauses: Forward {N [Ag3]} Clauses = []
Ag1 <------  Send Clauses: Forward {N [Ag3]} Clauses = []
Ag1 receives []
After pruning []
Input Languages : {Ag2=[+m_pyruvate, +m_l2aminoadipate, -r_d1d2d1d31_57, +r_d4d1d2d32_45, -m_tmao, -m_citrate, -m_glucose, -m_lactate, +m_acetylcoa], Ag0=[-m_citrate, +m_creatinine, +m_sarcosine, -r_d3d5d1d59_37, -m_sarcosine]}
Ag1: updated receivedCl []
updated lstCsq []
Ag1 -> Ag2 : Send Clauses: Forward {N [Ag3]} Clauses = []
Ag2 <------  Send Clauses: Forward {N [Ag3]} Clauses = []
Ag2 receives []
After pruning []
Input Languages : {Ag3=[-m_isocitrate, +r_d2d1d1d7_21, -r_d1d13d11d16_13, -r_d2d1d3d1_51, -m_succinate, +m_betaalanine, -m_acryloylcoa, -r_d1d2d1d31_57, -m_tmao, -m_glucose, +r_d4d3d2d1_16, +m_e2oxoglutarate, +m_lactate, +m_succinate, -r_d4d2d1d54_47, +r_d4d2d1d2_9, +r_d4d1d2d32_45, -m_citrate, -c_compoundCarginine_fumarateC, -m_nmna, +m_fumarate, +m_isocitrate, +r_d2d6d1dx_15, +m_arginine, +m_acryloylcoa, -m_llysine, +m_pyruvate, -m_betaalanine, +m_l2aminoadipate, +r_d4d3d1d6_49, -r_d2d3d1d61_5, -m_lactate, +r_d2d6d1d14_55, -r_d4d3d2d1_17], Ag1=[-m_l2aminoadipate, -m_pyruvate, +m_citrate, +m_tmao, -r_d4d1d2d32_45, -m_acetylcoa, +m_glucose, +m_lactate, +r_d1d2d1d31_57]}
Ag2: updated receivedCl []
updated lstCsq []
Ag2 -> Ag3 : Send Clauses: Forward {N [Ag3]} Clauses = []
Ag3 <------  Send Clauses: Forward {N [Ag3]} Clauses = []
Ag3 receives []
After pruning []
Input Languages : {Ag2=[+m_citrate, -m_isocitrate, -r_d4d1d2d32_45, +c_compoundCarginine_fumarateC, -r_d2d6d1dx_15, -m_arginine, -m_succinate, +m_nmna, -m_fumarate, +m_betaalanine, -m_acryloylcoa, -m_l2aminoadipate, -m_pyruvate, +r_d2d3d1d61_5, +r_d4d3d2d1_17, +m_lactate, +m_succinate, -r_d4d2d1d2_9, -r_d4d3d1d6_49, +m_llysine, +r_d2d1d3d1_51, +r_d4d2d1d54_47, -r_d2d1d1d7_21, +r_d1d13d11d16_13, -r_d2d6d1d14_55, +m_isocitrate, +r_d1d2d1d31_57, +m_acryloylcoa, -m_betaalanine, -r_d4d3d2d1_16, +m_tmao, -m_e2oxoglutarate, +m_glucose, -m_lactate], Ag0=[+r_d2d1d1d7_21, -m_citrate, -c_compoundCarginine_fumarateC, +r_d4d3d2d1_16, -m_nmna, +m_fumarate, +r_d2d6d1dx_15, +m_arginine, -r_d4d3d2d1_17]}
Ag3: updated receivedCl []
updated lstCsq [[+m_glucose]]
Ag3 -> Ag2 : Send Clauses: Backward Clauses = [[+m_glucose]]
Ag2 <------  Send Clauses: Backward Clauses = [[+m_glucose]]
Ag2 receives [[+m_glucose]]
After pruning [[+m_glucose]]
Input Languages : {Ag3=[-m_isocitrate, +r_d2d1d1d7_21, -r_d1d13d11d16_13, -r_d2d1d3d1_51, -m_succinate, +m_betaalanine, -m_acryloylcoa, -r_d1d2d1d31_57, -m_tmao, -m_glucose, +r_d4d3d2d1_16, +m_e2oxoglutarate, +m_lactate, +m_succinate, -r_d4d2d1d54_47, +r_d4d2d1d2_9, +r_d4d1d2d32_45, -m_citrate, -c_compoundCarginine_fumarateC, -m_nmna, +m_fumarate, +m_isocitrate, +r_d2d6d1dx_15, +m_arginine, +m_acryloylcoa, -m_llysine, +m_pyruvate, -m_betaalanine, +m_l2aminoadipate, +r_d4d3d1d6_49, -r_d2d3d1d61_5, -m_lactate, +r_d2d6d1d14_55, -r_d4d3d2d1_17], Ag1=[-m_l2aminoadipate, -m_pyruvate, +m_citrate, +m_tmao, -r_d4d1d2d32_45, -m_acetylcoa, +m_glucose, +m_lactate, +r_d1d2d1d31_57]}
Starting SolveToClause...
Launching solver...
----------------------------------------------------------------------
Clauses:
 [+m_e2oxoglutarate, -r_d2d3d1d61_5]
 [+r_d4d2d1d3_6, -m_isocitrate]
 [+c_compoundCcitrate_transaconitateC, -r_d4d2d1d3_6]
 [+m_citrate, -c_compoundCcitrate_transaconitateC]
 [+m_transaconitate, -c_compoundCcitrate_transaconitateC]
 [+r_d4d2d1d3_7, -c_compoundCcitrate_transaconitateC]
 [+c_compoundCcitrate_transaconitateC, -m_citrate, -m_transaconitate]
 [+m_isocitrate, -r_d4d2d1d3_7]
 [+r_d4d2d1d2_8, -m_citrate]
 [+m_fumarate, -r_d4d2d1d2_8]
 [+r_d4d2d1d2_9, -m_fumarate]
 [+r_d1d3d99d1_10, -m_succinate]
 [+m_fumarate, -r_d1d3d99d1_10]
 [+m_succinate, -r_d1d13d11d16_13]
 [+r_d2d6d1dx_14, -m_citrate]
 [+m_taurine, -r_d2d6d1dx_14]
 [+r_d2d6d1dx_15, -m_taurine]
 [+r_d4d3d2d1_16, -c_compoundCarginine_fumarateC]
 [+c_compoundCarginine_fumarateC, -r_d4d3d2d1_17]
 [+m_arginine, -c_compoundCarginine_fumarateC]
 [+m_fumarate, -c_compoundCarginine_fumarateC]
 [+r_d2d1d1d1_18, -m_nmnd]
 [+m_fumarate, -r_d2d1d1d1_18]
 [+r_d2d1d1d1_19, -m_fumarate]
 [+m_nmnd, -r_d2d1d1d1_19]
 [+r_d2d1d1d7_20, -m_nmna]
 [+m_fumarate, -r_d2d1d1d7_20]
 [+r_d2d1d1d7_21, -m_fumarate]
 [+m_lactate, -r_d4d2d1d54_47]
 [+r_d4d3d1d6_49, -m_acryloylcoa]
 [+m_acryloylcoa, -r_d2d1d3d1_51]
 [+r_d4d1d1d20_53, -m_llysine]
 [+m_betaalanine, -r_d4d1d1d20_53]
 [+r_d2d6d1d14_54, -m_betaalanine]
 [+m_citrate, -r_d2d6d1d14_54]
 [+r_d2d6d1d14_55, -m_citrate]
 [+r_d2d3d3d1_64, -m_acetylcoa]
 [+m_citrate, -r_d2d3d3d1_64]
 [+m_glucose]
Top clauses:
 [+m_glucose]
Production field:
 [-m_l2aminoadipate, -m_pyruvate, +m_citrate, +m_tmao, -r_d4d1d2d32_45, -m_acetylcoa, +m_glucose, +m_lactate, +r_d1d2d1d31_57, -m_isocitrate, +r_d2d1d1d7_21, -r_d1d13d11d16_13, -r_d2d1d3d1_51, -m_succinate, +m_betaalanine, -m_acryloylcoa, -r_d1d2d1d31_57, -m_tmao, -m_glucose, +r_d4d3d2d1_16, +m_e2oxoglutarate, +m_lactate, +m_succinate, -r_d4d2d1d54_47, +r_d4d2d1d2_9, +r_d4d1d2d32_45, -m_citrate, -c_compoundCarginine_fumarateC, -m_nmna, +m_fumarate, +m_isocitrate, +r_d2d6d1dx_15, +m_arginine, +m_acryloylcoa, -m_llysine, +m_pyruvate, -m_betaalanine, +m_l2aminoadipate, +r_d4d3d1d6_49, -r_d2d3d1d61_5, -m_lactate, +r_d2d6d1d14_55, -r_d4d3d2d1_17, +r_d2d6d1d39_0, -r_d2d6d1d39_0, +r_d2d6d1d39_1, -r_d2d6d1d39_1, +r_d1d1d1d42_2, -r_d1d1d1d42_2, +r_d1d1d1d42_3, -r_d1d1d1d42_3, +r_d2d3d1d61_4, -r_d2d3d1d61_4]

>>>>>>>>>>>> Solving at depth : -1( real 0)
>>>>>>>>>>>> Solve - measure : [21, 4, 1, 1, 0, 0, 0, 0]
Solver finished.
SolveToClause Finished!
Ag2: updated receivedCl []
updated lstCsq [[+m_glucose]]
Ag2 -> Ag1 : Send Clauses: Backward Clauses = [[+m_glucose]]
Ag1 <------  Send Clauses: Backward Clauses = [[+m_glucose]]
Ag1 receives [[+m_glucose]]
After pruning [[+m_glucose]]
Input Languages : {Ag2=[+m_pyruvate, +m_l2aminoadipate, -r_d1d2d1d31_57, +r_d4d1d2d32_45, -m_tmao, -m_citrate, -m_glucose, -m_lactate, +m_acetylcoa], Ag0=[-m_citrate, +m_creatinine, +m_sarcosine, -r_d3d5d1d59_37, -m_sarcosine]}
Starting SolveToClause...
Launching solver...
----------------------------------------------------------------------
Clauses:
 [+m_creatinine, -r_d3d5d1d59_37]
 [+r_d1d5d99d1_38, -m_formaldehyde]
 [+m_sarcosine, -r_d1d5d99d1_38]
 [+r_d1d5d99d1_39, -m_sarcosine]
 [+m_formaldehyde, -r_d1d5d99d1_39]
 [+r_d1d1d99d8_40, -m_formaldehyde]
 [+m_formate, -r_d1d1d99d8_40]
 [+r_d1d1d99d8_41, -m_formate]
 [+m_formaldehyde, -r_d1d1d99d8_41]
 [+r_d1d4d99d3_42, -m_formaldehyde]
 [+m_methylamine, -r_d1d4d99d3_42]
 [+r_d1d4d99d3_43, -m_methylamine]
 [+m_formaldehyde, -r_d1d4d99d3_43]
 [+r_d4d1d2d32_44, -m_tmao]
 [+c_compoundCformaldehyde_methylamineC, -r_d4d1d2d32_44]
 [+m_formaldehyde, -c_compoundCformaldehyde_methylamineC]
 [+m_methylamine, -c_compoundCformaldehyde_methylamineC]
 [+r_d4d1d2d32_45, -c_compoundCformaldehyde_methylamineC]
 [+c_compoundCformaldehyde_methylamineC, -m_formaldehyde, -m_methylamine]
 [+m_l2aminoadipate, -r_d1d2d1d31_57]
 [+r_d2d7d1d69_58, -m_glucose]
 [+m_pyruvate, -r_d2d7d1d69_58]
 [+r_d2d7d1d69_59, -m_pyruvate]
 [+m_glucose, -r_d2d7d1d69_59]
 [+r_d1d1d1d27_61, -m_lactate]
 [+m_pyruvate, -r_d1d1d1d27_61]
 [+r_d1d2d4d1_62, -m_pyruvate]
 [+m_acetylcoa, -r_d1d2d4d1_62]
 [+r_d1d2d4d1_63, -m_acetylcoa]
 [+m_pyruvate, -r_d1d2d4d1_63]
 [+r_d2d3d3d1_65, -m_citrate]
 [+m_acetylcoa, -r_d2d3d3d1_65]
 [+r_d6d2d1d1_66, -m_acetylcoa]
 [+m_acetate, -r_d6d2d1d1_66]
 [+r_d6d2d1d1_67, -m_acetate]
 [+m_acetylcoa, -r_d6d2d1d1_67]
 [+m_glucose]
Top clauses:
 [+m_glucose]
Production field:
 [-m_citrate, +m_creatinine, +m_sarcosine, -r_d3d5d1d59_37, -m_sarcosine, +m_pyruvate, +m_l2aminoadipate, -r_d1d2d1d31_57, +r_d4d1d2d32_45, -m_tmao, -m_citrate, -m_glucose, -m_lactate, +m_acetylcoa, +r_d2d6d1d39_0, -r_d2d6d1d39_0, +r_d2d6d1d39_1, -r_d2d6d1d39_1, +r_d1d1d1d42_2, -r_d1d1d1d42_2, +r_d1d1d1d42_3, -r_d1d1d1d42_3, +r_d2d3d1d61_4, -r_d2d3d1d61_4]

>>>>>>>>>>>> Solving at depth : -1( real 0)
>>>>>>>>>>>> Solve - measure : [20, 23, 9, 2, 0, 0, 0, 0]
Solver finished.
SolveToClause Finished!
Ag1: updated receivedCl [[+m_glucose]]
updated lstCsq [[+m_pyruvate], [+m_acetylcoa]]
Ag1 -> Ag2 : Send Clauses: Forward Clauses = [[+m_pyruvate], [+m_acetylcoa]]
Ag2 <------  Send Clauses: Forward Clauses = [[+m_pyruvate], [+m_acetylcoa]]
Ag2 receives [[+m_pyruvate], [+m_acetylcoa]]
After pruning [[+m_pyruvate], [+m_acetylcoa]]
Input Languages : {Ag3=[-m_isocitrate, +r_d2d1d1d7_21, -r_d1d13d11d16_13, -r_d2d1d3d1_51, -m_succinate, +m_betaalanine, -m_acryloylcoa, -r_d1d2d1d31_57, -m_tmao, -m_glucose, +r_d4d3d2d1_16, +m_e2oxoglutarate, +m_lactate, +m_succinate, -r_d4d2d1d54_47, +r_d4d2d1d2_9, +r_d4d1d2d32_45, -m_citrate, -c_compoundCarginine_fumarateC, -m_nmna, +m_fumarate, +m_isocitrate, +r_d2d6d1dx_15, +m_arginine, +m_acryloylcoa, -m_llysine, +m_pyruvate, -m_betaalanine, +m_l2aminoadipate, +r_d4d3d1d6_49, -r_d2d3d1d61_5, -m_lactate, +r_d2d6d1d14_55, -r_d4d3d2d1_17], Ag1=[-m_l2aminoadipate, -m_pyruvate, +m_citrate, +m_tmao, -r_d4d1d2d32_45, -m_acetylcoa, +m_glucose, +m_lactate, +r_d1d2d1d31_57]}
Starting SolveToClause...
Launching solver...
----------------------------------------------------------------------
Clauses:
 [+m_e2oxoglutarate, -r_d2d3d1d61_5]
 [+r_d4d2d1d3_6, -m_isocitrate]
 [-r_d4d2d1d3_6, +c_compoundCcitrate_transaconitateC]
 [-c_compoundCcitrate_transaconitateC, +m_citrate]
 [+m_transaconitate, -c_compoundCcitrate_transaconitateC]
 [+r_d4d2d1d3_7, -c_compoundCcitrate_transaconitateC]
 [-m_transaconitate, +c_compoundCcitrate_transaconitateC, -m_citrate]
 [+m_isocitrate, -r_d4d2d1d3_7]
 [+r_d4d2d1d2_8, -m_citrate]
 [-r_d4d2d1d2_8, +m_fumarate]
 [+r_d4d2d1d2_9, -m_fumarate]
 [+r_d1d3d99d1_10, -m_succinate]
 [-r_d1d3d99d1_10, +m_fumarate]
 [-r_d1d13d11d16_13, +m_succinate]
 [+r_d2d6d1dx_14, -m_citrate]
 [+m_taurine, -r_d2d6d1dx_14]
 [+r_d2d6d1dx_15, -m_taurine]
 [+r_d4d3d2d1_16, -c_compoundCarginine_fumarateC]
 [-r_d4d3d2d1_17, +c_compoundCarginine_fumarateC]
 [+m_arginine, -c_compoundCarginine_fumarateC]
 [-c_compoundCarginine_fumarateC, +m_fumarate]
 [+r_d2d1d1d1_18, -m_nmnd]
 [-r_d2d1d1d1_18, +m_fumarate]
 [+r_d2d1d1d1_19, -m_fumarate]
 [+m_nmnd, -r_d2d1d1d1_19]
 [-m_nmna, +r_d2d1d1d7_20]
 [-r_d2d1d1d7_20, +m_fumarate]
 [+r_d2d1d1d7_21, -m_fumarate]
 [+m_lactate, -r_d4d2d1d54_47]
 [+r_d4d3d1d6_49, -m_acryloylcoa]
 [-r_d2d1d3d1_51, +m_acryloylcoa]
 [-m_llysine, +r_d4d1d1d20_53]
 [+m_betaalanine, -r_d4d1d1d20_53]
 [+r_d2d6d1d14_54, -m_betaalanine]
 [-r_d2d6d1d14_54, +m_citrate]
 [+r_d2d6d1d14_55, -m_citrate]
 [-m_acetylcoa, +r_d2d3d3d1_64]
 [-r_d2d3d3d1_64, +m_citrate]
 [+m_glucose]
 [+m_pyruvate]
 [+m_acetylcoa]
Top clauses:
 [+m_pyruvate]
 [+m_acetylcoa]
Production field:
 [-m_l2aminoadipate, -m_pyruvate, +m_citrate, +m_tmao, -r_d4d1d2d32_45, -m_acetylcoa, +m_glucose, +m_lactate, +r_d1d2d1d31_57, -m_isocitrate, +r_d2d1d1d7_21, -r_d1d13d11d16_13, -r_d2d1d3d1_51, -m_succinate, +m_betaalanine, -m_acryloylcoa, -r_d1d2d1d31_57, -m_tmao, -m_glucose, +r_d4d3d2d1_16, +m_e2oxoglutarate, +m_lactate, +m_succinate, -r_d4d2d1d54_47, +r_d4d2d1d2_9, +r_d4d1d2d32_45, -m_citrate, -c_compoundCarginine_fumarateC, -m_nmna, +m_fumarate, +m_isocitrate, +r_d2d6d1dx_15, +m_arginine, +m_acryloylcoa, -m_llysine, +m_pyruvate, -m_betaalanine, +m_l2aminoadipate, +r_d4d3d1d6_49, -r_d2d3d1d61_5, -m_lactate, +r_d2d6d1d14_55, -r_d4d3d2d1_17, +r_d2d6d1d39_0, -r_d2d6d1d39_0, +r_d2d6d1d39_1, -r_d2d6d1d39_1, +r_d1d1d1d42_2, -r_d1d1d1d42_2, +r_d1d1d1d42_3, -r_d1d1d1d42_3, +r_d2d3d1d61_4, -r_d2d3d1d61_4]

>>>>>>>>>>>> Solving at depth : -1( real 0)
>>>>>>>>>>>> Solve - measure : [29, 61, 23, 8, 0, 0, 0, 0]
Solver finished.
SolveToClause Finished!
Ag2: updated receivedCl [[+m_acetylcoa]]
updated lstCsq [[+m_glucose], [+r_d2d6d1d14_55], [+r_d4d2d1d2_9], [+r_d2d6d1dx_15], [+m_pyruvate], [+r_d2d1d1d7_21], [+m_fumarate]]
Ag2 -> Ag3 : Send Clauses: Forward {N [Ag2]} Clauses = [[+r_d2d6d1d14_55], [+r_d4d2d1d2_9], [+r_d2d6d1dx_15], [+m_pyruvate], [+r_d2d1d1d7_21], [+m_fumarate]]
Ag3 <------  Send Clauses: Forward {N [Ag2]} Clauses = [[+r_d2d6d1d14_55], [+r_d4d2d1d2_9], [+r_d2d6d1dx_15], [+m_pyruvate], [+r_d2d1d1d7_21], [+m_fumarate]]
Ag3 receives [[+r_d2d6d1d14_55], [+r_d4d2d1d2_9], [+r_d2d6d1dx_15], [+m_pyruvate], [+r_d2d1d1d7_21], [+m_fumarate]]
After pruning [[+r_d2d6d1d14_55], [+r_d4d2d1d2_9], [+r_d2d6d1dx_15], [+m_pyruvate], [+r_d2d1d1d7_21], [+m_fumarate]]
Input Languages : {Ag2=[+m_citrate, -m_isocitrate, -r_d4d1d2d32_45, +c_compoundCarginine_fumarateC, -r_d2d6d1dx_15, -m_arginine, -m_succinate, +m_nmna, -m_fumarate, +m_betaalanine, -m_acryloylcoa, -m_l2aminoadipate, -m_pyruvate, +r_d2d3d1d61_5, +r_d4d3d2d1_17, +m_lactate, +m_succinate, -r_d4d2d1d2_9, -r_d4d3d1d6_49, +m_llysine, +r_d2d1d3d1_51, +r_d4d2d1d54_47, -r_d2d1d1d7_21, +r_d1d13d11d16_13, -r_d2d6d1d14_55, +m_isocitrate, +r_d1d2d1d31_57, +m_acryloylcoa, -m_betaalanine, -r_d4d3d2d1_16, +m_tmao, -m_e2oxoglutarate, +m_glucose, -m_lactate], Ag0=[+r_d2d1d1d7_21, -m_citrate, -c_compoundCarginine_fumarateC, +r_d4d3d2d1_16, -m_nmna, +m_fumarate, +r_d2d6d1dx_15, +m_arginine, -r_d4d3d2d1_17]}
Starting SolveToClause...
Launching solver...
----------------------------------------------------------------------
Clauses:
 [+r_d2d6d1d39_0, -m_l2aminoadipate]
 [-r_d2d6d1d39_0, +m_e2oxoglutarate]
 [+r_d2d6d1d39_1, -m_e2oxoglutarate]
 [-r_d2d6d1d39_1, +m_l2aminoadipate]
 [+r_d1d1d1d42_2, -m_e2oxoglutarate]
 [+m_isocitrate, -r_d1d1d1d42_2]
 [+r_d1d1d1d42_3, -m_isocitrate]
 [-r_d1d1d1d42_3, +m_e2oxoglutarate]
 [+r_d2d3d1d61_4, -m_e2oxoglutarate]
 [-r_d2d3d1d61_4, +m_succinate]
 [+r_d2d3d1d61_5, -m_succinate]
 [+m_citrate, -r_d4d2d1d2_9]
 [-m_fumarate, +r_d1d3d99d1_11]
 [-r_d1d3d99d1_11, +m_succinate]
 [+r_d1d13d11d16_12, -m_succinate]
 [+m_hippurate, -r_d1d13d11d16_12]
 [+r_d1d13d11d16_13, -m_hippurate]
 [+m_tmao, -r_d4d1d2d32_45]
 [+r_d4d2d1d54_46, -m_lactate]
 [-r_d4d2d1d54_46, +m_acryloylcoa]
 [+r_d4d2d1d54_47, -m_acryloylcoa]
 [+r_d4d3d1d6_48, -m_betaalanine]
 [-r_d4d3d1d6_48, +m_acryloylcoa]
 [-r_d4d3d1d6_49, +m_betaalanine]
 [+r_d2d1d3d1_50, -m_acryloylcoa]
 [-r_d2d1d3d1_50, +m_succinate]
 [+r_d2d1d3d1_51, -m_succinate]
 [+r_d4d1d1d20_52, -m_betaalanine]
 [+m_llysine, -r_d4d1d1d20_52]
 [-r_d2d6d1d14_55, +m_betaalanine]
 [+r_d1d2d1d31_56, -m_l2aminoadipate]
 [+m_llysine, -r_d1d2d1d31_56]
 [+r_d1d2d1d31_57, -m_llysine]
 [-m_pyruvate, +r_d1d1d1d27_60]
 [+m_lactate, -r_d1d1d1d27_60]
 [+m_glucose]
 [+r_d2d6d1d14_55]
 [+r_d4d2d1d2_9]
 [+r_d2d6d1dx_15]
 [+m_pyruvate]
 [+r_d2d1d1d7_21]
 [+m_fumarate]
Top clauses:
 [+r_d2d6d1d14_55]
 [+r_d4d2d1d2_9]
 [+r_d2d6d1dx_15]
 [+m_pyruvate]
 [+r_d2d1d1d7_21]
 [+m_fumarate]
Production field:
 [+r_d2d1d1d7_21, -m_citrate, -c_compoundCarginine_fumarateC, +r_d4d3d2d1_16, -m_nmna, +m_fumarate, +r_d2d6d1dx_15, +m_arginine, -r_d4d3d2d1_17, +m_citrate, -m_isocitrate, -r_d4d1d2d32_45, +c_compoundCarginine_fumarateC, -r_d2d6d1dx_15, -m_arginine, -m_succinate, +m_nmna, -m_fumarate, +m_betaalanine, -m_acryloylcoa, -m_l2aminoadipate, -m_pyruvate, +r_d2d3d1d61_5, +r_d4d3d2d1_17, +m_lactate, +m_succinate, -r_d4d2d1d2_9, -r_d4d3d1d6_49, +m_llysine, +r_d2d1d3d1_51, +r_d4d2d1d54_47, -r_d2d1d1d7_21, +r_d1d13d11d16_13, -r_d2d6d1d14_55, +m_isocitrate, +r_d1d2d1d31_57, +m_acryloylcoa, -m_betaalanine, -r_d4d3d2d1_16, +m_tmao, -m_e2oxoglutarate, +m_glucose, -m_lactate, +r_d2d6d1d39_0, -r_d2d6d1d39_0, +r_d2d6d1d39_1, -r_d2d6d1d39_1, +r_d1d1d1d42_2, -r_d1d1d1d42_2, +r_d1d1d1d42_3, -r_d1d1d1d42_3, +r_d2d3d1d61_4, -r_d2d3d1d61_4]

>>>>>>>>>>>> Solving at depth : -1( real 0)
>>>>>>>>>>>> Solve - measure : [30, 105, 40, 24, 0, 0, 0, 0]
Solver finished.
SolveToClause Finished!
Ag3: updated receivedCl [[+r_d2d6d1d14_55], [+r_d4d2d1d2_9], [+m_pyruvate]]
updated lstCsq [[+m_glucose], [+r_d2d6d1dx_15], [+r_d2d1d1d7_21], [+m_fumarate]]
Ag3 -> Ag0 : Send Clauses: Forward {N [Ag3, Ag2]} Clauses = [[+r_d2d6d1dx_15], [+r_d2d1d1d7_21], [+m_fumarate]]
Ag0 <------  Send Clauses: Forward {N [Ag3, Ag2]} Clauses = [[+r_d2d6d1dx_15], [+r_d2d1d1d7_21], [+m_fumarate]]
Ag0 receives [[+r_d2d6d1dx_15], [+r_d2d1d1d7_21], [+m_fumarate]]
After pruning [[+r_d2d6d1dx_15], [+r_d2d1d1d7_21], [+m_fumarate]]
Input Languages : {Ag3=[-r_d4d3d2d1_16, +m_citrate, -r_d2d1d1d7_21, +c_compoundCarginine_fumarateC, +r_d4d3d2d1_17, -r_d2d6d1dx_15, -m_arginine, +m_nmna, -m_fumarate], Ag1=[+m_citrate, +m_sarcosine, -m_sarcosine, -m_creatinine, +r_d3d5d1d59_37]}
Starting SolveToClause...
Launching solver...
----------------------------------------------------------------------
Clauses:
 [+m_citrate, -r_d2d6d1dx_15]
 [+c_compoundCarginine_fumarateC, -m_arginine, -m_fumarate]
 [+m_las, -r_d4d3d2d1_16]
 [+r_d4d3d2d1_17, -m_las]
 [+m_nmna, -r_d2d1d1d7_21]
 [+r_d6d3d4d5_22, -m_las]
 [+m_citruline, -r_d6d3d4d5_22]
 [+r_d6d3d4d5_23, -m_citruline]
 [+m_las, -r_d6d3d4d5_23]
 [+r_d2d1d3d3_24, -m_citruline]
 [+m_ornithine, -r_d2d1d3d3_24]
 [+r_d2d1d3d3_25, -m_ornithine]
 [+m_citruline, -r_d2d1d3d3_25]
 [+r_d3d5d3d1_26, -m_arginine]
 [+c_compoundCurea_ornithineC, -r_d3d5d3d1_26]
 [+r_d3d5d3d1_28, -c_compoundCurea_ornithineC]
 [+m_arginine, -r_d3d5d3d1_28]
 [+m_urea, -c_compoundCurea_ornithineC]
 [+m_ornithine, -c_compoundCurea_ornithineC]
 [+c_compoundCurea_ornithineC, -m_urea, -m_ornithine]
 [+r_d2d1d1d2_30, -m_ornithine]
 [+m_creatine, -r_d2d1d1d2_30]
 [+r_d2d1d1d2_31, -m_creatine]
 [+m_ornithine, -r_d2d1d1d2_31]
 [+r_d3d5d3d3_32, -m_creatine]
 [+c_compoundCurea_sarcosineC, -r_d3d5d3d3_32]
 [+m_urea, -c_compoundCurea_sarcosineC]
 [+m_sarcosine, -c_compoundCurea_sarcosineC]
 [+r_d3d5d3d3_33, -c_compoundCurea_sarcosineC]
 [+c_compoundCurea_sarcosineC, -m_urea, -m_sarcosine]
 [+m_creatine, -r_d3d5d3d3_33]
 [+r_d3d5d2d10_34, -m_creatinine]
 [+m_creatine, -r_d3d5d2d10_34]
 [+r_d3d5d2d10_35, -m_creatine]
 [+m_creatinine, -r_d3d5d2d10_35]
 [+r_d3d5d1d59_36, -m_creatinine]
 [+m_sarcosine, -r_d3d5d1d59_36]
 [+r_d3d5d1d59_37, -m_sarcosine]
 [+r_d2d6d1dx_15]
 [+r_d2d1d1d7_21]
 [+m_fumarate]
Top clauses:
 [+r_d2d6d1dx_15]
 [+r_d2d1d1d7_21]
 [+m_fumarate]
Production field:
 [+m_citrate, +m_sarcosine, -m_sarcosine, -m_creatinine, +r_d3d5d1d59_37, -r_d4d3d2d1_16, +m_citrate, -r_d2d1d1d7_21, +c_compoundCarginine_fumarateC, +r_d4d3d2d1_17, -r_d2d6d1dx_15, -m_arginine, +m_nmna, -m_fumarate, +r_d2d6d1d39_0, -r_d2d6d1d39_0, +r_d2d6d1d39_1, -r_d2d6d1d39_1, +r_d1d1d1d42_2, -r_d1d1d1d42_2, +r_d1d1d1d42_3, -r_d1d1d1d42_3, +r_d2d3d1d61_4, -r_d2d3d1d61_4]

>>>>>>>>>>>> Solving at depth : -1( real 0)
>>>>>>>>>>>> Solve - measure : [30, 158, 60, 8, 0, 2, 0, 0]
Solver finished.
SolveToClause Finished!
Ag0: updated receivedCl [[+r_d2d6d1dx_15], [+r_d2d1d1d7_21], [+m_fumarate]]
updated lstCsq [[+m_citrate], [+c_compoundCarginine_fumarateC, -m_creatinine]]
Ag0 -> Ag1 : Send Clauses: Forward {N [Ag3, Ag2, Ag0]} Clauses = [[+m_citrate], [+c_compoundCarginine_fumarateC, -m_creatinine]]
Ag1 <------  Send Clauses: Forward {N [Ag3, Ag2, Ag0]} Clauses = [[+m_citrate], [+c_compoundCarginine_fumarateC, -m_creatinine]]
Ag1 receives [[+m_citrate], [+c_compoundCarginine_fumarateC, -m_creatinine]]
After pruning [[+m_citrate], [+c_compoundCarginine_fumarateC, -m_creatinine]]
Input Languages : {Ag2=[+m_pyruvate, +m_l2aminoadipate, -r_d1d2d1d31_57, +r_d4d1d2d32_45, -m_tmao, -m_citrate, -m_glucose, -m_lactate, +m_acetylcoa], Ag0=[-m_citrate, +m_creatinine, +m_sarcosine, -r_d3d5d1d59_37, -m_sarcosine]}
Starting SolveToClause...
Launching solver...
----------------------------------------------------------------------
Clauses:
 [+m_creatinine, -r_d3d5d1d59_37]
 [+r_d1d5d99d1_38, -m_formaldehyde]
 [+m_sarcosine, -r_d1d5d99d1_38]
 [+r_d1d5d99d1_39, -m_sarcosine]
 [-r_d1d5d99d1_39, +m_formaldehyde]
 [+r_d1d1d99d8_40, -m_formaldehyde]
 [+m_formate, -r_d1d1d99d8_40]
 [+r_d1d1d99d8_41, -m_formate]
 [-r_d1d1d99d8_41, +m_formaldehyde]
 [+r_d1d4d99d3_42, -m_formaldehyde]
 [-r_d1d4d99d3_42, +m_methylamine]
 [+r_d1d4d99d3_43, -m_methylamine]
 [-r_d1d4d99d3_43, +m_formaldehyde]
 [-m_tmao, +r_d4d1d2d32_44]
 [-r_d4d1d2d32_44, +c_compoundCformaldehyde_methylamineC]
 [-c_compoundCformaldehyde_methylamineC, +m_formaldehyde]
 [+m_methylamine, -c_compoundCformaldehyde_methylamineC]
 [+r_d4d1d2d32_45, -c_compoundCformaldehyde_methylamineC]
 [-m_methylamine, +c_compoundCformaldehyde_methylamineC, -m_formaldehyde]
 [+m_l2aminoadipate, -r_d1d2d1d31_57]
 [+r_d2d7d1d69_58, -m_glucose]
 [+m_pyruvate, -r_d2d7d1d69_58]
 [+r_d2d7d1d69_59, -m_pyruvate]
 [+m_glucose, -r_d2d7d1d69_59]
 [-m_lactate, +r_d1d1d1d27_61]
 [+m_pyruvate, -r_d1d1d1d27_61]
 [+r_d1d2d4d1_62, -m_pyruvate]
 [-r_d1d2d4d1_62, +m_acetylcoa]
 [+r_d1d2d4d1_63, -m_acetylcoa]
 [+m_pyruvate, -r_d1d2d4d1_63]
 [-m_citrate, +r_d2d3d3d1_65]
 [-r_d2d3d3d1_65, +m_acetylcoa]
 [+r_d6d2d1d1_66, -m_acetylcoa]
 [+m_acetate, -r_d6d2d1d1_66]
 [+r_d6d2d1d1_67, -m_acetate]
 [-r_d6d2d1d1_67, +m_acetylcoa]
 [+m_pyruvate]
 [+m_acetylcoa]
 [+m_citrate]
 [+c_compoundCarginine_fumarateC, -m_creatinine]
Top clauses:
 [+m_citrate]
 [+c_compoundCarginine_fumarateC, -m_creatinine]
Production field:
 [-m_citrate, +m_creatinine, +m_sarcosine, -r_d3d5d1d59_37, -m_sarcosine, +m_pyruvate, +m_l2aminoadipate, -r_d1d2d1d31_57, +r_d4d1d2d32_45, -m_tmao, -m_citrate, -m_glucose, -m_lactate, +m_acetylcoa, +c_compoundCarginine_fumarateC, +r_d2d6d1d39_0, -r_d2d6d1d39_0, +r_d2d6d1d39_1, -r_d2d6d1d39_1, +r_d1d1d1d42_2, -r_d1d1d1d42_2, +r_d1d1d1d42_3, -r_d1d1d1d42_3, +r_d2d3d1d61_4, -r_d2d3d1d61_4]

>>>>>>>>>>>> Solving at depth : -1( real 0)
>>>>>>>>>>>> Solve - measure : [14, 10, 3, 2, 0, 0, 0, 0]
Solver finished.
SolveToClause Finished!
Ag1: updated receivedCl [[+m_glucose], [+m_citrate], [+c_compoundCarginine_fumarateC, -m_creatinine]]
updated lstCsq [[+m_pyruvate], [+m_acetylcoa], [+c_compoundCarginine_fumarateC, -r_d3d5d1d59_37]]
Ag1 -> Ag0 : Send Clauses: Backward {C [Ag3, Ag2, Ag0]} Clauses = [[+c_compoundCarginine_fumarateC, -r_d3d5d1d59_37]]
Ag0 <------  Send Clauses: Backward {C [Ag3, Ag2, Ag0]} Clauses = [[+c_compoundCarginine_fumarateC, -r_d3d5d1d59_37]]
Ag0 receives [[+c_compoundCarginine_fumarateC, -r_d3d5d1d59_37]]
After pruning [[+c_compoundCarginine_fumarateC, -r_d3d5d1d59_37]]
Input Languages : {Ag3=[-r_d4d3d2d1_16, +m_citrate, -r_d2d1d1d7_21, +c_compoundCarginine_fumarateC, +r_d4d3d2d1_17, -r_d2d6d1dx_15, -m_arginine, +m_nmna, -m_fumarate], Ag1=[+m_citrate, +m_sarcosine, -m_sarcosine, -m_creatinine, +r_d3d5d1d59_37]}
Starting SolveToClause...
Launching solver...
----------------------------------------------------------------------
Clauses:
 [+m_citrate, -r_d2d6d1dx_15]
 [+c_compoundCarginine_fumarateC, -m_arginine, -m_fumarate]
 [-r_d4d3d2d1_16, +m_las]
 [+r_d4d3d2d1_17, -m_las]
 [+m_nmna, -r_d2d1d1d7_21]
 [+r_d6d3d4d5_22, -m_las]
 [-r_d6d3d4d5_22, +m_citruline]
 [+r_d6d3d4d5_23, -m_citruline]
 [-r_d6d3d4d5_23, +m_las]
 [+r_d2d1d3d3_24, -m_citruline]
 [-r_d2d1d3d3_24, +m_ornithine]
 [+r_d2d1d3d3_25, -m_ornithine]
 [-r_d2d1d3d3_25, +m_citruline]
 [+r_d3d5d3d1_26, -m_arginine]
 [-r_d3d5d3d1_26, +c_compoundCurea_ornithineC]
 [+r_d3d5d3d1_28, -c_compoundCurea_ornithineC]
 [-r_d3d5d3d1_28, +m_arginine]
 [+m_urea, -c_compoundCurea_ornithineC]
 [-c_compoundCurea_ornithineC, +m_ornithine]
 [-m_urea, +c_compoundCurea_ornithineC, -m_ornithine]
 [+r_d2d1d1d2_30, -m_ornithine]
 [-r_d2d1d1d2_30, +m_creatine]
 [+r_d2d1d1d2_31, -m_creatine]
 [-r_d2d1d1d2_31, +m_ornithine]
 [+r_d3d5d3d3_32, -m_creatine]
 [-r_d3d5d3d3_32, +c_compoundCurea_sarcosineC]
 [+m_urea, -c_compoundCurea_sarcosineC]
 [+m_sarcosine, -c_compoundCurea_sarcosineC]
 [+r_d3d5d3d3_33, -c_compoundCurea_sarcosineC]
 [-m_urea, -m_sarcosine, +c_compoundCurea_sarcosineC]
 [-r_d3d5d3d3_33, +m_creatine]
 [+r_d3d5d2d10_34, -m_creatinine]
 [-r_d3d5d2d10_34, +m_creatine]
 [+r_d3d5d2d10_35, -m_creatine]
 [-r_d3d5d2d10_35, +m_creatinine]
 [+r_d3d5d1d59_36, -m_creatinine]
 [-r_d3d5d1d59_36, +m_sarcosine]
 [+r_d3d5d1d59_37, -m_sarcosine]
 [+m_citrate]
 [+c_compoundCarginine_fumarateC, -m_creatinine]
 [+c_compoundCarginine_fumarateC, -r_d3d5d1d59_37]
Top clauses:
 [+c_compoundCarginine_fumarateC, -r_d3d5d1d59_37]
Production field:
 [+m_citrate, +m_sarcosine, -m_sarcosine, -m_creatinine, +r_d3d5d1d59_37, -r_d4d3d2d1_16, +m_citrate, -r_d2d1d1d7_21, +c_compoundCarginine_fumarateC, +r_d4d3d2d1_17, -r_d2d6d1dx_15, -m_arginine, +m_nmna, -m_fumarate, +r_d2d6d1d39_0, -r_d2d6d1d39_0, +r_d2d6d1d39_1, -r_d2d6d1d39_1, +r_d1d1d1d42_2, -r_d1d1d1d42_2, +r_d1d1d1d42_3, -r_d1d1d1d42_3, +r_d2d3d1d61_4, -r_d2d3d1d61_4]

>>>>>>>>>>>> Solving at depth : -1( real 0)
>>>>>>>>>>>> Solve - measure : [19, 116, 45, 8, 0, 0, 0, 0]
Solver finished.
SolveToClause Finished!
Ag0: updated receivedCl [[+r_d2d6d1dx_15], [+r_d2d1d1d7_21], [+m_fumarate], [+c_compoundCarginine_fumarateC, -r_d3d5d1d59_37]]
updated lstCsq [[+m_citrate], [+c_compoundCarginine_fumarateC, -r_d4d3d2d1_16], [+c_compoundCarginine_fumarateC, -m_creatinine], [+c_compoundCarginine_fumarateC, -m_arginine], [+m_nmna], [+c_compoundCarginine_fumarateC, -m_sarcosine], [+c_compoundCarginine_fumarateC, -r_d4d3d2d1_16], [+c_compoundCarginine_fumarateC, -m_arginine]]
Ag0 -> Ag3 : Send Clauses: Backward {C [Ag3, Ag2]} {N [Ag0]} Clauses = [[+m_citrate], [+c_compoundCarginine_fumarateC, -r_d4d3d2d1_16], [+c_compoundCarginine_fumarateC, -m_creatinine], [+c_compoundCarginine_fumarateC, -m_arginine], [+m_nmna], [+c_compoundCarginine_fumarateC, -m_sarcosine], [+c_compoundCarginine_fumarateC, -r_d4d3d2d1_16], [+c_compoundCarginine_fumarateC, -m_arginine]]
Ag3 <------  Send Clauses: Backward {C [Ag3, Ag2]} {N [Ag0]} Clauses = [[+m_citrate], [+c_compoundCarginine_fumarateC, -r_d4d3d2d1_16], [+c_compoundCarginine_fumarateC, -m_creatinine], [+c_compoundCarginine_fumarateC, -m_arginine], [+m_nmna], [+c_compoundCarginine_fumarateC, -m_sarcosine], [+c_compoundCarginine_fumarateC, -r_d4d3d2d1_16], [+c_compoundCarginine_fumarateC, -m_arginine]]
Ag3 receives [[+m_citrate], [+c_compoundCarginine_fumarateC, -r_d4d3d2d1_16], [+c_compoundCarginine_fumarateC, -m_creatinine], [+c_compoundCarginine_fumarateC, -m_arginine], [+m_nmna], [+c_compoundCarginine_fumarateC, -m_sarcosine], [+c_compoundCarginine_fumarateC, -r_d4d3d2d1_16], [+c_compoundCarginine_fumarateC, -m_arginine]]
After pruning [[+m_citrate], [+c_compoundCarginine_fumarateC, -r_d4d3d2d1_16], [+c_compoundCarginine_fumarateC, -m_creatinine], [+c_compoundCarginine_fumarateC, -m_arginine], [+m_nmna], [+c_compoundCarginine_fumarateC, -m_sarcosine], [+c_compoundCarginine_fumarateC, -r_d4d3d2d1_16], [+c_compoundCarginine_fumarateC, -m_arginine]]
Input Languages : {Ag2=[+m_citrate, -m_isocitrate, -r_d4d1d2d32_45, +c_compoundCarginine_fumarateC, -r_d2d6d1dx_15, -m_arginine, -m_succinate, +m_nmna, -m_fumarate, +m_betaalanine, -m_acryloylcoa, -m_l2aminoadipate, -m_pyruvate, +r_d2d3d1d61_5, +r_d4d3d2d1_17, +m_lactate, +m_succinate, -r_d4d2d1d2_9, -r_d4d3d1d6_49, +m_llysine, +r_d2d1d3d1_51, +r_d4d2d1d54_47, -r_d2d1d1d7_21, +r_d1d13d11d16_13, -r_d2d6d1d14_55, +m_isocitrate, +r_d1d2d1d31_57, +m_acryloylcoa, -m_betaalanine, -r_d4d3d2d1_16, +m_tmao, -m_e2oxoglutarate, +m_glucose, -m_lactate], Ag0=[+r_d2d1d1d7_21, -m_citrate, -c_compoundCarginine_fumarateC, +r_d4d3d2d1_16, -m_nmna, +m_fumarate, +r_d2d6d1dx_15, +m_arginine, -r_d4d3d2d1_17]}
Starting SolveToClause...
Launching solver...
----------------------------------------------------------------------
Clauses:
 [+r_d2d6d1d39_0, -m_l2aminoadipate]
 [-r_d2d6d1d39_0, +m_e2oxoglutarate]
 [+r_d2d6d1d39_1, -m_e2oxoglutarate]
 [-r_d2d6d1d39_1, +m_l2aminoadipate]
 [+r_d1d1d1d42_2, -m_e2oxoglutarate]
 [+m_isocitrate, -r_d1d1d1d42_2]
 [+r_d1d1d1d42_3, -m_isocitrate]
 [-r_d1d1d1d42_3, +m_e2oxoglutarate]
 [+r_d2d3d1d61_4, -m_e2oxoglutarate]
 [-r_d2d3d1d61_4, +m_succinate]
 [+r_d2d3d1d61_5, -m_succinate]
 [+m_citrate, -r_d4d2d1d2_9]
 [-m_fumarate, +r_d1d3d99d1_11]
 [-r_d1d3d99d1_11, +m_succinate]
 [+r_d1d13d11d16_12, -m_succinate]
 [+m_hippurate, -r_d1d13d11d16_12]
 [+r_d1d13d11d16_13, -m_hippurate]
 [+m_tmao, -r_d4d1d2d32_45]
 [+r_d4d2d1d54_46, -m_lactate]
 [-r_d4d2d1d54_46, +m_acryloylcoa]
 [+r_d4d2d1d54_47, -m_acryloylcoa]
 [+r_d4d3d1d6_48, -m_betaalanine]
 [-r_d4d3d1d6_48, +m_acryloylcoa]
 [-r_d4d3d1d6_49, +m_betaalanine]
 [+r_d2d1d3d1_50, -m_acryloylcoa]
 [-r_d2d1d3d1_50, +m_succinate]
 [+r_d2d1d3d1_51, -m_succinate]
 [+r_d4d1d1d20_52, -m_betaalanine]
 [+m_llysine, -r_d4d1d1d20_52]
 [-r_d2d6d1d14_55, +m_betaalanine]
 [+r_d1d2d1d31_56, -m_l2aminoadipate]
 [+m_llysine, -r_d1d2d1d31_56]
 [+r_d1d2d1d31_57, -m_llysine]
 [-m_pyruvate, +r_d1d1d1d27_60]
 [+m_lactate, -r_d1d1d1d27_60]
 [+m_glucose]
 [+r_d2d6d1dx_15]
 [+r_d2d1d1d7_21]
 [+m_fumarate]
 [+m_citrate]
 [+c_compoundCarginine_fumarateC, -r_d4d3d2d1_16]
 [+c_compoundCarginine_fumarateC, -m_creatinine]
 [+c_compoundCarginine_fumarateC, -m_arginine]
 [+m_nmna]
 [+c_compoundCarginine_fumarateC, -m_sarcosine]
 [+c_compoundCarginine_fumarateC, -r_d4d3d2d1_16]
 [+c_compoundCarginine_fumarateC, -m_arginine]
Top clauses:
 [+m_citrate]
 [+c_compoundCarginine_fumarateC, -r_d4d3d2d1_16]
 [+c_compoundCarginine_fumarateC, -m_creatinine]
 [+c_compoundCarginine_fumarateC, -m_arginine]
 [+m_nmna]
 [+c_compoundCarginine_fumarateC, -m_sarcosine]
 [+c_compoundCarginine_fumarateC, -r_d4d3d2d1_16]
 [+c_compoundCarginine_fumarateC, -m_arginine]
Production field:
 [+r_d2d1d1d7_21, -m_citrate, -c_compoundCarginine_fumarateC, +r_d4d3d2d1_16, -m_nmna, +m_fumarate, +r_d2d6d1dx_15, +m_arginine, -r_d4d3d2d1_17, +m_citrate, -m_isocitrate, -r_d4d1d2d32_45, +c_compoundCarginine_fumarateC, -r_d2d6d1dx_15, -m_arginine, -m_succinate, +m_nmna, -m_fumarate, +m_betaalanine, -m_acryloylcoa, -m_l2aminoadipate, -m_pyruvate, +r_d2d3d1d61_5, +r_d4d3d2d1_17, +m_lactate, +m_succinate, -r_d4d2d1d2_9, -r_d4d3d1d6_49, +m_llysine, +r_d2d1d3d1_51, +r_d4d2d1d54_47, -r_d2d1d1d7_21, +r_d1d13d11d16_13, -r_d2d6d1d14_55, +m_isocitrate, +r_d1d2d1d31_57, +m_acryloylcoa, -m_betaalanine, -r_d4d3d2d1_16, +m_tmao, -m_e2oxoglutarate, +m_glucose, -m_lactate, -m_creatinine, -m_sarcosine, +r_d2d6d1d39_0, -r_d2d6d1d39_0, +r_d2d6d1d39_1, -r_d2d6d1d39_1, +r_d1d1d1d42_2, -r_d1d1d1d42_2, +r_d1d1d1d42_3, -r_d1d1d1d42_3, +r_d2d3d1d61_4, -r_d2d3d1d61_4]

>>>>>>>>>>>> Solving at depth : -1( real 0)
>>>>>>>>>>>> Solve - measure : [20, 27, 6, 10, 0, 0, 0, 0]
Solver finished.
SolveToClause Finished!
Ag3: updated receivedCl [[+r_d2d6d1d14_55], [+r_d4d2d1d2_9], [+m_pyruvate]]
updated lstCsq [[+m_glucose], [+r_d2d6d1dx_15], [+r_d2d1d1d7_21], [+m_fumarate], [+m_lactate], [+r_d1d2d1d31_57], [+r_d2d1d3d1_51], [+m_succinate], [+r_d1d13d11d16_13], [+m_citrate], [+r_d4d2d1d54_47], [+r_d2d3d1d61_5], [+m_llysine], [+m_betaalanine], [+m_acryloylcoa], [+c_compoundCarginine_fumarateC, -m_sarcosine], [+c_compoundCarginine_fumarateC, -r_d4d3d2d1_16], [+c_compoundCarginine_fumarateC, -m_creatinine], [+m_nmna], [+m_citrate], [+c_compoundCarginine_fumarateC, -m_arginine]]
Ag3 -> Ag2 : Send Clauses: Backward {C [Ag2]} {N [Ag0]} Clauses = [[+m_lactate], [+r_d1d2d1d31_57], [+r_d2d1d3d1_51], [+m_succinate], [+r_d1d13d11d16_13], [+m_citrate], [+r_d4d2d1d54_47], [+r_d2d3d1d61_5], [+m_llysine], [+m_betaalanine], [+m_acryloylcoa], [+c_compoundCarginine_fumarateC, -m_sarcosine], [+c_compoundCarginine_fumarateC, -r_d4d3d2d1_16], [+c_compoundCarginine_fumarateC, -m_creatinine], [+m_nmna], [+m_citrate], [+c_compoundCarginine_fumarateC, -m_arginine]]
Ag2 <------  Send Clauses: Backward {C [Ag2]} {N [Ag0]} Clauses = [[+m_lactate], [+r_d1d2d1d31_57], [+r_d2d1d3d1_51], [+m_succinate], [+r_d1d13d11d16_13], [+m_citrate], [+r_d4d2d1d54_47], [+r_d2d3d1d61_5], [+m_llysine], [+m_betaalanine], [+m_acryloylcoa], [+c_compoundCarginine_fumarateC, -m_sarcosine], [+c_compoundCarginine_fumarateC, -r_d4d3d2d1_16], [+c_compoundCarginine_fumarateC, -m_creatinine], [+m_nmna], [+m_citrate], [+c_compoundCarginine_fumarateC, -m_arginine]]
Ag2 receives [[+m_lactate], [+r_d1d2d1d31_57], [+r_d2d1d3d1_51], [+m_succinate], [+r_d1d13d11d16_13], [+m_citrate], [+r_d4d2d1d54_47], [+r_d2d3d1d61_5], [+m_llysine], [+m_betaalanine], [+m_acryloylcoa], [+c_compoundCarginine_fumarateC, -m_sarcosine], [+c_compoundCarginine_fumarateC, -r_d4d3d2d1_16], [+c_compoundCarginine_fumarateC, -m_creatinine], [+m_nmna], [+m_citrate], [+c_compoundCarginine_fumarateC, -m_arginine]]
After pruning [[+m_lactate], [+r_d1d2d1d31_57], [+r_d2d1d3d1_51], [+m_succinate], [+r_d1d13d11d16_13], [+m_citrate], [+r_d4d2d1d54_47], [+r_d2d3d1d61_5], [+m_llysine], [+m_betaalanine], [+m_acryloylcoa], [+c_compoundCarginine_fumarateC, -m_sarcosine], [+c_compoundCarginine_fumarateC, -r_d4d3d2d1_16], [+c_compoundCarginine_fumarateC, -m_creatinine], [+m_nmna], [+m_citrate], [+c_compoundCarginine_fumarateC, -m_arginine]]
Input Languages : {Ag3=[-m_isocitrate, +r_d2d1d1d7_21, -r_d1d13d11d16_13, -r_d2d1d3d1_51, -m_succinate, +m_betaalanine, -m_acryloylcoa, -r_d1d2d1d31_57, -m_tmao, -m_glucose, +r_d4d3d2d1_16, +m_e2oxoglutarate, +m_lactate, +m_succinate, -r_d4d2d1d54_47, +r_d4d2d1d2_9, +r_d4d1d2d32_45, -m_citrate, -c_compoundCarginine_fumarateC, -m_nmna, +m_fumarate, +m_isocitrate, +r_d2d6d1dx_15, +m_arginine, +m_acryloylcoa, -m_llysine, +m_pyruvate, -m_betaalanine, +m_l2aminoadipate, +r_d4d3d1d6_49, -r_d2d3d1d61_5, -m_lactate, +r_d2d6d1d14_55, -r_d4d3d2d1_17], Ag1=[-m_l2aminoadipate, -m_pyruvate, +m_citrate, +m_tmao, -r_d4d1d2d32_45, -m_acetylcoa, +m_glucose, +m_lactate, +r_d1d2d1d31_57]}
Starting SolveToClause...
Launching solver...
----------------------------------------------------------------------
Clauses:
 [+m_e2oxoglutarate, -r_d2d3d1d61_5]
 [+r_d4d2d1d3_6, -m_isocitrate]
 [-r_d4d2d1d3_6, +c_compoundCcitrate_transaconitateC]
 [-c_compoundCcitrate_transaconitateC, +m_citrate]
 [+m_transaconitate, -c_compoundCcitrate_transaconitateC]
 [+r_d4d2d1d3_7, -c_compoundCcitrate_transaconitateC]
 [-m_transaconitate, +c_compoundCcitrate_transaconitateC, -m_citrate]
 [+m_isocitrate, -r_d4d2d1d3_7]
 [+r_d4d2d1d2_8, -m_citrate]
 [-r_d4d2d1d2_8, +m_fumarate]
 [+r_d4d2d1d2_9, -m_fumarate]
 [+r_d1d3d99d1_10, -m_succinate]
 [-r_d1d3d99d1_10, +m_fumarate]
 [-r_d1d13d11d16_13, +m_succinate]
 [+r_d2d6d1dx_14, -m_citrate]
 [+m_taurine, -r_d2d6d1dx_14]
 [+r_d2d6d1dx_15, -m_taurine]
 [+r_d4d3d2d1_16, -c_compoundCarginine_fumarateC]
 [-r_d4d3d2d1_17, +c_compoundCarginine_fumarateC]
 [+m_arginine, -c_compoundCarginine_fumarateC]
 [-c_compoundCarginine_fumarateC, +m_fumarate]
 [+r_d2d1d1d1_18, -m_nmnd]
 [-r_d2d1d1d1_18, +m_fumarate]
 [+r_d2d1d1d1_19, -m_fumarate]
 [+m_nmnd, -r_d2d1d1d1_19]
 [-m_nmna, +r_d2d1d1d7_20]
 [-r_d2d1d1d7_20, +m_fumarate]
 [+r_d2d1d1d7_21, -m_fumarate]
 [+m_lactate, -r_d4d2d1d54_47]
 [+r_d4d3d1d6_49, -m_acryloylcoa]
 [-r_d2d1d3d1_51, +m_acryloylcoa]
 [-m_llysine, +r_d4d1d1d20_53]
 [+m_betaalanine, -r_d4d1d1d20_53]
 [+r_d2d6d1d14_54, -m_betaalanine]
 [-r_d2d6d1d14_54, +m_citrate]
 [+r_d2d6d1d14_55, -m_citrate]
 [-m_acetylcoa, +r_d2d3d3d1_64]
 [-r_d2d3d3d1_64, +m_citrate]
 [+m_glucose]
 [+r_d2d6d1d14_55]
 [+r_d4d2d1d2_9]
 [+r_d2d6d1dx_15]
 [+m_pyruvate]
 [+r_d2d1d1d7_21]
 [+m_fumarate]
 [+m_lactate]
 [+r_d1d2d1d31_57]
 [+r_d2d1d3d1_51]
 [+m_succinate]
 [+r_d1d13d11d16_13]
 [+m_citrate]
 [+r_d4d2d1d54_47]
 [+r_d2d3d1d61_5]
 [+m_llysine]
 [+m_betaalanine]
 [+m_acryloylcoa]
 [+c_compoundCarginine_fumarateC, -m_sarcosine]
 [+c_compoundCarginine_fumarateC, -r_d4d3d2d1_16]
 [+c_compoundCarginine_fumarateC, -m_creatinine]
 [+m_nmna]
 [+m_citrate]
 [+c_compoundCarginine_fumarateC, -m_arginine]
Top clauses:
 [+m_lactate]
 [+r_d1d2d1d31_57]
 [+r_d2d1d3d1_51]
 [+m_succinate]
 [+r_d1d13d11d16_13]
 [+m_citrate]
 [+r_d4d2d1d54_47]
 [+r_d2d3d1d61_5]
 [+m_llysine]
 [+m_betaalanine]
 [+m_acryloylcoa]
 [+c_compoundCarginine_fumarateC, -m_sarcosine]
 [+c_compoundCarginine_fumarateC, -r_d4d3d2d1_16]
 [+c_compoundCarginine_fumarateC, -m_creatinine]
 [+m_nmna]
 [+m_citrate]
 [+c_compoundCarginine_fumarateC, -m_arginine]
Production field:
 [-m_l2aminoadipate, -m_pyruvate, +m_citrate, +m_tmao, -r_d4d1d2d32_45, -m_acetylcoa, +m_glucose, +m_lactate, +r_d1d2d1d31_57, -m_isocitrate, +r_d2d1d1d7_21, -r_d1d13d11d16_13, -r_d2d1d3d1_51, -m_succinate, +m_betaalanine, -m_acryloylcoa, -r_d1d2d1d31_57, -m_tmao, -m_glucose, +r_d4d3d2d1_16, +m_e2oxoglutarate, +m_lactate, +m_succinate, -r_d4d2d1d54_47, +r_d4d2d1d2_9, +r_d4d1d2d32_45, -m_citrate, -c_compoundCarginine_fumarateC, -m_nmna, +m_fumarate, +m_isocitrate, +r_d2d6d1dx_15, +m_arginine, +m_acryloylcoa, -m_llysine, +m_pyruvate, -m_betaalanine, +m_l2aminoadipate, +r_d4d3d1d6_49, -r_d2d3d1d61_5, -m_lactate, +r_d2d6d1d14_55, -r_d4d3d2d1_17, -m_sarcosine, -m_creatinine, +r_d2d6d1d39_0, -r_d2d6d1d39_0, +r_d2d6d1d39_1, -r_d2d6d1d39_1, +r_d1d1d1d42_2, -r_d1d1d1d42_2, +r_d1d1d1d42_3, -r_d1d1d1d42_3, +r_d2d3d1d61_4, -r_d2d3d1d61_4]

>>>>>>>>>>>> Solving at depth : -1( real 0)
>>>>>>>>>>>> Solve - measure : [35, 172, 52, 35, 0, 0, 0, 0]
Solver finished.
SolveToClause Finished!
Ag2: updated receivedCl [[+m_acetylcoa], [+r_d2d1d3d1_51], [+m_succinate], [+r_d1d13d11d16_13], [+r_d4d2d1d54_47], [+r_d2d3d1d61_5], [+m_llysine], [+m_betaalanine], [+m_acryloylcoa], [-m_sarcosine, +c_compoundCarginine_fumarateC], [-r_d4d3d2d1_16, +c_compoundCarginine_fumarateC], [-m_creatinine, +c_compoundCarginine_fumarateC], [+m_nmna], [-m_arginine, +c_compoundCarginine_fumarateC]]
updated lstCsq [[+m_glucose], [+r_d2d6d1d14_55], [+r_d4d2d1d2_9], [+r_d2d6d1dx_15], [+m_pyruvate], [+r_d2d1d1d7_21], [+m_fumarate], [+m_citrate], [+m_lactate], [+r_d1d2d1d31_57], [+m_citrate]]
Ag2 -> Ag1 : Send Clauses: Backward {N [Ag2, Ag0]} Clauses = [[+m_citrate], [+m_lactate], [+r_d1d2d1d31_57], [+m_citrate]]
Ag1 <------  Send Clauses: Backward {N [Ag2, Ag0]} Clauses = [[+m_citrate], [+m_lactate], [+r_d1d2d1d31_57], [+m_citrate]]
Ag1 receives [[+m_citrate], [+m_lactate], [+r_d1d2d1d31_57], [+m_citrate]]
After pruning [[+m_lactate], [+r_d1d2d1d31_57]]
Input Languages : {Ag2=[+m_pyruvate, +m_l2aminoadipate, -r_d1d2d1d31_57, +r_d4d1d2d32_45, -m_tmao, -m_citrate, -m_glucose, -m_lactate, +m_acetylcoa], Ag0=[-m_citrate, +m_creatinine, +m_sarcosine, -r_d3d5d1d59_37, -m_sarcosine]}
Starting SolveToClause...
Launching solver...
----------------------------------------------------------------------
Clauses:
 [-r_d3d5d1d59_37, +m_creatinine]
 [+r_d1d5d99d1_38, -m_formaldehyde]
 [+m_sarcosine, -r_d1d5d99d1_38]
 [+r_d1d5d99d1_39, -m_sarcosine]
 [-r_d1d5d99d1_39, +m_formaldehyde]
 [+r_d1d1d99d8_40, -m_formaldehyde]
 [+m_formate, -r_d1d1d99d8_40]
 [+r_d1d1d99d8_41, -m_formate]
 [-r_d1d1d99d8_41, +m_formaldehyde]
 [+r_d1d4d99d3_42, -m_formaldehyde]
 [-r_d1d4d99d3_42, +m_methylamine]
 [+r_d1d4d99d3_43, -m_methylamine]
 [-r_d1d4d99d3_43, +m_formaldehyde]
 [-m_tmao, +r_d4d1d2d32_44]
 [-r_d4d1d2d32_44, +c_compoundCformaldehyde_methylamineC]
 [-c_compoundCformaldehyde_methylamineC, +m_formaldehyde]
 [+m_methylamine, -c_compoundCformaldehyde_methylamineC]
 [+r_d4d1d2d32_45, -c_compoundCformaldehyde_methylamineC]
 [-m_methylamine, +c_compoundCformaldehyde_methylamineC, -m_formaldehyde]
 [+m_l2aminoadipate, -r_d1d2d1d31_57]
 [+r_d2d7d1d69_58, -m_glucose]
 [+m_pyruvate, -r_d2d7d1d69_58]
 [+r_d2d7d1d69_59, -m_pyruvate]
 [+m_glucose, -r_d2d7d1d69_59]
 [-m_lactate, +r_d1d1d1d27_61]
 [+m_pyruvate, -r_d1d1d1d27_61]
 [+r_d1d2d4d1_62, -m_pyruvate]
 [-r_d1d2d4d1_62, +m_acetylcoa]
 [+r_d1d2d4d1_63, -m_acetylcoa]
 [+m_pyruvate, -r_d1d2d4d1_63]
 [-m_citrate, +r_d2d3d3d1_65]
 [-r_d2d3d3d1_65, +m_acetylcoa]
 [+r_d6d2d1d1_66, -m_acetylcoa]
 [+m_acetate, -r_d6d2d1d1_66]
 [+r_d6d2d1d1_67, -m_acetate]
 [-r_d6d2d1d1_67, +m_acetylcoa]
 [+m_pyruvate]
 [+m_acetylcoa]
 [+c_compoundCarginine_fumarateC, -r_d3d5d1d59_37]
 [+m_lactate]
 [+r_d1d2d1d31_57]
Top clauses:
 [+m_lactate]
 [+r_d1d2d1d31_57]
Production field:
 [-m_citrate, +m_creatinine, +m_sarcosine, -r_d3d5d1d59_37, -m_sarcosine, +m_pyruvate, +m_l2aminoadipate, -r_d1d2d1d31_57, +r_d4d1d2d32_45, -m_tmao, -m_citrate, -m_glucose, -m_lactate, +m_acetylcoa, +r_d2d6d1d39_0, -r_d2d6d1d39_0, +r_d2d6d1d39_1, -r_d2d6d1d39_1, +r_d1d1d1d42_2, -r_d1d1d1d42_2, +r_d1d1d1d42_3, -r_d1d1d1d42_3, +r_d2d3d1d61_4, -r_d2d3d1d61_4]

>>>>>>>>>>>> Solving at depth : -1( real 0)
>>>>>>>>>>>> Solve - measure : [12, 8, 3, 1, 0, 0, 0, 0]
Solver finished.
SolveToClause Finished!
Ag1: updated receivedCl [[+m_glucose], [+m_citrate], [+c_compoundCarginine_fumarateC, -m_creatinine], [+m_lactate], [+r_d1d2d1d31_57]]
updated lstCsq [[+m_pyruvate], [+m_acetylcoa], [+c_compoundCarginine_fumarateC, -r_d3d5d1d59_37], [+m_l2aminoadipate]]
Ag1 -> Ag2 : Send Clauses: Forward {C [Ag2, Ag0]} Clauses = [[+m_l2aminoadipate]]
Ag2 <------  Send Clauses: Forward {C [Ag2, Ag0]} Clauses = [[+m_l2aminoadipate]]
Ag2 receives [[+m_l2aminoadipate]]
After pruning [[+m_l2aminoadipate]]
Input Languages : {Ag3=[-m_isocitrate, +r_d2d1d1d7_21, -r_d1d13d11d16_13, -r_d2d1d3d1_51, -m_succinate, +m_betaalanine, -m_acryloylcoa, -r_d1d2d1d31_57, -m_tmao, -m_glucose, +r_d4d3d2d1_16, +m_e2oxoglutarate, +m_lactate, +m_succinate, -r_d4d2d1d54_47, +r_d4d2d1d2_9, +r_d4d1d2d32_45, -m_citrate, -c_compoundCarginine_fumarateC, -m_nmna, +m_fumarate, +m_isocitrate, +r_d2d6d1dx_15, +m_arginine, +m_acryloylcoa, -m_llysine, +m_pyruvate, -m_betaalanine, +m_l2aminoadipate, +r_d4d3d1d6_49, -r_d2d3d1d61_5, -m_lactate, +r_d2d6d1d14_55, -r_d4d3d2d1_17], Ag1=[-m_l2aminoadipate, -m_pyruvate, +m_citrate, +m_tmao, -r_d4d1d2d32_45, -m_acetylcoa, +m_glucose, +m_lactate, +r_d1d2d1d31_57]}
Starting SolveToClause...
Launching solver...
----------------------------------------------------------------------
Clauses:
 [+m_e2oxoglutarate, -r_d2d3d1d61_5]
 [+r_d4d2d1d3_6, -m_isocitrate]
 [-r_d4d2d1d3_6, +c_compoundCcitrate_transaconitateC]
 [-c_compoundCcitrate_transaconitateC, +m_citrate]
 [+m_transaconitate, -c_compoundCcitrate_transaconitateC]
 [+r_d4d2d1d3_7, -c_compoundCcitrate_transaconitateC]
 [-m_transaconitate, -m_citrate, +c_compoundCcitrate_transaconitateC]
 [+m_isocitrate, -r_d4d2d1d3_7]
 [+r_d4d2d1d2_8, -m_citrate]
 [-r_d4d2d1d2_8, +m_fumarate]
 [+r_d4d2d1d2_9, -m_fumarate]
 [+r_d1d3d99d1_10, -m_succinate]
 [-r_d1d3d99d1_10, +m_fumarate]
 [-r_d1d13d11d16_13, +m_succinate]
 [+r_d2d6d1dx_14, -m_citrate]
 [+m_taurine, -r_d2d6d1dx_14]
 [+r_d2d6d1dx_15, -m_taurine]
 [+r_d4d3d2d1_16, -c_compoundCarginine_fumarateC]
 [-r_d4d3d2d1_17, +c_compoundCarginine_fumarateC]
 [+m_arginine, -c_compoundCarginine_fumarateC]
 [-c_compoundCarginine_fumarateC, +m_fumarate]
 [+r_d2d1d1d1_18, -m_nmnd]
 [-r_d2d1d1d1_18, +m_fumarate]
 [+r_d2d1d1d1_19, -m_fumarate]
 [+m_nmnd, -r_d2d1d1d1_19]
 [-m_nmna, +r_d2d1d1d7_20]
 [-r_d2d1d1d7_20, +m_fumarate]
 [+r_d2d1d1d7_21, -m_fumarate]
 [+m_lactate, -r_d4d2d1d54_47]
 [+r_d4d3d1d6_49, -m_acryloylcoa]
 [-r_d2d1d3d1_51, +m_acryloylcoa]
 [-m_llysine, +r_d4d1d1d20_53]
 [+m_betaalanine, -r_d4d1d1d20_53]
 [+r_d2d6d1d14_54, -m_betaalanine]
 [-r_d2d6d1d14_54, +m_citrate]
 [+r_d2d6d1d14_55, -m_citrate]
 [-m_acetylcoa, +r_d2d3d3d1_64]
 [-r_d2d3d3d1_64, +m_citrate]
 [+m_glucose]
 [+r_d2d6d1d14_55]
 [+r_d4d2d1d2_9]
 [+r_d2d6d1dx_15]
 [+m_pyruvate]
 [+r_d2d1d1d7_21]
 [+m_fumarate]
 [+m_citrate]
 [+m_lactate]
 [+r_d1d2d1d31_57]
 [+m_citrate]
 [+m_l2aminoadipate]
Top clauses:
 [+m_l2aminoadipate]
Production field:
 [-m_l2aminoadipate, -m_pyruvate, +m_citrate, +m_tmao, -r_d4d1d2d32_45, -m_acetylcoa, +m_glucose, +m_lactate, +r_d1d2d1d31_57, -m_isocitrate, +r_d2d1d1d7_21, -r_d1d13d11d16_13, -r_d2d1d3d1_51, -m_succinate, +m_betaalanine, -m_acryloylcoa, -r_d1d2d1d31_57, -m_tmao, -m_glucose, +r_d4d3d2d1_16, +m_e2oxoglutarate, +m_lactate, +m_succinate, -r_d4d2d1d54_47, +r_d4d2d1d2_9, +r_d4d1d2d32_45, -m_citrate, -c_compoundCarginine_fumarateC, -m_nmna, +m_fumarate, +m_isocitrate, +r_d2d6d1dx_15, +m_arginine, +m_acryloylcoa, -m_llysine, +m_pyruvate, -m_betaalanine, +m_l2aminoadipate, +r_d4d3d1d6_49, -r_d2d3d1d61_5, -m_lactate, +r_d2d6d1d14_55, -r_d4d3d2d1_17, +r_d2d6d1d39_0, -r_d2d6d1d39_0, +r_d2d6d1d39_1, -r_d2d6d1d39_1, +r_d1d1d1d42_2, -r_d1d1d1d42_2, +r_d1d1d1d42_3, -r_d1d1d1d42_3, +r_d2d3d1d61_4, -r_d2d3d1d61_4]

>>>>>>>>>>>> Solving at depth : -1( real 0)
>>>>>>>>>>>> Solve - measure : [18, 4, 1, 1, 0, 0, 0, 0]
Solver finished.
SolveToClause Finished!
Ag2: updated receivedCl [[+m_acetylcoa], [+r_d2d1d3d1_51], [+r_d1d13d11d16_13], [+r_d4d2d1d54_47], [+r_d2d3d1d61_5], [+m_llysine], [-m_sarcosine, +c_compoundCarginine_fumarateC], [-r_d4d3d2d1_16, +c_compoundCarginine_fumarateC], [-m_creatinine, +c_compoundCarginine_fumarateC], [+m_nmna], [-m_arginine, +c_compoundCarginine_fumarateC]]
updated lstCsq [[+m_glucose], [+r_d2d6d1d14_55], [+r_d4d2d1d2_9], [+r_d2d6d1dx_15], [+m_pyruvate], [+r_d2d1d1d7_21], [+m_fumarate], [+m_citrate], [+r_d1d2d1d31_57], [+m_citrate], [+m_lactate], [-m_sarcosine, +m_arginine], [+m_succinate], [-m_creatinine, +r_d4d3d2d1_16], [+m_e2oxoglutarate], [-r_d4d3d2d1_17, +r_d4d3d2d1_16], [-m_sarcosine, +r_d4d3d2d1_16], [+r_d4d3d1d6_49], [+m_betaalanine], [+m_acryloylcoa], [-r_d4d3d2d1_17, +m_arginine], [-m_creatinine, +m_arginine], [+m_l2aminoadipate]]
Ag2 -> Ag3 : Send Clauses: Forward {C [Ag0]} Clauses = [[+m_lactate], [-m_sarcosine, +m_arginine], [+m_succinate], [-m_creatinine, +r_d4d3d2d1_16], [+m_e2oxoglutarate], [-r_d4d3d2d1_17, +r_d4d3d2d1_16], [-m_sarcosine, +r_d4d3d2d1_16], [+r_d4d3d1d6_49], [+m_betaalanine], [+m_acryloylcoa], [-r_d4d3d2d1_17, +m_arginine], [-m_creatinine, +m_arginine], [+m_l2aminoadipate]]
Ag3 <------  Send Clauses: Forward {C [Ag0]} Clauses = [[+m_lactate], [-m_sarcosine, +m_arginine], [+m_succinate], [-m_creatinine, +r_d4d3d2d1_16], [+m_e2oxoglutarate], [-r_d4d3d2d1_17, +r_d4d3d2d1_16], [-m_sarcosine, +r_d4d3d2d1_16], [+r_d4d3d1d6_49], [+m_betaalanine], [+m_acryloylcoa], [-r_d4d3d2d1_17, +m_arginine], [-m_creatinine, +m_arginine], [+m_l2aminoadipate]]
Ag3 receives [[+m_lactate], [-m_sarcosine, +m_arginine], [+m_succinate], [-m_creatinine, +r_d4d3d2d1_16], [+m_e2oxoglutarate], [-r_d4d3d2d1_17, +r_d4d3d2d1_16], [-m_sarcosine, +r_d4d3d2d1_16], [+r_d4d3d1d6_49], [+m_betaalanine], [+m_acryloylcoa], [-r_d4d3d2d1_17, +m_arginine], [-m_creatinine, +m_arginine], [+m_l2aminoadipate]]
After pruning [[-m_sarcosine, +m_arginine], [-m_creatinine, +r_d4d3d2d1_16], [+m_e2oxoglutarate], [-r_d4d3d2d1_17, +r_d4d3d2d1_16], [-m_sarcosine, +r_d4d3d2d1_16], [+r_d4d3d1d6_49], [-r_d4d3d2d1_17, +m_arginine], [-m_creatinine, +m_arginine], [+m_l2aminoadipate]]
Input Languages : {Ag2=[+m_citrate, -m_isocitrate, -r_d4d1d2d32_45, +c_compoundCarginine_fumarateC, -r_d2d6d1dx_15, -m_arginine, -m_succinate, +m_nmna, -m_fumarate, +m_betaalanine, -m_acryloylcoa, -m_l2aminoadipate, -m_pyruvate, +r_d2d3d1d61_5, +r_d4d3d2d1_17, +m_lactate, +m_succinate, -r_d4d2d1d2_9, -r_d4d3d1d6_49, +m_llysine, +r_d2d1d3d1_51, +r_d4d2d1d54_47, -r_d2d1d1d7_21, +r_d1d13d11d16_13, -r_d2d6d1d14_55, +m_isocitrate, +r_d1d2d1d31_57, +m_acryloylcoa, -m_betaalanine, -r_d4d3d2d1_16, +m_tmao, -m_e2oxoglutarate, +m_glucose, -m_lactate], Ag0=[+r_d2d1d1d7_21, -m_citrate, -c_compoundCarginine_fumarateC, +r_d4d3d2d1_16, -m_nmna, +m_fumarate, +r_d2d6d1dx_15, +m_arginine, -r_d4d3d2d1_17]}
Starting SolveToClause...
Launching solver...
----------------------------------------------------------------------
Clauses:
 [+r_d2d6d1d39_0, -m_l2aminoadipate]
 [-r_d2d6d1d39_0, +m_e2oxoglutarate]
 [+r_d2d6d1d39_1, -m_e2oxoglutarate]
 [-r_d2d6d1d39_1, +m_l2aminoadipate]
 [+r_d1d1d1d42_2, -m_e2oxoglutarate]
 [+m_isocitrate, -r_d1d1d1d42_2]
 [+r_d1d1d1d42_3, -m_isocitrate]
 [-r_d1d1d1d42_3, +m_e2oxoglutarate]
 [+r_d2d3d1d61_4, -m_e2oxoglutarate]
 [-r_d2d3d1d61_4, +m_succinate]
 [+r_d2d3d1d61_5, -m_succinate]
 [+m_citrate, -r_d4d2d1d2_9]
 [-m_fumarate, +r_d1d3d99d1_11]
 [-r_d1d3d99d1_11, +m_succinate]
 [+r_d1d13d11d16_12, -m_succinate]
 [+m_hippurate, -r_d1d13d11d16_12]
 [+r_d1d13d11d16_13, -m_hippurate]
 [+m_tmao, -r_d4d1d2d32_45]
 [+r_d4d2d1d54_46, -m_lactate]
 [-r_d4d2d1d54_46, +m_acryloylcoa]
 [+r_d4d2d1d54_47, -m_acryloylcoa]
 [+r_d4d3d1d6_48, -m_betaalanine]
 [-r_d4d3d1d6_48, +m_acryloylcoa]
 [-r_d4d3d1d6_49, +m_betaalanine]
 [+r_d2d1d3d1_50, -m_acryloylcoa]
 [-r_d2d1d3d1_50, +m_succinate]
 [+r_d2d1d3d1_51, -m_succinate]
 [+r_d4d1d1d20_52, -m_betaalanine]
 [+m_llysine, -r_d4d1d1d20_52]
 [-r_d2d6d1d14_55, +m_betaalanine]
 [+r_d1d2d1d31_56, -m_l2aminoadipate]
 [+m_llysine, -r_d1d2d1d31_56]
 [+r_d1d2d1d31_57, -m_llysine]
 [-m_pyruvate, +r_d1d1d1d27_60]
 [+m_lactate, -r_d1d1d1d27_60]
 [+m_glucose]
 [+r_d2d6d1dx_15]
 [+r_d2d1d1d7_21]
 [+m_fumarate]
 [+m_lactate]
 [+r_d1d2d1d31_57]
 [+r_d2d1d3d1_51]
 [+m_succinate]
 [+r_d1d13d11d16_13]
 [+m_citrate]
 [+r_d4d2d1d54_47]
 [+r_d2d3d1d61_5]
 [+m_llysine]
 [+m_betaalanine]
 [+m_acryloylcoa]
 [+c_compoundCarginine_fumarateC, -m_sarcosine]
 [+c_compoundCarginine_fumarateC, -r_d4d3d2d1_16]
 [+c_compoundCarginine_fumarateC, -m_creatinine]
 [+m_nmna]
 [+m_citrate]
 [+c_compoundCarginine_fumarateC, -m_arginine]
 [-m_sarcosine, +m_arginine]
 [-m_creatinine, +r_d4d3d2d1_16]
 [+m_e2oxoglutarate]
 [-r_d4d3d2d1_17, +r_d4d3d2d1_16]
 [-m_sarcosine, +r_d4d3d2d1_16]
 [+r_d4d3d1d6_49]
 [-r_d4d3d2d1_17, +m_arginine]
 [-m_creatinine, +m_arginine]
 [+m_l2aminoadipate]
Top clauses:
 [-m_sarcosine, +m_arginine]
 [-m_creatinine, +r_d4d3d2d1_16]
 [+m_e2oxoglutarate]
 [-r_d4d3d2d1_17, +r_d4d3d2d1_16]
 [-m_sarcosine, +r_d4d3d2d1_16]
 [+r_d4d3d1d6_49]
 [-r_d4d3d2d1_17, +m_arginine]
 [-m_creatinine, +m_arginine]
 [+m_l2aminoadipate]
Production field:
 [+r_d2d1d1d7_21, -m_citrate, -c_compoundCarginine_fumarateC, +r_d4d3d2d1_16, -m_nmna, +m_fumarate, +r_d2d6d1dx_15, +m_arginine, -r_d4d3d2d1_17, +m_citrate, -m_isocitrate, -r_d4d1d2d32_45, +c_compoundCarginine_fumarateC, -r_d2d6d1dx_15, -m_arginine, -m_succinate, +m_nmna, -m_fumarate, +m_betaalanine, -m_acryloylcoa, -m_l2aminoadipate, -m_pyruvate, +r_d2d3d1d61_5, +r_d4d3d2d1_17, +m_lactate, +m_succinate, -r_d4d2d1d2_9, -r_d4d3d1d6_49, +m_llysine, +r_d2d1d3d1_51, +r_d4d2d1d54_47, -r_d2d1d1d7_21, +r_d1d13d11d16_13, -r_d2d6d1d14_55, +m_isocitrate, +r_d1d2d1d31_57, +m_acryloylcoa, -m_betaalanine, -r_d4d3d2d1_16, +m_tmao, -m_e2oxoglutarate, +m_glucose, -m_lactate, -m_sarcosine, -m_creatinine, +r_d2d6d1d39_0, -r_d2d6d1d39_0, +r_d2d6d1d39_1, -r_d2d6d1d39_1, +r_d1d1d1d42_2, -r_d1d1d1d42_2, +r_d1d1d1d42_3, -r_d1d1d1d42_3, +r_d2d3d1d61_4, -r_d2d3d1d61_4]

>>>>>>>>>>>> Solving at depth : -1( real 0)
>>>>>>>>>>>> Solve - measure : [34, 73, 21, 24, 0, 0, 0, 0]
Solver finished.
SolveToClause Finished!
Ag3: updated receivedCl [[+r_d2d6d1d14_55], [+r_d4d2d1d2_9], [+m_pyruvate], [+m_e2oxoglutarate], [+r_d4d3d1d6_49], [+m_l2aminoadipate]]
updated lstCsq [[+m_glucose], [+r_d2d6d1dx_15], [+r_d2d1d1d7_21], [+m_fumarate], [+m_lactate], [+r_d1d2d1d31_57], [+r_d2d1d3d1_51], [+m_succinate], [+r_d1d13d11d16_13], [+m_citrate], [+r_d4d2d1d54_47], [+r_d2d3d1d61_5], [+m_llysine], [+m_betaalanine], [+m_acryloylcoa], [+c_compoundCarginine_fumarateC, -m_sarcosine], [+c_compoundCarginine_fumarateC, -r_d4d3d2d1_16], [+c_compoundCarginine_fumarateC, -m_creatinine], [+m_nmna], [+m_citrate], [+c_compoundCarginine_fumarateC, -m_arginine], [+r_d1d1d1d42_2], [-m_sarcosine, +m_arginine], [-m_creatinine, +r_d4d3d2d1_16], [-r_d4d3d2d1_17, +c_compoundCarginine_fumarateC], [-m_creatinine, +m_arginine], [+r_d2d6d1d39_0], [+r_d2d6d1d39_1], [+r_d2d3d1d61_4], [-r_d4d3d2d1_17, +r_d4d3d2d1_16], [-m_sarcosine, +r_d4d3d2d1_16], [+r_d1d1d1d42_3], [-r_d4d3d2d1_17, +m_arginine]]
Ag3 -> Ag0 : Send Clauses: Forward {C [Ag0]} {N [Ag3]} Clauses = [[+r_d1d1d1d42_2], [-m_sarcosine, +m_arginine], [-m_creatinine, +r_d4d3d2d1_16], [-r_d4d3d2d1_17, +c_compoundCarginine_fumarateC], [-m_creatinine, +m_arginine], [+r_d2d6d1d39_0], [+r_d2d6d1d39_1], [+r_d2d3d1d61_4], [-r_d4d3d2d1_17, +r_d4d3d2d1_16], [-m_sarcosine, +r_d4d3d2d1_16], [+r_d1d1d1d42_3], [-r_d4d3d2d1_17, +m_arginine]]
Ag0 <------  Send Clauses: Forward {C [Ag0]} {N [Ag3]} Clauses = [[+r_d1d1d1d42_2], [-m_sarcosine, +m_arginine], [-m_creatinine, +r_d4d3d2d1_16], [-r_d4d3d2d1_17, +c_compoundCarginine_fumarateC], [-m_creatinine, +m_arginine], [+r_d2d6d1d39_0], [+r_d2d6d1d39_1], [+r_d2d3d1d61_4], [-r_d4d3d2d1_17, +r_d4d3d2d1_16], [-m_sarcosine, +r_d4d3d2d1_16], [+r_d1d1d1d42_3], [-r_d4d3d2d1_17, +m_arginine]]
Ag0 receives [[+r_d1d1d1d42_2], [-m_sarcosine, +m_arginine], [-m_creatinine, +r_d4d3d2d1_16], [-r_d4d3d2d1_17, +c_compoundCarginine_fumarateC], [-m_creatinine, +m_arginine], [+r_d2d6d1d39_0], [+r_d2d6d1d39_1], [+r_d2d3d1d61_4], [-r_d4d3d2d1_17, +r_d4d3d2d1_16], [-m_sarcosine, +r_d4d3d2d1_16], [+r_d1d1d1d42_3], [-r_d4d3d2d1_17, +m_arginine]]
After pruning [[+r_d1d1d1d42_2], [-m_sarcosine, +m_arginine], [-m_creatinine, +r_d4d3d2d1_16], [-r_d4d3d2d1_17, +c_compoundCarginine_fumarateC], [-m_creatinine, +m_arginine], [+r_d2d6d1d39_0], [+r_d2d6d1d39_1], [+r_d2d3d1d61_4], [-r_d4d3d2d1_17, +r_d4d3d2d1_16], [-m_sarcosine, +r_d4d3d2d1_16], [+r_d1d1d1d42_3], [-r_d4d3d2d1_17, +m_arginine]]
Input Languages : {Ag3=[-r_d4d3d2d1_16, +m_citrate, -r_d2d1d1d7_21, +c_compoundCarginine_fumarateC, +r_d4d3d2d1_17, -r_d2d6d1dx_15, -m_arginine, +m_nmna, -m_fumarate], Ag1=[+m_citrate, +m_sarcosine, -m_sarcosine, -m_creatinine, +r_d3d5d1d59_37]}
Starting SolveToClause...
Launching solver...
----------------------------------------------------------------------
Clauses:
 [+m_citrate, -r_d2d6d1dx_15]
 [+c_compoundCarginine_fumarateC, -m_fumarate, -m_arginine]
 [-r_d4d3d2d1_16, +m_las]
 [+r_d4d3d2d1_17, -m_las]
 [+m_nmna, -r_d2d1d1d7_21]
 [+r_d6d3d4d5_22, -m_las]
 [-r_d6d3d4d5_22, +m_citruline]
 [+r_d6d3d4d5_23, -m_citruline]
 [-r_d6d3d4d5_23, +m_las]
 [+r_d2d1d3d3_24, -m_citruline]
 [-r_d2d1d3d3_24, +m_ornithine]
 [+r_d2d1d3d3_25, -m_ornithine]
 [-r_d2d1d3d3_25, +m_citruline]
 [+r_d3d5d3d1_26, -m_arginine]
 [-r_d3d5d3d1_26, +c_compoundCurea_ornithineC]
 [+r_d3d5d3d1_28, -c_compoundCurea_ornithineC]
 [-r_d3d5d3d1_28, +m_arginine]
 [+m_urea, -c_compoundCurea_ornithineC]
 [-c_compoundCurea_ornithineC, +m_ornithine]
 [-m_urea, +c_compoundCurea_ornithineC, -m_ornithine]
 [+r_d2d1d1d2_30, -m_ornithine]
 [-r_d2d1d1d2_30, +m_creatine]
 [+r_d2d1d1d2_31, -m_creatine]
 [-r_d2d1d1d2_31, +m_ornithine]
 [+r_d3d5d3d3_32, -m_creatine]
 [-r_d3d5d3d3_32, +c_compoundCurea_sarcosineC]
 [+m_urea, -c_compoundCurea_sarcosineC]
 [+m_sarcosine, -c_compoundCurea_sarcosineC]
 [+r_d3d5d3d3_33, -c_compoundCurea_sarcosineC]
 [-m_urea, -m_sarcosine, +c_compoundCurea_sarcosineC]
 [-r_d3d5d3d3_33, +m_creatine]
 [+r_d3d5d2d10_34, -m_creatinine]
 [-r_d3d5d2d10_34, +m_creatine]
 [+r_d3d5d2d10_35, -m_creatine]
 [-r_d3d5d2d10_35, +m_creatinine]
 [+r_d3d5d1d59_36, -m_creatinine]
 [-r_d3d5d1d59_36, +m_sarcosine]
 [+r_d3d5d1d59_37, -m_sarcosine]
 [+m_citrate]
 [+c_compoundCarginine_fumarateC, -r_d4d3d2d1_16]
 [+c_compoundCarginine_fumarateC, -m_creatinine]
 [+c_compoundCarginine_fumarateC, -m_arginine]
 [+m_nmna]
 [+c_compoundCarginine_fumarateC, -m_sarcosine]
 [+c_compoundCarginine_fumarateC, -r_d4d3d2d1_16]
 [+c_compoundCarginine_fumarateC, -m_arginine]
 [+r_d1d1d1d42_2]
 [-m_sarcosine, +m_arginine]
 [-m_creatinine, +r_d4d3d2d1_16]
 [-r_d4d3d2d1_17, +c_compoundCarginine_fumarateC]
 [-m_creatinine, +m_arginine]
 [+r_d2d6d1d39_0]
 [+r_d2d6d1d39_1]
 [+r_d2d3d1d61_4]
 [-r_d4d3d2d1_17, +r_d4d3d2d1_16]
 [-m_sarcosine, +r_d4d3d2d1_16]
 [+r_d1d1d1d42_3]
 [-r_d4d3d2d1_17, +m_arginine]
Top clauses:
 [+r_d1d1d1d42_2]
 [-m_sarcosine, +m_arginine]
 [-m_creatinine, +r_d4d3d2d1_16]
 [-r_d4d3d2d1_17, +c_compoundCarginine_fumarateC]
 [-m_creatinine, +m_arginine]
 [+r_d2d6d1d39_0]
 [+r_d2d6d1d39_1]
 [+r_d2d3d1d61_4]
 [-r_d4d3d2d1_17, +r_d4d3d2d1_16]
 [-m_sarcosine, +r_d4d3d2d1_16]
 [+r_d1d1d1d42_3]
 [-r_d4d3d2d1_17, +m_arginine]
Production field:
 [+m_citrate, +m_sarcosine, -m_sarcosine, -m_creatinine, +r_d3d5d1d59_37, -r_d4d3d2d1_16, +m_citrate, -r_d2d1d1d7_21, +c_compoundCarginine_fumarateC, +r_d4d3d2d1_17, -r_d2d6d1dx_15, -m_arginine, +m_nmna, -m_fumarate, +r_d1d1d1d42_2, +r_d2d6d1d39_0, +r_d2d6d1d39_1, +r_d2d3d1d61_4, +r_d1d1d1d42_3, +r_d2d6d1d39_0, -r_d2d6d1d39_0, +r_d2d6d1d39_1, -r_d2d6d1d39_1, +r_d1d1d1d42_2, -r_d1d1d1d42_2, +r_d1d1d1d42_3, -r_d1d1d1d42_3, +r_d2d3d1d61_4, -r_d2d3d1d61_4]

>>>>>>>>>>>> Solving at depth : -1( real 0)
>>>>>>>>>>>> Solve - measure : [680, 24856, 9308, 1770, 0, 185, 0, 34]
Solver finished.
SolveToClause Finished!
Ag0: updated receivedCl [[+r_d2d6d1dx_15], [+r_d2d1d1d7_21], [+m_fumarate], [+c_compoundCarginine_fumarateC, -r_d3d5d1d59_37], [-m_sarcosine, +m_arginine], [-m_creatinine, +r_d4d3d2d1_16], [+c_compoundCarginine_fumarateC, -r_d4d3d2d1_17], [-m_creatinine, +m_arginine], [-r_d4d3d2d1_17, +r_d4d3d2d1_16], [-m_sarcosine, +r_d4d3d2d1_16], [-r_d4d3d2d1_17, +m_arginine]]
updated lstCsq [[+m_citrate], [+c_compoundCarginine_fumarateC, -r_d4d3d2d1_16], [+c_compoundCarginine_fumarateC, -m_creatinine], [+c_compoundCarginine_fumarateC, -m_arginine], [+m_nmna], [+c_compoundCarginine_fumarateC, -r_d4d3d2d1_16], [+c_compoundCarginine_fumarateC, -m_arginine], [+c_compoundCarginine_fumarateC, -m_sarcosine], [+r_d2d6d1d39_1], [+r_d1d1d1d42_2], [-m_arginine, +m_sarcosine], [-r_d4d3d2d1_16, +r_d3d5d1d59_37], [-m_creatinine, +r_d3d5d1d59_37], [+r_d2d3d1d61_4], [-m_creatinine, +m_sarcosine], [-m_creatinine, +r_d4d3d2d1_17], [-r_d4d3d2d1_16, +m_sarcosine], [-m_sarcosine, +r_d4d3d2d1_17], [+r_d1d1d1d42_3], [-m_arginine, +r_d3d5d1d59_37], [+r_d2d6d1d39_0]]
Ag0 -> Ag1 : Send Clauses: Forward {N [Ag3, Ag0]} Clauses = [[+c_compoundCarginine_fumarateC, -m_sarcosine], [+r_d2d6d1d39_1], [+r_d1d1d1d42_2], [-m_arginine, +m_sarcosine], [-r_d4d3d2d1_16, +r_d3d5d1d59_37], [-m_creatinine, +r_d3d5d1d59_37], [+r_d2d3d1d61_4], [-m_creatinine, +m_sarcosine], [-m_creatinine, +r_d4d3d2d1_17], [-r_d4d3d2d1_16, +m_sarcosine], [-m_sarcosine, +r_d4d3d2d1_17], [+r_d1d1d1d42_3], [-m_arginine, +r_d3d5d1d59_37], [+r_d2d6d1d39_0]]
Ag1 <------  Send Clauses: Forward {N [Ag3, Ag0]} Clauses = [[+c_compoundCarginine_fumarateC, -m_sarcosine], [+r_d2d6d1d39_1], [+r_d1d1d1d42_2], [-m_arginine, +m_sarcosine], [-r_d4d3d2d1_16, +r_d3d5d1d59_37], [-m_creatinine, +r_d3d5d1d59_37], [+r_d2d3d1d61_4], [-m_creatinine, +m_sarcosine], [-m_creatinine, +r_d4d3d2d1_17], [-r_d4d3d2d1_16, +m_sarcosine], [-m_sarcosine, +r_d4d3d2d1_17], [+r_d1d1d1d42_3], [-m_arginine, +r_d3d5d1d59_37], [+r_d2d6d1d39_0]]
Ag1 receives [[+c_compoundCarginine_fumarateC, -m_sarcosine], [+r_d2d6d1d39_1], [+r_d1d1d1d42_2], [-m_arginine, +m_sarcosine], [-r_d4d3d2d1_16, +r_d3d5d1d59_37], [-m_creatinine, +r_d3d5d1d59_37], [+r_d2d3d1d61_4], [-m_creatinine, +m_sarcosine], [-m_creatinine, +r_d4d3d2d1_17], [-r_d4d3d2d1_16, +m_sarcosine], [-m_sarcosine, +r_d4d3d2d1_17], [+r_d1d1d1d42_3], [-m_arginine, +r_d3d5d1d59_37], [+r_d2d6d1d39_0]]
After pruning [[+c_compoundCarginine_fumarateC, -m_sarcosine], [+r_d2d6d1d39_1], [+r_d1d1d1d42_2], [-m_arginine, +m_sarcosine], [-r_d4d3d2d1_16, +r_d3d5d1d59_37], [-m_creatinine, +r_d3d5d1d59_37], [+r_d2d3d1d61_4], [-m_creatinine, +m_sarcosine], [-m_creatinine, +r_d4d3d2d1_17], [-r_d4d3d2d1_16, +m_sarcosine], [-m_sarcosine, +r_d4d3d2d1_17], [+r_d1d1d1d42_3], [-m_arginine, +r_d3d5d1d59_37], [+r_d2d6d1d39_0]]
Input Languages : {Ag2=[+m_pyruvate, +m_l2aminoadipate, -r_d1d2d1d31_57, +r_d4d1d2d32_45, -m_tmao, -m_citrate, -m_glucose, -m_lactate, +m_acetylcoa], Ag0=[-m_citrate, +m_creatinine, +m_sarcosine, -r_d3d5d1d59_37, -m_sarcosine]}
Starting SolveToClause...
Launching solver...
----------------------------------------------------------------------
Clauses:
 [-r_d3d5d1d59_37, +m_creatinine]
 [+r_d1d5d99d1_38, -m_formaldehyde]
 [+m_sarcosine, -r_d1d5d99d1_38]
 [+r_d1d5d99d1_39, -m_sarcosine]
 [-r_d1d5d99d1_39, +m_formaldehyde]
 [+r_d1d1d99d8_40, -m_formaldehyde]
 [+m_formate, -r_d1d1d99d8_40]
 [+r_d1d1d99d8_41, -m_formate]
 [-r_d1d1d99d8_41, +m_formaldehyde]
 [+r_d1d4d99d3_42, -m_formaldehyde]
 [-r_d1d4d99d3_42, +m_methylamine]
 [+r_d1d4d99d3_43, -m_methylamine]
 [-r_d1d4d99d3_43, +m_formaldehyde]
 [-m_tmao, +r_d4d1d2d32_44]
 [-r_d4d1d2d32_44, +c_compoundCformaldehyde_methylamineC]
 [-c_compoundCformaldehyde_methylamineC, +m_formaldehyde]
 [+m_methylamine, -c_compoundCformaldehyde_methylamineC]
 [+r_d4d1d2d32_45, -c_compoundCformaldehyde_methylamineC]
 [-m_methylamine, +c_compoundCformaldehyde_methylamineC, -m_formaldehyde]
 [+m_l2aminoadipate, -r_d1d2d1d31_57]
 [+r_d2d7d1d69_58, -m_glucose]
 [+m_pyruvate, -r_d2d7d1d69_58]
 [+r_d2d7d1d69_59, -m_pyruvate]
 [+m_glucose, -r_d2d7d1d69_59]
 [-m_lactate, +r_d1d1d1d27_61]
 [+m_pyruvate, -r_d1d1d1d27_61]
 [+r_d1d2d4d1_62, -m_pyruvate]
 [-r_d1d2d4d1_62, +m_acetylcoa]
 [+r_d1d2d4d1_63, -m_acetylcoa]
 [+m_pyruvate, -r_d1d2d4d1_63]
 [-m_citrate, +r_d2d3d3d1_65]
 [-r_d2d3d3d1_65, +m_acetylcoa]
 [+r_d6d2d1d1_66, -m_acetylcoa]
 [+m_acetate, -r_d6d2d1d1_66]
 [+r_d6d2d1d1_67, -m_acetate]
 [-r_d6d2d1d1_67, +m_acetylcoa]
 [+m_pyruvate]
 [+m_acetylcoa]
 [+c_compoundCarginine_fumarateC, -r_d3d5d1d59_37]
 [+m_l2aminoadipate]
 [+c_compoundCarginine_fumarateC, -m_sarcosine]
 [+r_d2d6d1d39_1]
 [+r_d1d1d1d42_2]
 [-m_arginine, +m_sarcosine]
 [-r_d4d3d2d1_16, +r_d3d5d1d59_37]
 [-m_creatinine, +r_d3d5d1d59_37]
 [+r_d2d3d1d61_4]
 [-m_creatinine, +m_sarcosine]
 [-m_creatinine, +r_d4d3d2d1_17]
 [-r_d4d3d2d1_16, +m_sarcosine]
 [-m_sarcosine, +r_d4d3d2d1_17]
 [+r_d1d1d1d42_3]
 [-m_arginine, +r_d3d5d1d59_37]
 [+r_d2d6d1d39_0]
Top clauses:
 [+c_compoundCarginine_fumarateC, -m_sarcosine]
 [+r_d2d6d1d39_1]
 [+r_d1d1d1d42_2]
 [-m_arginine, +m_sarcosine]
 [-r_d4d3d2d1_16, +r_d3d5d1d59_37]
 [-m_creatinine, +r_d3d5d1d59_37]
 [+r_d2d3d1d61_4]
 [-m_creatinine, +m_sarcosine]
 [-m_creatinine, +r_d4d3d2d1_17]
 [-r_d4d3d2d1_16, +m_sarcosine]
 [-m_sarcosine, +r_d4d3d2d1_17]
 [+r_d1d1d1d42_3]
 [-m_arginine, +r_d3d5d1d59_37]
 [+r_d2d6d1d39_0]
Production field:
 [-m_citrate, +m_creatinine, +m_sarcosine, -r_d3d5d1d59_37, -m_sarcosine, +m_pyruvate, +m_l2aminoadipate, -r_d1d2d1d31_57, +r_d4d1d2d32_45, -m_tmao, -m_citrate, -m_glucose, -m_lactate, +m_acetylcoa, +c_compoundCarginine_fumarateC, +r_d2d6d1d39_1, +r_d1d1d1d42_2, -m_arginine, -r_d4d3d2d1_16, +r_d2d3d1d61_4, +r_d4d3d2d1_17, +r_d1d1d1d42_3, +r_d2d6d1d39_0, +r_d2d6d1d39_0, -r_d2d6d1d39_0, +r_d2d6d1d39_1, -r_d2d6d1d39_1, +r_d1d1d1d42_2, -r_d1d1d1d42_2, +r_d1d1d1d42_3, -r_d1d1d1d42_3, +r_d2d3d1d61_4, -r_d2d3d1d61_4]

>>>>>>>>>>>> Solving at depth : -1( real 0)
>>>>>>>>>>>> Solve - measure : [13, 735, 261, 94, 0, 0, 0, 12]
Solver finished.
SolveToClause Finished!
Ag1: updated receivedCl [[+m_glucose], [+m_citrate], [+c_compoundCarginine_fumarateC, -m_creatinine], [+m_lactate], [+r_d1d2d1d31_57], [+c_compoundCarginine_fumarateC, -m_sarcosine], [-m_arginine, +m_sarcosine], [-r_d4d3d2d1_16, +r_d3d5d1d59_37], [-m_creatinine, +r_d3d5d1d59_37], [-m_creatinine, +m_sarcosine], [+r_d4d3d2d1_17, -m_creatinine], [-r_d4d3d2d1_16, +m_sarcosine], [+r_d4d3d2d1_17, -m_sarcosine], [-m_arginine, +r_d3d5d1d59_37]]
updated lstCsq [[+m_pyruvate], [+m_acetylcoa], [+c_compoundCarginine_fumarateC, -r_d3d5d1d59_37], [+m_l2aminoadipate], [+r_d1d1d1d42_2], [+c_compoundCarginine_fumarateC, -m_tmao], [+r_d4d3d2d1_17, -m_tmao], [-r_d3d5d1d59_37, +r_d4d1d2d32_45], [+r_d4d3d2d1_17, -r_d4d3d2d1_16], [-m_arginine, +c_compoundCarginine_fumarateC], [+r_d2d6d1d39_0], [+r_d2d6d1d39_1], [-r_d4d3d2d1_16, +r_d4d1d2d32_45], [-m_arginine, +r_d4d1d2d32_45], [+r_d2d3d1d61_4], [-r_d4d3d2d1_16, +c_compoundCarginine_fumarateC], [-m_arginine, +r_d4d3d2d1_17], [+r_d1d1d1d42_3]]
Ag1 -> Ag2 : Send Clauses: Forward {N [Ag3, Ag1, Ag0]} Clauses = [[+r_d1d1d1d42_2], [+c_compoundCarginine_fumarateC, -m_tmao], [+r_d4d3d2d1_17, -m_tmao], [-r_d3d5d1d59_37, +r_d4d1d2d32_45], [+r_d4d3d2d1_17, -r_d4d3d2d1_16], [-m_arginine, +c_compoundCarginine_fumarateC], [+r_d2d6d1d39_0], [+r_d2d6d1d39_1], [-r_d4d3d2d1_16, +r_d4d1d2d32_45], [-m_arginine, +r_d4d1d2d32_45], [+r_d2d3d1d61_4], [-r_d4d3d2d1_16, +c_compoundCarginine_fumarateC], [-m_arginine, +r_d4d3d2d1_17], [+r_d1d1d1d42_3]]
Ag2 <------  Send Clauses: Forward {N [Ag3, Ag1, Ag0]} Clauses = [[+r_d1d1d1d42_2], [+c_compoundCarginine_fumarateC, -m_tmao], [+r_d4d3d2d1_17, -m_tmao], [-r_d3d5d1d59_37, +r_d4d1d2d32_45], [+r_d4d3d2d1_17, -r_d4d3d2d1_16], [-m_arginine, +c_compoundCarginine_fumarateC], [+r_d2d6d1d39_0], [+r_d2d6d1d39_1], [-r_d4d3d2d1_16, +r_d4d1d2d32_45], [-m_arginine, +r_d4d1d2d32_45], [+r_d2d3d1d61_4], [-r_d4d3d2d1_16, +c_compoundCarginine_fumarateC], [-m_arginine, +r_d4d3d2d1_17], [+r_d1d1d1d42_3]]
Ag2 receives [[+r_d1d1d1d42_2], [+c_compoundCarginine_fumarateC, -m_tmao], [+r_d4d3d2d1_17, -m_tmao], [-r_d3d5d1d59_37, +r_d4d1d2d32_45], [+r_d4d3d2d1_17, -r_d4d3d2d1_16], [-m_arginine, +c_compoundCarginine_fumarateC], [+r_d2d6d1d39_0], [+r_d2d6d1d39_1], [-r_d4d3d2d1_16, +r_d4d1d2d32_45], [-m_arginine, +r_d4d1d2d32_45], [+r_d2d3d1d61_4], [-r_d4d3d2d1_16, +c_compoundCarginine_fumarateC], [-m_arginine, +r_d4d3d2d1_17], [+r_d1d1d1d42_3]]
After pruning [[+r_d1d1d1d42_2], [+c_compoundCarginine_fumarateC, -m_tmao], [+r_d4d3d2d1_17, -m_tmao], [-r_d3d5d1d59_37, +r_d4d1d2d32_45], [+r_d4d3d2d1_17, -r_d4d3d2d1_16], [+r_d2d6d1d39_0], [+r_d2d6d1d39_1], [-r_d4d3d2d1_16, +r_d4d1d2d32_45], [-m_arginine, +r_d4d1d2d32_45], [+r_d2d3d1d61_4], [-m_arginine, +r_d4d3d2d1_17], [+r_d1d1d1d42_3]]
Input Languages : {Ag3=[-m_isocitrate, +r_d2d1d1d7_21, -r_d1d13d11d16_13, -r_d2d1d3d1_51, -m_succinate, +m_betaalanine, -m_acryloylcoa, -r_d1d2d1d31_57, -m_tmao, -m_glucose, +r_d4d3d2d1_16, +m_e2oxoglutarate, +m_lactate, +m_succinate, -r_d4d2d1d54_47, +r_d4d2d1d2_9, +r_d4d1d2d32_45, -m_citrate, -c_compoundCarginine_fumarateC, -m_nmna, +m_fumarate, +m_isocitrate, +r_d2d6d1dx_15, +m_arginine, +m_acryloylcoa, -m_llysine, +m_pyruvate, -m_betaalanine, +m_l2aminoadipate, +r_d4d3d1d6_49, -r_d2d3d1d61_5, -m_lactate, +r_d2d6d1d14_55, -r_d4d3d2d1_17], Ag1=[-m_l2aminoadipate, -m_pyruvate, +m_citrate, +m_tmao, -r_d4d1d2d32_45, -m_acetylcoa, +m_glucose, +m_lactate, +r_d1d2d1d31_57]}
Starting SolveToClause...
Launching solver...
----------------------------------------------------------------------
Clauses:
 [+m_e2oxoglutarate, -r_d2d3d1d61_5]
 [+r_d4d2d1d3_6, -m_isocitrate]
 [-r_d4d2d1d3_6, +c_compoundCcitrate_transaconitateC]
 [-c_compoundCcitrate_transaconitateC, +m_citrate]
 [+m_transaconitate, -c_compoundCcitrate_transaconitateC]
 [+r_d4d2d1d3_7, -c_compoundCcitrate_transaconitateC]
 [-m_transaconitate, -m_citrate, +c_compoundCcitrate_transaconitateC]
 [+m_isocitrate, -r_d4d2d1d3_7]
 [+r_d4d2d1d2_8, -m_citrate]
 [-r_d4d2d1d2_8, +m_fumarate]
 [+r_d4d2d1d2_9, -m_fumarate]
 [+r_d1d3d99d1_10, -m_succinate]
 [-r_d1d3d99d1_10, +m_fumarate]
 [-r_d1d13d11d16_13, +m_succinate]
 [+r_d2d6d1dx_14, -m_citrate]
 [+m_taurine, -r_d2d6d1dx_14]
 [+r_d2d6d1dx_15, -m_taurine]
 [+r_d4d3d2d1_16, -c_compoundCarginine_fumarateC]
 [-r_d4d3d2d1_17, +c_compoundCarginine_fumarateC]
 [+m_arginine, -c_compoundCarginine_fumarateC]
 [-c_compoundCarginine_fumarateC, +m_fumarate]
 [+r_d2d1d1d1_18, -m_nmnd]
 [-r_d2d1d1d1_18, +m_fumarate]
 [+r_d2d1d1d1_19, -m_fumarate]
 [+m_nmnd, -r_d2d1d1d1_19]
 [-m_nmna, +r_d2d1d1d7_20]
 [-r_d2d1d1d7_20, +m_fumarate]
 [+r_d2d1d1d7_21, -m_fumarate]
 [+m_lactate, -r_d4d2d1d54_47]
 [+r_d4d3d1d6_49, -m_acryloylcoa]
 [-r_d2d1d3d1_51, +m_acryloylcoa]
 [-m_llysine, +r_d4d1d1d20_53]
 [+m_betaalanine, -r_d4d1d1d20_53]
 [+r_d2d6d1d14_54, -m_betaalanine]
 [-r_d2d6d1d14_54, +m_citrate]
 [+r_d2d6d1d14_55, -m_citrate]
 [-m_acetylcoa, +r_d2d3d3d1_64]
 [-r_d2d3d3d1_64, +m_citrate]
 [+m_glucose]
 [+r_d2d6d1d14_55]
 [+r_d4d2d1d2_9]
 [+r_d2d6d1dx_15]
 [+m_pyruvate]
 [+r_d2d1d1d7_21]
 [+m_fumarate]
 [+m_citrate]
 [+r_d1d2d1d31_57]
 [+m_citrate]
 [+m_lactate]
 [-m_sarcosine, +m_arginine]
 [+m_succinate]
 [-m_creatinine, +r_d4d3d2d1_16]
 [+m_e2oxoglutarate]
 [-r_d4d3d2d1_17, +r_d4d3d2d1_16]
 [-m_sarcosine, +r_d4d3d2d1_16]
 [+r_d4d3d1d6_49]
 [+m_betaalanine]
 [+m_acryloylcoa]
 [-r_d4d3d2d1_17, +m_arginine]
 [-m_creatinine, +m_arginine]
 [+m_l2aminoadipate]
 [+r_d1d1d1d42_2]
 [+c_compoundCarginine_fumarateC, -m_tmao]
 [+r_d4d3d2d1_17, -m_tmao]
 [-r_d3d5d1d59_37, +r_d4d1d2d32_45]
 [+r_d4d3d2d1_17, -r_d4d3d2d1_16]
 [+r_d2d6d1d39_0]
 [+r_d2d6d1d39_1]
 [-r_d4d3d2d1_16, +r_d4d1d2d32_45]
 [-m_arginine, +r_d4d1d2d32_45]
 [+r_d2d3d1d61_4]
 [-m_arginine, +r_d4d3d2d1_17]
 [+r_d1d1d1d42_3]
Top clauses:
 [+r_d1d1d1d42_2]
 [+c_compoundCarginine_fumarateC, -m_tmao]
 [+r_d4d3d2d1_17, -m_tmao]
 [-r_d3d5d1d59_37, +r_d4d1d2d32_45]
 [+r_d4d3d2d1_17, -r_d4d3d2d1_16]
 [+r_d2d6d1d39_0]
 [+r_d2d6d1d39_1]
 [-r_d4d3d2d1_16, +r_d4d1d2d32_45]
 [-m_arginine, +r_d4d1d2d32_45]
 [+r_d2d3d1d61_4]
 [-m_arginine, +r_d4d3d2d1_17]
 [+r_d1d1d1d42_3]
Production field:
 [-m_l2aminoadipate, -m_pyruvate, +m_citrate, +m_tmao, -r_d4d1d2d32_45, -m_acetylcoa, +m_glucose, +m_lactate, +r_d1d2d1d31_57, -m_isocitrate, +r_d2d1d1d7_21, -r_d1d13d11d16_13, -r_d2d1d3d1_51, -m_succinate, +m_betaalanine, -m_acryloylcoa, -r_d1d2d1d31_57, -m_tmao, -m_glucose, +r_d4d3d2d1_16, +m_e2oxoglutarate, +m_lactate, +m_succinate, -r_d4d2d1d54_47, +r_d4d2d1d2_9, +r_d4d1d2d32_45, -m_citrate, -c_compoundCarginine_fumarateC, -m_nmna, +m_fumarate, +m_isocitrate, +r_d2d6d1dx_15, +m_arginine, +m_acryloylcoa, -m_llysine, +m_pyruvate, -m_betaalanine, +m_l2aminoadipate, +r_d4d3d1d6_49, -r_d2d3d1d61_5, -m_lactate, +r_d2d6d1d14_55, -r_d4d3d2d1_17, +r_d1d1d1d42_2, -r_d3d5d1d59_37, +r_d2d6d1d39_0, +r_d2d6d1d39_1, +r_d2d3d1d61_4, +r_d1d1d1d42_3, +r_d2d6d1d39_0, -r_d2d6d1d39_0, +r_d2d6d1d39_1, -r_d2d6d1d39_1, +r_d1d1d1d42_2, -r_d1d1d1d42_2, +r_d1d1d1d42_3, -r_d1d1d1d42_3, +r_d2d3d1d61_4, -r_d2d3d1d61_4]

>>>>>>>>>>>> Solving at depth : -1( real 0)
>>>>>>>>>>>> Solve - measure : [14, 557, 163, 139, 0, 0, 0, 0]
Solver finished.
SolveToClause Finished!
Ag2: updated receivedCl [[+m_acetylcoa], [+r_d2d1d3d1_51], [+r_d1d13d11d16_13], [+r_d4d2d1d54_47], [+r_d2d3d1d61_5], [+m_llysine], [-m_sarcosine, +c_compoundCarginine_fumarateC], [-r_d4d3d2d1_16, +c_compoundCarginine_fumarateC], [-m_creatinine, +c_compoundCarginine_fumarateC], [+m_nmna], [-m_arginine, +c_compoundCarginine_fumarateC], [-m_tmao, +c_compoundCarginine_fumarateC], [-m_tmao, +r_d4d3d2d1_17], [-r_d4d3d2d1_16, +r_d4d3d2d1_17], [+r_d4d1d2d32_45, -r_d4d3d2d1_16], [+r_d4d1d2d32_45, -m_arginine], [-m_arginine, +r_d4d3d2d1_17]]
updated lstCsq [[+m_glucose], [+r_d2d6d1d14_55], [+r_d4d2d1d2_9], [+r_d2d6d1dx_15], [+m_pyruvate], [+r_d2d1d1d7_21], [+m_fumarate], [+m_citrate], [+r_d1d2d1d31_57], [+m_citrate], [+m_lactate], [-m_sarcosine, +m_arginine], [+m_succinate], [-m_creatinine, +r_d4d3d2d1_16], [+m_e2oxoglutarate], [+r_d4d3d2d1_16, -r_d4d3d2d1_17], [-m_sarcosine, +r_d4d3d2d1_16], [+r_d4d3d1d6_49], [+m_betaalanine], [+m_acryloylcoa], [+m_arginine, -r_d4d3d2d1_17], [-m_creatinine, +m_arginine], [+m_l2aminoadipate], [+r_d1d1d1d42_2], [-r_d3d5d1d59_37, +r_d4d1d2d32_45], [-m_tmao, +r_d4d1d2d32_45], [+r_d2d6d1d39_0], [+r_d2d6d1d39_1], [-m_tmao, +r_d4d3d2d1_16], [+r_d4d1d2d32_45, -r_d4d3d2d1_17], [-m_tmao, +m_arginine], [+r_d2d3d1d61_4], [-c_compoundCarginine_fumarateC, +r_d4d1d2d32_45], [+r_d1d1d1d42_3]]
Ag2 -> Ag3 : Send Clauses: Forward {N [Ag3, Ag1, Ag0]} Clauses = [[+r_d1d1d1d42_2], [-r_d3d5d1d59_37, +r_d4d1d2d32_45], [-m_tmao, +r_d4d1d2d32_45], [+r_d2d6d1d39_0], [+r_d2d6d1d39_1], [-m_tmao, +r_d4d3d2d1_16], [+r_d4d1d2d32_45, -r_d4d3d2d1_17], [-m_tmao, +m_arginine], [+r_d2d3d1d61_4], [-c_compoundCarginine_fumarateC, +r_d4d1d2d32_45], [+r_d1d1d1d42_3]]
Ag3 <------  Send Clauses: Forward {N [Ag3, Ag1, Ag0]} Clauses = [[+r_d1d1d1d42_2], [-r_d3d5d1d59_37, +r_d4d1d2d32_45], [-m_tmao, +r_d4d1d2d32_45], [+r_d2d6d1d39_0], [+r_d2d6d1d39_1], [-m_tmao, +r_d4d3d2d1_16], [+r_d4d1d2d32_45, -r_d4d3d2d1_17], [-m_tmao, +m_arginine], [+r_d2d3d1d61_4], [-c_compoundCarginine_fumarateC, +r_d4d1d2d32_45], [+r_d1d1d1d42_3]]
Ag3 receives [[+r_d1d1d1d42_2], [-r_d3d5d1d59_37, +r_d4d1d2d32_45], [-m_tmao, +r_d4d1d2d32_45], [+r_d2d6d1d39_0], [+r_d2d6d1d39_1], [-m_tmao, +r_d4d3d2d1_16], [+r_d4d1d2d32_45, -r_d4d3d2d1_17], [-m_tmao, +m_arginine], [+r_d2d3d1d61_4], [-c_compoundCarginine_fumarateC, +r_d4d1d2d32_45], [+r_d1d1d1d42_3]]
After pruning [[-r_d3d5d1d59_37, +r_d4d1d2d32_45], [-m_tmao, +r_d4d1d2d32_45], [-m_tmao, +r_d4d3d2d1_16], [+r_d4d1d2d32_45, -r_d4d3d2d1_17], [-m_tmao, +m_arginine], [-c_compoundCarginine_fumarateC, +r_d4d1d2d32_45]]
Input Languages : {Ag2=[+m_citrate, -m_isocitrate, -r_d4d1d2d32_45, +c_compoundCarginine_fumarateC, -r_d2d6d1dx_15, -m_arginine, -m_succinate, +m_nmna, -m_fumarate, +m_betaalanine, -m_acryloylcoa, -m_l2aminoadipate, -m_pyruvate, +r_d2d3d1d61_5, +r_d4d3d2d1_17, +m_lactate, +m_succinate, -r_d4d2d1d2_9, -r_d4d3d1d6_49, +m_llysine, +r_d2d1d3d1_51, +r_d4d2d1d54_47, -r_d2d1d1d7_21, +r_d1d13d11d16_13, -r_d2d6d1d14_55, +m_isocitrate, +r_d1d2d1d31_57, +m_acryloylcoa, -m_betaalanine, -r_d4d3d2d1_16, +m_tmao, -m_e2oxoglutarate, +m_glucose, -m_lactate], Ag0=[+r_d2d1d1d7_21, -m_citrate, -c_compoundCarginine_fumarateC, +r_d4d3d2d1_16, -m_nmna, +m_fumarate, +r_d2d6d1dx_15, +m_arginine, -r_d4d3d2d1_17]}
Starting SolveToClause...
Launching solver...
----------------------------------------------------------------------
Clauses:
 [+r_d2d6d1d39_0, -m_l2aminoadipate]
 [-r_d2d6d1d39_0, +m_e2oxoglutarate]
 [+r_d2d6d1d39_1, -m_e2oxoglutarate]
 [-r_d2d6d1d39_1, +m_l2aminoadipate]
 [+r_d1d1d1d42_2, -m_e2oxoglutarate]
 [+m_isocitrate, -r_d1d1d1d42_2]
 [+r_d1d1d1d42_3, -m_isocitrate]
 [-r_d1d1d1d42_3, +m_e2oxoglutarate]
 [+r_d2d3d1d61_4, -m_e2oxoglutarate]
 [-r_d2d3d1d61_4, +m_succinate]
 [+r_d2d3d1d61_5, -m_succinate]
 [+m_citrate, -r_d4d2d1d2_9]
 [-m_fumarate, +r_d1d3d99d1_11]
 [-r_d1d3d99d1_11, +m_succinate]
 [+r_d1d13d11d16_12, -m_succinate]
 [+m_hippurate, -r_d1d13d11d16_12]
 [+r_d1d13d11d16_13, -m_hippurate]
 [+m_tmao, -r_d4d1d2d32_45]
 [+r_d4d2d1d54_46, -m_lactate]
 [-r_d4d2d1d54_46, +m_acryloylcoa]
 [+r_d4d2d1d54_47, -m_acryloylcoa]
 [+r_d4d3d1d6_48, -m_betaalanine]
 [-r_d4d3d1d6_48, +m_acryloylcoa]
 [-r_d4d3d1d6_49, +m_betaalanine]
 [+r_d2d1d3d1_50, -m_acryloylcoa]
 [-r_d2d1d3d1_50, +m_succinate]
 [+r_d2d1d3d1_51, -m_succinate]
 [+r_d4d1d1d20_52, -m_betaalanine]
 [+m_llysine, -r_d4d1d1d20_52]
 [-r_d2d6d1d14_55, +m_betaalanine]
 [+r_d1d2d1d31_56, -m_l2aminoadipate]
 [+m_llysine, -r_d1d2d1d31_56]
 [+r_d1d2d1d31_57, -m_llysine]
 [-m_pyruvate, +r_d1d1d1d27_60]
 [+m_lactate, -r_d1d1d1d27_60]
 [+m_glucose]
 [+r_d2d6d1dx_15]
 [+r_d2d1d1d7_21]
 [+m_fumarate]
 [+m_lactate]
 [+r_d1d2d1d31_57]
 [+r_d2d1d3d1_51]
 [+m_succinate]
 [+r_d1d13d11d16_13]
 [+m_citrate]
 [+r_d4d2d1d54_47]
 [+r_d2d3d1d61_5]
 [+m_llysine]
 [+m_betaalanine]
 [+m_acryloylcoa]
 [+c_compoundCarginine_fumarateC, -m_sarcosine]
 [+c_compoundCarginine_fumarateC, -r_d4d3d2d1_16]
 [+c_compoundCarginine_fumarateC, -m_creatinine]
 [+m_nmna]
 [+m_citrate]
 [+c_compoundCarginine_fumarateC, -m_arginine]
 [+r_d1d1d1d42_2]
 [-m_sarcosine, +m_arginine]
 [-m_creatinine, +r_d4d3d2d1_16]
 [-r_d4d3d2d1_17, +c_compoundCarginine_fumarateC]
 [-m_creatinine, +m_arginine]
 [+r_d2d6d1d39_0]
 [+r_d2d6d1d39_1]
 [+r_d2d3d1d61_4]
 [-r_d4d3d2d1_17, +r_d4d3d2d1_16]
 [-m_sarcosine, +r_d4d3d2d1_16]
 [+r_d1d1d1d42_3]
 [-r_d4d3d2d1_17, +m_arginine]
 [-r_d3d5d1d59_37, +r_d4d1d2d32_45]
 [-m_tmao, +r_d4d1d2d32_45]
 [-m_tmao, +r_d4d3d2d1_16]
 [+r_d4d1d2d32_45, -r_d4d3d2d1_17]
 [-m_tmao, +m_arginine]
 [-c_compoundCarginine_fumarateC, +r_d4d1d2d32_45]
Top clauses:
 [-r_d3d5d1d59_37, +r_d4d1d2d32_45]
 [-m_tmao, +r_d4d1d2d32_45]
 [-m_tmao, +r_d4d3d2d1_16]
 [+r_d4d1d2d32_45, -r_d4d3d2d1_17]
 [-m_tmao, +m_arginine]
 [-c_compoundCarginine_fumarateC, +r_d4d1d2d32_45]
Production field:
 [+r_d2d1d1d7_21, -m_citrate, -c_compoundCarginine_fumarateC, +r_d4d3d2d1_16, -m_nmna, +m_fumarate, +r_d2d6d1dx_15, +m_arginine, -r_d4d3d2d1_17, +m_citrate, -m_isocitrate, -r_d4d1d2d32_45, +c_compoundCarginine_fumarateC, -r_d2d6d1dx_15, -m_arginine, -m_succinate, +m_nmna, -m_fumarate, +m_betaalanine, -m_acryloylcoa, -m_l2aminoadipate, -m_pyruvate, +r_d2d3d1d61_5, +r_d4d3d2d1_17, +m_lactate, +m_succinate, -r_d4d2d1d2_9, -r_d4d3d1d6_49, +m_llysine, +r_d2d1d3d1_51, +r_d4d2d1d54_47, -r_d2d1d1d7_21, +r_d1d13d11d16_13, -r_d2d6d1d14_55, +m_isocitrate, +r_d1d2d1d31_57, +m_acryloylcoa, -m_betaalanine, -r_d4d3d2d1_16, +m_tmao, -m_e2oxoglutarate, +m_glucose, -m_lactate, +r_d1d1d1d42_2, -r_d3d5d1d59_37, +r_d2d6d1d39_0, +r_d2d6d1d39_1, +r_d2d3d1d61_4, +r_d1d1d1d42_3, +r_d2d6d1d39_0, -r_d2d6d1d39_0, +r_d2d6d1d39_1, -r_d2d6d1d39_1, +r_d1d1d1d42_2, -r_d1d1d1d42_2, +r_d1d1d1d42_3, -r_d1d1d1d42_3, +r_d2d3d1d61_4, -r_d2d3d1d61_4]

>>>>>>>>>>>> Solving at depth : -1( real 0)
>>>>>>>>>>>> Solve - measure : [15, 582, 163, 150, 0, 0, 0, 0]
Solver finished.
SolveToClause Finished!
Ag3: updated receivedCl [[+r_d2d6d1d14_55], [+r_d4d2d1d2_9], [+m_pyruvate], [+m_e2oxoglutarate], [+r_d4d3d1d6_49], [+m_l2aminoadipate], [-r_d3d5d1d59_37, +r_d4d1d2d32_45], [-m_tmao, +r_d4d1d2d32_45], [-m_tmao, +r_d4d3d2d1_16], [-r_d4d3d2d1_17, +r_d4d1d2d32_45], [-m_tmao, +m_arginine], [+r_d4d1d2d32_45, -c_compoundCarginine_fumarateC]]
updated lstCsq [[+m_glucose], [+r_d2d6d1dx_15], [+r_d2d1d1d7_21], [+m_fumarate], [+m_lactate], [+r_d1d2d1d31_57], [+r_d2d1d3d1_51], [+m_succinate], [+r_d1d13d11d16_13], [+m_citrate], [+r_d4d2d1d54_47], [+r_d2d3d1d61_5], [+m_llysine], [+m_betaalanine], [+m_acryloylcoa], [+c_compoundCarginine_fumarateC, -m_sarcosine], [+c_compoundCarginine_fumarateC, -r_d4d3d2d1_16], [+c_compoundCarginine_fumarateC, -m_creatinine], [+m_nmna], [+m_citrate], [+c_compoundCarginine_fumarateC, -m_arginine], [+r_d1d1d1d42_2], [-m_sarcosine, +m_arginine], [-m_creatinine, +r_d4d3d2d1_16], [-r_d4d3d2d1_17, +c_compoundCarginine_fumarateC], [-m_creatinine, +m_arginine], [+r_d2d6d1d39_0], [+r_d2d6d1d39_1], [+r_d2d3d1d61_4], [-r_d4d3d2d1_17, +r_d4d3d2d1_16], [-m_sarcosine, +r_d4d3d2d1_16], [+r_d1d1d1d42_3], [-r_d4d3d2d1_17, +m_arginine], [+r_d4d3d2d1_16, -c_compoundCarginine_fumarateC], [+m_arginine, -c_compoundCarginine_fumarateC], [+m_arginine, -r_d4d3d2d1_16], [-r_d4d1d2d32_45, +m_arginine], [+m_tmao, -c_compoundCarginine_fumarateC], [+r_d4d3d2d1_16, -m_arginine], [+m_tmao, -r_d4d3d2d1_17], [+m_arginine, -r_d3d5d1d59_37], [+r_d4d3d2d1_16, -r_d3d5d1d59_37], [-r_d4d1d2d32_45, +r_d4d3d2d1_16]]
Ag3 -> Ag0 : Send Clauses: Forward {N [Ag3, Ag1, Ag0]} Clauses = [[+r_d4d3d2d1_16, -c_compoundCarginine_fumarateC], [+m_arginine, -c_compoundCarginine_fumarateC], [+m_arginine, -r_d4d3d2d1_16], [-r_d4d1d2d32_45, +m_arginine], [+m_tmao, -c_compoundCarginine_fumarateC], [+r_d4d3d2d1_16, -m_arginine], [+m_tmao, -r_d4d3d2d1_17], [+m_arginine, -r_d3d5d1d59_37], [+r_d4d3d2d1_16, -r_d3d5d1d59_37], [-r_d4d1d2d32_45, +r_d4d3d2d1_16]]
Ag0 <------  Send Clauses: Forward {N [Ag3, Ag1, Ag0]} Clauses = [[+r_d4d3d2d1_16, -c_compoundCarginine_fumarateC], [+m_arginine, -c_compoundCarginine_fumarateC], [+m_arginine, -r_d4d3d2d1_16], [-r_d4d1d2d32_45, +m_arginine], [+m_tmao, -c_compoundCarginine_fumarateC], [+r_d4d3d2d1_16, -m_arginine], [+m_tmao, -r_d4d3d2d1_17], [+m_arginine, -r_d3d5d1d59_37], [+r_d4d3d2d1_16, -r_d3d5d1d59_37], [-r_d4d1d2d32_45, +r_d4d3d2d1_16]]
Ag0 receives [[+r_d4d3d2d1_16, -c_compoundCarginine_fumarateC], [+m_arginine, -c_compoundCarginine_fumarateC], [+m_arginine, -r_d4d3d2d1_16], [-r_d4d1d2d32_45, +m_arginine], [+m_tmao, -c_compoundCarginine_fumarateC], [+r_d4d3d2d1_16, -m_arginine], [+m_tmao, -r_d4d3d2d1_17], [+m_arginine, -r_d3d5d1d59_37], [+r_d4d3d2d1_16, -r_d3d5d1d59_37], [-r_d4d1d2d32_45, +r_d4d3d2d1_16]]
After pruning [[+r_d4d3d2d1_16, -c_compoundCarginine_fumarateC], [+m_arginine, -c_compoundCarginine_fumarateC], [+m_arginine, -r_d4d3d2d1_16], [-r_d4d1d2d32_45, +m_arginine], [+m_tmao, -c_compoundCarginine_fumarateC], [+r_d4d3d2d1_16, -m_arginine], [+m_tmao, -r_d4d3d2d1_17], [+m_arginine, -r_d3d5d1d59_37], [+r_d4d3d2d1_16, -r_d3d5d1d59_37], [-r_d4d1d2d32_45, +r_d4d3d2d1_16]]
Input Languages : {Ag3=[-r_d4d3d2d1_16, +m_citrate, -r_d2d1d1d7_21, +c_compoundCarginine_fumarateC, +r_d4d3d2d1_17, -r_d2d6d1dx_15, -m_arginine, +m_nmna, -m_fumarate], Ag1=[+m_citrate, +m_sarcosine, -m_sarcosine, -m_creatinine, +r_d3d5d1d59_37]}
Starting SolveToClause...
Launching solver...
----------------------------------------------------------------------
Clauses:
 [+m_citrate, -r_d2d6d1dx_15]
 [+c_compoundCarginine_fumarateC, -m_fumarate, -m_arginine]
 [+m_las, -r_d4d3d2d1_16]
 [-m_las, +r_d4d3d2d1_17]
 [+m_nmna, -r_d2d1d1d7_21]
 [+r_d6d3d4d5_22, -m_las]
 [-r_d6d3d4d5_22, +m_citruline]
 [+r_d6d3d4d5_23, -m_citruline]
 [-r_d6d3d4d5_23, +m_las]
 [+r_d2d1d3d3_24, -m_citruline]
 [-r_d2d1d3d3_24, +m_ornithine]
 [+r_d2d1d3d3_25, -m_ornithine]
 [-r_d2d1d3d3_25, +m_citruline]
 [+r_d3d5d3d1_26, -m_arginine]
 [-r_d3d5d3d1_26, +c_compoundCurea_ornithineC]
 [+r_d3d5d3d1_28, -c_compoundCurea_ornithineC]
 [-r_d3d5d3d1_28, +m_arginine]
 [+m_urea, -c_compoundCurea_ornithineC]
 [-c_compoundCurea_ornithineC, +m_ornithine]
 [-m_urea, +c_compoundCurea_ornithineC, -m_ornithine]
 [+r_d2d1d1d2_30, -m_ornithine]
 [-r_d2d1d1d2_30, +m_creatine]
 [+r_d2d1d1d2_31, -m_creatine]
 [-r_d2d1d1d2_31, +m_ornithine]
 [+r_d3d5d3d3_32, -m_creatine]
 [-r_d3d5d3d3_32, +c_compoundCurea_sarcosineC]
 [+m_urea, -c_compoundCurea_sarcosineC]
 [-c_compoundCurea_sarcosineC, +m_sarcosine]
 [+r_d3d5d3d3_33, -c_compoundCurea_sarcosineC]
 [-m_urea, -m_sarcosine, +c_compoundCurea_sarcosineC]
 [-r_d3d5d3d3_33, +m_creatine]
 [+r_d3d5d2d10_34, -m_creatinine]
 [-r_d3d5d2d10_34, +m_creatine]
 [+r_d3d5d2d10_35, -m_creatine]
 [-r_d3d5d2d10_35, +m_creatinine]
 [+r_d3d5d1d59_36, -m_creatinine]
 [-r_d3d5d1d59_36, +m_sarcosine]
 [+r_d3d5d1d59_37, -m_sarcosine]
 [+m_citrate]
 [+c_compoundCarginine_fumarateC, -r_d4d3d2d1_16]
 [+c_compoundCarginine_fumarateC, -m_creatinine]
 [+c_compoundCarginine_fumarateC, -m_arginine]
 [+m_nmna]
 [+c_compoundCarginine_fumarateC, -r_d4d3d2d1_16]
 [+c_compoundCarginine_fumarateC, -m_arginine]
 [+c_compoundCarginine_fumarateC, -m_sarcosine]
 [+r_d2d6d1d39_1]
 [+r_d1d1d1d42_2]
 [-m_arginine, +m_sarcosine]
 [-r_d4d3d2d1_16, +r_d3d5d1d59_37]
 [-m_creatinine, +r_d3d5d1d59_37]
 [+r_d2d3d1d61_4]
 [-m_creatinine, +m_sarcosine]
 [-m_creatinine, +r_d4d3d2d1_17]
 [-r_d4d3d2d1_16, +m_sarcosine]
 [-m_sarcosine, +r_d4d3d2d1_17]
 [+r_d1d1d1d42_3]
 [-m_arginine, +r_d3d5d1d59_37]
 [+r_d2d6d1d39_0]
 [+r_d4d3d2d1_16, -c_compoundCarginine_fumarateC]
 [+m_arginine, -c_compoundCarginine_fumarateC]
 [+m_arginine, -r_d4d3d2d1_16]
 [-r_d4d1d2d32_45, +m_arginine]
 [+m_tmao, -c_compoundCarginine_fumarateC]
 [+r_d4d3d2d1_16, -m_arginine]
 [+m_tmao, -r_d4d3d2d1_17]
 [+m_arginine, -r_d3d5d1d59_37]
 [+r_d4d3d2d1_16, -r_d3d5d1d59_37]
 [-r_d4d1d2d32_45, +r_d4d3d2d1_16]
Top clauses:
 [+r_d4d3d2d1_16, -c_compoundCarginine_fumarateC]
 [+m_arginine, -c_compoundCarginine_fumarateC]
 [+m_arginine, -r_d4d3d2d1_16]
 [-r_d4d1d2d32_45, +m_arginine]
 [+m_tmao, -c_compoundCarginine_fumarateC]
 [+r_d4d3d2d1_16, -m_arginine]
 [+m_tmao, -r_d4d3d2d1_17]
 [+m_arginine, -r_d3d5d1d59_37]
 [+r_d4d3d2d1_16, -r_d3d5d1d59_37]
 [-r_d4d1d2d32_45, +r_d4d3d2d1_16]
Production field:
 [+m_citrate, +m_sarcosine, -m_sarcosine, -m_creatinine, +r_d3d5d1d59_37, -r_d4d3d2d1_16, +m_citrate, -r_d2d1d1d7_21, +c_compoundCarginine_fumarateC, +r_d4d3d2d1_17, -r_d2d6d1dx_15, -m_arginine, +m_nmna, -m_fumarate, -r_d4d1d2d32_45, +m_tmao, +r_d2d6d1d39_0, -r_d2d6d1d39_0, +r_d2d6d1d39_1, -r_d2d6d1d39_1, +r_d1d1d1d42_2, -r_d1d1d1d42_2, +r_d1d1d1d42_3, -r_d1d1d1d42_3, +r_d2d3d1d61_4, -r_d2d3d1d61_4]

>>>>>>>>>>>> Solving at depth : -1( real 0)
Sys -> Sys : {Time up!}
Sys <------  {Time up!}
0 (NEW) CHARACTERISTIC CLAUSES


Total execution time was 10911 ms.

Execution time was 10186 ms.

---System Timeout---
Problems/Bio/glucolysis_min-5_ld-1--1_MULTI_DICF-PB-Token-FixedOrder-3-0-1-2

LAUNCH CMP CSQ##################################
here
there
//nb de clauses de c1
0
//nb de clauses de c2
5
//c2 : solutions finales du MONO AGENT
//nb de clauses de c1 totalement(exactement) prsentes dans c2 (et inversement)
0
//permet de mieux voir les redondances
//nb de fois que des clauses de c2 subsument des clauses de c1
0
//nb de fois que des clauses de c2 subsument des clauses de c1 (strict)
0
//nb de clauses de c1 qui ne sont subsumes par aucune clause de c2
0
//nb de clauses de c1 qui sont subsumes par des clauses de c2 (strict)
0
//nb de clauses de c1 qui sont subsumes par des clauses de c2 
0
//nb de clauses de c2 qui ne subsument aucune clause de c1
5
//nb de clauses de c2 qui subsument au moins une clause de c1
0
//nb de clauses de c2 qui subsument au moins une clause de c1(strict)
0
Problems/Bio/glucolysis_min-5_ld-1--1_MULTI_DICF-PB-Token-FixedOrder-3-0-1-2_CMP
nbCl_c1_non_subsumed;nbCl_c1;nbCl_c2;nbCl_c2_non_sub;nbTimesCl_subs_min;nbTimesCl_subs_non_min;nbCl_c1_subsumed_non_min;nbCl_c1_subsumed_min;nbCl_c2_sub_min;nbCl_c2_sub_non_min;nbCl_c1_tot_present
0;0;5;5;0;0;0;0;0;0;0

MERGE STATS####################################
file does exist at this time

Problems/Bio/glucolysis_min-5_ld-1--1_MULTI_DICF-PB-Token-FixedOrder-3-0-1-2.csq
1
timeout occured
max CPU time by SOLAR
min consequences sent
nbAg+
root-extensions
min CPU time by SOLAR
distrib
min total size messages
inferences
min extensions
max inferences
nbConsequencesFound
root-CPU time by SOLAR
nb Messages
root-total size messages
max total size messages
max nb Messages
CPU time by SOLAR
max extensions
max clauses sents
consequences sent
method
root-clauses sents
nbCl_c1_non_subsumed;nbCl_c1;nbCl_c2;nbCl_c2_non_sub;nbTimesCl_subs_min;nbTimesCl_subs_non_min;nbCl_c1_subsumed_non_min;nbCl_c1_subsumed_min;nbCl_c2_sub_min;nbCl_c2_sub_non_min;nbCl_c1_tot_present
min nb Messages
root-consequences sent
var
root-nb Messages
min clauses sents
root-inferences
total time
root
clauses sents
max consequences sent
timed_out
min inferences
infile
extensions
problem
total size messages
