generate VARIANT################################
launch MONO#####################################
-d64
-Xms512m
-Xmx10g
-jar
ressources/CFLauncher_7.jar
-method=SOLAR-Inc-Carc
-verbose
-t=1200000
-var=_all_ld-1--1
-csq=Problems/Bio/glucolysis_all_ld-1--1_MONO
Problems/Bio/glucolysis
Problems/Bio/glucolysis_all_ld-1--1
>>>>>>>>>>>> Solving at depth : -1( real 0)
>>>>>>>>>>>> Solve - measure : [55, 6, 1, 2, 0, 0, 0, 0]
>>>>>>>>>>>> Solving at depth : -1( real 0)
>>>>>>>>>>>> Solve - measure : [8, 9, 2, 3, 0, 0, 0, 0]
>>>>>>>>>>>> Solving at depth : -1( real 0)
>>>>>>>>>>>> Solve - measure : [6, 12, 3, 4, 0, 0, 0, 0]
>>>>>>>>>>>> Solving at depth : -1( real 0)
>>>>>>>>>>>> Solve - measure : [10, 35, 10, 10, 0, 0, 0, 0]
>>>>>>>>>>>> Solving at depth : -1( real 0)
>>>>>>>>>>>> Solve - measure : [9, 16, 4, 5, 0, 0, 0, 0]
>>>>>>>>>>>> Solving at depth : -1( real 0)
>>>>>>>>>>>> Solve - measure : [8, 19, 5, 6, 0, 0, 0, 0]
>>>>>>>>>>>> Solving at depth : -1( real 0)
>>>>>>>>>>>> Solve - measure : [9, 22, 6, 7, 0, 0, 0, 0]
>>>>>>>>>>>> Solving at depth : -1( real 0)
>>>>>>>>>>>> Solve - measure : [19, 126, 37, 37, 0, 0, 0, 0]
>>>>>>>>>>>> Solving at depth : -1( real 0)
>>>>>>>>>>>> Solve - measure : [11, 26, 7, 8, 0, 0, 0, 0]
>>>>>>>>>>>> Solving at depth : -1( real 0)
>>>>>>>>>>>> Solve - measure : [11, 29, 8, 9, 0, 0, 0, 0]
>>>>>>>>>>>> Solving at depth : -1( real 0)
>>>>>>>>>>>> Solve - measure : [12, 32, 9, 10, 0, 0, 0, 0]
>>>>>>>>>>>> Solving at depth : -1( real 0)
>>>>>>>>>>>> Solve - measure : [36, 277, 82, 82, 0, 0, 0, 0]
>>>>>>>>>>>> Solving at depth : -1( real 0)
>>>>>>>>>>>> Solve - measure : [9, 36, 10, 11, 0, 0, 0, 0]
>>>>>>>>>>>> Solving at depth : -1( real 0)
>>>>>>>>>>>> Solve - measure : [9, 39, 11, 12, 0, 0, 0, 0]
>>>>>>>>>>>> Solving at depth : -1( real 0)
>>>>>>>>>>>> Solve - measure : [9, 42, 12, 13, 0, 0, 0, 0]
>>>>>>>>>>>> Solving at depth : -1( real 0)
>>>>>>>>>>>> Solve - measure : [9, 42, 12, 13, 0, 0, 0, 0]
>>>>>>>>>>>> Solving at depth : -1( real 0)
>>>>>>>>>>>> Solve - measure : [9, 42, 12, 13, 0, 0, 0, 0]
>>>>>>>>>>>> Solving at depth : -1( real 0)
>>>>>>>>>>>> Solve - measure : [105, 1713, 429, 510, 0, 11, 0, 0]
>>>>>>>>>>>> Solving at depth : -1( real 0)
>>>>>>>>>>>> Solve - measure : [41, 581, 168, 168, 0, 0, 0, 0]
>>>>>>>>>>>> Solving at depth : -1( real 0)
>>>>>>>>>>>> Solve - measure : [7, 50, 14, 15, 0, 0, 0, 0]
>>>>>>>>>>>> Solving at depth : -1( real 0)
>>>>>>>>>>>> Solve - measure : [7, 53, 15, 16, 0, 0, 0, 0]
>>>>>>>>>>>> Solving at depth : -1( real 0)
>>>>>>>>>>>> Solve - measure : [7, 56, 16, 17, 0, 0, 0, 0]
>>>>>>>>>>>> Solving at depth : -1( real 0)
>>>>>>>>>>>> Solve - measure : [162, 5117, 1457, 1412, 0, 13, 0, 0]
>>>>>>>>>>>> Solving at depth : -1( real 0)
>>>>>>>>>>>> Solve - measure : [4, 63, 17, 19, 0, 0, 0, 0]
>>>>>>>>>>>> Solving at depth : -1( real 0)
>>>>>>>>>>>> Solve - measure : [65, 2673, 774, 754, 0, 48, 0, 0]
>>>>>>>>>>>> Solving at depth : -1( real 0)
>>>>>>>>>>>> Solve - measure : [4, 117, 33, 35, 0, 0, 0, 0]
>>>>>>>>>>>> Solving at depth : -1( real 0)
>>>>>>>>>>>> Solve - measure : [142, 7354, 2118, 2014, 0, 20, 0, 6]
>>>>>>>>>>>> Solving at depth : -1( real 0)
>>>>>>>>>>>> Solve - measure : [5, 125, 35, 37, 0, 0, 0, 0]
>>>>>>>>>>>> Solving at depth : -1( real 0)
>>>>>>>>>>>> Solve - measure : [5, 128, 36, 38, 0, 0, 0, 0]
>>>>>>>>>>>> Solving at depth : -1( real 0)
>>>>>>>>>>>> Solve - measure : [5, 131, 37, 39, 0, 0, 0, 0]
>>>>>>>>>>>> Solving at depth : -1( real 0)
>>>>>>>>>>>> Solve - measure : [143, 8928, 2570, 2467, 0, 21, 0, 8]
>>>>>>>>>>>> Solving at depth : -1( real 0)
>>>>>>>>>>>> Solve - measure : [3, 145, 42, 43, 0, 0, 0, 0]
>>>>>>>>>>>> Solving at depth : -1( real 0)
>>>>>>>>>>>> Solve - measure : [2, 148, 43, 44, 0, 0, 0, 0]
>>>>>>>>>>>> Solving at depth : -1( real 0)
>>>>>>>>>>>> Solve - measure : [3, 151, 44, 45, 0, 0, 0, 0]
>>>>>>>>>>>> Solving at depth : -1( real 0)
>>>>>>>>>>>> Solve - measure : [196, 35080, 10172, 9859, 0, 40, 0, 24]
>>>>>>>>>>>> Solving at depth : -1( real 0)
>>>>>>>>>>>> Solve - measure : [3, 6, 1, 2, 0, 0, 0, 0]
>>>>>>>>>>>> Solving at depth : -1( real 0)
>>>>>>>>>>>> Solve - measure : [4, 331, 94, 99, 0, 0, 0, 0]
>>>>>>>>>>>> Solving at depth : -1( real 0)
>>>>>>>>>>>> Solve - measure : [3, 173, 49, 52, 0, 0, 0, 0]
>>>>>>>>>>>> Solving at depth : -1( real 0)
>>>>>>>>>>>> Solve - measure : [3, 176, 50, 53, 0, 0, 0, 0]
>>>>>>>>>>>> Solving at depth : -1( real 0)
>>>>>>>>>>>> Solve - measure : [2, 35, 10, 10, 0, 0, 0, 0]
>>>>>>>>>>>> Solving at depth : -1( real 0)
>>>>>>>>>>>> Solve - measure : [8, 2066, 570, 576, 0, 0, 0, 0]
>>>>>>>>>>>> Solving at depth : -1( real 0)
>>>>>>>>>>>> Solve - measure : [139, 30050, 8636, 8369, 0, 86, 0, 27]
>>>>>>>>>>>> Solving at depth : -1( real 0)
>>>>>>>>>>>> Solve - measure : [2, 6, 1, 2, 0, 0, 0, 0]
>>>>>>>>>>>> Solving at depth : -1( real 0)
>>>>>>>>>>>> Solve - measure : [14, 2151, 610, 614, 0, 0, 0, 2]
>>>>>>>>>>>> Solving at depth : -1( real 0)
>>>>>>>>>>>> Solve - measure : [3, 185, 53, 55, 0, 0, 0, 0]
>>>>>>>>>>>> Solving at depth : -1( real 0)
>>>>>>>>>>>> Solve - measure : [142, 22265, 6575, 6365, 0, 175, 0, 1]
>>>>>>>>>>>> Solving at depth : -1( real 0)
>>>>>>>>>>>> Solve - measure : [2, 6, 1, 2, 0, 0, 0, 0]
>>>>>>>>>>>> Solving at depth : -1( real 0)
>>>>>>>>>>>> Solve - measure : [13, 2171, 616, 620, 0, 0, 0, 2]
>>>>>>>>>>>> Solving at depth : -1( real 0)
>>>>>>>>>>>> Solve - measure : [2, 195, 56, 58, 0, 0, 0, 0]
>>>>>>>>>>>> Solving at depth : -1( real 0)
>>>>>>>>>>>> Solve - measure : [159, 24445, 7223, 7016, 0, 175, 0, 1]
>>>>>>>>>>>> Solving at depth : -1( real 0)
>>>>>>>>>>>> Solve - measure : [3, 202, 57, 60, 0, 0, 0, 0]
>>>>>>>>>>>> Solving at depth : -1( real 0)
>>>>>>>>>>>> Solve - measure : [3, 205, 58, 61, 0, 0, 0, 0]
>>>>>>>>>>>> Solving at depth : -1( real 0)
>>>>>>>>>>>> Solve - measure : [3, 208, 59, 62, 0, 0, 0, 0]
>>>>>>>>>>>> Solving at depth : -1( real 0)
>>>>>>>>>>>> Solve - measure : [198, 37727, 10884, 10619, 0, 36, 0, 33]
>>>>>>>>>>>> Solving at depth : -1( real 0)
>>>>>>>>>>>> Solve - measure : [3, 212, 60, 63, 0, 0, 0, 0]
>>>>>>>>>>>> Solving at depth : -1( real 0)
>>>>>>>>>>>> Solve - measure : [3, 215, 61, 64, 0, 0, 0, 0]
>>>>>>>>>>>> Solving at depth : -1( real 0)
>>>>>>>>>>>> Solve - measure : [3, 218, 62, 65, 0, 0, 0, 0]
>>>>>>>>>>>> Solving at depth : -1( real 0)
>>>>>>>>>>>> Solve - measure : [222, 39382, 11368, 11103, 0, 36, 0, 34]
>>>>>>>>>>>> Solving at depth : -1( real 0)
>>>>>>>>>>>> Solve - measure : [2, 40, 11, 12, 0, 0, 0, 0]
>>>>>>>>>>>> Solving at depth : -1( real 0)
>>>>>>>>>>>> Solve - measure : [3, 43, 12, 13, 0, 0, 0, 0]
>>>>>>>>>>>> Solving at depth : -1( real 0)
>>>>>>>>>>>> Solve - measure : [2, 46, 13, 14, 0, 0, 0, 0]
>>>>>>>>>>>> Solving at depth : -1( real 0)
>>>>>>>>>>>> Solve - measure : [2492, 288636, 85830, 81981, 0, 3369, 0, 12]
>>>>>>>>>>>> Solving at depth : -1( real 0)
>>>>>>>>>>>> Solve - measure : [2, 50, 14, 15, 0, 0, 0, 0]
>>>>>>>>>>>> Solving at depth : -1( real 0)
>>>>>>>>>>>> Solve - measure : [59, 10061, 2797, 2981, 0, 0, 0, 1]
>>>>>>>>>>>> Solving at depth : -1( real 0)
>>>>>>>>>>>> Solve - measure : [13353, 2202384, 652354, 616878, 0, 22714, 0, 5457]
>>>>>>>>>>>> Solving at depth : -1( real 0)
>>>>>>>>>>>> Solve - measure : [7, 821, 234, 243, 0, 0, 0, 0]
>>>>>>>>>>>> Solving at depth : -1( real 0)
>>>>>>>>>>>> Solve - measure : [6, 824, 235, 244, 0, 0, 0, 0]
>>>>>>>>>>>> Solving at depth : -1( real 0)
>>>>>>>>>>>> Solve - measure : [7, 827, 236, 245, 0, 0, 0, 0]
>>>>>>>>>>>> Solving at depth : -1( real 0)
>>>>>>>>>>>> Solve - measure : [3132, 726820, 212990, 203969, 0, 6378, 0, 368]
>>>>>>>>>>>> Solving at depth : -1( real 0)
>>>>>>>>>>>> Solve - measure : [5, 831, 237, 246, 0, 0, 0, 0]
>>>>>>>>>>>> Solving at depth : -1( real 0)
>>>>>>>>>>>> Solve - measure : [5, 834, 238, 247, 0, 0, 0, 0]
>>>>>>>>>>>> Solving at depth : -1( real 0)
>>>>>>>>>>>> Solve - measure : [18519, 3892041, 1140976, 1089302, 0, 76508, 0, 2807]
>>>>>>>>>>>> Solving at depth : -1( real 0)
>>>>>>>>>>>> Solve - measure : [5, 837, 239, 248, 0, 0, 0, 0]
>>>>>>>>>>>> Solving at depth : -1( real 0)
>>>>>>>>>>>> Solve - measure : [4, 837, 239, 248, 0, 0, 0, 0]
>>>>>>>>>>>> Solving at depth : -1( real 0)
>>>>>>>>>>>> Solve - measure : [1050247, 149427535, 44361800, 40736080, 0, 446883, 0, 53887]
>>>>>>>>>>>> Solving at depth : -1( real 0)
>>>>>>>>>>>> Solve - measure : [2, 0, 0, 0, 0, 0, 0, 0]
>>>>>>>>>>>> Solving at depth : -1( real 0)
>>>>>>>>>>>> Solve - measure : [2, 0, 0, 0, 0, 0, 0, 0]
>>>>>>>>>>>> Solving at depth : -1( real 0)
>>>>>>>>>>>> Solve - measure : [2, 0, 0, 0, 0, 0, 0, 0]
>>>>>>>>>>>> Solving at depth : -1( real 0)
>>>>>>>>>>>> Solve - measure : [2, 0, 0, 0, 0, 0, 0, 0]
>>>>>>>>>>>> Solving at depth : -1( real 0)
>>>>>>>>>>>> Solve - measure : [2, 0, 0, 0, 0, 0, 0, 0]
>>>>>>>>>>>> Solving at depth : -1( real 0)
>>>>>>>>>>>> Solve - measure : [2, 0, 0, 0, 0, 0, 0, 0]
>>>>>>>>>>>> Solving at depth : -1( real 0)
>>>>>>>>>>>> Solve - measure : [2, 0, 0, 0, 0, 0, 0, 0]
>>>>>>>>>>>> Solving at depth : -1( real 0)
>>>>>>>>>>>> Solve - measure : [2, 0, 0, 0, 0, 0, 0, 0]
>>>>>>>>>>>> Solving at depth : -1( real 0)
>>>>>>>>>>>> Solve - measure : [2, 0, 0, 0, 0, 0, 0, 0]
>>>>>>>>>>>> Solving at depth : -1( real 0)
>>>>>>>>>>>> Solve - measure : [2, 0, 0, 0, 0, 0, 0, 0]
>>>>>>>>>>>> Solving at depth : -1( real 0)
>>>>>>>>>>>> Solve - measure : [2, 0, 0, 0, 0, 0, 0, 0]
>>>>>>>>>>>> Solving at depth : -1( real 0)
>>>>>>>>>>>> Solve - measure : [2, 0, 0, 0, 0, 0, 0, 0]
>>>>>>>>>>>> Solving at depth : -1( real 0)
>>>>>>>>>>>> Solve - measure : [2, 0, 0, 0, 0, 0, 0, 0]
>>>>>>>>>>>> Solving at depth : -1( real 0)
>>>>>>>>>>>> Solve - measure : [2, 0, 0, 0, 0, 0, 0, 0]
>>>>>>>>>>>> Solving at depth : -1( real 0)
>>>>>>>>>>>> Solve - measure : [2, 0, 0, 0, 0, 0, 0, 0]
>>>>>>>>>>>> Solving at depth : -1( real 0)
>>>>>>>>>>>> Solve - measure : [2, 0, 0, 0, 0, 0, 0, 0]
>>>>>>>>>>>> Solving at depth : -1( real 0)
>>>>>>>>>>>> Solve - measure : [2, 0, 0, 0, 0, 0, 0, 0]
>>>>>>>>>>>> Solving at depth : -1( real 0)
>>>>>>>>>>>> Solve - measure : [3, 0, 0, 0, 0, 0, 0, 0]
>>>>>>>>>>>> Solving at depth : -1( real 0)
>>>>>>>>>>>> Solve - measure : [2, 0, 0, 0, 0, 0, 0, 0]
>>>>>>>>>>>> Solving at depth : -1( real 0)
>>>>>>>>>>>> Solve - measure : [3, 0, 0, 0, 0, 0, 0, 0]
>>>>>>>>>>>> Solving at depth : -1( real 0)
>>>>>>>>>>>> Solve - measure : [2, 0, 0, 0, 0, 0, 0, 0]
>>>>>>>>>>>> Solving at depth : -1( real 0)
>>>>>>>>>>>> Solve - measure : [2, 0, 0, 0, 0, 0, 0, 0]
>>>>>>>>>>>> Solving at depth : -1( real 0)
>>>>>>>>>>>> Solve - measure : [2, 0, 0, 0, 0, 0, 0, 0]
>>>>>>>>>>>> Solving at depth : -1( real 0)
>>>>>>>>>>>> Solve - measure : [3, 0, 0, 0, 0, 0, 0, 0]
>>>>>>>>>>>> Solving at depth : -1( real 0)
>>>>>>>>>>>> Solve - measure : [2, 0, 0, 0, 0, 0, 0, 0]
>>>>>>>>>>>> Solving at depth : -1( real 0)
>>>>>>>>>>>> Solve - measure : [3, 0, 0, 0, 0, 0, 0, 0]
>>>>>>>>>>>> Solving at depth : -1( real 0)
>>>>>>>>>>>> Solve - measure : [2, 0, 0, 0, 0, 0, 0, 0]
>>>>>>>>>>>> Solving at depth : -1( real 0)
>>>>>>>>>>>> Solve - measure : [3, 0, 0, 0, 0, 0, 0, 0]
>>>>>>>>>>>> Solving at depth : -1( real 0)
>>>>>>>>>>>> Solve - measure : [2, 0, 0, 0, 0, 0, 0, 0]
>>>>>>>>>>>> Solving at depth : -1( real 0)
>>>>>>>>>>>> Solve - measure : [2, 0, 0, 0, 0, 0, 0, 0]
>>>>>>>>>>>> Solving at depth : -1( real 0)
>>>>>>>>>>>> Solve - measure : [3, 0, 0, 0, 0, 0, 0, 0]
>>>>>>>>>>>> Solving at depth : -1( real 0)
>>>>>>>>>>>> Solve - measure : [2, 0, 0, 0, 0, 0, 0, 0]
>>>>>>>>>>>> Solving at depth : -1( real 0)
>>>>>>>>>>>> Solve - measure : [2, 0, 0, 0, 0, 0, 0, 0]
>>>>>>>>>>>> Solving at depth : -1( real 0)
>>>>>>>>>>>> Solve - measure : [3, 0, 0, 0, 0, 0, 0, 0]
>>>>>>>>>>>> Solving at depth : -1( real 0)
>>>>>>>>>>>> Solve - measure : [3, 0, 0, 0, 0, 0, 0, 0]
>>>>>>>>>>>> Solving at depth : -1( real 0)
>>>>>>>>>>>> Solve - measure : [3, 0, 0, 0, 0, 0, 0, 0]
>>>>>>>>>>>> Solving at depth : -1( real 0)
>>>>>>>>>>>> Solve - measure : [3, 0, 0, 0, 0, 0, 0, 0]
>>>>>>>>>>>> Solving at depth : -1( real 0)
>>>>>>>>>>>> Solve - measure : [3, 0, 0, 0, 0, 0, 0, 0]
>>>>>>>>>>>> Solving at depth : -1( real 0)
>>>>>>>>>>>> Solve - measure : [3, 0, 0, 0, 0, 0, 0, 0]
>>>>>>>>>>>> Solving at depth : -1( real 0)
>>>>>>>>>>>> Solve - measure : [3, 0, 0, 0, 0, 0, 0, 0]
>>>>>>>>>>>> Solving at depth : -1( real 0)
>>>>>>>>>>>> Solve - measure : [3, 0, 0, 0, 0, 0, 0, 0]
>>>>>>>>>>>> Solving at depth : -1( real 0)
>>>>>>>>>>>> Solve - measure : [3, 0, 0, 0, 0, 0, 0, 0]
>>>>>>>>>>>> Solving at depth : -1( real 0)
>>>>>>>>>>>> Solve - measure : [3, 0, 0, 0, 0, 0, 0, 0]
>>>>>>>>>>>> Solving at depth : -1( real 0)
>>>>>>>>>>>> Solve - measure : [3, 0, 0, 0, 0, 0, 0, 0]
>>>>>>>>>>>> Solving at depth : -1( real 0)
>>>>>>>>>>>> Solve - measure : [3, 0, 0, 0, 0, 0, 0, 0]
>>>>>>>>>>>> Solving at depth : -1( real 0)
>>>>>>>>>>>> Solve - measure : [3, 0, 0, 0, 0, 0, 0, 0]
>>>>>>>>>>>> Solving at depth : -1( real 0)
>>>>>>>>>>>> Solve - measure : [2, 0, 0, 0, 0, 0, 0, 0]
>>>>>>>>>>>> Solving at depth : -1( real 0)
>>>>>>>>>>>> Solve - measure : [3, 0, 0, 0, 0, 0, 0, 0]
>>>>>>>>>>>> Solving at depth : -1( real 0)
>>>>>>>>>>>> Solve - measure : [3, 0, 0, 0, 0, 0, 0, 0]
>>>>>>>>>>>> Solving at depth : -1( real 0)
>>>>>>>>>>>> Solve - measure : [3, 0, 0, 0, 0, 0, 0, 0]
>>>>>>>>>>>> Solving at depth : -1( real 0)
>>>>>>>>>>>> Solve - measure : [3, 0, 0, 0, 0, 0, 0, 0]
>>>>>>>>>>>> Solving at depth : -1( real 0)
>>>>>>>>>>>> Solve - measure : [3, 0, 0, 0, 0, 0, 0, 0]
>>>>>>>>>>>> Solving at depth : -1( real 0)
>>>>>>>>>>>> Solve - measure : [3, 0, 0, 0, 0, 0, 0, 0]
>>>>>>>>>>>> Solving at depth : -1( real 0)
>>>>>>>>>>>> Solve - measure : [3, 0, 0, 0, 0, 0, 0, 0]
>>>>>>>>>>>> Solving at depth : -1( real 0)
>>>>>>>>>>>> Solve - measure : [3, 0, 0, 0, 0, 0, 0, 0]
>>>>>>>>>>>> Solving at depth : -1( real 0)
>>>>>>>>>>>> Solve - measure : [3, 0, 0, 0, 0, 0, 0, 0]
>>>>>>>>>>>> Solving at depth : -1( real 0)
>>>>>>>>>>>> Solve - measure : [4, 0, 0, 0, 0, 0, 0, 0]
>>>>>>>>>>>> Solving at depth : -1( real 0)
>>>>>>>>>>>> Solve - measure : [3, 0, 0, 0, 0, 0, 0, 0]
>>>>>>>>>>>> Solving at depth : -1( real 0)
>>>>>>>>>>>> Solve - measure : [3, 0, 0, 0, 0, 0, 0, 0]
>>>>>>>>>>>> Solving at depth : -1( real 0)
>>>>>>>>>>>> Solve - measure : [4, 0, 0, 0, 0, 0, 0, 0]
>>>>>>>>>>>> Solving at depth : -1( real 0)
>>>>>>>>>>>> Solve - measure : [3, 0, 0, 0, 0, 0, 0, 0]
>>>>>>>>>>>> Solving at depth : -1( real 0)
>>>>>>>>>>>> Solve - measure : [3, 0, 0, 0, 0, 0, 0, 0]
>>>>>>>>>>>> Solving at depth : -1( real 0)
>>>>>>>>>>>> Solve - measure : [4, 0, 0, 0, 0, 0, 0, 0]
>>>>>>>>>>>> Solving at depth : -1( real 0)
>>>>>>>>>>>> Solve - measure : [4, 0, 0, 0, 0, 0, 0, 0]
>>>>>>>>>>>> Solving at depth : -1( real 0)
>>>>>>>>>>>> Solve - measure : [4, 0, 0, 0, 0, 0, 0, 0]
>>>>>>>>>>>> Solving at depth : -1( real 0)
>>>>>>>>>>>> Solve - measure : [3, 0, 0, 0, 0, 0, 0, 0]
>>>>>>>>>>>> Solving at depth : -1( real 0)
>>>>>>>>>>>> Solve - measure : [3, 0, 0, 0, 0, 0, 0, 0]
>>>>>>>>>>>> Solving at depth : -1( real 0)
>>>>>>>>>>>> Solve - measure : [3, 0, 0, 0, 0, 0, 0, 0]
>>>>>>>>>>>> Solving at depth : -1( real 0)
>>>>>>>>>>>> Solve - measure : [3, 0, 0, 0, 0, 0, 0, 0]
>>>>>>>>>>>> Solving at depth : -1( real 0)
>>>>>>>>>>>> Solve - measure : [3, 0, 0, 0, 0, 0, 0, 0]
>>>>>>>>>>>> Solving at depth : -1( real 0)
>>>>>>>>>>>> Solve - measure : [3, 0, 0, 0, 0, 0, 0, 0]
>>>>>>>>>>>> Solving at depth : -1( real 0)
>>>>>>>>>>>> Solve - measure : [4, 0, 0, 0, 0, 0, 0, 0]
>>>>>>>>>>>> Solving at depth : -1( real 0)
>>>>>>>>>>>> Solve - measure : [4, 0, 0, 0, 0, 0, 0, 0]
SolveToClause Finished!
1871 CHARACTERISTIC CLAUSES
[+r_d2d6d1d39_0, -m_l2aminoadipate]
[+m_e2oxoglutarate, -m_l2aminoadipate]
[+m_e2oxoglutarate, -r_d2d6d1d39_0]
[+r_d2d6d1d39_1, -m_e2oxoglutarate]
[+r_d2d6d1d39_0, -r_d2d6d1d39_1]
[+m_l2aminoadipate, -r_d2d6d1d39_1]
[+m_e2oxoglutarate, -r_d2d6d1d39_1]
[+r_d2d6d1d39_0, -m_e2oxoglutarate]
[+m_l2aminoadipate, -m_e2oxoglutarate]
[+r_d1d1d1d42_2, -m_e2oxoglutarate]
[+m_isocitrate, -r_d1d1d1d42_2]
[+m_isocitrate, -m_e2oxoglutarate]
[+r_d1d1d1d42_3, -m_isocitrate]
[-r_d1d1d1d42_3, +m_e2oxoglutarate]
[+r_d2d3d1d61_4, -m_e2oxoglutarate]
[+m_succinate, -r_d2d3d1d61_4]
[+r_d2d3d1d61_5, -m_succinate]
[-r_d2d3d1d61_5, +r_d1d1d1d42_2]
[-m_succinate, +r_d1d1d1d42_2]
[-r_d2d3d1d61_5, +m_isocitrate]
[-m_succinate, +m_isocitrate]
[-m_succinate, +m_e2oxoglutarate]
[-r_d2d3d1d61_5, +m_e2oxoglutarate]
[+r_d4d2d1d3_6, -m_e2oxoglutarate]
[+r_d4d2d1d3_6, -m_isocitrate]
[+r_d4d2d1d3_6, -r_d2d3d1d61_5]
[+r_d4d2d1d3_6, -m_succinate]
[+r_d4d2d1d3_6, -r_d1d1d1d42_2]
[+c_compoundCcitrate_transaconitateC, -m_isocitrate]
[+c_compoundCcitrate_transaconitateC, -r_d1d1d1d42_2]
[+c_compoundCcitrate_transaconitateC, -r_d2d3d1d61_5]
[+c_compoundCcitrate_transaconitateC, -m_succinate]
[+c_compoundCcitrate_transaconitateC, -r_d4d2d1d3_6]
[+c_compoundCcitrate_transaconitateC, -m_e2oxoglutarate]
[+m_citrate, -c_compoundCcitrate_transaconitateC]
[+m_transaconitate, -c_compoundCcitrate_transaconitateC]
[+m_transaconitate, -m_isocitrate]
[+m_transaconitate, -r_d4d2d1d3_6]
[+r_d4d2d1d3_7, -c_compoundCcitrate_transaconitateC]
[-r_d4d2d1d3_7, +m_isocitrate]
[-m_e2oxoglutarate, +m_transaconitate]
[-m_succinate, +m_transaconitate]
[-r_d2d3d1d61_5, +m_transaconitate]
[-r_d1d1d1d42_2, +m_transaconitate]
[+r_d4d2d1d2_8, -m_citrate]
[+m_fumarate, -r_d4d2d1d2_8]
[+m_fumarate, -m_citrate]
[+r_d4d2d1d2_9, -m_fumarate]
[-r_d4d2d1d2_9, +m_citrate]
[+r_d1d3d99d1_10, -m_succinate]
[+m_fumarate, -r_d1d3d99d1_10]
[+r_d1d3d99d1_11, -m_fumarate]
[-r_d1d3d99d1_11, +m_succinate]
[-m_fumarate, +m_succinate]
[+r_d1d13d11d16_12, -m_succinate]
[+m_hippurate, -r_d1d13d11d16_12]
[+m_hippurate, -m_succinate]
[+r_d1d13d11d16_13, -m_hippurate]
[+r_d1d13d11d16_13, -r_d1d13d11d16_12]
[+r_d1d13d11d16_13, -m_succinate]
[-m_fumarate, +c_compoundCcitrate_transaconitateC]
[-r_d1d3d99d1_11, +r_d4d2d1d3_6]
[-m_fumarate, +r_d4d2d1d3_6]
[-m_fumarate, +r_d2d3d1d61_5]
[-r_d1d3d99d1_11, +r_d1d1d1d42_2]
[-m_fumarate, +m_citrate]
[-r_d1d3d99d1_11, +r_d2d3d1d61_5]
[-m_fumarate, +r_d1d1d1d42_2]
[-r_d1d3d99d1_11, +m_e2oxoglutarate]
[-m_fumarate, +m_e2oxoglutarate]
[-m_hippurate, +m_succinate]
[-m_fumarate, +m_isocitrate]
[-r_d1d3d99d1_11, +c_compoundCcitrate_transaconitateC]
[-r_d1d3d99d1_11, +m_transaconitate]
[-r_d1d3d99d1_11, +m_isocitrate]
[-m_fumarate, +m_transaconitate]
[-r_d1d13d11d16_13, +m_succinate]
[-r_d1d13d11d16_12, +m_succinate]
[+r_d2d6d1dx_14, -m_citrate]
[+r_d2d6d1dx_14, -m_fumarate]
[+m_taurine, -m_citrate]
[+m_taurine, -r_d2d6d1dx_14]
[+m_taurine, -m_fumarate]
[+r_d2d6d1dx_15, -m_citrate]
[+r_d2d6d1dx_15, -m_taurine]
[+r_d2d6d1dx_15, -r_d2d6d1dx_14]
[+r_d2d6d1dx_15, -m_fumarate]
[-r_d4d2d1d2_9, +r_d4d2d1d2_8]
[-r_d1d13d11d16_12, +m_fumarate]
[-m_fumarate, +r_d4d2d1d2_8]
[-c_compoundCcitrate_transaconitateC, +m_fumarate]
[-r_d2d6d1d39_1, +m_fumarate]
[-m_fumarate, +m_hippurate]
[-r_d2d6d1dx_14, +r_d4d2d1d2_8]
[-r_d2d3d1d61_4, +m_fumarate]
[-m_fumarate, +m_l2aminoadipate]
[-r_d2d6d1dx_14, +m_citrate]
[-m_fumarate, +r_d1d1d1d42_3]
[-m_fumarate, +r_d1d3d99d1_10]
[-m_taurine, +m_citrate]
[-r_d1d13d11d16_13, +m_fumarate]
[-r_d2d6d1dx_15, +m_citrate]
[-r_d2d6d1dx_15, +r_d4d2d1d2_8]
[-r_d2d6d1dx_14, +m_fumarate]
[-r_d2d6d1dx_15, +m_fumarate]
[-m_fumarate, +r_d1d13d11d16_13]
[-r_d4d2d1d2_9, +m_fumarate]
[-r_d2d6d1d39_0, +m_fumarate]
[-m_e2oxoglutarate, +m_fumarate]
[-m_taurine, +r_d4d2d1d2_8]
[-r_d2d3d1d61_5, +m_fumarate]
[-m_l2aminoadipate, +m_fumarate]
[-r_d1d3d99d1_11, +m_fumarate]
[-m_succinate, +m_fumarate]
[-m_hippurate, +m_fumarate]
[-m_fumarate, +r_d4d2d1d3_7]
[-r_d4d2d1d3_7, +m_fumarate]
[-m_fumarate, +r_d2d3d1d61_4]
[-m_fumarate, +r_d2d6d1d39_0]
[-r_d4d2d1d3_6, +m_fumarate]
[-m_fumarate, +r_d1d13d11d16_12]
[-r_d1d1d1d42_3, +m_fumarate]
[-m_taurine, +m_fumarate]
[-m_isocitrate, +m_fumarate]
[-m_fumarate, +r_d2d6d1d39_1]
[-r_d1d1d1d42_2, +m_fumarate]
[+r_d4d3d2d1_16, -c_compoundCarginine_fumarateC]
[+m_las, -r_d4d3d2d1_16]
[+r_d4d3d2d1_17, -m_las]
[+c_compoundCarginine_fumarateC, -r_d4d3d2d1_17]
[+c_compoundCarginine_fumarateC, -m_las]
[+m_arginine, -c_compoundCarginine_fumarateC]
[-m_las, +m_fumarate]
[-c_compoundCarginine_fumarateC, +m_fumarate]
[-r_d4d3d2d1_17, +m_fumarate]
[+r_d2d1d1d1_18, -m_nmnd]
[-m_nmnd, +m_fumarate]
[-r_d2d1d1d1_18, +m_fumarate]
[+r_d2d1d1d1_19, -m_fumarate]
[+r_d2d1d1d1_18, -m_fumarate]
[+m_nmnd, -m_fumarate]
[+r_d2d1d1d1_18, -r_d2d1d1d1_19]
[+m_fumarate, -r_d2d1d1d1_19]
[+m_nmnd, -r_d2d1d1d1_19]
[+r_d2d1d1d7_20, -m_nmna]
[-m_nmna, +r_d2d3d1d61_4]
[-r_d2d1d1d7_20, +r_d2d3d1d61_4]
[-r_d2d1d1d7_20, +m_succinate]
[-r_d2d1d1d7_20, +r_d1d3d99d1_11]
[-r_d2d1d1d7_20, +m_isocitrate]
[-r_d2d1d1d7_20, +r_d1d1d1d42_3]
[-r_d2d1d1d7_20, +r_d4d2d1d3_6]
[-m_nmna, +m_hippurate]
[-m_nmna, +r_d1d1d1d42_3]
[-r_d2d1d1d7_20, +r_d2d6d1d39_0]
[-m_nmna, +c_compoundCcitrate_transaconitateC]
[-r_d2d1d1d7_20, +r_d2d6d1dx_14]
[-m_nmna, +m_transaconitate]
[-m_nmna, +m_e2oxoglutarate]
[-r_d2d1d1d7_20, +r_d2d1d1d1_19]
[-r_d2d1d1d7_20, +r_d1d13d11d16_13]
[-r_d2d1d1d7_20, +c_compoundCcitrate_transaconitateC]
[-r_d2d1d1d7_20, +m_transaconitate]
[-m_nmna, +r_d2d6d1d39_0]
[-r_d2d1d1d7_20, +r_d2d1d1d1_18]
[-r_d2d1d1d7_20, +m_taurine]
[-r_d2d1d1d7_20, +r_d2d3d1d61_5]
[-m_nmna, +r_d1d1d1d42_2]
[-m_nmna, +r_d2d1d1d1_19]
[-m_nmna, +r_d2d6d1dx_15]
[-m_nmna, +m_citrate]
[-m_nmna, +m_taurine]
[-m_nmna, +r_d4d2d1d2_8]
[-r_d2d1d1d7_20, +r_d4d2d1d2_8]
[-r_d2d1d1d7_20, +m_hippurate]
[-m_nmna, +r_d2d6d1dx_14]
[-r_d2d1d1d7_20, +r_d4d2d1d2_9]
[-m_nmna, +r_d1d3d99d1_11]
[-r_d2d1d1d7_20, +m_citrate]
[-r_d2d1d1d7_20, +r_d1d3d99d1_10]
[-r_d2d1d1d7_20, +m_e2oxoglutarate]
[-r_d2d1d1d7_20, +m_l2aminoadipate]
[-m_nmna, +r_d2d1d1d1_18]
[-m_nmna, +m_nmnd]
[-m_nmna, +r_d2d3d1d61_5]
[-m_nmna, +r_d1d13d11d16_13]
[-m_nmna, +r_d1d3d99d1_10]
[-r_d2d1d1d7_20, +r_d2d6d1dx_15]
[-r_d2d1d1d7_20, +r_d1d13d11d16_12]
[-m_nmna, +r_d1d13d11d16_12]
[-m_nmna, +r_d4d2d1d3_7]
[-r_d2d1d1d7_20, +r_d2d6d1d39_1]
[-m_nmna, +m_l2aminoadipate]
[-r_d2d1d1d7_20, +m_nmnd]
[-m_nmna, +r_d4d2d1d2_9]
[-m_nmna, +r_d4d2d1d3_6]
[-m_nmna, +m_fumarate]
[-m_nmna, +m_isocitrate]
[-r_d2d1d1d7_20, +m_fumarate]
[-m_nmna, +r_d2d6d1d39_1]
[-r_d2d1d1d7_20, +r_d4d2d1d3_7]
[-m_nmna, +m_succinate]
[-r_d2d1d1d7_20, +r_d1d1d1d42_2]
[+r_d2d1d1d7_21, -r_d1d1d1d42_2]
[+r_d2d1d1d7_21, -m_succinate]
[+r_d2d1d1d7_21, -r_d2d3d1d61_4]
[+r_d2d1d1d7_21, -r_d2d1d1d1_19]
[+r_d2d1d1d7_21, -r_d2d6d1dx_14]
[+r_d2d1d1d7_21, -r_d2d6d1d39_1]
[+r_d2d1d1d7_21, -m_hippurate]
[+r_d2d1d1d7_21, -r_d2d1d1d1_18]
[+r_d2d1d1d7_21, -r_d1d13d11d16_13]
[+r_d2d1d1d7_21, -r_d4d2d1d3_6]
[+r_d2d1d1d7_21, -r_d1d3d99d1_11]
[+r_d2d1d1d7_21, -r_d4d2d1d3_7]
[+r_d2d1d1d7_21, -m_citrate]
[+r_d2d1d1d7_21, -m_e2oxoglutarate]
[+r_d2d1d1d7_21, -r_d4d2d1d2_9]
[+r_d2d1d1d7_21, -m_isocitrate]
[+r_d2d1d1d7_21, -r_d1d1d1d42_3]
[+r_d2d1d1d7_21, -r_d2d1d1d7_20]
[+r_d2d1d1d7_21, -m_nmna]
[+r_d2d1d1d7_21, -c_compoundCarginine_fumarateC]
[+r_d2d1d1d7_21, -r_d1d13d11d16_12]
[+r_d2d1d1d7_21, -r_d2d6d1dx_15]
[+r_d2d1d1d7_21, -m_nmnd]
[+r_d2d1d1d7_21, -r_d2d3d1d61_5]
[+r_d2d1d1d7_21, -m_l2aminoadipate]
[+r_d2d1d1d7_21, -r_d1d3d99d1_10]
[+r_d2d1d1d7_21, -r_d2d6d1d39_0]
[+r_d2d1d1d7_21, -m_taurine]
[+r_d2d1d1d7_21, -r_d4d2d1d2_8]
[+r_d2d1d1d7_21, -c_compoundCcitrate_transaconitateC]
[+r_d2d1d1d7_21, -m_fumarate]
[+m_citrate, -r_d1d13d11d16_12]
[-m_l2aminoadipate, +r_d2d6d1d39_1]
[+m_e2oxoglutarate, -m_taurine]
[+r_d1d1d1d42_3, -r_d2d6d1dx_15]
[+r_d4d2d1d2_8, -r_d2d3d1d61_5]
[+m_nmnd, -r_d1d13d11d16_13]
[+r_d4d2d1d3_6, -r_d1d3d99d1_10]
[-r_d2d3d1d61_4, +m_l2aminoadipate]
[+r_d4d2d1d2_9, -c_compoundCarginine_fumarateC]
[+m_succinate, -r_d2d1d1d1_19]
[+r_d2d3d1d61_5, -m_e2oxoglutarate]
[-r_d4d2d1d3_6, +m_e2oxoglutarate]
[+r_d2d1d1d7_20, -m_fumarate]
[+r_d1d3d99d1_11, -r_d2d3d1d61_5]
[+r_d1d1d1d42_3, -r_d2d1d1d1_19]
[+r_d2d1d1d1_19, -r_d1d3d99d1_10]
[+r_d2d6d1dx_15, -r_d4d2d1d2_9]
[+m_transaconitate, -r_d2d3d1d61_4]
[+r_d2d1d1d1_18, -r_d4d2d1d3_6]
[+m_e2oxoglutarate, -m_hippurate]
[+m_nmnd, -r_d4d2d1d2_9]
[+r_d2d1d1d1_19, -r_d2d6d1dx_14]
[+m_l2aminoadipate, -r_d1d1d1d42_3]
[+c_compoundCcitrate_transaconitateC, -m_hippurate]
[+r_d2d1d1d7_20, -r_d1d13d11d16_12]
[+r_d4d2d1d2_9, -r_d2d3d1d61_4]
[+r_d2d6d1d39_1, -c_compoundCcitrate_transaconitateC]
[+m_e2oxoglutarate, -r_d2d6d1dx_15]
[+r_d1d1d1d42_2, -r_d1d1d1d42_3]
[+m_nmna, -m_taurine]
[+r_d4d2d1d2_8, -r_d2d1d1d7_21]
[+r_d2d1d1d1_18, -r_d4d2d1d2_9]
[+m_nmnd, -m_succinate]
[+m_nmna, -r_d2d1d1d1_18]
[+r_d2d1d1d1_19, -m_hippurate]
[+r_d2d1d1d7_20, -m_citrate]
[+m_taurine, -r_d2d6d1d39_0]
[+r_d2d6d1dx_14, -r_d2d1d1d1_18]
[+r_d4d2d1d2_9, -r_d2d6d1d39_1]
[-r_d2d3d1d61_5, +m_l2aminoadipate]
[+r_d2d6d1dx_15, -r_d2d1d1d7_21]
[+m_l2aminoadipate, -r_d2d1d1d1_18]
[-r_d4d2d1d3_6, +r_d1d1d1d42_3]
[+m_nmnd, -r_d4d2d1d3_6]
[+r_d2d1d1d7_20, -m_taurine]
[+r_d1d13d11d16_12, -m_isocitrate]
[+r_d1d3d99d1_11, -r_d2d1d1d7_21]
[+r_d2d6d1d39_0, -r_d1d1d1d42_3]
[+r_d4d2d1d3_6, -r_d4d2d1d3_7]
[+r_d4d2d1d2_9, -r_d2d3d1d61_5]
[+r_d1d13d11d16_13, -r_d1d1d1d42_3]
[+m_nmna, -r_d2d3d1d61_5]
[-r_d4d2d1d3_6, +r_d2d3d1d61_4]
[-r_d1d1d1d42_2, +r_d1d1d1d42_3]
[+m_l2aminoadipate, -m_hippurate]
[+r_d4d2d1d2_9, -r_d1d3d99d1_10]
[+r_d1d3d99d1_11, -r_d2d6d1dx_14]
[+c_compoundCcitrate_transaconitateC, -r_d2d1d1d1_18]
[+m_citrate, -r_d2d6d1d39_0]
[+r_d1d3d99d1_11, -m_taurine]
[+r_d1d3d99d1_10, -c_compoundCarginine_fumarateC]
[+r_d2d1d1d7_20, -r_d1d1d1d42_2]
[+r_d2d6d1dx_14, -r_d1d1d1d42_3]
[+r_d2d6d1d39_1, -m_nmnd]
[+r_d1d1d1d42_2, -m_l2aminoadipate]
[+r_d1d13d11d16_12, -m_nmnd]
[-r_d1d3d99d1_11, +m_l2aminoadipate]
[+r_d2d3d1d61_4, -m_hippurate]
[-m_succinate, +r_d1d1d1d42_3]
[+m_transaconitate, -r_d2d6d1d39_1]
[-r_d2d3d1d61_5, +r_d1d13d11d16_13]
[+r_d2d1d1d1_18, -r_d2d1d1d7_21]
[+m_nmnd, -m_isocitrate]
[+r_d1d3d99d1_11, -r_d2d6d1dx_15]
[+m_succinate, -c_compoundCarginine_fumarateC]
[+r_d1d13d11d16_12, -r_d2d3d1d61_4]
[+m_citrate, -r_d4d2d1d3_6]
[+r_d1d3d99d1_11, -r_d2d1d1d1_18]
[+c_compoundCcitrate_transaconitateC, -r_d2d1d1d1_19]
[+m_citrate, -m_e2oxoglutarate]
[+r_d2d6d1dx_14, -r_d2d3d1d61_5]
[+r_d2d3d1d61_5, -c_compoundCcitrate_transaconitateC]
[+m_hippurate, -r_d1d1d1d42_3]
[+m_transaconitate, -m_nmnd]
[+m_e2oxoglutarate, -r_d4d2d1d3_7]
[+r_d1d3d99d1_11, -c_compoundCarginine_fumarateC]
[+r_d4d2d1d3_6, -m_taurine]
[+r_d1d1d1d42_3, -r_d4d2d1d2_8]
[+r_d1d1d1d42_3, -r_d4d2d1d3_7]
[+m_nmnd, -r_d1d3d99d1_11]
[+c_compoundCcitrate_transaconitateC, -r_d2d1d1d7_21]
[+m_citrate, -m_isocitrate]
[+r_d2d6d1dx_14, -r_d1d3d99d1_11]
[+r_d1d3d99d1_10, -r_d4d2d1d2_8]
[+m_citrate, -c_compoundCarginine_fumarateC]
[-r_d4d2d1d3_6, +r_d1d1d1d42_2]
[-r_d4d2d1d3_6, +r_d1d3d99d1_10]
[+r_d2d6d1d39_1, -r_d2d6d1dx_15]
[+m_hippurate, -m_e2oxoglutarate]
[+r_d1d13d11d16_12, -r_d2d1d1d1_19]
[+c_compoundCcitrate_transaconitateC, -r_d4d2d1d2_8]
[+r_d4d2d1d2_9, -m_citrate]
[+r_d2d6d1dx_15, -r_d1d1d1d42_2]
[-r_d2d3d1d61_5, +r_d4d2d1d3_7]
[+m_taurine, -r_d2d3d1d61_4]
[+r_d2d3d1d61_4, -m_taurine]
[+r_d4d2d1d2_8, -r_d1d13d11d16_12]
[-r_d1d1d1d42_2, +r_d4d2d1d3_7]
[+m_hippurate, -r_d2d1d1d1_18]
[+r_d1d3d99d1_10, -r_d2d1d1d1_18]
[+r_d1d3d99d1_11, -r_d2d6d1d39_0]
[+m_succinate, -m_taurine]
[-r_d2d3d1d61_5, +r_d1d1d1d42_3]
[+m_citrate, -r_d1d13d11d16_13]
[+m_transaconitate, -c_compoundCarginine_fumarateC]
[+r_d2d6d1d39_0, -m_taurine]
[+r_d2d6d1dx_14, -r_d4d2d1d2_8]
[+r_d2d6d1d39_0, -r_d2d1d1d7_21]
[+m_l2aminoadipate, -m_isocitrate]
[-r_d4d2d1d3_6, +r_d1d13d11d16_12]
[+m_nmna, -m_isocitrate]
[+r_d2d1d1d7_20, -r_d2d1d1d7_21]
[+m_nmna, -r_d2d1d1d1_19]
[-m_l2aminoadipate, +m_succinate]
[+r_d2d3d1d61_4, -r_d4d2d1d3_7]
[+m_nmna, -r_d2d6d1dx_14]
[+r_d2d6d1dx_15, -m_l2aminoadipate]
[+m_taurine, -m_nmnd]
[+m_nmnd, -r_d2d1d1d7_21]
[+r_d2d1d1d1_19, -m_isocitrate]
[+r_d2d6d1dx_14, -m_l2aminoadipate]
[+r_d1d13d11d16_13, -m_nmnd]
[+m_succinate, -r_d2d1d1d7_21]
[+r_d2d3d1d61_5, -m_isocitrate]
[+r_d2d6d1d39_0, -r_d4d2d1d2_8]
[+m_nmna, -r_d4d2d1d3_6]
[+r_d1d1d1d42_2, -r_d2d1d1d1_18]
[+m_isocitrate, -r_d2d6d1d39_0]
[+r_d1d13d11d16_12, -m_taurine]
[+r_d2d1d1d1_19, -r_d4d2d1d3_7]
[+r_d2d1d1d1_19, -c_compoundCarginine_fumarateC]
[+r_d4d2d1d3_6, -r_d4d2d1d2_9]
[+m_nmna, -m_nmnd]
[+m_e2oxoglutarate, -r_d4d2d1d2_9]
[+m_nmna, -r_d4d2d1d2_8]
[+m_l2aminoadipate, -r_d1d13d11d16_12]
[+m_l2aminoadipate, -r_d2d6d1dx_15]
[-r_d2d6d1d39_1, +r_d4d2d1d3_7]
[+m_l2aminoadipate, -m_taurine]
[+r_d1d1d1d42_2, -r_d2d6d1dx_14]
[+r_d1d3d99d1_10, -r_d1d1d1d42_3]
[+r_d2d6d1dx_15, -c_compoundCarginine_fumarateC]
[+r_d2d6d1d39_1, -r_d2d1d1d1_18]
[-r_d2d6d1d39_0, +m_succinate]
[+r_d1d1d1d42_2, -r_d2d6d1d39_0]
[+m_succinate, -r_d1d1d1d42_3]
[+r_d2d6d1dx_14, -c_compoundCcitrate_transaconitateC]
[-r_d1d1d1d42_2, +m_hippurate]
[-m_l2aminoadipate, +r_d1d1d1d42_3]
[+m_nmnd, -r_d2d6d1d39_1]
[+r_d2d1d1d1_18, -r_d2d6d1dx_15]
[+r_d1d3d99d1_10, -r_d2d3d1d61_4]
[+r_d4d2d1d2_9, -r_d2d6d1dx_14]
[+r_d2d1d1d1_18, -c_compoundCarginine_fumarateC]
[+r_d1d3d99d1_10, -m_hippurate]
[+r_d2d6d1d39_1, -c_compoundCarginine_fumarateC]
[-r_d1d1d1d42_2, +m_l2aminoadipate]
[+r_d2d3d1d61_4, -r_d2d1d1d1_19]
[+m_succinate, -m_e2oxoglutarate]
[+r_d1d3d99d1_11, -r_d2d6d1d39_1]
[+m_transaconitate, -r_d1d13d11d16_12]
[+r_d4d2d1d2_9, -r_d1d1d1d42_3]
[+r_d1d3d99d1_10, -r_d1d13d11d16_13]
[+m_nmna, -r_d4d2d1d3_7]
[+m_citrate, -r_d4d2d1d3_7]
[-r_d4d2d1d3_6, +r_d4d2d1d3_7]
[+r_d2d1d1d1_18, -r_d2d6d1d39_1]
[+m_taurine, -r_d4d2d1d3_6]
[+r_d1d13d11d16_12, -r_d2d1d1d1_18]
[+r_d2d6d1d39_0, -r_d4d2d1d3_7]
[-r_d1d1d1d42_2, +m_succinate]
[+r_d1d1d1d42_2, -m_hippurate]
[+r_d4d2d1d3_7, -r_d4d2d1d2_8]
[+m_nmna, -r_d1d3d99d1_10]
[+r_d4d2d1d2_9, -m_taurine]
[+r_d2d3d1d61_4, -r_d4d2d1d2_9]
[+r_d2d1d1d1_18, -r_d1d1d1d42_2]
[+r_d1d3d99d1_11, -r_d1d1d1d42_2]
[+m_isocitrate, -c_compoundCarginine_fumarateC]
[+m_isocitrate, -m_citrate]
[+r_d4d2d1d2_8, -r_d1d3d99d1_10]
[+r_d2d1d1d1_18, -m_e2oxoglutarate]
[+r_d1d3d99d1_11, -m_citrate]
[+r_d1d13d11d16_13, -r_d4d2d1d2_9]
[+r_d1d3d99d1_10, -r_d2d6d1dx_14]
[+r_d4d2d1d2_9, -r_d4d2d1d3_6]
[+r_d4d2d1d3_6, -r_d1d13d11d16_12]
[+c_compoundCcitrate_transaconitateC, -r_d1d13d11d16_13]
[+r_d4d2d1d3_6, -r_d2d6d1d39_1]
[+c_compoundCcitrate_transaconitateC, -m_citrate]
[+r_d2d6d1d39_1, -r_d1d13d11d16_13]
[+r_d2d6d1dx_15, -r_d1d3d99d1_10]
[+c_compoundCcitrate_transaconitateC, -r_d4d2d1d3_7]
[+m_citrate, -r_d1d3d99d1_10]
[+r_d1d13d11d16_12, -r_d4d2d1d2_8]
[+r_d2d1d1d7_20, -r_d1d3d99d1_11]
[+m_e2oxoglutarate, -r_d1d13d11d16_12]
[+m_transaconitate, -m_taurine]
[+m_nmna, -c_compoundCcitrate_transaconitateC]
[+r_d1d1d1d42_2, -r_d2d6d1d39_1]
[+r_d1d3d99d1_10, -m_nmnd]
[+r_d1d3d99d1_11, -m_l2aminoadipate]
[-r_d1d3d99d1_11, +m_hippurate]
[+r_d1d13d11d16_12, -c_compoundCarginine_fumarateC]
[+r_d2d1d1d7_20, -r_d4d2d1d3_6]
[+r_d4d2d1d3_7, -r_d1d13d11d16_13]
[+r_d1d1d1d42_2, -c_compoundCarginine_fumarateC]
[+r_d4d2d1d2_8, -m_l2aminoadipate]
[+r_d4d2d1d3_7, -m_nmnd]
[+m_isocitrate, -r_d1d13d11d16_13]
[+r_d2d3d1d61_5, -r_d1d13d11d16_12]
[+m_nmna, -m_succinate]
[+m_isocitrate, -r_d2d6d1dx_15]
[+r_d2d1d1d1_19, -m_citrate]
[+r_d1d3d99d1_11, -r_d4d2d1d3_7]
[+m_l2aminoadipate, -r_d2d1d1d7_21]
[+m_e2oxoglutarate, -m_isocitrate]
[+m_succinate, -r_d4d2d1d2_8]
[+r_d2d1d1d7_20, -r_d1d1d1d42_3]
[+r_d2d6d1d39_0, -c_compoundCcitrate_transaconitateC]
[+r_d4d2d1d2_9, -c_compoundCcitrate_transaconitateC]
[-r_d2d6d1d39_1, +r_d2d3d1d61_4]
[+r_d1d13d11d16_13, -c_compoundCarginine_fumarateC]
[+r_d2d1d1d1_18, -r_d4d2d1d3_7]
[+m_nmna, -m_fumarate]
[-m_e2oxoglutarate, +r_d1d1d1d42_3]
[+m_taurine, -r_d4d2d1d2_8]
[+m_taurine, -m_isocitrate]
[+r_d2d6d1dx_14, -r_d2d1d1d7_21]
[+r_d4d2d1d3_6, -r_d4d2d1d2_8]
[-m_l2aminoadipate, +r_d2d3d1d61_5]
[+r_d4d2d1d2_8, -c_compoundCarginine_fumarateC]
[+m_nmnd, -r_d2d6d1dx_14]
[+r_d1d3d99d1_10, -r_d1d13d11d16_12]
[+r_d1d3d99d1_11, -c_compoundCcitrate_transaconitateC]
[+m_nmnd, -m_citrate]
[-r_d1d3d99d1_11, +r_d1d13d11d16_12]
[+r_d2d1d1d1_19, -r_d1d3d99d1_11]
[+r_d1d3d99d1_10, -m_e2oxoglutarate]
[+r_d4d2d1d2_9, -r_d2d1d1d1_19]
[+m_citrate, -r_d2d1d1d7_21]
[+r_d4d2d1d2_9, -m_l2aminoadipate]
[+m_succinate, -r_d4d2d1d3_7]
[+r_d2d6d1d39_1, -m_hippurate]
[+r_d2d3d1d61_4, -r_d1d13d11d16_13]
[+r_d2d3d1d61_4, -r_d2d6d1dx_14]
[+r_d4d2d1d3_6, -r_d2d3d1d61_4]
[+m_e2oxoglutarate, -r_d1d13d11d16_13]
[+r_d2d6d1d39_1, -r_d2d6d1dx_14]
[+r_d4d2d1d2_8, -r_d2d1d1d1_19]
[+r_d2d1d1d1_19, -m_succinate]
[+r_d2d3d1d61_4, -c_compoundCcitrate_transaconitateC]
[+r_d2d6d1d39_1, -r_d4d2d1d3_7]
[+r_d4d2d1d2_9, -m_isocitrate]
[+m_fumarate, -r_d2d1d1d7_21]
[+r_d4d2d1d2_9, -r_d2d1d1d1_18]
[+r_d2d6d1d39_0, -r_d1d3d99d1_10]
[+r_d2d3d1d61_5, -m_citrate]
[-r_d4d2d1d3_6, +r_d2d3d1d61_5]
[+m_isocitrate, -r_d1d13d11d16_12]
[-r_d2d6d1d39_1, +r_d1d13d11d16_13]
[-r_d1d1d1d42_2, +r_d2d3d1d61_4]
[+c_compoundCcitrate_transaconitateC, -r_d1d3d99d1_10]
[+m_succinate, -r_d2d6d1dx_14]
[-m_l2aminoadipate, +r_d2d3d1d61_4]
[+r_d2d3d1d61_5, -r_d2d1d1d7_21]
[+r_d1d1d1d42_3, -r_d2d1d1d1_18]
[+m_isocitrate, -m_taurine]
[+r_d2d1d1d1_19, -r_d1d1d1d42_3]
[+r_d4d2d1d2_9, -r_d4d2d1d2_8]
[+r_d2d1d1d1_18, -r_d1d1d1d42_3]
[+m_isocitrate, -r_d1d3d99d1_10]
[+r_d1d3d99d1_10, -m_isocitrate]
[+r_d4d2d1d2_9, -r_d2d1d1d7_21]
[+r_d2d1d1d1_18, -r_d2d6d1dx_14]
[-r_d2d3d1d61_4, +r_d2d6d1d39_0]
[+m_citrate, -r_d1d1d1d42_3]
[+r_d4d2d1d3_6, -r_d2d6d1dx_15]
[+m_nmnd, -r_d4d2d1d2_8]
[-m_e2oxoglutarate, +r_d4d2d1d3_7]
[+m_hippurate, -r_d4d2d1d2_8]
[+m_nmna, -r_d2d1d1d7_20]
[+r_d2d1d1d1_18, -r_d2d6d1d39_0]
[+m_transaconitate, -r_d1d1d1d42_3]
[+r_d1d1d1d42_3, -m_nmnd]
[+m_l2aminoadipate, -c_compoundCarginine_fumarateC]
[+r_d4d2d1d2_8, -r_d4d2d1d3_6]
[+r_d2d3d1d61_4, -r_d2d6d1dx_15]
[-r_d1d1d1d42_2, +m_e2oxoglutarate]
[+r_d4d2d1d2_8, -m_e2oxoglutarate]
[+r_d4d2d1d3_7, -r_d2d1d1d1_19]
[+r_d2d6d1dx_15, -r_d2d3d1d61_4]
[-r_d4d2d1d3_6, +r_d2d6d1d39_1]
[+r_d2d6d1dx_14, -r_d2d6d1dx_15]
[+r_d4d2d1d2_9, -r_d2d6d1dx_15]
[+m_nmnd, -r_d2d3d1d61_5]
[+r_d1d13d11d16_13, -r_d2d6d1dx_14]
[+r_d4d2d1d2_8, -r_d1d1d1d42_3]
[-r_d1d1d1d42_2, +r_d1d13d11d16_12]
[-r_d1d1d1d42_3, +r_d4d2d1d3_7]
[+m_e2oxoglutarate, -c_compoundCarginine_fumarateC]
[+m_taurine, -m_hippurate]
[+r_d4d2d1d2_9, -r_d1d13d11d16_13]
[-m_isocitrate, +r_d4d2d1d3_7]
[+m_e2oxoglutarate, -m_nmnd]
[+r_d2d6d1dx_14, -c_compoundCarginine_fumarateC]
[+r_d2d3d1d61_4, -r_d1d13d11d16_12]
[+r_d2d1d1d1_18, -m_isocitrate]
[+m_transaconitate, -r_d2d6d1dx_14]
[+r_d1d1d1d42_2, -r_d2d6d1dx_15]
[+r_d4d2d1d2_8, -m_hippurate]
[-r_d2d3d1d61_5, +m_succinate]
[+r_d2d6d1d39_0, -r_d2d1d1d1_19]
[-m_l2aminoadipate, +r_d4d2d1d3_7]
[+r_d1d13d11d16_13, -m_taurine]
[+r_d2d1d1d1_19, -r_d4d2d1d2_9]
[+m_transaconitate, -r_d2d1d1d1_19]
[+r_d2d1d1d7_20, -r_d4d2d1d3_7]
[-r_d2d6d1d39_1, +r_d1d3d99d1_10]
[-r_d2d6d1d39_1, +m_hippurate]
[+m_isocitrate, -r_d4d2d1d2_8]
[+m_taurine, -r_d1d13d11d16_12]
[+r_d2d6d1d39_0, -r_d1d13d11d16_13]
[+r_d2d6d1dx_15, -c_compoundCcitrate_transaconitateC]
[+m_e2oxoglutarate, -r_d1d3d99d1_10]
[+c_compoundCcitrate_transaconitateC, -m_taurine]
[+r_d2d1d1d7_20, -r_d2d3d1d61_5]
[+r_d2d1d1d1_19, -r_d2d6d1d39_1]
[+m_nmna, -r_d1d1d1d42_2]
[+r_d2d6d1d39_0, -r_d2d6d1dx_14]
[+r_d2d1d1d7_20, -r_d2d6d1dx_14]
[-m_succinate, +m_l2aminoadipate]
[+r_d2d3d1d61_4, -r_d1d1d1d42_3]
[+r_d2d1d1d1_18, -m_citrate]
[+r_d2d6d1d39_0, -r_d4d2d1d2_9]
[+m_transaconitate, -r_d2d1d1d7_21]
[+r_d2d6d1d39_0, -m_hippurate]
[+r_d2d1d1d7_20, -m_hippurate]
[+m_taurine, -c_compoundCcitrate_transaconitateC]
[+r_d2d6d1dx_15, -m_succinate]
[+r_d2d6d1dx_14, -r_d1d1d1d42_2]
[+r_d1d1d1d42_2, -m_citrate]
[+r_d2d6d1dx_14, -r_d1d13d11d16_13]
[+m_nmna, -r_d1d13d11d16_13]
[-m_l2aminoadipate, +m_hippurate]
[+c_compoundCcitrate_transaconitateC, -r_d2d3d1d61_4]
[-r_d4d2d1d3_6, +m_l2aminoadipate]
[+r_d4d2d1d2_8, -c_compoundCcitrate_transaconitateC]
[+r_d1d1d1d42_2, -r_d2d1d1d7_21]
[+r_d4d2d1d3_7, -c_compoundCarginine_fumarateC]
[-r_d2d6d1d39_1, +r_d1d13d11d16_12]
[-r_d1d1d1d42_2, +r_d1d3d99d1_10]
[+r_d1d13d11d16_12, -r_d2d6d1dx_15]
[+m_hippurate, -c_compoundCcitrate_transaconitateC]
[+r_d2d3d1d61_5, -r_d2d6d1dx_14]
[+m_nmna, -r_d2d6d1d39_0]
[+r_d2d1d1d7_20, -r_d2d1d1d1_18]
[+m_nmna, -m_citrate]
[+r_d4d2d1d3_6, -r_d2d1d1d7_21]
[+m_nmna, -r_d1d13d11d16_12]
[-r_d2d3d1d61_5, +r_d1d13d11d16_12]
[+m_nmnd, -c_compoundCcitrate_transaconitateC]
[-r_d1d1d1d42_2, +r_d2d6d1d39_1]
[+r_d2d6d1d39_0, -r_d2d6d1dx_15]
[+r_d1d3d99d1_10, -r_d2d1d1d7_21]
[+r_d1d3d99d1_11, -m_isocitrate]
[+m_nmnd, -m_e2oxoglutarate]
[+r_d2d6d1dx_15, -r_d2d6d1d39_0]
[+m_taurine, -r_d2d1d1d1_18]
[+m_transaconitate, -m_citrate]
[+r_d2d6d1dx_15, -r_d2d1d1d1_19]
[+r_d2d1d1d7_20, -m_e2oxoglutarate]
[+m_nmnd, -r_d1d3d99d1_10]
[-r_d2d6d1d39_0, +r_d1d13d11d16_12]
[+r_d2d1d1d1_19, -r_d1d13d11d16_13]
[+c_compoundCcitrate_transaconitateC, -c_compoundCarginine_fumarateC]
[+m_nmna, -r_d2d6d1d39_1]
[+r_d2d3d1d61_5, -r_d4d2d1d3_7]
[+r_d2d1d1d7_20, -r_d2d6d1d39_1]
[-r_d2d6d1d39_0, +m_l2aminoadipate]
[+r_d2d6d1dx_14, -m_e2oxoglutarate]
[+r_d1d13d11d16_13, -r_d2d1d1d1_19]
[+r_d2d6d1d39_1, -m_taurine]
[+r_d2d6d1d39_1, -r_d1d1d1d42_3]
[+m_transaconitate, -r_d4d2d1d2_9]
[+r_d1d3d99d1_11, -r_d2d3d1d61_4]
[+r_d2d6d1dx_15, -r_d1d1d1d42_3]
[+r_d1d13d11d16_13, -r_d4d2d1d3_7]
[+c_compoundCcitrate_transaconitateC, -m_nmnd]
[+m_citrate, -m_l2aminoadipate]
[+r_d2d6d1d39_0, -m_nmnd]
[+m_e2oxoglutarate, -r_d2d3d1d61_4]
[+r_d4d2d1d3_6, -r_d2d6d1dx_14]
[+r_d1d1d1d42_3, -m_taurine]
[+r_d4d2d1d3_6, -m_l2aminoadipate]
[+r_d2d3d1d61_5, -m_nmnd]
[-r_d1d3d99d1_11, +r_d2d6d1d39_0]
[+m_isocitrate, -c_compoundCcitrate_transaconitateC]
[+r_d2d1d1d7_20, -r_d2d6d1dx_15]
[+r_d1d13d11d16_12, -r_d1d13d11d16_13]
[+r_d4d2d1d2_8, -m_nmnd]
[-r_d2d6d1d39_0, +m_hippurate]
[+r_d4d2d1d3_6, -c_compoundCarginine_fumarateC]
[+r_d2d6d1d39_1, -r_d1d13d11d16_12]
[+r_d1d3d99d1_10, -r_d2d1d1d1_19]
[+r_d1d3d99d1_11, -m_e2oxoglutarate]
[+r_d2d1d1d1_18, -r_d1d3d99d1_10]
[-r_d2d6d1d39_0, +r_d2d6d1d39_1]
[+m_hippurate, -m_citrate]
[-r_d2d6d1d39_0, +r_d1d1d1d42_3]
[+m_citrate, -r_d2d3d1d61_5]
[-r_d1d3d99d1_11, +r_d1d13d11d16_13]
[+m_taurine, -r_d2d3d1d61_5]
[+r_d2d3d1d61_5, -r_d2d3d1d61_4]
[+m_citrate, -r_d1d3d99d1_11]
[+m_hippurate, -c_compoundCarginine_fumarateC]
[+r_d2d1d1d1_19, -r_d2d1d1d1_18]
[+r_d2d1d1d7_20, -r_d2d6d1d39_0]
[+m_l2aminoadipate, -r_d4d2d1d3_7]
[+r_d2d1d1d1_19, -r_d4d2d1d2_8]
[+r_d4d2d1d2_8, -r_d2d3d1d61_4]
[+m_hippurate, -m_isocitrate]
[+r_d1d13d11d16_12, -r_d2d1d1d7_21]
[+r_d2d3d1d61_5, -r_d1d1d1d42_3]
[+r_d2d3d1d61_5, -r_d2d1d1d1_19]
[+r_d2d1d1d1_18, -r_d2d3d1d61_5]
[+r_d2d6d1d39_1, -r_d2d1d1d7_21]
[+r_d1d1d1d42_2, -m_isocitrate]
[-r_d1d3d99d1_11, +r_d4d2d1d3_7]
[+r_d2d6d1dx_14, -r_d2d6d1d39_1]
[-m_l2aminoadipate, +r_d1d3d99d1_10]
[-r_d2d6d1d39_0, +r_d2d3d1d61_4]
[+r_d4d2d1d2_9, -r_d1d3d99d1_11]
[+r_d1d3d99d1_10, -r_d2d6d1dx_15]
[+m_succinate, -r_d4d2d1d2_9]
[+m_l2aminoadipate, -r_d2d6d1dx_14]
[+r_d2d3d1d61_4, -m_isocitrate]
[+r_d1d1d1d42_3, -r_d2d1d1d7_21]
[+m_transaconitate, -r_d2d6d1d39_0]
[+m_citrate, -r_d2d1d1d1_18]
[+m_e2oxoglutarate, -r_d2d6d1dx_14]
[+r_d2d6d1d39_1, -m_citrate]
[+r_d2d3d1d61_5, -c_compoundCarginine_fumarateC]
[+c_compoundCcitrate_transaconitateC, -r_d2d6d1d39_1]
[+r_d4d2d1d2_8, -m_succinate]
[-r_d2d3d1d61_5, +r_d1d3d99d1_10]
[+r_d2d1d1d1_19, -r_d2d6d1dx_15]
[+r_d2d1d1d7_20, -r_d1d13d11d16_13]
[+r_d1d1d1d42_2, -r_d2d1d1d1_19]
[+m_e2oxoglutarate, -m_citrate]
[+m_nmna, -r_d1d3d99d1_11]
[-m_succinate, +r_d2d3d1d61_4]
[+r_d1d13d11d16_13, -m_citrate]
[-m_succinate, +r_d2d6d1d39_0]
[+r_d1d3d99d1_11, -m_hippurate]
[+m_nmnd, -r_d1d1d1d42_2]
[-r_d4d2d1d3_6, +r_d2d6d1d39_0]
[+r_d1d13d11d16_12, -m_citrate]
[+m_succinate, -m_citrate]
[+r_d2d1d1d7_20, -r_d1d3d99d1_10]
[-r_d2d6d1d39_1, +m_succinate]
[+r_d2d1d1d1_18, -m_hippurate]
[+r_d4d2d1d3_7, -m_hippurate]
[+m_hippurate, -r_d2d6d1dx_14]
[+m_l2aminoadipate, -r_d4d2d1d2_8]
[+r_d4d2d1d2_9, -r_d4d2d1d3_7]
[+r_d4d2d1d3_7, -r_d1d3d99d1_10]
[+r_d1d1d1d42_2, -m_taurine]
[+r_d4d2d1d3_6, -r_d1d13d11d16_13]
[+r_d2d6d1dx_15, -r_d4d2d1d2_8]
[+m_nmna, -r_d1d1d1d42_3]
[+c_compoundCcitrate_transaconitateC, -r_d4d2d1d2_9]
[+r_d4d2d1d3_6, -r_d2d1d1d1_19]
[-r_d1d3d99d1_11, +r_d2d3d1d61_4]
[+m_hippurate, -m_taurine]
[+r_d2d6d1dx_14, -m_isocitrate]
[-r_d1d1d1d42_2, +r_d2d3d1d61_5]
[+r_d1d13d11d16_13, -r_d2d1d1d7_21]
[+r_d1d3d99d1_11, -r_d1d13d11d16_13]
[+r_d2d1d1d1_18, -r_d1d13d11d16_13]
[+r_d2d3d1d61_5, -m_taurine]
[+m_nmna, -m_l2aminoadipate]
[+r_d2d1d1d7_20, -m_nmnd]
[+m_taurine, -r_d1d1d1d42_3]
[-r_d2d3d1d61_4, +r_d2d6d1d39_1]
[+c_compoundCcitrate_transaconitateC, -r_d1d1d1d42_3]
[+r_d1d3d99d1_10, -c_compoundCcitrate_transaconitateC]
[+m_transaconitate, -r_d2d1d1d1_18]
[+r_d2d6d1dx_14, -r_d4d2d1d3_6]
[+m_nmnd, -r_d2d3d1d61_4]
[+r_d2d3d1d61_5, -r_d4d2d1d2_8]
[-r_d4d2d1d3_6, +m_succinate]
[+m_succinate, -c_compoundCcitrate_transaconitateC]
[+r_d1d3d99d1_11, -r_d1d3d99d1_10]
[+r_d4d2d1d2_9, -m_nmnd]
[+r_d2d6d1dx_15, -m_e2oxoglutarate]
[+m_taurine, -r_d2d1d1d1_19]
[+m_nmnd, -r_d1d13d11d16_12]
[+r_d1d3d99d1_10, -m_citrate]
[+m_nmnd, -c_compoundCarginine_fumarateC]
[+m_transaconitate, -r_d4d2d1d2_8]
[+m_taurine, -r_d4d2d1d3_7]
[+m_nmna, -r_d4d2d1d2_9]
[+r_d2d1d1d1_18, -r_d2d3d1d61_4]
[+r_d4d2d1d3_7, -m_citrate]
[+r_d2d6d1dx_15, -m_nmnd]
[+r_d2d6d1d39_1, -r_d2d1d1d1_19]
[-m_succinate, +r_d2d6d1d39_1]
[+r_d1d1d1d42_2, -r_d4d2d1d3_7]
[+r_d1d13d11d16_13, -r_d4d2d1d2_8]
[+r_d1d1d1d42_3, -m_hippurate]
[+r_d2d3d1d61_4, -r_d1d3d99d1_10]
[+r_d1d13d11d16_13, -m_isocitrate]
[+m_hippurate, -r_d2d1d1d7_21]
[+r_d2d3d1d61_5, -r_d1d3d99d1_10]
[+m_succinate, -r_d2d6d1dx_15]
[+r_d2d6d1dx_14, -r_d2d6d1d39_0]
[+r_d1d13d11d16_13, -r_d2d1d1d1_18]
[+r_d2d6d1dx_14, -r_d4d2d1d3_7]
[+r_d1d1d1d42_2, -r_d1d13d11d16_12]
[-r_d2d3d1d61_4, +r_d1d1d1d42_3]
[+m_e2oxoglutarate, -r_d4d2d1d2_8]
[+r_d1d1d1d42_2, -c_compoundCcitrate_transaconitateC]
[+r_d2d1d1d1_19, -m_nmnd]
[+r_d2d1d1d7_20, -m_l2aminoadipate]
[+r_d1d3d99d1_10, -r_d4d2d1d2_9]
[+r_d1d3d99d1_11, -r_d4d2d1d2_9]
[+m_nmna, -r_d2d1d1d7_21]
[+r_d1d1d1d42_2, -r_d2d3d1d61_4]
[+r_d2d1d1d1_18, -r_d1d3d99d1_11]
[+r_d2d3d1d61_5, -m_hippurate]
[+m_taurine, -m_l2aminoadipate]
[+r_d2d6d1dx_14, -m_nmnd]
[+m_e2oxoglutarate, -r_d2d1d1d1_19]
[+r_d4d2d1d2_8, -r_d2d6d1d39_1]
[+r_d1d13d11d16_12, -r_d4d2d1d2_9]
[+m_nmnd, -r_d2d6d1d39_0]
[+m_e2oxoglutarate, -c_compoundCcitrate_transaconitateC]
[+m_l2aminoadipate, -r_d2d1d1d1_19]
[+r_d2d6d1d39_1, -r_d4d2d1d2_9]
[-r_d4d2d1d3_6, +m_isocitrate]
[+m_isocitrate, -r_d2d3d1d61_4]
[+m_l2aminoadipate, -m_citrate]
[-r_d1d3d99d1_11, +r_d1d1d1d42_3]
[+m_taurine, -r_d2d6d1dx_15]
[+m_succinate, -r_d2d1d1d1_18]
[+r_d2d6d1d39_0, -r_d2d1d1d1_18]
[+r_d1d13d11d16_13, -m_e2oxoglutarate]
[+r_d2d3d1d61_4, -r_d2d1d1d1_18]
[+m_hippurate, -r_d2d1d1d1_19]
[+m_isocitrate, -r_d1d1d1d42_3]
[+r_d1d1d1d42_2, -r_d1d13d11d16_13]
[+r_d1d3d99d1_11, -m_nmnd]
[+r_d4d2d1d2_8, -r_d1d1d1d42_2]
[+r_d1d3d99d1_11, -r_d4d2d1d2_8]
[+r_d2d3d1d61_5, -r_d2d6d1dx_15]
[+r_d1d13d11d16_12, -r_d4d2d1d3_7]
[+r_d2d1d1d7_20, -m_succinate]
[+r_d2d1d1d1_18, -m_taurine]
[+r_d1d13d11d16_12, -r_d1d3d99d1_10]
[-r_d2d6d1d39_0, +r_d2d3d1d61_5]
[+m_nmna, -r_d2d3d1d61_4]
[+m_l2aminoadipate, -r_d1d13d11d16_13]
[+m_taurine, -r_d1d1d1d42_2]
[-r_d1d3d99d1_11, +r_d2d6d1d39_1]
[+r_d2d1d1d1_19, -r_d2d1d1d7_21]
[+r_d2d1d1d7_20, -m_isocitrate]
[+m_isocitrate, -r_d2d1d1d1_18]
[+r_d2d6d1dx_15, -r_d1d13d11d16_12]
[+r_d4d2d1d2_9, -m_e2oxoglutarate]
[+r_d2d1d1d1_19, -r_d2d3d1d61_4]
[+r_d4d2d1d3_7, -r_d4d2d1d2_9]
[+r_d1d1d1d42_2, -r_d4d2d1d2_9]
[+r_d4d2d1d3_6, -r_d2d6d1d39_0]
[+r_d2d3d1d61_5, -r_d2d1d1d1_18]
[+r_d1d3d99d1_11, -r_d4d2d1d3_6]
[+m_isocitrate, -r_d2d1d1d7_21]
[+m_taurine, -r_d1d13d11d16_13]
[+r_d2d3d1d61_5, -r_d1d13d11d16_13]
[+r_d4d2d1d2_9, -r_d1d1d1d42_2]
[+r_d2d1d1d1_19, -r_d1d1d1d42_2]
[+m_transaconitate, -m_hippurate]
[-r_d1d3d99d1_11, +r_d1d3d99d1_10]
[+r_d2d6d1d39_1, -r_d4d2d1d2_8]
[+m_isocitrate, -r_d2d6d1d39_1]
[+m_taurine, -r_d1d3d99d1_11]
[+r_d2d6d1dx_15, -r_d1d13d11d16_13]
[+r_d1d1d1d42_3, -r_d4d2d1d2_9]
[+r_d2d1d1d7_20, -r_d4d2d1d2_8]
[-m_l2aminoadipate, +r_d1d13d11d16_12]
[+r_d1d13d11d16_13, -r_d1d3d99d1_10]
[+r_d4d2d1d2_8, -r_d1d13d11d16_13]
[+r_d2d6d1dx_14, -m_hippurate]
[+m_l2aminoadipate, -r_d1d3d99d1_10]
[+r_d1d13d11d16_13, -r_d2d6d1dx_15]
[+r_d4d2d1d2_8, -r_d2d1d1d1_18]
[+r_d2d6d1d39_0, -r_d1d13d11d16_12]
[+m_nmna, -r_d2d6d1dx_15]
[+r_d1d3d99d1_11, -r_d1d13d11d16_12]
[-r_d2d6d1d39_0, +r_d4d2d1d3_7]
[+r_d4d2d1d2_9, -m_hippurate]
[+r_d4d2d1d3_6, -c_compoundCcitrate_transaconitateC]
[+r_d2d1d1d1_19, -m_taurine]
[+r_d2d6d1d39_0, -c_compoundCarginine_fumarateC]
[+r_d4d2d1d3_6, -m_hippurate]
[+m_hippurate, -r_d2d3d1d61_4]
[+r_d4d2d1d3_7, -m_taurine]
[+m_nmnd, -r_d4d2d1d3_7]
[+r_d4d2d1d2_9, -r_d2d6d1d39_0]
[+m_isocitrate, -r_d4d2d1d2_9]
[+r_d2d1d1d1_18, -r_d4d2d1d2_8]
[+r_d1d13d11d16_12, -r_d2d6d1dx_14]
[-r_d1d1d1d42_2, +r_d2d6d1d39_0]
[+m_isocitrate, -m_hippurate]
[+r_d4d2d1d2_9, -r_d1d13d11d16_12]
[-r_d2d3d1d61_5, +m_hippurate]
[+r_d2d6d1d39_0, -m_isocitrate]
[+m_transaconitate, -m_l2aminoadipate]
[+m_citrate, -m_nmnd]
[+r_d1d1d1d42_2, -m_nmnd]
[+m_isocitrate, -m_l2aminoadipate]
[-r_d2d6d1d39_0, +r_d1d3d99d1_10]
[+m_hippurate, -r_d4d2d1d3_7]
[+r_d1d1d1d42_3, -c_compoundCcitrate_transaconitateC]
[+r_d2d6d1dx_14, -r_d1d13d11d16_12]
[-r_d4d2d1d3_6, +m_hippurate]
[+r_d2d3d1d61_4, -r_d2d1d1d7_21]
[+m_succinate, -m_isocitrate]
[+c_compoundCcitrate_transaconitateC, -r_d2d6d1d39_0]
[+r_d4d2d1d3_6, -r_d2d1d1d1_18]
[+r_d2d3d1d61_5, -r_d4d2d1d2_9]
[+m_taurine, -r_d2d6d1d39_1]
[+m_succinate, -m_nmnd]
[+m_e2oxoglutarate, -r_d2d1d1d7_21]
[+r_d2d6d1d39_1, -m_isocitrate]
[+m_citrate, -m_succinate]
[+r_d1d1d1d42_3, -r_d1d13d11d16_13]
[+r_d2d6d1d39_1, -r_d1d3d99d1_10]
[+r_d2d1d1d7_20, -c_compoundCcitrate_transaconitateC]
[+m_nmnd, -r_d1d1d1d42_3]
[+m_nmnd, -m_taurine]
[+c_compoundCcitrate_transaconitateC, -r_d2d6d1dx_15]
[+r_d1d1d1d42_2, -r_d1d3d99d1_10]
[+r_d4d2d1d2_8, -r_d2d6d1d39_0]
[+r_d4d2d1d3_7, -r_d2d1d1d1_18]
[+m_l2aminoadipate, -c_compoundCcitrate_transaconitateC]
[-r_d4d2d1d3_6, +r_d1d13d11d16_13]
[+r_d2d6d1dx_15, -r_d2d1d1d1_18]
[+r_d2d3d1d61_4, -m_nmnd]
[+m_l2aminoadipate, -m_nmnd]
[+m_taurine, -r_d4d2d1d2_9]
[+m_citrate, -r_d4d2d1d2_8]
[+m_citrate, -r_d2d6d1d39_1]
[+r_d2d1d1d1_19, -c_compoundCcitrate_transaconitateC]
[+r_d4d2d1d2_8, -r_d1d3d99d1_11]
[+m_nmna, -m_e2oxoglutarate]
[+r_d2d1d1d7_20, -r_d2d1d1d1_19]
[+r_d2d6d1dx_14, -r_d4d2d1d2_9]
[+r_d2d6d1d39_0, -m_citrate]
[+r_d2d6d1dx_14, -r_d1d3d99d1_10]
[-r_d2d3d1d61_5, +r_d2d6d1d39_0]
[+m_transaconitate, -r_d1d13d11d16_13]
[+r_d4d2d1d3_7, -r_d1d13d11d16_12]
[+m_transaconitate, -r_d1d3d99d1_10]
[+r_d2d1d1d7_20, -c_compoundCarginine_fumarateC]
[+m_hippurate, -r_d1d13d11d16_13]
[+r_d2d1d1d7_20, -r_d2d3d1d61_4]
[+m_citrate, -r_d1d1d1d42_2]
[+m_citrate, -m_hippurate]
[+r_d4d2d1d3_7, -r_d2d6d1dx_14]
[+r_d1d3d99d1_11, -m_succinate]
[+m_taurine, -c_compoundCarginine_fumarateC]
[+r_d2d3d1d61_4, -r_d4d2d1d2_8]
[+r_d2d6d1dx_15, -r_d4d2d1d3_6]
[+r_d4d2d1d2_9, -m_succinate]
[+r_d2d6d1dx_15, -r_d2d3d1d61_5]
[+r_d1d13d11d16_12, -r_d1d1d1d42_3]
[+r_d4d2d1d3_6, -m_citrate]
[+c_compoundCcitrate_transaconitateC, -m_l2aminoadipate]
[+r_d4d2d1d3_6, -m_nmnd]
[+r_d2d6d1dx_14, -m_succinate]
[-r_d2d3d1d61_5, +r_d2d6d1d39_1]
[+m_isocitrate, -m_nmnd]
[+m_transaconitate, -r_d4d2d1d3_7]
[+m_l2aminoadipate, -r_d4d2d1d2_9]
[+r_d1d3d99d1_10, -r_d4d2d1d3_7]
[+m_nmna, -c_compoundCarginine_fumarateC]
[+m_citrate, -r_d2d1d1d1_19]
[+r_d1d13d11d16_13, -r_d2d3d1d61_4]
[+r_d1d1d1d42_3, -r_d1d3d99d1_10]
[+m_taurine, -m_succinate]
[+r_d2d1d1d7_20, -r_d4d2d1d2_9]
[-r_d2d6d1d39_1, +r_d2d3d1d61_5]
[+r_d2d3d1d61_4, -m_citrate]
[+r_d4d2d1d2_8, -r_d4d2d1d3_7]
[+r_d1d13d11d16_12, -m_e2oxoglutarate]
[+r_d1d3d99d1_11, -r_d2d1d1d1_19]
[+m_nmnd, -r_d2d1d1d1_18]
[+r_d2d1d1d1_19, -r_d2d6d1d39_0]
[+r_d1d13d11d16_12, -m_hippurate]
[+r_d1d3d99d1_10, -m_taurine]
[+m_citrate, -r_d2d3d1d61_4]
[+r_d2d6d1dx_15, -m_isocitrate]
[+m_taurine, -r_d2d1d1d7_21]
[+m_transaconitate, -r_d2d6d1dx_15]
[+m_hippurate, -r_d2d6d1dx_15]
[+r_d2d1d1d1_19, -r_d1d13d11d16_12]
[+r_d2d6d1dx_14, -m_taurine]
[+r_d1d1d1d42_3, -c_compoundCarginine_fumarateC]
[+r_d4d2d1d3_6, -r_d1d1d1d42_3]
[+r_d2d6d1dx_15, -r_d4d2d1d3_7]
[+r_d2d6d1dx_15, -m_hippurate]
[+r_d2d1d1d1_18, -m_succinate]
[+r_d1d13d11d16_12, -c_compoundCcitrate_transaconitateC]
[+r_d2d3d1d61_4, -c_compoundCarginine_fumarateC]
[+m_nmnd, -m_l2aminoadipate]
[+r_d1d1d1d42_3, -r_d2d6d1dx_14]
[+r_d1d1d1d42_2, -r_d4d2d1d2_8]
[+r_d2d6d1dx_15, -r_d1d3d99d1_11]
[+r_d2d6d1dx_15, -r_d2d6d1d39_1]
[+m_nmnd, -m_hippurate]
[+c_compoundCcitrate_transaconitateC, -r_d2d6d1dx_14]
[+r_d2d1d1d1_18, -c_compoundCcitrate_transaconitateC]
[+r_d4d2d1d3_7, -r_d2d6d1dx_15]
[+r_d1d1d1d42_3, -r_d1d13d11d16_12]
[+m_hippurate, -r_d4d2d1d2_9]
[-r_d2d3d1d61_4, +r_d4d2d1d3_7]
[+m_isocitrate, -r_d2d6d1dx_14]
[+r_d2d1d1d1_19, -r_d2d3d1d61_5]
[-m_l2aminoadipate, +r_d1d13d11d16_13]
[+m_hippurate, -r_d1d3d99d1_10]
[+r_d2d1d1d1_19, -m_l2aminoadipate]
[-r_d1d1d1d42_2, +r_d1d13d11d16_13]
[+r_d1d1d1d42_3, -m_citrate]
[+m_nmna, -m_hippurate]
[+m_taurine, -r_d1d3d99d1_10]
[+r_d4d2d1d2_8, -m_isocitrate]
[+r_d4d2d1d3_7, -r_d2d1d1d7_21]
[+m_isocitrate, -r_d2d1d1d1_19]
[+m_hippurate, -m_nmnd]
[-r_d2d6d1d39_1, +r_d1d1d1d42_3]
[-m_succinate, +r_d4d2d1d3_7]
[+r_d1d13d11d16_13, -c_compoundCcitrate_transaconitateC]
[+r_d2d1d1d1_18, -r_d1d13d11d16_12]
[+m_e2oxoglutarate, -r_d2d1d1d1_18]
[+r_d1d3d99d1_11, -r_d1d1d1d42_3]
[+r_d2d1d1d1_19, -r_d4d2d1d3_6]
[+r_d2d1d1d1_18, -m_l2aminoadipate]
[+m_succinate, -r_d1d3d99d1_10]
[-r_d2d6d1d39_0, +r_d1d13d11d16_13]
[+m_nmnd, -r_d2d6d1dx_15]
[+c_compoundCcitrate_transaconitateC, -r_d1d13d11d16_12]
[+r_d2d6d1dx_14, -r_d2d3d1d61_4]
[+m_taurine, -m_e2oxoglutarate]
[+r_d2d6d1dx_14, -r_d2d1d1d1_19]
[-r_d2d3d1d61_5, +r_d2d3d1d61_4]
[+r_d2d1d1d1_19, -m_e2oxoglutarate]
[+r_d6d3d4d5_22, -m_las]
[+m_citruline, -r_d6d3d4d5_22]
[+r_d6d3d4d5_23, -m_citruline]
[-m_citruline, +m_las]
[-r_d6d3d4d5_23, +m_las]
[-r_d6d3d4d5_23, +m_fumarate]
[-m_citruline, +m_fumarate]
[-m_citruline, +r_d4d3d2d1_17]
[-r_d6d3d4d5_23, +r_d4d3d2d1_17]
[-r_d6d3d4d5_23, +c_compoundCarginine_fumarateC]
[-m_citruline, +c_compoundCarginine_fumarateC]
[+r_d2d1d3d3_24, -m_citruline]
[+m_ornithine, -r_d2d1d3d3_24]
[+r_d2d1d3d3_25, -m_ornithine]
[-r_d2d1d3d3_25, +m_las]
[-m_ornithine, +m_citruline]
[-m_ornithine, +c_compoundCarginine_fumarateC]
[-m_ornithine, +m_las]
[-r_d2d1d3d3_25, +m_fumarate]
[-m_ornithine, +r_d4d3d2d1_17]
[-m_ornithine, +m_fumarate]
[-r_d2d1d3d3_25, +r_d4d3d2d1_17]
[-r_d2d1d3d3_25, +r_d6d3d4d5_23]
[-m_ornithine, +r_d6d3d4d5_23]
[-r_d2d1d3d3_25, +m_citruline]
[-r_d2d1d3d3_25, +c_compoundCarginine_fumarateC]
[+r_d3d5d3d1_26, -m_arginine]
[+c_compoundCurea_ornithineC, -r_d3d5d3d1_26]
[+c_compoundCurea_ornithineC, -m_arginine]
[+r_d3d5d3d1_28, -c_compoundCurea_ornithineC]
[-r_d3d5d3d1_28, +c_compoundCurea_ornithineC]
[-r_d3d5d3d1_28, +r_d3d5d3d1_26]
[-r_d3d5d3d1_28, +m_arginine]
[+m_urea, -c_compoundCurea_ornithineC]
[+m_ornithine, -c_compoundCarginine_fumarateC]
[+m_ornithine, -m_citruline]
[+m_ornithine, -m_las]
[+m_ornithine, -r_d3d5d3d1_26]
[+m_ornithine, -r_d4d3d2d1_16]
[+m_ornithine, -r_d4d3d2d1_17]
[+m_ornithine, -r_d6d3d4d5_22]
[+m_ornithine, -r_d2d1d3d3_25]
[+m_ornithine, -c_compoundCurea_ornithineC]
[+m_ornithine, -r_d6d3d4d5_23]
[+m_ornithine, -m_arginine]
[+m_ornithine, -r_d3d5d3d1_28]
[+r_d2d1d1d2_30, -r_d3d5d3d1_28]
[+r_d2d1d1d2_30, -r_d3d5d3d1_26]
[+r_d2d1d1d2_30, -m_las]
[+r_d2d1d1d2_30, -c_compoundCurea_ornithineC]
[+r_d2d1d1d2_30, -r_d4d3d2d1_16]
[+r_d2d1d1d2_30, -c_compoundCarginine_fumarateC]
[+r_d2d1d1d2_30, -r_d2d1d3d3_24]
[+r_d2d1d1d2_30, -r_d4d3d2d1_17]
[+r_d2d1d1d2_30, -r_d2d1d3d3_25]
[+r_d2d1d1d2_30, -r_d6d3d4d5_22]
[+r_d2d1d1d2_30, -m_arginine]
[+r_d2d1d1d2_30, -m_ornithine]
[+r_d2d1d1d2_30, -r_d6d3d4d5_23]
[+r_d2d1d1d2_30, -m_citruline]
[+m_creatine, -r_d4d3d2d1_17]
[+m_creatine, -m_las]
[+m_creatine, -r_d6d3d4d5_23]
[+m_creatine, -c_compoundCurea_ornithineC]
[+m_creatine, -m_arginine]
[+m_creatine, -r_d3d5d3d1_28]
[+m_creatine, -m_ornithine]
[+m_creatine, -m_citruline]
[+m_creatine, -c_compoundCarginine_fumarateC]
[+m_creatine, -r_d2d1d3d3_25]
[+m_creatine, -r_d2d1d3d3_24]
[+m_creatine, -r_d6d3d4d5_22]
[+m_creatine, -r_d4d3d2d1_16]
[+m_creatine, -r_d3d5d3d1_26]
[+m_creatine, -r_d2d1d1d2_30]
[+r_d2d1d1d2_31, -m_ornithine]
[+r_d2d1d1d2_31, -m_creatine]
[+r_d2d1d1d2_31, -c_compoundCurea_ornithineC]
[+r_d2d1d1d2_31, -r_d2d1d1d2_30]
[-c_compoundCurea_ornithineC, +r_d2d6d1dx_14]
[-c_compoundCurea_ornithineC, +r_d2d6d1d39_1]
[-r_d2d1d1d2_31, +m_creatine]
[-c_compoundCurea_ornithineC, +r_d4d2d1d2_8]
[-c_compoundCurea_ornithineC, +r_d2d3d1d61_4]
[-c_compoundCurea_ornithineC, +r_d2d1d3d3_25]
[-c_compoundCurea_ornithineC, +r_d3d5d3d1_26]
[-c_compoundCurea_ornithineC, +r_d4d2d1d3_7]
[-c_compoundCurea_ornithineC, +r_d1d1d1d42_2]
[-c_compoundCurea_ornithineC, +m_e2oxoglutarate]
[-r_d2d1d1d2_31, +m_ornithine]
[-c_compoundCurea_ornithineC, +m_citruline]
[-c_compoundCurea_ornithineC, +r_d2d3d1d61_5]
[-c_compoundCurea_ornithineC, +r_d2d1d1d7_21]
[-r_d2d1d1d2_30, +m_ornithine]
[-c_compoundCurea_ornithineC, +r_d2d1d1d7_20]
[-c_compoundCurea_ornithineC, +r_d6d3d4d5_22]
[-c_compoundCurea_ornithineC, +r_d2d1d3d3_24]
[-c_compoundCurea_ornithineC, +r_d1d3d99d1_10]
[-c_compoundCurea_ornithineC, +r_d4d2d1d3_6]
[-c_compoundCurea_ornithineC, +r_d1d3d99d1_11]
[-c_compoundCurea_ornithineC, +m_hippurate]
[-c_compoundCurea_ornithineC, +m_las]
[-c_compoundCurea_ornithineC, +r_d2d6d1dx_15]
[-c_compoundCurea_ornithineC, +m_succinate]
[-c_compoundCurea_ornithineC, +r_d4d2d1d2_9]
[-c_compoundCurea_ornithineC, +m_citrate]
[-c_compoundCurea_ornithineC, +r_d1d13d11d16_12]
[-c_compoundCurea_ornithineC, +m_taurine]
[-c_compoundCurea_ornithineC, +r_d1d13d11d16_13]
[-c_compoundCurea_ornithineC, +m_isocitrate]
[-c_compoundCurea_ornithineC, +r_d4d3d2d1_16]
[-c_compoundCurea_ornithineC, +c_compoundCcitrate_transaconitateC]
[-c_compoundCurea_ornithineC, +r_d2d1d1d1_18]
[-c_compoundCurea_ornithineC, +m_fumarate]
[-c_compoundCurea_ornithineC, +r_d4d3d2d1_17]
[-m_creatine, +m_ornithine]
[-c_compoundCurea_ornithineC, +m_l2aminoadipate]
[-c_compoundCurea_ornithineC, +m_transaconitate]
[-c_compoundCurea_ornithineC, +m_nmna]
[-c_compoundCurea_ornithineC, +r_d6d3d4d5_23]
[-c_compoundCurea_ornithineC, +r_d2d6d1d39_0]
[-r_d2d1d1d2_31, +r_d2d1d1d2_30]
[-c_compoundCurea_ornithineC, +c_compoundCarginine_fumarateC]
[-c_compoundCurea_ornithineC, +r_d2d1d1d1_19]
[-c_compoundCurea_ornithineC, +r_d1d1d1d42_3]
[-c_compoundCurea_ornithineC, +m_arginine]
[-c_compoundCurea_ornithineC, +m_nmnd]
[+r_d3d5d3d3_32, -c_compoundCarginine_fumarateC]
[+r_d3d5d3d3_32, -r_d4d3d2d1_17]
[+r_d3d5d3d3_32, -m_creatine]
[+r_d3d5d3d3_32, -r_d3d5d3d1_26]
[+r_d3d5d3d3_32, -c_compoundCurea_ornithineC]
[+r_d3d5d3d3_32, -m_citruline]
[+r_d3d5d3d3_32, -m_las]
[+r_d3d5d3d3_32, -r_d6d3d4d5_23]
[+r_d3d5d3d3_32, -r_d6d3d4d5_22]
[+r_d3d5d3d3_32, -r_d2d1d3d3_24]
[+r_d3d5d3d3_32, -m_arginine]
[+r_d3d5d3d3_32, -r_d3d5d3d1_28]
[+r_d3d5d3d3_32, -m_ornithine]
[+r_d3d5d3d3_32, -r_d2d1d3d3_25]
[+r_d3d5d3d3_32, -r_d2d1d1d2_31]
[+r_d3d5d3d3_32, -r_d2d1d1d2_30]
[+r_d3d5d3d3_32, -r_d4d3d2d1_16]
[+c_compoundCurea_sarcosineC, -r_d4d3d2d1_16]
[+c_compoundCurea_sarcosineC, -c_compoundCurea_ornithineC]
[+c_compoundCurea_sarcosineC, -r_d2d1d1d2_31]
[+c_compoundCurea_sarcosineC, -r_d6d3d4d5_22]
[+c_compoundCurea_sarcosineC, -r_d4d3d2d1_17]
[+c_compoundCurea_sarcosineC, -c_compoundCarginine_fumarateC]
[+c_compoundCurea_sarcosineC, -r_d6d3d4d5_23]
[+c_compoundCurea_sarcosineC, -m_arginine]
[+c_compoundCurea_sarcosineC, -r_d2d1d3d3_24]
[+c_compoundCurea_sarcosineC, -r_d3d5d3d1_28]
[+c_compoundCurea_sarcosineC, -m_citruline]
[+c_compoundCurea_sarcosineC, -m_creatine]
[+c_compoundCurea_sarcosineC, -r_d2d1d1d2_30]
[+c_compoundCurea_sarcosineC, -r_d3d5d3d3_32]
[+c_compoundCurea_sarcosineC, -r_d2d1d3d3_25]
[+c_compoundCurea_sarcosineC, -r_d3d5d3d1_26]
[+c_compoundCurea_sarcosineC, -m_las]
[+c_compoundCurea_sarcosineC, -m_ornithine]
[-r_d6d3d4d5_23, +m_nmnd]
[-r_d2d1d3d3_25, +r_d4d3d2d1_16]
[-r_d2d1d1d2_31, +r_d3d5d3d1_28]
[-r_d2d1d3d3_25, +r_d4d2d1d3_7]
[-r_d6d3d4d5_23, +r_d2d6d1d39_1]
[-r_d3d5d3d1_26, +r_d2d1d1d7_20]
[-r_d2d1d3d3_25, +r_d2d3d1d61_4]
[-r_d2d1d1d2_31, +c_compoundCcitrate_transaconitateC]
[-m_arginine, +r_d2d1d1d1_18]
[-r_d4d3d2d1_17, +r_d2d1d3d3_24]
[-r_d4d3d2d1_17, +m_citruline]
[-r_d3d5d3d1_28, +m_taurine]
[-r_d3d5d3d1_26, +r_d1d3d99d1_10]
[-r_d2d1d3d3_25, +r_d2d1d1d2_31]
[-r_d6d3d4d5_23, +c_compoundCcitrate_transaconitateC]
[-r_d3d5d3d1_26, +m_hippurate]
[-r_d2d1d1d2_31, +c_compoundCarginine_fumarateC]
[-r_d2d1d1d2_31, +r_d2d6d1dx_14]
[-r_d2d1d3d3_25, +r_d1d3d99d1_11]
[-r_d6d3d4d5_23, +r_d4d2d1d3_6]
[-r_d6d3d4d5_23, +r_d2d1d1d2_31]
[+m_urea, -r_d4d3d2d1_17]
[+m_urea, -m_citruline]
[-r_d6d3d4d5_23, +m_citruline]
[-m_arginine, +r_d2d1d3d3_25]
[-r_d2d1d1d2_31, +r_d1d13d11d16_13]
[-m_arginine, +m_nmna]
[-r_d2d1d1d2_31, +r_d6d3d4d5_22]
[-r_d6d3d4d5_23, +r_d3d5d3d1_28]
[-r_d2d1d3d3_25, +r_d1d1d1d42_3]
[-r_d3d5d3d1_26, +m_citruline]
[-r_d3d5d3d1_28, +c_compoundCcitrate_transaconitateC]
[-r_d2d1d1d2_31, +r_d6d3d4d5_23]
[-r_d2d1d1d2_31, +m_e2oxoglutarate]
[+m_urea, -c_compoundCurea_sarcosineC]
[-r_d3d5d3d1_28, +r_d2d6d1dx_14]
[-r_d6d3d4d5_22, +r_d2d1d3d3_24]
[-r_d3d5d3d1_28, +r_d2d1d1d7_20]
[-r_d3d5d3d1_26, +m_las]
[-r_d3d5d3d1_26, +r_d2d6d1d39_0]
[-r_d2d1d3d3_25, +r_d2d1d1d1_18]
[-r_d6d3d4d5_23, +r_d4d3d2d1_16]
[-r_d3d5d3d1_28, +r_d2d1d1d1_19]
[-r_d4d3d2d1_16, +r_d6d3d4d5_22]
[-m_arginine, +m_transaconitate]
[-r_d2d1d1d2_31, +r_d4d2d1d2_8]
[-r_d2d1d3d3_25, +r_d2d3d1d61_5]
[-r_d2d1d1d2_31, +m_l2aminoadipate]
[-r_d3d5d3d1_28, +m_citrate]
[-m_arginine, +r_d4d3d2d1_17]
[-m_arginine, +c_compoundCarginine_fumarateC]
[-r_d6d3d4d5_23, +r_d4d2d1d3_7]
[-m_arginine, +m_hippurate]
[+m_urea, -m_ornithine]
[-r_d2d1d3d3_25, +r_d4d2d1d3_6]
[-r_d2d1d1d2_31, +m_nmna]
[-r_d2d1d1d2_31, +r_d2d1d1d7_21]
[-m_arginine, +r_d6d3d4d5_23]
[-r_d6d3d4d5_23, +r_d2d1d1d1_19]
[-r_d3d5d3d1_28, +r_d4d2d1d2_8]
[-r_d6d3d4d5_23, +m_isocitrate]
[-r_d4d3d2d1_16, +m_citruline]
[-r_d2d1d1d2_31, +m_las]
[+m_urea, -r_d2d1d1d2_31]
[+m_urea, -r_d6d3d4d5_22]
[-r_d2d1d1d2_31, +r_d1d3d99d1_11]
[-r_d2d1d3d3_25, +m_hippurate]
[+m_urea, -r_d3d5d3d3_32]
[-r_d2d1d1d2_31, +r_d4d3d2d1_16]
[-r_d3d5d3d1_26, +r_d3d5d3d1_28]
[-r_d3d5d3d1_28, +r_d4d2d1d2_9]
[-r_d3d5d3d1_26, +r_d4d2d1d3_6]
[-m_arginine, +r_d2d6d1d39_0]
[-r_d3d5d3d1_26, +m_nmna]
[-r_d2d1d3d3_25, +r_d2d6d1dx_14]
[-r_d3d5d3d1_26, +r_d1d3d99d1_11]
[-r_d2d1d1d2_31, +m_arginine]
[-r_d4d3d2d1_17, +r_d6d3d4d5_22]
[-r_d2d1d1d2_31, +r_d2d1d3d3_24]
[-r_d6d3d4d5_23, +r_d1d3d99d1_10]
[-r_d6d3d4d5_23, +m_arginine]
[-r_d6d3d4d5_23, +r_d2d6d1dx_14]
[-r_d6d3d4d5_23, +r_d6d3d4d5_22]
[-r_d6d3d4d5_23, +r_d1d13d11d16_13]
[-m_arginine, +r_d1d3d99d1_11]
[-r_d3d5d3d1_28, +r_d2d1d1d1_18]
[-r_d6d3d4d5_23, +m_succinate]
[-r_d2d1d3d3_25, +m_e2oxoglutarate]
[+m_urea, -r_d3d5d3d1_26]
[-r_d2d1d3d3_25, +m_arginine]
[-r_d6d3d4d5_23, +r_d2d3d1d61_5]
[-r_d3d5d3d1_26, +r_d2d1d1d1_19]
[-r_d2d1d3d3_25, +c_compoundCcitrate_transaconitateC]
[-r_d3d5d3d1_28, +r_d6d3d4d5_22]
[-m_arginine, +r_d2d1d1d2_31]
[-r_d3d5d3d1_26, +m_succinate]
[-r_d3d5d3d1_28, +r_d1d13d11d16_13]
[-r_d3d5d3d1_28, +r_d2d3d1d61_4]
[-r_d2d1d3d3_25, +r_d1d13d11d16_12]
[-r_d3d5d3d1_26, +c_compoundCarginine_fumarateC]
[-r_d3d5d3d1_26, +r_d2d1d3d3_24]
[-r_d3d5d3d1_28, +m_isocitrate]
[-r_d2d1d1d2_31, +m_isocitrate]
[-r_d6d3d4d5_23, +m_e2oxoglutarate]
[-r_d2d1d1d2_31, +r_d4d3d2d1_17]
[-m_arginine, +r_d2d6d1d39_1]
[-r_d2d1d3d3_25, +r_d1d13d11d16_13]
[-r_d3d5d3d1_28, +r_d2d6d1d39_1]
[-r_d3d5d3d1_28, +r_d1d1d1d42_3]
[-r_d2d1d1d2_31, +r_d2d6d1dx_15]
[-r_d2d1d1d2_31, +m_succinate]
[-r_d3d5d3d1_28, +r_d2d3d1d61_5]
[-m_arginine, +r_d2d6d1dx_14]
[-r_d2d1d1d2_31, +m_hippurate]
[-r_d3d5d3d1_26, +m_fumarate]
[-r_d3d5d3d1_26, +r_d2d1d1d2_31]
[-r_d3d5d3d1_28, +m_hippurate]
[-r_d2d1d3d3_25, +m_isocitrate]
[-r_d2d1d3d3_25, +r_d1d1d1d42_2]
[-r_d2d1d3d3_25, +m_citrate]
[-r_d3d5d3d1_26, +m_arginine]
[-r_d2d1d3d3_25, +r_d2d6d1d39_1]
[-c_compoundCarginine_fumarateC, +m_las]
[-r_d6d3d4d5_23, +r_d2d1d1d7_21]
[-r_d6d3d4d5_23, +m_transaconitate]
[-m_arginine, +r_d4d2d1d2_8]
[-r_d6d3d4d5_23, +c_compoundCurea_ornithineC]
[-m_arginine, +r_d1d13d11d16_12]
[-r_d2d1d1d2_31, +m_citrate]
[-r_d3d5d3d1_26, +m_taurine]
[-r_d3d5d3d1_28, +c_compoundCarginine_fumarateC]
[-r_d3d5d3d1_28, +r_d2d1d1d2_31]
[-m_arginine, +r_d2d1d1d1_19]
[-c_compoundCarginine_fumarateC, +r_d2d1d3d3_24]
[-m_arginine, +r_d2d3d1d61_5]
[+m_urea, -r_d4d3d2d1_16]
[-m_arginine, +r_d2d1d1d7_20]
[-m_arginine, +m_nmnd]
[-r_d3d5d3d1_26, +r_d4d2d1d2_8]
[-r_d3d5d3d1_26, +r_d1d1d1d42_3]
[-r_d2d1d3d3_25, +r_d6d3d4d5_22]
[-r_d3d5d3d1_26, +r_d6d3d4d5_23]
[-m_arginine, +r_d1d3d99d1_10]
[-r_d2d1d1d2_31, +r_d2d1d1d1_18]
[-m_arginine, +r_d2d1d1d7_21]
[-r_d3d5d3d1_26, +m_isocitrate]
[-r_d2d1d3d3_25, +r_d2d1d1d7_21]
[-r_d6d3d4d5_23, +m_nmna]
[+m_urea, -r_d2d1d1d2_30]
[-r_d6d3d4d5_23, +r_d1d1d1d42_3]
[-r_d6d3d4d5_23, +m_taurine]
[-r_d6d3d4d5_23, +r_d2d6d1dx_15]
[-r_d6d3d4d5_23, +r_d3d5d3d1_26]
[-r_d4d3d2d1_17, +m_las]
[-r_d2d1d1d2_31, +r_d2d1d1d7_20]
[-r_d2d1d3d3_25, +r_d2d6d1dx_15]
[-m_arginine, +r_d1d13d11d16_13]
[-r_d2d1d1d2_31, +m_citruline]
[-r_d2d1d1d2_31, +r_d2d3d1d61_4]
[-m_arginine, +r_d4d2d1d3_6]
[-r_d6d3d4d5_23, +r_d1d1d1d42_2]
[-m_arginine, +r_d6d3d4d5_22]
[-r_d2d1d1d2_31, +r_d2d1d3d3_25]
[-r_d2d1d1d2_31, +m_nmnd]
[+m_urea, -m_creatine]
[-m_arginine, +m_e2oxoglutarate]
[-m_arginine, +m_l2aminoadipate]
[-r_d2d1d1d2_31, +r_d4d2d1d2_9]
[-r_d3d5d3d1_26, +r_d2d1d1d7_21]
[-r_d2d1d1d2_31, +r_d2d6d1d39_1]
[-r_d2d1d1d2_31, +r_d1d3d99d1_10]
[-r_d2d1d3d3_25, +m_l2aminoadipate]
[-r_d3d5d3d1_28, +r_d4d3d2d1_16]
[-r_d3d5d3d1_28, +r_d6d3d4d5_23]
[-r_d6d3d4d5_23, +r_d2d3d1d61_4]
[-r_d3d5d3d1_26, +r_d4d3d2d1_16]
[-m_arginine, +m_fumarate]
[-r_d3d5d3d1_26, +m_l2aminoadipate]
[-r_d2d1d3d3_25, +m_nmnd]
[-r_d6d3d4d5_23, +r_d2d6d1d39_0]
[-r_d3d5d3d1_28, +m_transaconitate]
[-m_arginine, +m_las]
[+m_urea, -r_d6d3d4d5_23]
[-r_d2d1d1d2_31, +r_d2d1d1d1_19]
[-m_arginine, +m_citruline]
[-r_d2d1d1d2_31, +r_d2d3d1d61_5]
[-r_d3d5d3d1_28, +r_d2d1d3d3_25]
[-r_d6d3d4d5_23, +m_l2aminoadipate]
[-c_compoundCarginine_fumarateC, +m_citruline]
[-m_arginine, +r_d2d3d1d61_4]
[-r_d3d5d3d1_28, +r_d2d1d1d7_21]
[-r_d3d5d3d1_28, +m_nmnd]
[-r_d2d1d1d2_31, +r_d4d2d1d3_7]
[-r_d3d5d3d1_26, +r_d1d13d11d16_12]
[-r_d4d3d2d1_17, +r_d4d3d2d1_16]
[-m_arginine, +r_d4d2d1d2_9]
[-r_d3d5d3d1_26, +r_d2d1d3d3_25]
[-r_d3d5d3d1_28, +r_d4d3d2d1_17]
[-r_d3d5d3d1_28, +r_d4d2d1d3_7]
[+m_urea, -r_d3d5d3d1_28]
[-m_arginine, +r_d3d5d3d1_28]
[-r_d2d1d1d2_31, +c_compoundCurea_ornithineC]
[-r_d3d5d3d1_28, +m_fumarate]
[-m_las, +r_d2d1d3d3_24]
[-r_d6d3d4d5_23, +r_d2d1d1d7_20]
[-m_arginine, +r_d4d2d1d3_7]
[-r_d3d5d3d1_28, +r_d2d6d1d39_0]
[-r_d6d3d4d5_23, +m_hippurate]
[-r_d6d3d4d5_23, +r_d2d1d3d3_24]
[-m_arginine, +r_d1d1d1d42_2]
[-m_arginine, +c_compoundCcitrate_transaconitateC]
[-r_d6d3d4d5_23, +r_d1d3d99d1_11]
[-r_d3d5d3d1_26, +r_d4d2d1d2_9]
[-r_d3d5d3d1_26, +m_transaconitate]
[-r_d2d1d3d3_25, +c_compoundCurea_ornithineC]
[-r_d3d5d3d1_28, +r_d4d2d1d3_6]
[-r_d2d1d1d2_31, +r_d1d13d11d16_12]
[-r_d2d1d3d3_25, +r_d2d6d1d39_0]
[-r_d3d5d3d1_28, +r_d1d13d11d16_12]
[-r_d2d1d1d2_31, +r_d3d5d3d1_26]
[-r_d3d5d3d1_26, +r_d4d2d1d3_7]
[-r_d2d1d3d3_25, +r_d3d5d3d1_28]
[-r_d2d1d3d3_25, +r_d1d3d99d1_10]
[-r_d3d5d3d1_26, +r_d1d13d11d16_13]
[-r_d2d1d3d3_25, +r_d4d2d1d2_8]
[+m_urea, -c_compoundCarginine_fumarateC]
[+m_urea, -r_d2d1d3d3_24]
[-r_d3d5d3d1_28, +r_d2d6d1dx_15]
[-r_d2d1d1d2_31, +m_fumarate]
[-c_compoundCarginine_fumarateC, +r_d6d3d4d5_22]
[-m_arginine, +r_d1d1d1d42_3]
[-m_arginine, +m_isocitrate]
[-r_d2d1d3d3_25, +m_transaconitate]
[-r_d3d5d3d1_26, +c_compoundCcitrate_transaconitateC]
[-r_d2d1d3d3_25, +m_taurine]
[-r_d4d3d2d1_16, +r_d2d1d3d3_24]
[-r_d2d1d1d2_31, +r_d4d2d1d3_6]
[-r_d2d1d1d2_31, +m_transaconitate]
[-r_d3d5d3d1_26, +m_nmnd]
[-r_d6d3d4d5_23, +r_d4d2d1d2_9]
[-r_d3d5d3d1_28, +r_d1d3d99d1_10]
[-m_arginine, +m_taurine]
[-m_arginine, +m_succinate]
[-r_d2d1d1d2_31, +r_d2d6d1d39_0]
[-m_arginine, +r_d4d3d2d1_16]
[-r_d3d5d3d1_28, +r_d1d1d1d42_2]
[+m_urea, -r_d2d1d3d3_25]
[-r_d6d3d4d5_23, +r_d2d1d1d1_18]
[-r_d3d5d3d1_28, +m_citruline]
[-r_d3d5d3d1_26, +r_d4d3d2d1_17]
[-r_d2d1d3d3_25, +m_succinate]
[-r_d3d5d3d1_28, +m_succinate]
[-m_arginine, +m_citrate]
[-r_d3d5d3d1_26, +r_d2d6d1dx_15]
[-r_d6d3d4d5_23, +m_citrate]
[+m_urea, -m_las]
[-m_arginine, +r_d2d1d3d3_24]
[-r_d3d5d3d1_26, +r_d2d1d1d1_18]
[-r_d2d1d1d2_31, +r_d1d1d1d42_2]
[-r_d3d5d3d1_28, +m_nmna]
[-r_d3d5d3d1_28, +r_d1d3d99d1_11]
[-r_d3d5d3d1_26, +r_d2d6d1d39_1]
[-r_d2d1d3d3_25, +r_d2d1d1d7_20]
[-r_d2d1d3d3_25, +r_d2d1d3d3_24]
[-r_d3d5d3d1_26, +r_d2d3d1d61_5]
[-r_d3d5d3d1_26, +m_e2oxoglutarate]
[-r_d2d1d3d3_25, +r_d2d1d1d1_19]
[-r_d3d5d3d1_26, +r_d2d6d1dx_14]
[-r_d3d5d3d1_28, +m_e2oxoglutarate]
[-r_d3d5d3d1_26, +r_d2d3d1d61_4]
[-r_d3d5d3d1_28, +m_las]
[-r_d2d1d1d2_31, +m_taurine]
[-r_d6d3d4d5_23, +r_d2d1d3d3_25]
[-r_d3d5d3d1_26, +r_d6d3d4d5_22]
[+m_urea, -m_arginine]
[-r_d2d1d3d3_25, +r_d4d2d1d2_9]
[-r_d6d3d4d5_23, +r_d1d13d11d16_12]
[-r_d3d5d3d1_28, +r_d2d1d3d3_24]
[-m_arginine, +r_d2d6d1dx_15]
[-r_d3d5d3d1_26, +m_citrate]
[-r_d2d1d3d3_25, +r_d3d5d3d1_26]
[-r_d3d5d3d1_26, +r_d1d1d1d42_2]
[-r_d2d1d3d3_25, +m_nmna]
[-m_las, +m_citruline]
[-r_d3d5d3d1_28, +m_l2aminoadipate]
[-r_d6d3d4d5_23, +r_d4d2d1d2_8]
[-r_d2d1d1d2_31, +r_d1d1d1d42_3]
[+m_sarcosine, -r_d6d3d4d5_23]
[+m_sarcosine, -r_d4d3d2d1_16]
[+m_sarcosine, -r_d2d1d1d2_31]
[+m_sarcosine, -r_d3d5d3d1_26]
[+m_sarcosine, -r_d2d1d3d3_24]
[+m_sarcosine, -m_creatine]
[+m_sarcosine, -m_citruline]
[+m_sarcosine, -m_arginine]
[+m_sarcosine, -r_d3d5d3d1_28]
[+m_sarcosine, -c_compoundCurea_sarcosineC]
[+m_sarcosine, -r_d4d3d2d1_17]
[+m_sarcosine, -c_compoundCurea_ornithineC]
[+m_sarcosine, -m_ornithine]
[+m_sarcosine, -r_d2d1d1d2_30]
[+m_sarcosine, -r_d2d1d3d3_25]
[+m_sarcosine, -m_las]
[+m_sarcosine, -r_d6d3d4d5_22]
[+m_sarcosine, -c_compoundCarginine_fumarateC]
[+m_sarcosine, -r_d3d5d3d3_32]
[+r_d3d5d3d3_33, -c_compoundCurea_sarcosineC]
[+r_d3d5d3d3_33, -r_d2d1d1d2_31]
[+r_d3d5d3d3_33, -c_compoundCurea_ornithineC]
[+r_d3d5d3d3_33, -r_d3d5d3d1_28]
[+r_d3d5d3d3_33, -r_d3d5d3d1_26]
[+r_d3d5d3d3_33, -r_d6d3d4d5_23]
[+r_d3d5d3d3_33, -r_d2d1d3d3_25]
[+r_d3d5d3d3_33, -m_arginine]
[-r_d4d3d2d1_17, +m_taurine]
[-r_d2d1d3d3_24, +m_l2aminoadipate]
[-r_d6d3d4d5_22, +r_d4d2d1d2_8]
[-r_d2d1d3d3_24, +r_d6d3d4d5_22]
[-m_ornithine, +r_d1d1d1d42_3]
[-r_d6d3d4d5_22, +r_d2d6d1dx_15]
[-r_d2d1d1d2_30, +m_taurine]
[-r_d4d3d2d1_16, +r_d2d1d3d3_25]
[-r_d4d3d2d1_17, +r_d2d1d1d7_21]
[-r_d2d1d1d2_30, +r_d4d3d2d1_16]
[-r_d4d3d2d1_17, +c_compoundCurea_ornithineC]
[-r_d4d3d2d1_16, +r_d2d3d1d61_5]
[-r_d2d1d3d3_24, +m_taurine]
[-m_ornithine, +r_d3d5d3d1_28]
[-r_d4d3d2d1_17, +r_d4d2d1d3_6]
[-r_d2d1d1d2_30, +m_nmna]
[-m_creatine, +r_d1d1d1d42_2]
[-m_las, +m_arginine]
[-r_d4d3d2d1_17, +m_arginine]
[-m_creatine, +m_fumarate]
[-m_citruline, +r_d2d1d1d7_20]
[-r_d4d3d2d1_16, +m_taurine]
[-m_las, +r_d4d2d1d2_9]
[-r_d4d3d2d1_16, +r_d4d2d1d2_9]
[-r_d2d1d3d3_24, +r_d4d3d2d1_17]
[-m_citruline, +r_d4d2d1d2_8]
[-r_d2d1d1d2_30, +r_d1d1d1d42_3]
[-m_creatine, +r_d2d1d3d3_25]
[-m_las, +r_d2d6d1d39_0]
[-r_d2d1d1d2_30, +r_d1d13d11d16_13]
[-r_d2d1d1d2_30, +m_fumarate]
[-m_citruline, +r_d4d3d2d1_16]
[-m_las, +r_d4d2d1d3_6]
[-m_citruline, +r_d2d1d3d3_25]
[-r_d2d1d3d3_24, +r_d4d2d1d3_6]
[-r_d4d3d2d1_17, +r_d2d1d1d7_20]
[-r_d2d1d3d3_24, +r_d1d3d99d1_10]
[-r_d2d1d1d2_30, +r_d6d3d4d5_23]
[-m_creatine, +m_succinate]
[-r_d2d1d3d3_24, +r_d3d5d3d3_33]
[-m_ornithine, +r_d1d13d11d16_13]
[-r_d2d1d3d3_24, +r_d2d3d1d61_4]
[-m_las, +c_compoundCcitrate_transaconitateC]
[-r_d2d1d3d3_24, +r_d2d1d1d7_20]
[-m_ornithine, +r_d2d6d1d39_1]
[-r_d2d1d1d2_30, +r_d1d3d99d1_11]
[-r_d4d3d2d1_17, +r_d2d1d1d1_18]
[-m_creatine, +r_d3d5d3d3_33]
[-r_d2d1d1d2_30, +r_d2d6d1dx_15]
[-m_las, +r_d1d1d1d42_2]
[-r_d2d1d3d3_24, +c_compoundCurea_ornithineC]
[-m_ornithine, +m_transaconitate]
[-r_d2d1d3d3_24, +r_d3d5d3d1_28]
[-m_ornithine, +r_d4d2d1d3_7]
[-r_d2d1d3d3_24, +r_d4d2d1d3_7]
[-m_ornithine, +r_d6d3d4d5_22]
[-r_d4d3d2d1_16, +r_d2d1d1d2_31]
[-r_d6d3d4d5_22, +r_d1d1d1d42_3]
[-r_d2d1d1d2_30, +c_compoundCarginine_fumarateC]
[-m_creatine, +r_d2d1d1d1_19]
[-m_citruline, +r_d2d3d1d61_5]
[-r_d4d3d2d1_17, +r_d2d1d3d3_25]
[-r_d2d1d1d2_30, +r_d4d2d1d2_8]
[-r_d6d3d4d5_22, +m_citrate]
[-m_las, +r_d2d6d1dx_15]
[-r_d4d3d2d1_16, +m_isocitrate]
[-r_d2d1d1d2_30, +r_d2d1d3d3_25]
[-m_creatine, +c_compoundCcitrate_transaconitateC]
[-c_compoundCarginine_fumarateC, +c_compoundCurea_ornithineC]
[-r_d6d3d4d5_22, +r_d3d5d3d1_28]
[-m_citruline, +r_d4d2d1d3_7]
[-m_ornithine, +r_d2d1d3d3_24]
[-m_creatine, +m_nmnd]
[-r_d4d3d2d1_17, +r_d2d6d1d39_1]
[-m_las, +r_d2d1d1d7_20]
[-r_d4d3d2d1_16, +r_d3d5d3d3_33]
[-m_citruline, +r_d3d5d3d1_28]
[-m_ornithine, +m_arginine]
[-r_d2d1d1d2_30, +r_d2d3d1d61_4]
[-r_d4d3d2d1_16, +r_d1d13d11d16_12]
[-r_d4d3d2d1_17, +m_hippurate]
[-m_creatine, +r_d2d6d1dx_14]
[-r_d2d1d1d2_30, +r_d4d3d2d1_17]
[-m_citruline, +r_d4d2d1d3_6]
[-r_d4d3d2d1_16, +r_d1d1d1d42_2]
[-r_d4d3d2d1_17, +r_d1d1d1d42_3]
[-m_las, +m_succinate]
[-r_d6d3d4d5_22, +r_d2d3d1d61_5]
[-r_d2d1d3d3_24, +m_e2oxoglutarate]
[-r_d2d1d1d2_30, +c_compoundCurea_ornithineC]
[-m_creatine, +m_transaconitate]
[-r_d6d3d4d5_22, +r_d1d13d11d16_12]
[-m_citruline, +r_d2d1d1d7_21]
[-r_d2d1d1d2_30, +r_d1d1d1d42_2]
[-m_creatine, +m_taurine]
[-r_d6d3d4d5_22, +r_d2d1d1d2_31]
[-m_citruline, +r_d1d3d99d1_10]
[-m_citruline, +r_d2d3d1d61_4]
[-r_d6d3d4d5_22, +m_transaconitate]
[-r_d4d3d2d1_17, +r_d2d6d1dx_14]
[-r_d4d3d2d1_17, +m_succinate]
[-m_las, +r_d6d3d4d5_23]
[-m_las, +r_d4d2d1d2_8]
[-r_d4d3d2d1_16, +m_succinate]
[-r_d4d3d2d1_16, +r_d4d2d1d2_8]
[-r_d4d3d2d1_16, +r_d2d6d1dx_15]
[-r_d4d3d2d1_16, +r_d4d2d1d3_7]
[-m_citruline, +r_d2d6d1dx_15]
[-r_d4d3d2d1_16, +m_fumarate]
[-m_creatine, +r_d1d3d99d1_11]
[-r_d4d3d2d1_17, +m_e2oxoglutarate]
[-m_las, +r_d2d1d1d1_19]
[-r_d4d3d2d1_17, +m_citrate]
[-m_las, +r_d3d5d3d1_26]
[-m_ornithine, +r_d1d13d11d16_12]
[-r_d2d1d1d2_30, +m_hippurate]
[-r_d2d1d3d3_24, +c_compoundCarginine_fumarateC]
[-m_creatine, +c_compoundCarginine_fumarateC]
[-r_d2d1d3d3_24, +m_fumarate]
[-m_ornithine, +m_taurine]
[-m_citruline, +r_d2d1d1d2_31]
[-r_d2d1d3d3_24, +m_arginine]
[-r_d2d1d3d3_24, +r_d2d6d1dx_15]
[-m_ornithine, +m_hippurate]
[-r_d2d1d3d3_24, +r_d6d3d4d5_23]
[-m_ornithine, +m_succinate]
[-r_d2d1d3d3_24, +r_d1d1d1d42_3]
[-r_d2d1d1d2_30, +r_d1d3d99d1_10]
[-m_citruline, +r_d1d13d11d16_12]
[-r_d4d3d2d1_16, +r_d4d2d1d3_6]
[-r_d4d3d2d1_16, +r_d2d6d1dx_14]
[-m_citruline, +r_d3d5d3d3_33]
[-m_ornithine, +r_d2d1d1d1_19]
[-r_d2d1d1d2_30, +r_d3d5d3d3_33]
[-m_creatine, +r_d1d13d11d16_13]
[-m_las, +m_taurine]
[-r_d4d3d2d1_16, +r_d1d1d1d42_3]
[-r_d4d3d2d1_16, +r_d3d5d3d1_26]
[-r_d2d1d1d2_30, +r_d3d5d3d1_28]
[-m_creatine, +r_d4d2d1d3_7]
[-r_d4d3d2d1_17, +r_d2d6d1d39_0]
[-m_las, +r_d2d1d1d1_18]
[-r_d2d1d3d3_24, +r_d1d13d11d16_12]
[-m_las, +m_citrate]
[-r_d6d3d4d5_22, +c_compoundCarginine_fumarateC]
[-r_d2d1d3d3_24, +r_d1d3d99d1_11]
[-m_las, +r_d1d3d99d1_10]
[-m_las, +r_d4d3d2d1_16]
[-r_d2d1d3d3_24, +r_d2d1d1d1_18]
[-m_ornithine, +r_d2d6d1d39_0]
[-r_d6d3d4d5_22, +m_las]
[-r_d6d3d4d5_22, +r_d1d3d99d1_11]
[-r_d2d1d1d2_30, +m_nmnd]
[-m_creatine, +r_d2d1d1d7_21]
[-m_creatine, +m_l2aminoadipate]
[-m_citruline, +r_d2d1d1d1_19]
[-r_d4d3d2d1_16, +m_arginine]
[-m_creatine, +r_d4d2d1d3_6]
[-r_d4d3d2d1_17, +r_d1d1d1d42_2]
[-m_las, +m_nmna]
[-m_ornithine, +r_d3d5d3d3_33]
[-r_d4d3d2d1_16, +r_d1d3d99d1_11]
[-r_d6d3d4d5_22, +m_nmnd]
[-m_citruline, +m_l2aminoadipate]
[-m_creatine, +r_d6d3d4d5_23]
[-r_d2d1d1d2_30, +r_d2d6d1d39_1]
[-m_citruline, +m_hippurate]
[-m_ornithine, +r_d4d2d1d3_6]
[-r_d6d3d4d5_22, +m_hippurate]
[-r_d4d3d2d1_17, +r_d2d1d1d1_19]
[-r_d2d1d1d2_30, +r_d2d1d1d7_20]
[-m_creatine, +r_d2d6d1d39_1]
[-m_ornithine, +r_d2d1d1d7_21]
[-m_ornithine, +m_nmna]
[-m_ornithine, +r_d3d5d3d1_26]
[-m_ornithine, +r_d2d1d1d7_20]
[-r_d4d3d2d1_16, +m_nmnd]
[-r_d2d1d3d3_24, +m_isocitrate]
[-r_d4d3d2d1_16, +r_d2d6d1d39_0]
[-r_d4d3d2d1_17, +c_compoundCcitrate_transaconitateC]
[-m_las, +r_d2d1d3d3_25]
[-r_d4d3d2d1_17, +r_d4d2d1d2_9]
[-r_d6d3d4d5_22, +r_d2d6d1d39_0]
[-m_las, +r_d1d13d11d16_13]
[-r_d6d3d4d5_22, +r_d2d6d1d39_1]
[-m_citruline, +c_compoundCurea_ornithineC]
[-r_d6d3d4d5_22, +r_d2d1d1d7_20]
[-m_citruline, +r_d2d6d1d39_1]
[-m_las, +r_d1d3d99d1_11]
[-m_sarcosine, -m_urea, +c_compoundCurea_sarcosineC]
[-r_d2d1d3d3_24, +m_transaconitate]
[-m_creatine, +r_d3d5d3d1_26]
[-m_las, +m_e2oxoglutarate]
[-m_creatine, +r_d4d2d1d2_8]
[-r_d4d3d2d1_16, +c_compoundCurea_ornithineC]
[-r_d2d1d3d3_24, +m_hippurate]
[-r_d6d3d4d5_22, +m_e2oxoglutarate]
[-m_las, +r_d2d6d1d39_1]
[-m_las, +m_l2aminoadipate]
[-r_d2d1d3d3_24, +m_citruline]
[-m_ornithine, +r_d2d3d1d61_4]
[-r_d6d3d4d5_22, +r_d4d3d2d1_17]
[-r_d2d1d1d2_30, +r_d4d2d1d2_9]
[-c_compoundCarginine_fumarateC, +r_d2d1d1d2_31]
[-m_las, +m_isocitrate]
[-r_d4d3d2d1_16, +r_d6d3d4d5_23]
[-r_d4d3d2d1_17, +r_d3d5d3d1_28]
[-r_d4d3d2d1_17, +r_d2d6d1dx_15]
[-r_d4d3d2d1_17, +m_l2aminoadipate]
[-m_las, +m_nmnd]
[-r_d2d1d3d3_24, +r_d1d1d1d42_2]
[-m_ornithine, +r_d4d2d1d2_9]
[-m_citruline, +r_d6d3d4d5_22]
[-r_d3d5d3d3_32, +r_d3d5d3d3_33]
[-r_d2d1d1d2_30, +r_d4d2d1d3_6]
[-r_d2d1d3d3_24, +r_d2d1d1d1_19]
[-m_ornithine, +m_e2oxoglutarate]
[-m_ornithine, +r_d2d6d1dx_14]
[-r_d2d1d3d3_24, +r_d3d5d3d1_26]
[-m_ornithine, +m_citrate]
[-r_d2d1d3d3_24, +m_citrate]
[-r_d2d1d3d3_24, +m_las]
[-c_compoundCarginine_fumarateC, +r_d3d5d3d3_33]
[-r_d2d1d1d2_30, +m_e2oxoglutarate]
[-m_creatine, +m_citruline]
[-r_d2d1d1d2_30, +r_d6d3d4d5_22]
[-m_creatine, +r_d1d1d1d42_3]
[-r_d2d1d3d3_24, +r_d4d2d1d2_9]
[-m_citruline, +m_nmna]
[-m_las, +r_d1d1d1d42_3]
[-r_d4d3d2d1_17, +r_d1d13d11d16_13]
[-m_las, +r_d3d5d3d3_33]
[-m_creatine, +r_d2d6d1dx_15]
[-r_d4d3d2d1_17, +r_d1d3d99d1_10]
[-m_las, +r_d2d1d1d2_31]
[-m_creatine, +r_d2d1d1d7_20]
[-r_d2d1d1d2_30, +m_isocitrate]
[-r_d6d3d4d5_22, +r_d2d1d1d7_21]
[-m_citruline, +m_isocitrate]
[-r_d4d3d2d1_16, +r_d2d1d1d1_18]
[-m_ornithine, +m_nmnd]
[-r_d6d3d4d5_22, +r_d4d2d1d3_7]
[-r_d2d1d1d2_30, +r_d2d1d1d1_19]
[-m_creatine, +m_e2oxoglutarate]
[-r_d4d3d2d1_16, +m_e2oxoglutarate]
[-m_citruline, +r_d2d1d1d1_18]
[-m_creatine, +m_hippurate]
[-r_d6d3d4d5_22, +r_d2d3d1d61_4]
[-m_las, +r_d2d3d1d61_4]
[-r_d2d1d1d2_30, +r_d2d1d1d1_18]
[-m_creatine, +r_d2d6d1d39_0]
[-r_d6d3d4d5_22, +r_d1d13d11d16_13]
[-m_creatine, +r_d2d1d3d3_24]
[-r_d6d3d4d5_22, +r_d3d5d3d3_33]
[-m_citruline, +r_d1d13d11d16_13]
[-r_d2d1d1d2_30, +m_citruline]
[-m_creatine, +r_d2d3d1d61_4]
[-m_citruline, +m_nmnd]
[-m_creatine, +m_arginine]
[-m_citruline, +r_d1d1d1d42_3]
[-m_las, +r_d2d6d1dx_14]
[-r_d2d1d3d3_24, +m_nmnd]
[-m_ornithine, +m_l2aminoadipate]
[-r_d4d3d2d1_17, +m_isocitrate]
[-m_las, +r_d2d1d1d7_21]
[-r_d2d1d3d3_24, +r_d2d6d1dx_14]
[-r_d6d3d4d5_22, +r_d6d3d4d5_23]
[-m_citruline, +m_succinate]
[-r_d4d3d2d1_17, +m_transaconitate]
[-m_las, +c_compoundCurea_ornithineC]
[-m_creatine, +r_d1d3d99d1_10]
[-r_d2d1d1d2_30, +r_d2d1d3d3_24]
[-m_creatine, +r_d2d3d1d61_5]
[-r_d2d1d3d3_24, +m_succinate]
[-m_creatine, +r_d3d5d3d1_28]
[-r_d6d3d4d5_22, +r_d1d1d1d42_2]
[-r_d2d1d1d2_30, +r_d2d6d1dx_14]
[-r_d6d3d4d5_22, +m_nmna]
[-m_citruline, +r_d1d1d1d42_2]
[-m_creatine, +r_d1d13d11d16_12]
[-r_d2d1d1d2_30, +r_d1d13d11d16_12]
[-r_d6d3d4d5_22, +r_d2d1d3d3_25]
[-m_citruline, +c_compoundCcitrate_transaconitateC]
[-r_d2d1d1d2_30, +r_d2d1d1d7_21]
[-m_creatine, +m_isocitrate]
[-r_d6d3d4d5_22, +c_compoundCcitrate_transaconitateC]
[-r_d4d3d2d1_16, +r_d4d3d2d1_17]
[-m_las, +r_d4d2d1d3_7]
[-r_d4d3d2d1_17, +r_d2d3d1d61_5]
[-r_d2d1d3d3_24, +r_d2d6d1d39_1]
[-c_compoundCarginine_fumarateC, +r_d3d5d3d1_28]
[-r_d6d3d4d5_22, +r_d1d3d99d1_10]
[-r_d2d1d3d3_24, +r_d2d3d1d61_5]
[-c_compoundCarginine_fumarateC, +r_d2d1d3d3_25]
[-m_ornithine, +r_d1d3d99d1_11]
[-r_d4d3d2d1_16, +r_d2d3d1d61_4]
[-r_d4d3d2d1_16, +r_d2d1d1d7_20]
[-m_creatine, +r_d4d2d1d2_9]
[-r_d4d3d2d1_17, +m_nmna]
[-m_ornithine, +r_d2d1d1d1_18]
[-r_d2d1d3d3_24, +m_nmna]
[-m_ornithine, +r_d1d1d1d42_2]
[-r_d6d3d4d5_22, +r_d4d3d2d1_16]
[-r_d4d3d2d1_16, +m_citrate]
[-r_d6d3d4d5_22, +m_taurine]
[-r_d2d1d3d3_24, +r_d4d3d2d1_16]
[-r_d6d3d4d5_22, +m_fumarate]
[-r_d2d1d1d2_30, +m_citrate]
[-r_d6d3d4d5_22, +m_l2aminoadipate]
[-r_d4d3d2d1_17, +r_d1d13d11d16_12]
[-m_citruline, +r_d2d6d1dx_14]
[-r_d4d3d2d1_17, +r_d6d3d4d5_23]
[-r_d6d3d4d5_22, +r_d2d6d1dx_14]
[-m_ornithine, +r_d4d3d2d1_16]
[-r_d2d1d3d3_24, +r_d4d2d1d2_8]
[-r_d4d3d2d1_16, +m_transaconitate]
[-r_d4d3d2d1_17, +r_d4d2d1d2_8]
[-m_creatine, +r_d2d1d1d2_30]
[-r_d4d3d2d1_16, +m_nmna]
[-m_ornithine, +c_compoundCurea_ornithineC]
[-r_d6d3d4d5_22, +r_d4d2d1d2_9]
[-r_d2d1d1d2_30, +m_las]
[-c_compoundCarginine_fumarateC, +r_d4d3d2d1_17]
[-m_creatine, +c_compoundCurea_ornithineC]
[-r_d2d1d1d2_30, +r_d2d6d1d39_0]
[-m_citruline, +m_arginine]
[-r_d6d3d4d5_22, +r_d4d2d1d3_6]
[-c_compoundCarginine_fumarateC, +r_d6d3d4d5_23]
[-r_d6d3d4d5_22, +c_compoundCurea_ornithineC]
[-m_citruline, +m_transaconitate]
[-r_d6d3d4d5_22, +r_d3d5d3d1_26]
[-m_citruline, +m_citrate]
[-m_creatine, +r_d2d1d1d1_18]
[-m_citruline, +m_taurine]
[-r_d6d3d4d5_22, +r_d2d1d1d1_19]
[-m_citruline, +m_e2oxoglutarate]
[-r_d4d3d2d1_17, +r_d4d2d1d3_7]
[-m_las, +r_d3d5d3d1_28]
[-r_d4d3d2d1_16, +c_compoundCarginine_fumarateC]
[-m_ornithine, +r_d2d3d1d61_5]
[-r_d2d1d3d3_24, +r_d2d6d1d39_0]
[-r_d2d1d1d2_30, +m_succinate]
[-m_creatine, +m_las]
[-c_compoundCarginine_fumarateC, +r_d3d5d3d1_26]
[-r_d2d1d1d2_30, +r_d3d5d3d1_26]
[-m_creatine, +m_citrate]
[-m_creatine, +r_d4d3d2d1_17]
[-r_d2d1d3d3_24, +r_d2d1d1d7_21]
[-m_ornithine, +m_isocitrate]
[-m_citruline, +r_d3d5d3d1_26]
[-m_las, +r_d2d3d1d61_5]
[-r_d2d1d1d2_30, +m_transaconitate]
[-r_d2d1d1d2_30, +m_l2aminoadipate]
[-r_d2d1d3d3_24, +r_d2d1d1d2_31]
[-m_ornithine, +r_d1d3d99d1_10]
[-m_creatine, +m_nmna]
[-r_d2d1d3d3_24, +r_d1d13d11d16_13]
[-m_citruline, +r_d4d2d1d2_9]
[-r_d6d3d4d5_22, +r_d2d1d1d1_18]
[-m_citruline, +r_d2d6d1d39_0]
[-r_d4d3d2d1_17, +r_d3d5d3d3_33]
[-r_d4d3d2d1_17, +r_d3d5d3d1_26]
[-m_ornithine, +r_d2d6d1dx_15]
[-r_d4d3d2d1_16, +r_d2d6d1d39_1]
[-r_d4d3d2d1_16, +c_compoundCcitrate_transaconitateC]
[-r_d4d3d2d1_17, +m_nmnd]
[-m_ornithine, +r_d4d2d1d2_8]
[-r_d4d3d2d1_16, +m_l2aminoadipate]
[-r_d2d1d1d2_30, +r_d4d2d1d3_7]
[-m_las, +m_hippurate]
[-r_d2d1d3d3_24, +c_compoundCcitrate_transaconitateC]
[-r_d2d1d1d2_30, +c_compoundCcitrate_transaconitateC]
[-r_d2d1d3d3_24, +r_d2d1d3d3_25]
[-m_ornithine, +c_compoundCcitrate_transaconitateC]
[-r_d4d3d2d1_16, +r_d2d1d1d1_19]
[-r_d6d3d4d5_22, +m_isocitrate]
[-m_las, +r_d1d13d11d16_12]
[-r_d4d3d2d1_17, +r_d1d3d99d1_11]
[-r_d4d3d2d1_17, +r_d2d1d1d2_31]
[-r_d2d1d1d2_30, +r_d2d3d1d61_5]
[-r_d4d3d2d1_16, +m_hippurate]
[-m_sarcosine, -m_urea, +r_d3d5d3d3_33]
[-r_d4d3d2d1_16, +r_d1d3d99d1_10]
[-m_creatine, +r_d4d3d2d1_16]
[-r_d4d3d2d1_16, +r_d3d5d3d1_28]
[-r_d4d3d2d1_16, +r_d1d13d11d16_13]
[-r_d4d3d2d1_17, +r_d2d3d1d61_4]
[-r_d6d3d4d5_22, +m_succinate]
[-r_d2d1d1d2_30, +m_arginine]
[-m_citruline, +r_d1d3d99d1_11]
[-r_d4d3d2d1_16, +r_d2d1d1d7_21]
[-m_las, +m_transaconitate]
[-m_creatine, +r_d6d3d4d5_22]
[-r_d6d3d4d5_22, +m_arginine]


Total execution time was 1377503 ms.


Execution time was 1377500 ms.

status 103
---System Timeout---
Problems/Bio/glucolysis_all_ld-1--1_MONO
------------------  TIME OUT --------------------

removing temp .csv#########################
