LAUNCH MULTI PROBLEM############################
-d64
-Xms512m
-Xmx2g
-jar
ressources/CFLauncher_7.jar
-method=DICF-PB-Star
-verbose
-t=10000
-var=_min-2_ld2--1
-dist=_kmet2
-csq=Problems/Bio/glucolysis_min-2_ld2--1_MULTI_DICF-PB-Star
Problems/Bio/glucolysis
Problems/Bio/glucolysis_min-2_ld2--1_MULTI_DICF-PB-Star
Time for creating graph: 0.209s
Sys -> Ag0 : {New neighbour}
Sys -> Ag1 : {New neighbour}
Sys -> Ag0 : {Start}
Sys -> Ag1 : {Start}
Sys -> Ag0 : {Launch}
Sys -> Ag1 : {Launch}
Ag0 <------  {New neighbour}
Ag0 <------  {Start}
Ag0 -> Sys : {Started}
Ag0 <------  {Launch}
Ag0 receives [[+m_glucose]]
After pruning [[+m_glucose]]
Input Languages : {Ag1=[-m_fumarate, +m_succinate, +m_tmao, +r_d2d6d1dx_15, -m_citrate, -r_d4d1d2d32_45, +m_citrate]}
Ag1 <------  {New neighbour}
Ag1 <------  {Start}
Ag1 -> Sys : {Started}
Ag1 <------  {Launch}
Starting SolveToClause...
Launching solver...
Sys <------  {Started}
Sys <------  {Started}
----------------------------------------------------------------------
Clauses:
 [+r_d2d6d1d39_0, -m_l2aminoadipate]
 [+m_e2oxoglutarate, -r_d2d6d1d39_0]
 [+r_d2d6d1d39_1, -m_e2oxoglutarate]
 [+m_l2aminoadipate, -r_d2d6d1d39_1]
 [+r_d1d1d1d42_2, -m_e2oxoglutarate]
 [+m_isocitrate, -r_d1d1d1d42_2]
 [+r_d1d1d1d42_3, -m_isocitrate]
 [+m_e2oxoglutarate, -r_d1d1d1d42_3]
 [+r_d2d3d1d61_4, -m_e2oxoglutarate]
 [+m_succinate, -r_d2d3d1d61_4]
 [+r_d2d3d1d61_5, -m_succinate]
 [+m_e2oxoglutarate, -r_d2d3d1d61_5]
 [+r_d4d2d1d3_6, -m_isocitrate]
 [+c_compoundCcitrate_transaconitateC, -r_d4d2d1d3_6]
 [+m_citrate, -c_compoundCcitrate_transaconitateC]
 [+m_transaconitate, -c_compoundCcitrate_transaconitateC]
 [+r_d4d2d1d3_7, -c_compoundCcitrate_transaconitateC]
 [+c_compoundCcitrate_transaconitateC, -m_citrate, -m_transaconitate]
 [+m_isocitrate, -r_d4d2d1d3_7]
 [+r_d4d2d1d2_9, -m_fumarate]
 [+m_citrate, -r_d4d2d1d2_9]
 [+r_d1d3d99d1_11, -m_fumarate]
 [+m_succinate, -r_d1d3d99d1_11]
 [+r_d1d13d11d16_12, -m_succinate]
 [+m_hippurate, -r_d1d13d11d16_12]
 [+r_d1d13d11d16_13, -m_hippurate]
 [+m_succinate, -r_d1d13d11d16_13]
 [+r_d2d6d1dx_14, -m_citrate]
 [+m_taurine, -r_d2d6d1dx_14]
 [+r_d2d6d1dx_15, -m_taurine]
 [+m_tmao, -r_d4d1d2d32_45]
 [+r_d4d2d1d54_46, -m_lactate]
 [+m_acryloylcoa, -r_d4d2d1d54_46]
 [+r_d4d2d1d54_47, -m_acryloylcoa]
 [+m_lactate, -r_d4d2d1d54_47]
 [+r_d4d3d1d6_48, -m_betaalanine]
 [+m_acryloylcoa, -r_d4d3d1d6_48]
 [+r_d4d3d1d6_49, -m_acryloylcoa]
 [+m_betaalanine, -r_d4d3d1d6_49]
 [+r_d2d1d3d1_50, -m_acryloylcoa]
 [+m_succinate, -r_d2d1d3d1_50]
 [+r_d2d1d3d1_51, -m_succinate]
 [+m_acryloylcoa, -r_d2d1d3d1_51]
 [+r_d4d1d1d20_52, -m_betaalanine]
 [+m_llysine, -r_d4d1d1d20_52]
 [+r_d4d1d1d20_53, -m_llysine]
 [+m_betaalanine, -r_d4d1d1d20_53]
 [+r_d2d6d1d14_54, -m_betaalanine]
 [+m_citrate, -r_d2d6d1d14_54]
 [+r_d2d6d1d14_55, -m_citrate]
 [+m_betaalanine, -r_d2d6d1d14_55]
 [+r_d1d2d1d31_56, -m_l2aminoadipate]
 [+m_llysine, -r_d1d2d1d31_56]
 [+r_d1d2d1d31_57, -m_llysine]
 [+m_l2aminoadipate, -r_d1d2d1d31_57]
 [+r_d2d7d1d69_58, -m_glucose]
 [+m_pyruvate, -r_d2d7d1d69_58]
 [+r_d2d7d1d69_59, -m_pyruvate]
 [+m_glucose, -r_d2d7d1d69_59]
 [+r_d1d1d1d27_60, -m_pyruvate]
 [+m_lactate, -r_d1d1d1d27_60]
 [+r_d1d1d1d27_61, -m_lactate]
 [+m_pyruvate, -r_d1d1d1d27_61]
 [+r_d1d2d4d1_62, -m_pyruvate]
 [+m_acetylcoa, -r_d1d2d4d1_62]
 [+r_d1d2d4d1_63, -m_acetylcoa]
 [+m_pyruvate, -r_d1d2d4d1_63]
 [+r_d2d3d3d1_64, -m_acetylcoa]
 [+m_citrate, -r_d2d3d3d1_64]
 [+r_d2d3d3d1_65, -m_citrate]
 [+m_acetylcoa, -r_d2d3d3d1_65]
 [+r_d6d2d1d1_66, -m_acetylcoa]
 [+m_acetate, -r_d6d2d1d1_66]
 [+r_d6d2d1d1_67, -m_acetate]
 [+m_acetylcoa, -r_d6d2d1d1_67]
 [+m_glucose]
Top clauses:
 [+m_glucose]
Production field:
 [-m_fumarate, +m_succinate, +m_tmao, +r_d2d6d1dx_15, -m_citrate, -r_d4d1d2d32_45, +m_citrate, +m_glucose, +r_d2d6d1d39_0, -r_d2d6d1d39_0, +r_d2d6d1d39_1, -r_d2d6d1d39_1]
>>>>>>>>>>>> Solving at depth : -1( real 0)
>>>>>>>>>>>> Solve - measure : [230, 1427, 571, 55, 0, 0, 0, 4]
Solver finished.
SolveToClause Finished!
Ag0: updated receivedCl []
updated lstCsq [[+m_glucose], [+r_d2d6d1d39_0], [+m_succinate], [+r_d2d6d1d39_1], [+r_d2d6d1dx_15], [+m_citrate]]
Ag0 -> Ag1 : Send Clauses : [[+m_succinate], [+r_d2d6d1dx_15], [+m_citrate]]
Ag1 <------  Send Clauses : [[+m_succinate], [+r_d2d6d1dx_15], [+m_citrate]]
Ag1 receives [[+m_succinate], [+r_d2d6d1dx_15], [+m_citrate]]
After pruning [[+m_succinate], [+r_d2d6d1dx_15], [+m_citrate]]
Input Languages : {}
Starting SolveToClause...
Launching solver...
----------------------------------------------------------------------
Clauses:
 [+r_d4d2d1d2_8, -m_citrate]
 [+m_fumarate, -r_d4d2d1d2_8]
 [+r_d1d3d99d1_10, -m_succinate]
 [+m_fumarate, -r_d1d3d99d1_10]
 [+m_citrate, -r_d2d6d1dx_15]
 [+r_d4d3d2d1_16, -c_compoundCarginine_fumarateC]
 [+c_compoundCarginine_fumarateC, -m_arginine, -m_fumarate]
 [+m_las, -r_d4d3d2d1_16]
 [+r_d4d3d2d1_17, -m_las]
 [+c_compoundCarginine_fumarateC, -r_d4d3d2d1_17]
 [+m_arginine, -c_compoundCarginine_fumarateC]
 [+m_fumarate, -c_compoundCarginine_fumarateC]
 [+r_d2d1d1d1_18, -m_nmnd]
 [+m_fumarate, -r_d2d1d1d1_18]
 [+r_d2d1d1d1_19, -m_fumarate]
 [+m_nmnd, -r_d2d1d1d1_19]
 [+r_d2d1d1d7_20, -m_nmna]
 [+m_fumarate, -r_d2d1d1d7_20]
 [+r_d2d1d1d7_21, -m_fumarate]
 [+m_nmna, -r_d2d1d1d7_21]
 [+r_d6d3d4d5_22, -m_las]
 [+m_citruline, -r_d6d3d4d5_22]
 [+r_d6d3d4d5_23, -m_citruline]
 [+m_las, -r_d6d3d4d5_23]
 [+r_d2d1d3d3_24, -m_citruline]
 [+m_ornithine, -r_d2d1d3d3_24]
 [+r_d2d1d3d3_25, -m_ornithine]
 [+m_citruline, -r_d2d1d3d3_25]
 [+r_d3d5d3d1_26, -m_arginine]
 [+c_compoundCurea_ornithineC, -r_d3d5d3d1_26]
 [+r_d3d5d3d1_28, -c_compoundCurea_ornithineC]
 [+m_arginine, -r_d3d5d3d1_28]
 [+m_urea, -c_compoundCurea_ornithineC]
 [+m_ornithine, -c_compoundCurea_ornithineC]
 [+c_compoundCurea_ornithineC, -m_urea, -m_ornithine]
 [+r_d2d1d1d2_30, -m_ornithine]
 [+m_creatine, -r_d2d1d1d2_30]
 [+r_d2d1d1d2_31, -m_creatine]
 [+m_ornithine, -r_d2d1d1d2_31]
 [+r_d3d5d3d3_32, -m_creatine]
 [+c_compoundCurea_sarcosineC, -r_d3d5d3d3_32]
 [+m_urea, -c_compoundCurea_sarcosineC]
 [+m_sarcosine, -c_compoundCurea_sarcosineC]
 [+r_d3d5d3d3_33, -c_compoundCurea_sarcosineC]
 [+c_compoundCurea_sarcosineC, -m_urea, -m_sarcosine]
 [+m_creatine, -r_d3d5d3d3_33]
 [+r_d3d5d2d10_34, -m_creatinine]
 [+m_creatine, -r_d3d5d2d10_34]
 [+r_d3d5d2d10_35, -m_creatine]
 [+m_creatinine, -r_d3d5d2d10_35]
 [+r_d3d5d1d59_36, -m_creatinine]
 [+m_sarcosine, -r_d3d5d1d59_36]
 [+r_d3d5d1d59_37, -m_sarcosine]
 [+m_creatinine, -r_d3d5d1d59_37]
 [+r_d1d5d99d1_38, -m_formaldehyde]
 [+m_sarcosine, -r_d1d5d99d1_38]
 [+r_d1d5d99d1_39, -m_sarcosine]
 [+m_formaldehyde, -r_d1d5d99d1_39]
 [+r_d1d1d99d8_40, -m_formaldehyde]
 [+m_formate, -r_d1d1d99d8_40]
 [+r_d1d1d99d8_41, -m_formate]
 [+m_formaldehyde, -r_d1d1d99d8_41]
 [+r_d1d4d99d3_42, -m_formaldehyde]
 [+m_methylamine, -r_d1d4d99d3_42]
 [+r_d1d4d99d3_43, -m_methylamine]
 [+m_formaldehyde, -r_d1d4d99d3_43]
 [+r_d4d1d2d32_44, -m_tmao]
 [+c_compoundCformaldehyde_methylamineC, -r_d4d1d2d32_44]
 [+m_formaldehyde, -c_compoundCformaldehyde_methylamineC]
 [+m_methylamine, -c_compoundCformaldehyde_methylamineC]
 [+r_d4d1d2d32_45, -c_compoundCformaldehyde_methylamineC]
 [+c_compoundCformaldehyde_methylamineC, -m_formaldehyde, -m_methylamine]
 [+m_succinate]
 [+r_d2d6d1dx_15]
 [+m_citrate]
Top clauses:
 [+m_succinate]
 [+r_d2d6d1dx_15]
 [+m_citrate]
Production field:
 [-m_succinate, +m_fumarate, +r_d4d1d2d32_45, -m_citrate, +m_citrate, -m_tmao, -r_d2d6d1dx_15, +r_d2d6d1d39_0, -r_d2d6d1d39_0, +r_d2d6d1d39_1, -r_d2d6d1d39_1]

>>>>>>>>>>>> Solving at depth : -1( real 0)
>>>>>>>>>>>> Solve - measure : [376, 8367, 3240, 171, 0, 6, 0, 111]
Solver finished.
SolveToClause Finished!
Ag1: updated receivedCl [[+m_succinate], [+r_d2d6d1dx_15]]
updated lstCsq [[-m_tmao, +r_d4d1d2d32_45], [+m_citrate], [+m_fumarate]]
Ag1 -> Ag0 : Send Clauses : [[-m_tmao, +r_d4d1d2d32_45], [+m_citrate], [+m_fumarate]]
Ag0 <------  Send Clauses : [[-m_tmao, +r_d4d1d2d32_45], [+m_citrate], [+m_fumarate]]
Ag0 receives [[+m_glucose], [-m_tmao, +r_d4d1d2d32_45], [+m_citrate], [+m_fumarate]]
After pruning [[-m_tmao, +r_d4d1d2d32_45], [+m_fumarate]]
Input Languages : {Ag1=[-m_fumarate, +m_succinate, +m_tmao, +r_d2d6d1dx_15, -m_citrate, -r_d4d1d2d32_45, +m_citrate]}
Starting SolveToClause...
Launching solver...
----------------------------------------------------------------------
Clauses:
 [+r_d2d6d1d39_0, -m_l2aminoadipate]
 [-r_d2d6d1d39_0, +m_e2oxoglutarate]
 [+r_d2d6d1d39_1, -m_e2oxoglutarate]
 [-r_d2d6d1d39_1, +m_l2aminoadipate]
 [+r_d1d1d1d42_2, -m_e2oxoglutarate]
 [-r_d1d1d1d42_2, +m_isocitrate]
 [+r_d1d1d1d42_3, -m_isocitrate]
 [-r_d1d1d1d42_3, +m_e2oxoglutarate]
 [+r_d2d3d1d61_4, -m_e2oxoglutarate]
 [-r_d2d3d1d61_4, +m_succinate]
 [+r_d2d3d1d61_5, -m_succinate]
 [-r_d2d3d1d61_5, +m_e2oxoglutarate]
 [+r_d4d2d1d3_6, -m_isocitrate]
 [-r_d4d2d1d3_6, +c_compoundCcitrate_transaconitateC]
 [-c_compoundCcitrate_transaconitateC, +m_citrate]
 [+m_transaconitate, -c_compoundCcitrate_transaconitateC]
 [+r_d4d2d1d3_7, -c_compoundCcitrate_transaconitateC]
 [-m_transaconitate, +c_compoundCcitrate_transaconitateC, -m_citrate]
 [-r_d4d2d1d3_7, +m_isocitrate]
 [-m_fumarate, +r_d4d2d1d2_9]
 [-r_d4d2d1d2_9, +m_citrate]
 [-m_fumarate, +r_d1d3d99d1_11]
 [-r_d1d3d99d1_11, +m_succinate]
 [+r_d1d13d11d16_12, -m_succinate]
 [+m_hippurate, -r_d1d13d11d16_12]
 [+r_d1d13d11d16_13, -m_hippurate]
 [-r_d1d13d11d16_13, +m_succinate]
 [+r_d2d6d1dx_14, -m_citrate]
 [+m_taurine, -r_d2d6d1dx_14]
 [+r_d2d6d1dx_15, -m_taurine]
 [+m_tmao, -r_d4d1d2d32_45]
 [+r_d4d2d1d54_46, -m_lactate]
 [-r_d4d2d1d54_46, +m_acryloylcoa]
 [+r_d4d2d1d54_47, -m_acryloylcoa]
 [-r_d4d2d1d54_47, +m_lactate]
 [+r_d4d3d1d6_48, -m_betaalanine]
 [-r_d4d3d1d6_48, +m_acryloylcoa]
 [+r_d4d3d1d6_49, -m_acryloylcoa]
 [-r_d4d3d1d6_49, +m_betaalanine]
 [+r_d2d1d3d1_50, -m_acryloylcoa]
 [-r_d2d1d3d1_50, +m_succinate]
 [+r_d2d1d3d1_51, -m_succinate]
 [-r_d2d1d3d1_51, +m_acryloylcoa]
 [+r_d4d1d1d20_52, -m_betaalanine]
 [-r_d4d1d1d20_52, +m_llysine]
 [+r_d4d1d1d20_53, -m_llysine]
 [-r_d4d1d1d20_53, +m_betaalanine]
 [+r_d2d6d1d14_54, -m_betaalanine]
 [-r_d2d6d1d14_54, +m_citrate]
 [+r_d2d6d1d14_55, -m_citrate]
 [-r_d2d6d1d14_55, +m_betaalanine]
 [+r_d1d2d1d31_56, -m_l2aminoadipate]
 [-r_d1d2d1d31_56, +m_llysine]
 [+r_d1d2d1d31_57, -m_llysine]
 [-r_d1d2d1d31_57, +m_l2aminoadipate]
 [+r_d2d7d1d69_58, -m_glucose]
 [-r_d2d7d1d69_58, +m_pyruvate]
 [+r_d2d7d1d69_59, -m_pyruvate]
 [+m_glucose, -r_d2d7d1d69_59]
 [+r_d1d1d1d27_60, -m_pyruvate]
 [-r_d1d1d1d27_60, +m_lactate]
 [+r_d1d1d1d27_61, -m_lactate]
 [-r_d1d1d1d27_61, +m_pyruvate]
 [+r_d1d2d4d1_62, -m_pyruvate]
 [-r_d1d2d4d1_62, +m_acetylcoa]
 [+r_d1d2d4d1_63, -m_acetylcoa]
 [-r_d1d2d4d1_63, +m_pyruvate]
 [+r_d2d3d3d1_64, -m_acetylcoa]
 [-r_d2d3d3d1_64, +m_citrate]
 [+r_d2d3d3d1_65, -m_citrate]
 [-r_d2d3d3d1_65, +m_acetylcoa]
 [+r_d6d2d1d1_66, -m_acetylcoa]
 [+m_acetate, -r_d6d2d1d1_66]
 [+r_d6d2d1d1_67, -m_acetate]
 [-r_d6d2d1d1_67, +m_acetylcoa]
 [+m_glucose]
 [+r_d2d6d1d39_0]
 [+m_succinate]
 [+r_d2d6d1d39_1]
 [+r_d2d6d1dx_15]
 [+m_citrate]
 [-m_tmao, +r_d4d1d2d32_45]
 [+m_fumarate]
Top clauses:
 [-m_tmao, +r_d4d1d2d32_45]
 [+m_fumarate]
Production field:
 [-m_fumarate, +m_succinate, +m_tmao, +r_d2d6d1dx_15, -m_citrate, -r_d4d1d2d32_45, +m_citrate, +m_glucose, +r_d2d6d1d39_0, -r_d2d6d1d39_0, +r_d2d6d1d39_1, -r_d2d6d1d39_1]

>>>>>>>>>>>> Solving at depth : -1( real 0)
>>>>>>>>>>>> Solve - measure : [22, 9, 3, 1, 0, 0, 0, 0]
Solver finished.
SolveToClause Finished!
Ag0: updated receivedCl [[-m_tmao, +r_d4d1d2d32_45], [+m_fumarate]]
updated lstCsq [[+m_glucose], [+r_d2d6d1d39_0], [+m_succinate], [+r_d2d6d1d39_1], [+r_d2d6d1dx_15], [+m_citrate]]
Ag0 -> Sys : Send Consequences : [[+r_d2d6d1d39_0], [+r_d2d6d1d39_1]]
Sys <------  Send Consequences : [[+r_d2d6d1d39_0], [+r_d2d6d1d39_1]]
Ag0 -> Sys : {Finish}
Sys <------  {Finish}
Sys -> Ag0 : {Finish}
Sys -> Ag1 : {Finish}
Ag1 <------  {Finish}
Ag0 <------  {Finish}
2 (NEW) CHARACTERISTIC CLAUSES

[+r_d2d6d1d39_0]
[+r_d2d6d1d39_1]

Total execution time was 3513 ms.

Execution time was 3034 ms.

Problems/Bio/glucolysis_min-2_ld2--1_MULTI_DICF-PB-Star

LAUNCH CMP CSQ##################################
here
there
//nb de clauses de c1
2
//nb de clauses de c2
2
//c2 : solutions finales du MONO AGENT
//nb de clauses de c1 totalement(exactement) présentes dans c2 (et inversement)
2
//permet de mieux voir les redondances
//nb de fois que des clauses de c2 subsument des clauses de c1
2
//nb de fois que des clauses de c2 subsument des clauses de c1 (strict)
0
//nb de clauses de c1 qui ne sont subsumées par aucune clause de c2
0
//nb de clauses de c1 qui sont subsumées par des clauses de c2 (strict)
0
//nb de clauses de c1 qui sont subsumées par des clauses de c2 
2
//nb de clauses de c2 qui ne subsument aucune clause de c1
0
//nb de clauses de c2 qui subsument au moins une clause de c1
2
//nb de clauses de c2 qui subsument au moins une clause de c1(strict)
0
Problems/Bio/glucolysis_min-2_ld2--1_MULTI_DICF-PB-Star_CMP
nbCl_c1_non_subsumed;nbCl_c1;nbCl_c2;nbCl_c2_non_sub;nbTimesCl_subs_min;nbTimesCl_subs_non_min;nbCl_c1_subsumed_non_min;nbCl_c1_subsumed_min;nbCl_c2_sub_min;nbCl_c2_sub_non_min;nbCl_c1_tot_present
0;2;2;0;0;2;2;0;0;2;2

MERGE STATS####################################
file does exist at this time

Problems/Bio/glucolysis_min-2_ld2--1_MULTI_DICF-PB-Star.csq
0
timeout did not occur
max CPU time by SOLAR
min consequences sent
nbAg+
root-extensions
min CPU time by SOLAR
distrib
min total size messages
inferences
min extensions
max inferences
nbConsequencesFound
root-CPU time by SOLAR
nb Messages
root-total size messages
max total size messages
max nb Messages
CPU time by SOLAR
max extensions
max clauses sents
consequences sent
method
root-clauses sents
nbCl_c1_non_subsumed;nbCl_c1;nbCl_c2;nbCl_c2_non_sub;nbTimesCl_subs_min;nbTimesCl_subs_non_min;nbCl_c1_subsumed_non_min;nbCl_c1_subsumed_min;nbCl_c2_sub_min;nbCl_c2_sub_non_min;nbCl_c1_tot_present
min nb Messages
root-consequences sent
var
root-nb Messages
min clauses sents
root-inferences
total time
root
clauses sents
max consequences sent
timed_out
min inferences
infile
extensions
problem
total size messages
