generate VARIANT################################
launch MONO#####################################
-d64
-Xms512m
-Xmx10g
-jar
ressources/CFLauncher_7.jar
-method=SOLAR-Inc-Carc
-verbose
-t=1200000
-var=_min-6_ld4--1
-csq=Problems/Bio/glucolysis_min-6_ld4--1_MONO
Problems/Bio/glucolysis
Problems/Bio/glucolysis_min-6_ld4--1
>>>>>>>>>>>> Solving at depth : -1( real 0)
>>>>>>>>>>>> Solve - measure : [42, 1, 0, 0, 0, 0, 0, 0]
>>>>>>>>>>>> Solving at depth : -1( real 0)
>>>>>>>>>>>> Solve - measure : [2, 1, 0, 0, 0, 0, 0, 0]
>>>>>>>>>>>> Solving at depth : -1( real 0)
>>>>>>>>>>>> Solve - measure : [14, 8, 2, 2, 0, 0, 0, 0]
>>>>>>>>>>>> Solving at depth : -1( real 0)
>>>>>>>>>>>> Solve - measure : [6, 18, 6, 3, 0, 0, 0, 0]
>>>>>>>>>>>> Solving at depth : -1( real 0)
>>>>>>>>>>>> Solve - measure : [5, 14, 4, 3, 0, 0, 0, 0]
>>>>>>>>>>>> Solving at depth : -1( real 0)
>>>>>>>>>>>> Solve - measure : [15, 142, 48, 26, 0, 0, 0, 0]
>>>>>>>>>>>> Solving at depth : -1( real 0)
>>>>>>>>>>>> Solve - measure : [6, 19, 6, 4, 0, 0, 0, 0]
>>>>>>>>>>>> Solving at depth : -1( real 0)
>>>>>>>>>>>> Solve - measure : [10, 79, 27, 14, 0, 0, 0, 0]
>>>>>>>>>>>> Solving at depth : -1( real 0)
>>>>>>>>>>>> Solve - measure : [7, 23, 7, 5, 0, 0, 0, 0]
>>>>>>>>>>>> Solving at depth : -1( real 0)
>>>>>>>>>>>> Solve - measure : [57, 757, 257, 147, 0, 0, 0, 0]
>>>>>>>>>>>> Solving at depth : -1( real 0)
>>>>>>>>>>>> Solve - measure : [6, 28, 9, 6, 0, 0, 0, 0]
>>>>>>>>>>>> Solving at depth : -1( real 0)
>>>>>>>>>>>> Solve - measure : [18, 171, 58, 33, 0, 0, 0, 0]
>>>>>>>>>>>> Solving at depth : -1( real 0)
>>>>>>>>>>>> Solve - measure : [139, 1918, 654, 372, 0, 0, 0, 0]
>>>>>>>>>>>> Solving at depth : -1( real 0)
>>>>>>>>>>>> Solve - measure : [141, 1918, 654, 372, 0, 0, 0, 0]
>>>>>>>>>>>> Solving at depth : -1( real 0)
>>>>>>>>>>>> Solve - measure : [113, 1918, 654, 372, 0, 0, 0, 0]
>>>>>>>>>>>> Solving at depth : -1( real 0)
>>>>>>>>>>>> Solve - measure : [112, 1918, 654, 372, 0, 0, 0, 0]
>>>>>>>>>>>> Solving at depth : -1( real 0)
>>>>>>>>>>>> Solve - measure : [117, 1918, 654, 372, 0, 0, 0, 0]
>>>>>>>>>>>> Solving at depth : -1( real 0)
>>>>>>>>>>>> Solve - measure : [20, 411, 131, 29, 0, 6, 0, 0]
>>>>>>>>>>>> Solving at depth : -1( real 0)
>>>>>>>>>>>> Solve - measure : [15, 241, 86, 29, 0, 0, 0, 0]
>>>>>>>>>>>> Solving at depth : -1( real 0)
>>>>>>>>>>>> Solve - measure : [189, 5135, 1839, 644, 0, 6, 0, 0]
>>>>>>>>>>>> Solving at depth : -1( real 0)
>>>>>>>>>>>> Solve - measure : [177, 5135, 1839, 644, 0, 6, 0, 0]
>>>>>>>>>>>> Solving at depth : -1( real 0)
>>>>>>>>>>>> Solve - measure : [148, 5135, 1839, 644, 0, 6, 0, 0]
>>>>>>>>>>>> Solving at depth : -1( real 0)
>>>>>>>>>>>> Solve - measure : [33, 1039, 376, 98, 0, 6, 0, 0]
>>>>>>>>>>>> Solving at depth : -1( real 0)
>>>>>>>>>>>> Solve - measure : [183, 7486, 2725, 829, 0, 12, 0, 0]
>>>>>>>>>>>> Solving at depth : -1( real 0)
>>>>>>>>>>>> Solve - measure : [25, 650, 236, 70, 0, 14, 0, 0]
>>>>>>>>>>>> Solving at depth : -1( real 0)
>>>>>>>>>>>> Solve - measure : [288, 12926, 4760, 1227, 0, 40, 0, 29]
>>>>>>>>>>>> Solving at depth : -1( real 0)
>>>>>>>>>>>> Solve - measure : [59, 2058, 761, 190, 0, 10, 0, 2]
>>>>>>>>>>>> Solving at depth : -1( real 0)
>>>>>>>>>>>> Solve - measure : [568, 29138, 10796, 2702, 0, 62, 0, 62]
>>>>>>>>>>>> Solving at depth : -1( real 0)
>>>>>>>>>>>> Solve - measure : [305, 29138, 10796, 2702, 0, 62, 0, 62]
>>>>>>>>>>>> Solving at depth : -1( real 0)
>>>>>>>>>>>> Solve - measure : [148, 29138, 10796, 2702, 0, 62, 0, 62]
>>>>>>>>>>>> Solving at depth : -1( real 0)
>>>>>>>>>>>> Solve - measure : [5, 1878, 700, 163, 0, 10, 0, 1]
>>>>>>>>>>>> Solving at depth : -1( real 0)
>>>>>>>>>>>> Solve - measure : [49, 37515, 14109, 3177, 0, 72, 0, 66]
>>>>>>>>>>>> Solving at depth : -1( real 0)
>>>>>>>>>>>> Solve - measure : [50, 37515, 14109, 3177, 0, 72, 0, 66]
>>>>>>>>>>>> Solving at depth : -1( real 0)
>>>>>>>>>>>> Solve - measure : [48, 37515, 14109, 3177, 0, 72, 0, 66]
>>>>>>>>>>>> Solving at depth : -1( real 0)
>>>>>>>>>>>> Solve - measure : [7, 3536, 1327, 268, 0, 12, 0, 8]
>>>>>>>>>>>> Solving at depth : -1( real 0)
>>>>>>>>>>>> Solve - measure : [60, 48947, 18588, 3853, 0, 90, 0, 80]
>>>>>>>>>>>> Solving at depth : -1( real 0)
>>>>>>>>>>>> Solve - measure : [67, 48947, 18588, 3853, 0, 90, 0, 80]
>>>>>>>>>>>> Solving at depth : -1( real 0)
>>>>>>>>>>>> Solve - measure : [92, 48947, 18588, 3853, 0, 90, 0, 80]
>>>>>>>>>>>> Solving at depth : -1( real 0)
>>>>>>>>>>>> Solve - measure : [93, 48947, 18588, 3853, 0, 90, 0, 80]
>>>>>>>>>>>> Solving at depth : -1( real 0)
>>>>>>>>>>>> Solve - measure : [2, 10, 4, 0, 0, 0, 0, 0]
>>>>>>>>>>>> Solving at depth : -1( real 0)
>>>>>>>>>>>> Solve - measure : [2, 13, 5, 0, 0, 0, 0, 0]
>>>>>>>>>>>> Solving at depth : -1( real 0)
>>>>>>>>>>>> Solve - measure : [2, 13, 5, 0, 0, 0, 0, 0]
>>>>>>>>>>>> Solving at depth : -1( real 0)
>>>>>>>>>>>> Solve - measure : [79, 62744, 23999, 4182, 0, 123, 0, 84]
>>>>>>>>>>>> Solving at depth : -1( real 0)
>>>>>>>>>>>> Solve - measure : [74, 62744, 23999, 4182, 0, 123, 0, 84]
>>>>>>>>>>>> Solving at depth : -1( real 0)
>>>>>>>>>>>> Solve - measure : [72, 62744, 23999, 4182, 0, 123, 0, 84]
>>>>>>>>>>>> Solving at depth : -1( real 0)
>>>>>>>>>>>> Solve - measure : [6, 3307, 1290, 206, 0, 33, 0, 1]
>>>>>>>>>>>> Solving at depth : -1( real 0)
>>>>>>>>>>>> Solve - measure : [83, 72883, 28118, 4807, 0, 135, 0, 95]
>>>>>>>>>>>> Solving at depth : -1( real 0)
>>>>>>>>>>>> Solve - measure : [85, 72883, 28118, 4807, 0, 135, 0, 95]
>>>>>>>>>>>> Solving at depth : -1( real 0)
>>>>>>>>>>>> Solve - measure : [86, 72883, 28118, 4807, 0, 135, 0, 95]
>>>>>>>>>>>> Solving at depth : -1( real 0)
>>>>>>>>>>>> Solve - measure : [7, 3517, 1380, 206, 0, 33, 0, 1]
>>>>>>>>>>>> Solving at depth : -1( real 0)
>>>>>>>>>>>> Solve - measure : [102, 86084, 33393, 5432, 0, 147, 0, 106]
>>>>>>>>>>>> Solving at depth : -1( real 0)
>>>>>>>>>>>> Solve - measure : [122, 86084, 33393, 5432, 0, 147, 0, 106]
>>>>>>>>>>>> Solving at depth : -1( real 0)
>>>>>>>>>>>> Solve - measure : [176, 86084, 33393, 5432, 0, 147, 0, 106]
>>>>>>>>>>>> Solving at depth : -1( real 0)
>>>>>>>>>>>> Solve - measure : [2, 20, 8, 0, 0, 0, 0, 0]
>>>>>>>>>>>> Solving at depth : -1( real 0)
>>>>>>>>>>>> Solve - measure : [167, 93643, 36527, 5514, 0, 147, 0, 108]
>>>>>>>>>>>> Solving at depth : -1( real 0)
>>>>>>>>>>>> Solve - measure : [112, 93643, 36527, 5514, 0, 147, 0, 108]
>>>>>>>>>>>> Solving at depth : -1( real 0)
>>>>>>>>>>>> Solve - measure : [106, 93643, 36527, 5514, 0, 147, 0, 108]
>>>>>>>>>>>> Solving at depth : -1( real 0)
>>>>>>>>>>>> Solve - measure : [2, 27, 11, 0, 0, 0, 0, 0]
>>>>>>>>>>>> Solving at depth : -1( real 0)
>>>>>>>>>>>> Solve - measure : [116, 101867, 39959, 5596, 0, 147, 0, 110]
>>>>>>>>>>>> Solving at depth : -1( real 0)
>>>>>>>>>>>> Solve - measure : [117, 101867, 39959, 5596, 0, 147, 0, 110]
>>>>>>>>>>>> Solving at depth : -1( real 0)
>>>>>>>>>>>> Solve - measure : [116, 101867, 39959, 5596, 0, 147, 0, 110]
>>>>>>>>>>>> Solving at depth : -1( real 0)
>>>>>>>>>>>> Solve - measure : [2, 34, 14, 0, 0, 0, 0, 0]
>>>>>>>>>>>> Solving at depth : -1( real 0)
>>>>>>>>>>>> Solve - measure : [134, 133324, 52713, 6214, 0, 246, 0, 113]
>>>>>>>>>>>> Solving at depth : -1( real 0)
>>>>>>>>>>>> Solve - measure : [3, 1408, 544, 41, 0, 0, 0, 1]
>>>>>>>>>>>> Solving at depth : -1( real 0)
>>>>>>>>>>>> Solve - measure : [2, 38, 15, 0, 0, 0, 0, 0]
>>>>>>>>>>>> Solving at depth : -1( real 0)
>>>>>>>>>>>> Solve - measure : [285, 209365, 81920, 7186, 0, 378, 0, 198]
>>>>>>>>>>>> Solving at depth : -1( real 0)
>>>>>>>>>>>> Solve - measure : [246, 209365, 81920, 7186, 0, 378, 0, 198]
>>>>>>>>>>>> Solving at depth : -1( real 0)
>>>>>>>>>>>> Solve - measure : [351, 209365, 81920, 7186, 0, 378, 0, 198]
>>>>>>>>>>>> Solving at depth : -1( real 0)
>>>>>>>>>>>> Solve - measure : [2, 72, 29, 0, 0, 0, 0, 0]
>>>>>>>>>>>> Solving at depth : -1( real 0)
>>>>>>>>>>>> Solve - measure : [485, 268016, 105807, 7650, 0, 444, 0, 204]
>>>>>>>>>>>> Solving at depth : -1( real 0)
>>>>>>>>>>>> Solve - measure : [342, 268016, 105807, 7650, 0, 444, 0, 204]
>>>>>>>>>>>> Solving at depth : -1( real 0)
>>>>>>>>>>>> Solve - measure : [1, 74, 30, 0, 0, 0, 0, 0]
>>>>>>>>>>>> Solving at depth : -1( real 0)
>>>>>>>>>>>> Solve - measure : [458, 395661, 157600, 8590, 0, 609, 0, 520]
>>>>>>>>>>>> Solving at depth : -1( real 0)
>>>>>>>>>>>> Solve - measure : [478, 395661, 157600, 8590, 0, 609, 0, 520]
>>>>>>>>>>>> Solving at depth : -1( real 0)
>>>>>>>>>>>> Solve - measure : [2, 79, 32, 0, 0, 0, 0, 0]
>>>>>>>>>>>> Solving at depth : -1( real 0)
>>>>>>>>>>>> Solve - measure : [2, 82, 33, 0, 0, 0, 0, 0]
>>>>>>>>>>>> Solving at depth : -1( real 0)
>>>>>>>>>>>> Solve - measure : [677, 558528, 221089, 10213, 0, 777, 0, 391]
>>>>>>>>>>>> Solving at depth : -1( real 0)
>>>>>>>>>>>> Solve - measure : [751, 558528, 221089, 10213, 0, 777, 0, 391]
>>>>>>>>>>>> Solving at depth : -1( real 0)
>>>>>>>>>>>> Solve - measure : [1058, 558528, 221089, 10213, 0, 777, 0, 391]
>>>>>>>>>>>> Solving at depth : -1( real 0)
>>>>>>>>>>>> Solve - measure : [80, 40863, 16349, 430, 0, 66, 0, 8]
>>>>>>>>>>>> Solving at depth : -1( real 0)
>>>>>>>>>>>> Solve - measure : [1032, 732073, 291944, 11520, 0, 975, 0, 415]
>>>>>>>>>>>> Solving at depth : -1( real 0)
>>>>>>>>>>>> Solve - measure : [3, 148, 60, 0, 0, 0, 0, 0]
>>>>>>>>>>>> Solving at depth : -1( real 0)
>>>>>>>>>>>> Solve - measure : [1216, 985850, 394927, 13122, 0, 1239, 0, 454]
>>>>>>>>>>>> Solving at depth : -1( real 0)
>>>>>>>>>>>> Solve - measure : [2, 181, 73, 0, 0, 0, 0, 0]
>>>>>>>>>>>> Solving at depth : -1( real 0)
>>>>>>>>>>>> Solve - measure : [2091, 1710397, 682283, 16644, 0, 1704, 0, 499]
>>>>>>>>>>>> Solving at depth : -1( real 0)
>>>>>>>>>>>> Solve - measure : [2813, 1710397, 682283, 16644, 0, 1704, 0, 499]
>>>>>>>>>>>> Solving at depth : -1( real 0)
>>>>>>>>>>>> Solve - measure : [2121, 1710397, 682283, 16644, 0, 1704, 0, 499]
>>>>>>>>>>>> Solving at depth : -1( real 0)
>>>>>>>>>>>> Solve - measure : [209, 159212, 64145, 860, 0, 132, 0, 13]
>>>>>>>>>>>> Solving at depth : -1( real 0)
>>>>>>>>>>>> Solve - measure : [2805, 2246511, 898508, 18364, 0, 1968, 0, 595]
>>>>>>>>>>>> Solving at depth : -1( real 0)
>>>>>>>>>>>> Solve - measure : [2776, 2246511, 898508, 18364, 0, 1968, 0, 595]
>>>>>>>>>>>> Solving at depth : -1( real 0)
>>>>>>>>>>>> Solve - measure : [2448, 2246511, 898508, 18364, 0, 1968, 0, 595]
>>>>>>>>>>>> Solving at depth : -1( real 0)
>>>>>>>>>>>> Solve - measure : [3, 197, 80, 0, 0, 0, 0, 0]
>>>>>>>>>>>> Solving at depth : -1( real 0)
>>>>>>>>>>>> Solve - measure : [3387, 2685319, 1078384, 20084, 0, 2232, 0, 621]
>>>>>>>>>>>> Solving at depth : -1( real 0)
>>>>>>>>>>>> Solve - measure : [3400, 2685319, 1078384, 20084, 0, 2232, 0, 621]
>>>>>>>>>>>> Solving at depth : -1( real 0)
>>>>>>>>>>>> Solve - measure : [3391, 2685319, 1078384, 20084, 0, 2232, 0, 621]
>>>>>>>>>>>> Solving at depth : -1( real 0)
>>>>>>>>>>>> Solve - measure : [3, 204, 83, 0, 0, 0, 0, 0]
>>>>>>>>>>>> Solving at depth : -1( real 0)
>>>>>>>>>>>> Solve - measure : [4170, 3315629, 1336248, 22664, 0, 2628, 0, 660]
>>>>>>>>>>>> Solving at depth : -1( real 0)
>>>>>>>>>>>> Solve - measure : [4196, 3315629, 1336248, 22664, 0, 2628, 0, 660]
>>>>>>>>>>>> Solving at depth : -1( real 0)
>>>>>>>>>>>> Solve - measure : [4261, 3315629, 1336248, 22664, 0, 2628, 0, 660]
>>>>>>>>>>>> Solving at depth : -1( real 0)
>>>>>>>>>>>> Solve - measure : [4154, 3315629, 1336248, 22664, 0, 2628, 0, 660]
>>>>>>>>>>>> Solving at depth : -1( real 0)
>>>>>>>>>>>> Solve - measure : [4201, 3315629, 1336248, 22664, 0, 2628, 0, 660]
>>>>>>>>>>>> Solving at depth : -1( real 0)
>>>>>>>>>>>> Solve - measure : [487, 349337, 140655, 1720, 0, 264, 0, 26]
>>>>>>>>>>>> Solving at depth : -1( real 0)
>>>>>>>>>>>> Solve - measure : [534, 357064, 143746, 1720, 0, 264, 0, 26]
>>>>>>>>>>>> Solving at depth : -1( real 0)
>>>>>>>>>>>> Solve - measure : [6429, 4941760, 1990134, 27824, 0, 3420, 0, 1688]
>>>>>>>>>>>> Solving at depth : -1( real 0)
>>>>>>>>>>>> Solve - measure : [6431, 4941760, 1990134, 27824, 0, 3420, 0, 1688]
>>>>>>>>>>>> Solving at depth : -1( real 0)
>>>>>>>>>>>> Solve - measure : [6570, 4941760, 1990134, 27824, 0, 3420, 0, 1688]
>>>>>>>>>>>> Solving at depth : -1( real 0)
>>>>>>>>>>>> Solve - measure : [3, 10, 4, 0, 0, 0, 0, 0]
>>>>>>>>>>>> Solving at depth : -1( real 0)
>>>>>>>>>>>> Solve - measure : [6787, 4941796, 1990150, 27824, 0, 3420, 0, 1688]
>>>>>>>>>>>> Solving at depth : -1( real 0)
>>>>>>>>>>>> Solve - measure : [6354, 4941796, 1990150, 27824, 0, 3420, 0, 1688]
>>>>>>>>>>>> Solving at depth : -1( real 0)
>>>>>>>>>>>> Solve - measure : [6247, 4941796, 1990150, 27824, 0, 3420, 0, 1688]
>>>>>>>>>>>> Solving at depth : -1( real 0)
>>>>>>>>>>>> Solve - measure : [3, 17, 7, 0, 0, 0, 0, 0]
>>>>>>>>>>>> Solving at depth : -1( real 0)
>>>>>>>>>>>> Solve - measure : [6254, 4941888, 1990190, 27824, 0, 3420, 0, 1688]
>>>>>>>>>>>> Solving at depth : -1( real 0)
>>>>>>>>>>>> Solve - measure : [2, 19, 8, 0, 0, 0, 0, 0]
>>>>>>>>>>>> Solving at depth : -1( real 0)
>>>>>>>>>>>> Solve - measure : [6341, 5024513, 2026616, 28048, 0, 3420, 0, 1695]
>>>>>>>>>>>> Solving at depth : -1( real 0)
>>>>>>>>>>>> Solve - measure : [11, 6649, 2649, 163, 0, 10, 0, 1]
>>>>>>>>>>>> Solving at depth : -1( real 0)
>>>>>>>>>>>> Solve - measure : [1188, 892662, 356687, 20782, 0, 226, 0, 821]
>>>>>>>>>>>> Solving at depth : -1( real 0)
>>>>>>>>>>>> Solve - measure : [1193, 892662, 356687, 20782, 0, 226, 0, 821]
>>>>>>>>>>>> Solving at depth : -1( real 0)
>>>>>>>>>>>> Solve - measure : [1196, 892662, 356687, 20782, 0, 226, 0, 821]
>>>>>>>>>>>> Solving at depth : -1( real 0)
>>>>>>>>>>>> Solve - measure : [12, 6733, 2685, 163, 0, 10, 0, 1]
>>>>>>>>>>>> Solving at depth : -1( real 0)
>>>>>>>>>>>> Solve - measure : [1251, 937303, 375224, 21316, 0, 246, 0, 825]
>>>>>>>>>>>> Solving at depth : -1( real 0)
>>>>>>>>>>>> Solve - measure : [22, 14943, 5999, 237, 0, 11, 0, 7]
>>>>>>>>>>>> Solving at depth : -1( real 0)
>>>>>>>>>>>> Solve - measure : [2080, 1512056, 603158, 39884, 0, 568, 0, 1286]
>>>>>>>>>>>> Solving at depth : -1( real 0)
>>>>>>>>>>>> Solve - measure : [52, 35863, 14338, 708, 0, 33, 0, 27]
>>>>>>>>>>>> Solving at depth : -1( real 0)
>>>>>>>>>>>> Solve - measure : [3063, 2250007, 897943, 56739, 0, 852, 0, 1614]
>>>>>>>>>>>> Solving at depth : -1( real 0)
>>>>>>>>>>>> Solve - measure : [19, 11564, 4628, 210, 0, 5, 0, 3]
>>>>>>>>>>>> Solving at depth : -1( real 0)
>>>>>>>>>>>> Solve - measure : [4435, 3189878, 1274805, 83665, 0, 1481, 0, 2436]
>>>>>>>>>>>> Solving at depth : -1( real 0)
>>>>>>>>>>>> Solve - measure : [119, 70531, 28428, 950, 0, 38, 0, 68]
>>>>>>>>>>>> Solving at depth : -1( real 0)
>>>>>>>>>>>> Solve - measure : [8069, 5208991, 2085642, 126706, 0, 1399, 0, 3923]
>>>>>>>>>>>> Solving at depth : -1( real 0)
>>>>>>>>>>>> Solve - measure : [7824, 5208991, 2085642, 126706, 0, 1399, 0, 3923]
>>>>>>>>>>>> Solving at depth : -1( real 0)
>>>>>>>>>>>> Solve - measure : [7795, 5208991, 2085642, 126706, 0, 1399, 0, 3923]
>>>>>>>>>>>> Solving at depth : -1( real 0)
>>>>>>>>>>>> Solve - measure : [3, 10, 4, 0, 0, 0, 0, 0]
>>>>>>>>>>>> Solving at depth : -1( real 0)
>>>>>>>>>>>> Solve - measure : [7776, 5209027, 2085658, 126706, 0, 1399, 0, 3923]
>>>>>>>>>>>> Solving at depth : -1( real 0)
>>>>>>>>>>>> Solve - measure : [9, 4083, 1626, 78, 0, 0, 0, 5]
>>>>>>>>>>>> Solving at depth : -1( real 0)
>>>>>>>>>>>> Solve - measure : [8053, 5387074, 2165450, 127081, 0, 1399, 0, 3945]
>>>>>>>>>>>> Solving at depth : -1( real 0)
>>>>>>>>>>>> Solve - measure : [135, 80059, 32225, 1392, 0, 56, 0, 66]
>>>>>>>>>>>> Solving at depth : -1( real 0)
>>>>>>>>>>>> Solve - measure : [9167, 6012739, 2417562, 135818, 0, 1623, 0, 4235]
>>>>>>>>>>>> Solving at depth : -1( real 0)
>>>>>>>>>>>> Solve - measure : [9532, 6012739, 2417562, 135818, 0, 1623, 0, 4235]
>>>>>>>>>>>> Solving at depth : -1( real 0)
>>>>>>>>>>>> Solve - measure : [9514, 6012739, 2417562, 135818, 0, 1623, 0, 4235]
>>>>>>>>>>>> Solving at depth : -1( real 0)
>>>>>>>>>>>> Solve - measure : [140, 80318, 32336, 1392, 0, 56, 0, 66]
>>>>>>>>>>>> Solving at depth : -1( real 0)
>>>>>>>>>>>> Solve - measure : [10173, 6373220, 2566940, 139799, 0, 1679, 0, 4313]
>>>>>>>>>>>> Solving at depth : -1( real 0)
>>>>>>>>>>>> Solve - measure : [218, 135698, 54821, 1662, 0, 46, 0, 88]
>>>>>>>>>>>> Solving at depth : -1( real 0)
>>>>>>>>>>>> Solve - measure : [17465, 10794002, 4347946, 242194, 0, 2962, 0, 7122]
>>>>>>>>>>>> Solving at depth : -1( real 0)
>>>>>>>>>>>> Solve - measure : [484, 282849, 114006, 4045, 0, 116, 0, 259]
>>>>>>>>>>>> Solving at depth : -1( real 0)
>>>>>>>>>>>> Solve - measure : [30020, 17738033, 7130713, 399406, 0, 4158, 0, 10360]
>>>>>>>>>>>> Solving at depth : -1( real 0)
>>>>>>>>>>>> Solve - measure : [30267, 17738033, 7130713, 399406, 0, 4158, 0, 10360]
>>>>>>>>>>>> Solving at depth : -1( real 0)
>>>>>>>>>>>> Solve - measure : [30080, 17738033, 7130713, 399406, 0, 4158, 0, 10360]
>>>>>>>>>>>> Solving at depth : -1( real 0)
>>>>>>>>>>>> Solve - measure : [750, 432530, 174381, 6115, 0, 186, 0, 385]
>>>>>>>>>>>> Solving at depth : -1( real 0)
>>>>>>>>>>>> Solve - measure : [19, 8686, 3484, 147, 0, 0, 0, 7]
SolveToClause Finished!
6 CHARACTERISTIC CLAUSES
[+r_d2d6d1d39_0]
[+r_d2d6d1d39_1]
[+r_d1d1d1d42_3]
[+r_d2d3d1d61_5]
[+r_d1d1d1d42_2]
[+r_d2d3d1d61_4]


Total execution time was 347501 ms.


Execution time was 347498 ms.

status 101
Problems/Bio/glucolysis_min-6_ld4--1_MONO

NO TIME OUT#################################
output to finishing problems################
GENERATE DISTRIBUTION#######################
temporary file did not exist
buildGraph #########################################
File loaded, Now making graph...
temporary file did not exist
kMETIS #############################################
**********************************************************************
  METIS 4.0.3 Copyright 1998, Regents of the University of Minnesota
Graph Information ---------------------------------------------------
  Name: Problems/Bio/glucolysis_min-6_ld4--1temp_graph_kmet2.gra, #Vertices: 148, #Edges: 290, #Parts: 2

K-way Partitioning... -----------------------------------------------
  2-way Edge-Cut:       4, Balance:  1.03 

Timing Information --------------------------------------------------
  I/O:          		   0.000
  Partitioning: 		   0.000   (KMETIS time)
  Total:        		   0.001
**********************************************************************

graph2DCF ##########################################
File loaded, Now saving...
Dist is quite VALID#############################
temporary file did not exist
buildGraph #########################################
File loaded, Now making graph...
temporary file did not exist
kMETIS #############################################
**********************************************************************
  METIS 4.0.3 Copyright 1998, Regents of the University of Minnesota
Graph Information ---------------------------------------------------
  Name: Problems/Bio/glucolysis_min-6_ld4--1temp_graph_kmet4.gra, #Vertices: 148, #Edges: 290, #Parts: 4

K-way Partitioning... -----------------------------------------------
  4-way Edge-Cut:      21, Balance:  1.03 

Timing Information --------------------------------------------------
  I/O:          		   0.000
  Partitioning: 		   0.000   (KMETIS time)
  Total:        		   0.001
**********************************************************************

graph2DCF ##########################################
File loaded, Now saving...
Dist is quite VALID#############################
temporary file did not exist
buildGraph #########################################
File loaded, Now making graph...
temporary file did not exist
kMETIS #############################################
**********************************************************************
  METIS 4.0.3 Copyright 1998, Regents of the University of Minnesota
Graph Information ---------------------------------------------------
  Name: Problems/Bio/glucolysis_min-6_ld4--1temp_graph_kmet6.gra, #Vertices: 148, #Edges: 290, #Parts: 6

K-way Partitioning... -----------------------------------------------
  6-way Edge-Cut:      30, Balance:  1.14 

Timing Information --------------------------------------------------
  I/O:          		   0.000
  Partitioning: 		   0.001   (KMETIS time)
  Total:        		   0.001
**********************************************************************

graph2DCF ##########################################
File loaded, Now saving...
Dist is quite VALID#############################
temporary file did not exist
buildGraph #########################################
File loaded, Now making graph...
temporary file did not exist
kMETIS #############################################
**********************************************************************
  METIS 4.0.3 Copyright 1998, Regents of the University of Minnesota
Graph Information ---------------------------------------------------
  Name: Problems/Bio/glucolysis_min-6_ld4--1temp_graph_kmet8.gra, #Vertices: 148, #Edges: 290, #Parts: 8

K-way Partitioning... -----------------------------------------------
  8-way Edge-Cut:      33, Balance:  1.03 

Timing Information --------------------------------------------------
  I/O:          		   0.000
  Partitioning: 		   0.001   (KMETIS time)
  Total:        		   0.001
**********************************************************************

graph2DCF ##########################################
File loaded, Now saving...
Dist is quite VALID#############################
removing temp .csv#########################
