generate VARIANT################################
launch MONO#####################################
-d64
-Xms512m
-Xmx10g
-jar
ressources/CFLauncher_7.jar
-method=SOLAR-Inc-Carc
-verbose
-t=1200000
-var=_min-20_ld-1--1
-csq=Problems/Bio/glucolysis_min-20_ld-1--1_MONO
Problems/Bio/glucolysis
Problems/Bio/glucolysis_min-20_ld-1--1
>>>>>>>>>>>> Solving at depth : -1( real 0)
>>>>>>>>>>>> Solve - measure : [40, 1, 0, 0, 0, 0, 0, 0]
>>>>>>>>>>>> Solving at depth : -1( real 0)
>>>>>>>>>>>> Solve - measure : [3, 1, 0, 0, 0, 0, 0, 0]
>>>>>>>>>>>> Solving at depth : -1( real 0)
>>>>>>>>>>>> Solve - measure : [14, 8, 2, 2, 0, 0, 0, 0]
>>>>>>>>>>>> Solving at depth : -1( real 0)
>>>>>>>>>>>> Solve - measure : [6, 18, 6, 3, 0, 0, 0, 0]
>>>>>>>>>>>> Solving at depth : -1( real 0)
>>>>>>>>>>>> Solve - measure : [5, 14, 4, 3, 0, 0, 0, 0]
>>>>>>>>>>>> Solving at depth : -1( real 0)
>>>>>>>>>>>> Solve - measure : [14, 142, 48, 26, 0, 0, 0, 0]
>>>>>>>>>>>> Solving at depth : -1( real 0)
>>>>>>>>>>>> Solve - measure : [6, 19, 6, 4, 0, 0, 0, 0]
>>>>>>>>>>>> Solving at depth : -1( real 0)
>>>>>>>>>>>> Solve - measure : [9, 79, 27, 14, 0, 0, 0, 0]
>>>>>>>>>>>> Solving at depth : -1( real 0)
>>>>>>>>>>>> Solve - measure : [7, 23, 7, 5, 0, 0, 0, 0]
>>>>>>>>>>>> Solving at depth : -1( real 0)
>>>>>>>>>>>> Solve - measure : [54, 757, 257, 147, 0, 0, 0, 0]
>>>>>>>>>>>> Solving at depth : -1( real 0)
>>>>>>>>>>>> Solve - measure : [6, 28, 9, 6, 0, 0, 0, 0]
>>>>>>>>>>>> Solving at depth : -1( real 0)
>>>>>>>>>>>> Solve - measure : [18, 171, 58, 33, 0, 0, 0, 0]
>>>>>>>>>>>> Solving at depth : -1( real 0)
>>>>>>>>>>>> Solve - measure : [7, 32, 10, 7, 0, 0, 0, 0]
>>>>>>>>>>>> Solving at depth : -1( real 0)
>>>>>>>>>>>> Solve - measure : [93, 2265, 767, 456, 0, 0, 0, 0]
>>>>>>>>>>>> Solving at depth : -1( real 0)
>>>>>>>>>>>> Solve - measure : [113, 2265, 767, 456, 0, 0, 0, 0]
>>>>>>>>>>>> Solving at depth : -1( real 0)
>>>>>>>>>>>> Solve - measure : [6, 37, 12, 8, 0, 0, 0, 0]
>>>>>>>>>>>> Solving at depth : -1( real 0)
>>>>>>>>>>>> Solve - measure : [6, 37, 12, 8, 0, 0, 0, 0]
>>>>>>>>>>>> Solving at depth : -1( real 0)
>>>>>>>>>>>> Solve - measure : [44, 688, 204, 122, 0, 7, 0, 0]
>>>>>>>>>>>> Solving at depth : -1( real 0)
>>>>>>>>>>>> Solve - measure : [26, 333, 110, 63, 0, 0, 0, 0]
>>>>>>>>>>>> Solving at depth : -1( real 0)
>>>>>>>>>>>> Solve - measure : [7, 44, 14, 9, 0, 0, 0, 0]
>>>>>>>>>>>> Solving at depth : -1( real 0)
>>>>>>>>>>>> Solve - measure : [279, 8924, 2971, 1705, 0, 8, 0, 0]
>>>>>>>>>>>> Solving at depth : -1( real 0)
>>>>>>>>>>>> Solve - measure : [4, 49, 16, 10, 0, 0, 0, 0]
>>>>>>>>>>>> Solving at depth : -1( real 0)
>>>>>>>>>>>> Solve - measure : [53, 2501, 807, 466, 0, 8, 0, 0]
>>>>>>>>>>>> Solving at depth : -1( real 0)
>>>>>>>>>>>> Solve - measure : [4, 56, 17, 12, 0, 0, 0, 0]
>>>>>>>>>>>> Solving at depth : -1( real 0)
>>>>>>>>>>>> Solve - measure : [48, 1618, 529, 315, 0, 29, 0, 0]
>>>>>>>>>>>> Solving at depth : -1( real 0)
>>>>>>>>>>>> Solve - measure : [4, 104, 33, 22, 0, 0, 0, 0]
>>>>>>>>>>>> Solving at depth : -1( real 0)
>>>>>>>>>>>> Solve - measure : [64, 4575, 1484, 871, 0, 12, 0, 6]
>>>>>>>>>>>> Solving at depth : -1( real 0)
>>>>>>>>>>>> Solve - measure : [4, 112, 35, 24, 0, 0, 0, 0]
>>>>>>>>>>>> Solving at depth : -1( real 0)
>>>>>>>>>>>> Solve - measure : [3, 115, 36, 25, 0, 0, 0, 0]
>>>>>>>>>>>> Solving at depth : -1( real 0)
>>>>>>>>>>>> Solve - measure : [3, 118, 37, 26, 0, 0, 0, 0]
>>>>>>>>>>>> Solving at depth : -1( real 0)
>>>>>>>>>>>> Solve - measure : [136, 5738, 1846, 1133, 0, 13, 0, 8]
>>>>>>>>>>>> Solving at depth : -1( real 0)
>>>>>>>>>>>> Solve - measure : [5, 132, 42, 30, 0, 0, 0, 0]
>>>>>>>>>>>> Solving at depth : -1( real 0)
>>>>>>>>>>>> Solve - measure : [6, 135, 43, 31, 0, 0, 0, 0]
>>>>>>>>>>>> Solving at depth : -1( real 0)
>>>>>>>>>>>> Solve - measure : [6, 138, 44, 32, 0, 0, 0, 0]
>>>>>>>>>>>> Solving at depth : -1( real 0)
>>>>>>>>>>>> Solve - measure : [343, 22565, 7204, 4765, 0, 28, 0, 22]
>>>>>>>>>>>> Solving at depth : -1( real 0)
>>>>>>>>>>>> Solve - measure : [905, 266734, 85623, 57798, 0, 295, 0, 221]
>>>>>>>>>>>> Solving at depth : -1( real 0)
>>>>>>>>>>>> Solve - measure : [352, 266734, 85623, 57798, 0, 295, 0, 221]
>>>>>>>>>>>> Solving at depth : -1( real 0)
>>>>>>>>>>>> Solve - measure : [283, 266734, 85623, 57798, 0, 295, 0, 221]
>>>>>>>>>>>> Solving at depth : -1( real 0)
>>>>>>>>>>>> Solve - measure : [299, 266734, 85623, 57798, 0, 295, 0, 221]
>>>>>>>>>>>> Solving at depth : -1( real 0)
>>>>>>>>>>>> Solve - measure : [2, 16, 6, 1, 0, 0, 0, 0]
>>>>>>>>>>>> Solving at depth : -1( real 0)
>>>>>>>>>>>> Solve - measure : [1, 502, 187, 36, 0, 0, 0, 0]
>>>>>>>>>>>> Solving at depth : -1( real 0)
>>>>>>>>>>>> Solve - measure : [3, 831, 261, 178, 0, 1, 0, 1]
>>>>>>>>>>>> Solving at depth : -1( real 0)
>>>>>>>>>>>> Solve - measure : [433, 394370, 128800, 72209, 0, 670, 0, 243]
>>>>>>>>>>>> Solving at depth : -1( real 0)
>>>>>>>>>>>> Solve - measure : [482, 394370, 128800, 72209, 0, 670, 0, 243]
>>>>>>>>>>>> Solving at depth : -1( real 0)
>>>>>>>>>>>> Solve - measure : [704, 394370, 128800, 72209, 0, 670, 0, 243]
>>>>>>>>>>>> Solving at depth : -1( real 0)
>>>>>>>>>>>> Solve - measure : [24, 13654, 4548, 2664, 0, 116, 0, 1]
>>>>>>>>>>>> Solving at depth : -1( real 0)
>>>>>>>>>>>> Solve - measure : [554, 420972, 139619, 76848, 0, 681, 0, 268]
>>>>>>>>>>>> Solving at depth : -1( real 0)
>>>>>>>>>>>> Solve - measure : [680, 420972, 139619, 76848, 0, 681, 0, 268]
>>>>>>>>>>>> Solving at depth : -1( real 0)
>>>>>>>>>>>> Solve - measure : [379, 420972, 139619, 76848, 0, 681, 0, 268]
>>>>>>>>>>>> Solving at depth : -1( real 0)
>>>>>>>>>>>> Solve - measure : [23, 14396, 4866, 2664, 0, 116, 0, 1]
>>>>>>>>>>>> Solving at depth : -1( real 0)
>>>>>>>>>>>> Solve - measure : [493, 486165, 163474, 84884, 0, 731, 0, 293]
>>>>>>>>>>>> Solving at depth : -1( real 0)
>>>>>>>>>>>> Solve - measure : [673, 486165, 163474, 84884, 0, 731, 0, 293]
>>>>>>>>>>>> Solving at depth : -1( real 0)
>>>>>>>>>>>> Solve - measure : [804, 486165, 163474, 84884, 0, 731, 0, 293]
>>>>>>>>>>>> Solving at depth : -1( real 0)
>>>>>>>>>>>> Solve - measure : [7, 852, 271, 178, 0, 0, 0, 1]
>>>>>>>>>>>> Solving at depth : -1( real 0)
>>>>>>>>>>>> Solve - measure : [848, 519988, 177466, 85753, 0, 731, 0, 297]
>>>>>>>>>>>> Solving at depth : -1( real 0)
>>>>>>>>>>>> Solve - measure : [855, 519988, 177466, 85753, 0, 731, 0, 297]
>>>>>>>>>>>> Solving at depth : -1( real 0)
>>>>>>>>>>>> Solve - measure : [794, 519988, 177466, 85753, 0, 731, 0, 297]
>>>>>>>>>>>> Solving at depth : -1( real 0)
>>>>>>>>>>>> Solve - measure : [4, 866, 277, 178, 0, 0, 0, 1]
>>>>>>>>>>>> Solving at depth : -1( real 0)
>>>>>>>>>>>> Solve - measure : [852, 555916, 192318, 86559, 0, 731, 0, 301]
>>>>>>>>>>>> Solving at depth : -1( real 0)
>>>>>>>>>>>> Solve - measure : [854, 555916, 192318, 86559, 0, 731, 0, 301]
>>>>>>>>>>>> Solving at depth : -1( real 0)
>>>>>>>>>>>> Solve - measure : [833, 555916, 192318, 86559, 0, 731, 0, 301]
>>>>>>>>>>>> Solving at depth : -1( real 0)
>>>>>>>>>>>> Solve - measure : [44, 13587, 4763, 2169, 0, 208, 0, 1]
>>>>>>>>>>>> Solving at depth : -1( real 0)
>>>>>>>>>>>> Solve - measure : [1872, 879888, 318003, 104265, 0, 1326, 0, 305]
>>>>>>>>>>>> Solving at depth : -1( real 0)
>>>>>>>>>>>> Solve - measure : [13, 5166, 1921, 304, 0, 0, 0, 1]
>>>>>>>>>>>> Solving at depth : -1( real 0)
>>>>>>>>>>>> Solve - measure : [49, 15915, 5518, 2586, 0, 210, 0, 96]
>>>>>>>>>>>> Solving at depth : -1( real 0)
>>>>>>>>>>>> Solve - measure : [2396, 1618106, 592287, 135738, 0, 1805, 0, 730]
>>>>>>>>>>>> Solving at depth : -1( real 0)
>>>>>>>>>>>> Solve - measure : [2351, 1618106, 592287, 135738, 0, 1805, 0, 730]
>>>>>>>>>>>> Solving at depth : -1( real 0)
>>>>>>>>>>>> Solve - measure : [2236, 1618106, 592287, 135738, 0, 1805, 0, 730]
>>>>>>>>>>>> Solving at depth : -1( real 0)
>>>>>>>>>>>> Solve - measure : [12, 4313, 1391, 874, 0, 2, 0, 8]
>>>>>>>>>>>> Solving at depth : -1( real 0)
>>>>>>>>>>>> Solve - measure : [3002, 2173988, 813561, 151193, 0, 1831, 0, 656]
>>>>>>>>>>>> Solving at depth : -1( real 0)
>>>>>>>>>>>> Solve - measure : [2944, 2173988, 813561, 151193, 0, 1831, 0, 656]
>>>>>>>>>>>> Solving at depth : -1( real 0)
>>>>>>>>>>>> Solve - measure : [115, 70435, 27710, 2587, 0, 2034, 0, 96]
>>>>>>>>>>>> Solving at depth : -1( real 0)
>>>>>>>>>>>> Solve - measure : [4094, 3626084, 1387052, 199604, 0, 6606, 0, 1976]
>>>>>>>>>>>> Solving at depth : -1( real 0)
>>>>>>>>>>>> Solve - measure : [3382, 3626084, 1387052, 199604, 0, 6606, 0, 1976]
>>>>>>>>>>>> Solving at depth : -1( real 0)
>>>>>>>>>>>> Solve - measure : [94, 112945, 44610, 2865, 0, 2950, 0, 98]
>>>>>>>>>>>> Solving at depth : -1( real 0)
>>>>>>>>>>>> Solve - measure : [10, 7149, 2315, 1430, 0, 4, 0, 18]
>>>>>>>>>>>> Solving at depth : -1( real 0)
>>>>>>>>>>>> Solve - measure : [6052, 5425524, 2079388, 252871, 0, 7547, 0, 1473]
>>>>>>>>>>>> Solving at depth : -1( real 0)
>>>>>>>>>>>> Solve - measure : [6634, 5425524, 2079388, 252871, 0, 7547, 0, 1473]
>>>>>>>>>>>> Solving at depth : -1( real 0)
>>>>>>>>>>>> Solve - measure : [7242, 5425524, 2079388, 252871, 0, 7547, 0, 1473]
>>>>>>>>>>>> Solving at depth : -1( real 0)
>>>>>>>>>>>> Solve - measure : [544, 416374, 162042, 14296, 0, 232, 0, 12]
>>>>>>>>>>>> Solving at depth : -1( real 0)
>>>>>>>>>>>> Solve - measure : [9390, 7215268, 2798136, 297035, 0, 8247, 0, 1527]
>>>>>>>>>>>> Solving at depth : -1( real 0)
>>>>>>>>>>>> Solve - measure : [29, 15480, 5551, 1709, 0, 190, 0, 12]
>>>>>>>>>>>> Solving at depth : -1( real 0)
>>>>>>>>>>>> Solve - measure : [10319, 10040734, 3917537, 377698, 0, 9431, 0, 4185]
>>>>>>>>>>>> Solving at depth : -1( real 0)
>>>>>>>>>>>> Solve - measure : [90, 36202, 11741, 7270, 0, 20, 0, 72]
>>>>>>>>>>>> Solving at depth : -1( real 0)
>>>>>>>>>>>> Solve - measure : [18820, 17933128, 6984982, 566262, 0, 10854, 0, 4471]
>>>>>>>>>>>> Solving at depth : -1( real 0)
>>>>>>>>>>>> Solve - measure : [16209, 17933128, 6984982, 566262, 0, 10854, 0, 4471]
>>>>>>>>>>>> Solving at depth : -1( real 0)
>>>>>>>>>>>> Solve - measure : [14653, 17933128, 6984982, 566262, 0, 10854, 0, 4471]
>>>>>>>>>>>> Solving at depth : -1( real 0)
>>>>>>>>>>>> Solve - measure : [1294, 1669249, 657475, 44261, 0, 466, 0, 21]
>>>>>>>>>>>> Solving at depth : -1( real 0)
>>>>>>>>>>>> Solve - measure : [27571, 23794298, 9295444, 722990, 0, 11836, 0, 4927]
>>>>>>>>>>>> Solving at depth : -1( real 0)
>>>>>>>>>>>> Solve - measure : [29815, 23794298, 9295444, 722990, 0, 11836, 0, 4927]
>>>>>>>>>>>> Solving at depth : -1( real 0)
>>>>>>>>>>>> Solve - measure : [31269, 23794298, 9295444, 722990, 0, 11836, 0, 4927]
>>>>>>>>>>>> Solving at depth : -1( real 0)
>>>>>>>>>>>> Solve - measure : [75, 33562, 10900, 6714, 0, 20, 0, 60]
>>>>>>>>>>>> Solving at depth : -1( real 0)
>>>>>>>>>>>> Solve - measure : [40413, 28477364, 11181930, 823173, 0, 12808, 0, 5089]
>>>>>>>>>>>> Solving at depth : -1( real 0)
>>>>>>>>>>>> Solve - measure : [38723, 28477364, 11181930, 823173, 0, 12808, 0, 5089]
>>>>>>>>>>>> Solving at depth : -1( real 0)
>>>>>>>>>>>> Solve - measure : [31960, 28477364, 11181930, 823173, 0, 12808, 0, 5089]
>>>>>>>>>>>> Solving at depth : -1( real 0)
>>>>>>>>>>>> Solve - measure : [91, 33597, 10915, 6714, 0, 20, 0, 60]
>>>>>>>>>>>> Solving at depth : -1( real 0)
>>>>>>>>>>>> Solve - measure : [36235, 35145032, 13864526, 960903, 0, 14226, 0, 5212]
>>>>>>>>>>>> Solving at depth : -1( real 0)
>>>>>>>>>>>> Solve - measure : [50544, 35145032, 13864526, 960903, 0, 14226, 0, 5212]
>>>>>>>>>>>> Solving at depth : -1( real 0)
>>>>>>>>>>>> Solve - measure : [50768, 35145032, 13864526, 960903, 0, 14226, 0, 5212]
>>>>>>>>>>>> Solving at depth : -1( real 0)
>>>>>>>>>>>> Solve - measure : [48209, 35145032, 13864526, 960903, 0, 14226, 0, 5212]
>>>>>>>>>>>> Solving at depth : -1( real 0)
>>>>>>>>>>>> Solve - measure : [5, 1020, 353, 207, 0, 1, 0, 2]
>>>>>>>>>>>> Solving at depth : -1( real 0)
>>>>>>>>>>>> Solve - measure : [2, 0, 0, 0, 0, 0, 0, 0]
>>>>>>>>>>>> Solving at depth : -1( real 0)
>>>>>>>>>>>> Solve - measure : [2, 0, 0, 0, 0, 0, 0, 0]
>>>>>>>>>>>> Solving at depth : -1( real 0)
>>>>>>>>>>>> Solve - measure : [2, 0, 0, 0, 0, 0, 0, 0]
>>>>>>>>>>>> Solving at depth : -1( real 0)
>>>>>>>>>>>> Solve - measure : [1, 0, 0, 0, 0, 0, 0, 0]
>>>>>>>>>>>> Solving at depth : -1( real 0)
>>>>>>>>>>>> Solve - measure : [2, 0, 0, 0, 0, 0, 0, 0]
>>>>>>>>>>>> Solving at depth : -1( real 0)
>>>>>>>>>>>> Solve - measure : [2, 0, 0, 0, 0, 0, 0, 0]
>>>>>>>>>>>> Solving at depth : -1( real 0)
>>>>>>>>>>>> Solve - measure : [2, 0, 0, 0, 0, 0, 0, 0]
>>>>>>>>>>>> Solving at depth : -1( real 0)
>>>>>>>>>>>> Solve - measure : [2, 0, 0, 0, 0, 0, 0, 0]
>>>>>>>>>>>> Solving at depth : -1( real 0)
>>>>>>>>>>>> Solve - measure : [2, 0, 0, 0, 0, 0, 0, 0]
>>>>>>>>>>>> Solving at depth : -1( real 0)
>>>>>>>>>>>> Solve - measure : [3, 0, 0, 0, 0, 0, 0, 0]
>>>>>>>>>>>> Solving at depth : -1( real 0)
>>>>>>>>>>>> Solve - measure : [2, 0, 0, 0, 0, 0, 0, 0]
>>>>>>>>>>>> Solving at depth : -1( real 0)
>>>>>>>>>>>> Solve - measure : [2, 0, 0, 0, 0, 0, 0, 0]
>>>>>>>>>>>> Solving at depth : -1( real 0)
>>>>>>>>>>>> Solve - measure : [2, 0, 0, 0, 0, 0, 0, 0]
>>>>>>>>>>>> Solving at depth : -1( real 0)
>>>>>>>>>>>> Solve - measure : [2, 0, 0, 0, 0, 0, 0, 0]
>>>>>>>>>>>> Solving at depth : -1( real 0)
>>>>>>>>>>>> Solve - measure : [2, 0, 0, 0, 0, 0, 0, 0]
>>>>>>>>>>>> Solving at depth : -1( real 0)
>>>>>>>>>>>> Solve - measure : [2, 0, 0, 0, 0, 0, 0, 0]
>>>>>>>>>>>> Solving at depth : -1( real 0)
>>>>>>>>>>>> Solve - measure : [3, 0, 0, 0, 0, 0, 0, 0]
>>>>>>>>>>>> Solving at depth : -1( real 0)
>>>>>>>>>>>> Solve - measure : [2, 0, 0, 0, 0, 0, 0, 0]
>>>>>>>>>>>> Solving at depth : -1( real 0)
>>>>>>>>>>>> Solve - measure : [2, 0, 0, 0, 0, 0, 0, 0]
>>>>>>>>>>>> Solving at depth : -1( real 0)
>>>>>>>>>>>> Solve - measure : [2, 0, 0, 0, 0, 0, 0, 0]
>>>>>>>>>>>> Solving at depth : -1( real 0)
>>>>>>>>>>>> Solve - measure : [2, 0, 0, 0, 0, 0, 0, 0]
>>>>>>>>>>>> Solving at depth : -1( real 0)
>>>>>>>>>>>> Solve - measure : [3, 0, 0, 0, 0, 0, 0, 0]
>>>>>>>>>>>> Solving at depth : -1( real 0)
>>>>>>>>>>>> Solve - measure : [2, 0, 0, 0, 0, 0, 0, 0]
>>>>>>>>>>>> Solving at depth : -1( real 0)
>>>>>>>>>>>> Solve - measure : [2, 0, 0, 0, 0, 0, 0, 0]
>>>>>>>>>>>> Solving at depth : -1( real 0)
>>>>>>>>>>>> Solve - measure : [3, 0, 0, 0, 0, 0, 0, 0]
>>>>>>>>>>>> Solving at depth : -1( real 0)
>>>>>>>>>>>> Solve - measure : [3, 0, 0, 0, 0, 0, 0, 0]
>>>>>>>>>>>> Solving at depth : -1( real 0)
>>>>>>>>>>>> Solve - measure : [2, 0, 0, 0, 0, 0, 0, 0]
>>>>>>>>>>>> Solving at depth : -1( real 0)
>>>>>>>>>>>> Solve - measure : [2, 0, 0, 0, 0, 0, 0, 0]
>>>>>>>>>>>> Solving at depth : -1( real 0)
>>>>>>>>>>>> Solve - measure : [3, 0, 0, 0, 0, 0, 0, 0]
>>>>>>>>>>>> Solving at depth : -1( real 0)
>>>>>>>>>>>> Solve - measure : [3, 0, 0, 0, 0, 0, 0, 0]
>>>>>>>>>>>> Solving at depth : -1( real 0)
>>>>>>>>>>>> Solve - measure : [2, 0, 0, 0, 0, 0, 0, 0]
>>>>>>>>>>>> Solving at depth : -1( real 0)
>>>>>>>>>>>> Solve - measure : [2, 0, 0, 0, 0, 0, 0, 0]
>>>>>>>>>>>> Solving at depth : -1( real 0)
>>>>>>>>>>>> Solve - measure : [2, 0, 0, 0, 0, 0, 0, 0]
>>>>>>>>>>>> Solving at depth : -1( real 0)
>>>>>>>>>>>> Solve - measure : [2, 0, 0, 0, 0, 0, 0, 0]
>>>>>>>>>>>> Solving at depth : -1( real 0)
>>>>>>>>>>>> Solve - measure : [2, 0, 0, 0, 0, 0, 0, 0]
>>>>>>>>>>>> Solving at depth : -1( real 0)
>>>>>>>>>>>> Solve - measure : [2, 0, 0, 0, 0, 0, 0, 0]
>>>>>>>>>>>> Solving at depth : -1( real 0)
>>>>>>>>>>>> Solve - measure : [3, 0, 0, 0, 0, 0, 0, 0]
>>>>>>>>>>>> Solving at depth : -1( real 0)
>>>>>>>>>>>> Solve - measure : [3, 0, 0, 0, 0, 0, 0, 0]
>>>>>>>>>>>> Solving at depth : -1( real 0)
>>>>>>>>>>>> Solve - measure : [3, 0, 0, 0, 0, 0, 0, 0]
>>>>>>>>>>>> Solving at depth : -1( real 0)
>>>>>>>>>>>> Solve - measure : [3, 0, 0, 0, 0, 0, 0, 0]
>>>>>>>>>>>> Solving at depth : -1( real 0)
>>>>>>>>>>>> Solve - measure : [3, 0, 0, 0, 0, 0, 0, 0]
>>>>>>>>>>>> Solving at depth : -1( real 0)
>>>>>>>>>>>> Solve - measure : [3, 0, 0, 0, 0, 0, 0, 0]
>>>>>>>>>>>> Solving at depth : -1( real 0)
>>>>>>>>>>>> Solve - measure : [3, 0, 0, 0, 0, 0, 0, 0]
>>>>>>>>>>>> Solving at depth : -1( real 0)
>>>>>>>>>>>> Solve - measure : [3, 0, 0, 0, 0, 0, 0, 0]
>>>>>>>>>>>> Solving at depth : -1( real 0)
>>>>>>>>>>>> Solve - measure : [3, 0, 0, 0, 0, 0, 0, 0]
>>>>>>>>>>>> Solving at depth : -1( real 0)
>>>>>>>>>>>> Solve - measure : [3, 0, 0, 0, 0, 0, 0, 0]
>>>>>>>>>>>> Solving at depth : -1( real 0)
>>>>>>>>>>>> Solve - measure : [4, 0, 0, 0, 0, 0, 0, 0]
SolveToClause Finished!
343 CHARACTERISTIC CLAUSES
[+r_d1d1d1d42_2, -r_d1d13d11d16_13]
[+r_d2d6d1d39_1, -r_d1d13d11d16_13]
[+r_d1d1d1d42_3, -r_d2d6d1dx_15]
[+r_d1d3d99d1_11, -r_d4d2d1d2_8]
[-r_d2d6d1d39_0, +r_d1d13d11d16_12]
[+r_d4d2d1d2_8, -r_d2d3d1d61_5]
[+r_d4d2d1d2_8, -r_d1d1d1d42_2]
[+r_d2d6d1dx_15, -r_d1d3d99d1_10]
[+r_d1d13d11d16_12, -r_d4d2d1d2_8]
[+r_d4d2d1d3_6, -r_d1d3d99d1_10]
[+r_d2d3d1d61_5, -r_d4d2d1d3_7]
[+r_d2d3d1d61_5, -r_d2d6d1dx_15]
[+r_d1d13d11d16_12, -r_d4d2d1d3_7]
[+m_transaconitate, -m_taurine]
[+r_d1d1d1d42_2, -r_d2d6d1d39_1]
[+r_d1d13d11d16_12, -r_d1d3d99d1_10]
[+r_d2d6d1d39_1, -m_taurine]
[-r_d2d6d1d39_0, +r_d2d3d1d61_5]
[-r_d4d2d1d2_9, +r_d4d2d1d2_8]
[+r_d2d6d1d39_1, -r_d1d1d1d42_3]
[+r_d1d3d99d1_11, -r_d2d3d1d61_5]
[+m_taurine, -r_d1d1d1d42_2]
[+m_transaconitate, -r_d4d2d1d2_9]
[-r_d1d3d99d1_11, +r_d4d2d1d3_6]
[+r_d1d3d99d1_11, -r_d2d3d1d61_4]
[-r_d1d3d99d1_11, +r_d2d6d1d39_1]
[+m_taurine, -r_d2d6d1dx_14]
[+r_d2d6d1dx_15, -r_d1d1d1d42_3]
[-r_d1d3d99d1_11, +m_hippurate]
[+r_d2d6d1dx_15, -r_d4d2d1d2_9]
[+m_transaconitate, -r_d4d2d1d3_6]
[+m_transaconitate, -r_d2d3d1d61_4]
[+r_d2d6d1dx_15, -r_d1d13d11d16_12]
[+r_d1d13d11d16_13, -r_d4d2d1d3_7]
[+r_d4d2d1d3_7, -r_d1d13d11d16_13]
[+r_d4d2d1d3_7, -r_d4d2d1d2_9]
[+r_d1d1d1d42_2, -r_d4d2d1d2_9]
[+r_d4d2d1d3_6, -r_d2d6d1d39_0]
[+r_d1d3d99d1_11, -r_d4d2d1d3_6]
[+r_d2d3d1d61_5, -r_d1d13d11d16_12]
[+r_d4d2d1d3_6, -r_d2d6d1dx_14]
[+r_d1d1d1d42_3, -m_taurine]
[-r_d1d3d99d1_11, +r_d2d6d1d39_0]
[+r_d4d2d1d2_9, -r_d2d3d1d61_4]
[-m_taurine, +r_d4d2d1d2_8]
[+m_taurine, -r_d1d13d11d16_13]
[+r_d2d3d1d61_5, -r_d1d13d11d16_13]
[+r_d4d2d1d2_9, -r_d1d1d1d42_2]
[+r_d1d1d1d42_2, -r_d1d1d1d42_3]
[+r_d1d13d11d16_12, -r_d1d13d11d16_13]
[+r_d1d3d99d1_11, -r_d4d2d1d3_7]
[+r_d2d6d1dx_15, -r_d2d6d1dx_14]
[+r_d1d13d11d16_13, -r_d1d13d11d16_12]
[+m_hippurate, -r_d1d13d11d16_12]
[+m_transaconitate, -m_hippurate]
[-r_d1d3d99d1_11, +r_d1d3d99d1_10]
[+r_d2d6d1d39_1, -r_d4d2d1d2_8]
[-r_d2d6d1d39_0, +m_hippurate]
[+m_taurine, -r_d1d3d99d1_11]
[+r_d2d6d1d39_1, -r_d1d13d11d16_12]
[+r_d1d1d1d42_3, -r_d4d2d1d2_9]
[+r_d2d6d1dx_15, -r_d1d13d11d16_13]
[+r_d1d13d11d16_13, -r_d1d3d99d1_10]
[+r_d4d2d1d2_8, -r_d1d13d11d16_13]
[+r_d2d6d1dx_14, -m_hippurate]
[+r_d2d6d1d39_0, -r_d2d6d1d39_1]
[+m_taurine, -r_d2d6d1d39_0]
[-r_d2d6d1d39_0, +r_d2d6d1d39_1]
[+r_d4d2d1d2_9, -r_d2d6d1d39_1]
[-r_d2d6d1d39_1, +r_d2d3d1d61_4]
[+r_d1d13d11d16_13, -r_d2d6d1dx_15]
[+r_d2d6d1d39_0, -r_d1d13d11d16_12]
[-r_d2d6d1dx_14, +r_d4d2d1d2_8]
[-r_d2d6d1d39_0, +r_d1d1d1d42_3]
[-r_d4d2d1d3_6, +r_d1d1d1d42_3]
[+r_d1d3d99d1_11, -r_d1d13d11d16_12]
[-r_d2d6d1d39_0, +r_d4d2d1d3_7]
[+r_d2d6d1d39_0, -r_d1d1d1d42_3]
[+r_d4d2d1d3_6, -r_d4d2d1d3_7]
[+r_d4d2d1d2_9, -m_hippurate]
[+r_d4d2d1d2_9, -r_d2d3d1d61_5]
[+m_taurine, -r_d4d2d1d2_8]
[+r_d4d2d1d3_6, -r_d4d2d1d2_8]
[-r_d1d3d99d1_11, +r_d1d13d11d16_13]
[-r_d1d3d99d1_11, +r_d1d1d1d42_2]
[+m_taurine, -r_d2d3d1d61_5]
[+r_d4d2d1d3_6, -m_hippurate]
[+m_hippurate, -r_d2d3d1d61_4]
[+r_d4d2d1d3_7, -m_taurine]
[+r_d1d13d11d16_13, -r_d1d1d1d42_3]
[+r_d2d3d1d61_5, -r_d2d3d1d61_4]
[+r_d4d2d1d2_9, -r_d2d6d1d39_0]
[-r_d1d1d1d42_2, +r_d1d1d1d42_3]
[-r_d4d2d1d3_6, +r_d2d3d1d61_4]
[+r_d1d3d99d1_11, -r_d2d6d1dx_14]
[+r_d1d13d11d16_12, -r_d2d6d1dx_14]
[+r_d4d2d1d2_9, -r_d1d3d99d1_10]
[+r_d1d3d99d1_10, -r_d1d13d11d16_12]
[-r_d1d1d1d42_2, +r_d2d6d1d39_0]
[+r_d1d3d99d1_11, -m_taurine]
[-r_d2d3d1d61_5, +m_hippurate]
[+r_d4d2d1d2_9, -r_d1d13d11d16_12]
[+r_d4d2d1d2_8, -r_d2d3d1d61_4]
[-r_d1d3d99d1_11, +r_d1d13d11d16_12]
[+r_d2d3d1d61_5, -r_d1d1d1d42_3]
[+r_d2d6d1dx_14, -r_d1d1d1d42_3]
[-r_d2d6d1d39_0, +r_d1d3d99d1_10]
[-r_d1d3d99d1_11, +r_d2d3d1d61_5]
[+m_hippurate, -r_d4d2d1d3_7]
[+r_d2d6d1dx_14, -r_d1d13d11d16_12]
[+r_d2d6d1d39_1, -m_hippurate]
[+r_d2d3d1d61_4, -m_hippurate]
[-r_d4d2d1d3_6, +m_hippurate]
[+r_d2d3d1d61_4, -r_d1d13d11d16_13]
[-r_d1d3d99d1_11, +r_d4d2d1d3_7]
[+r_d2d3d1d61_5, -r_d4d2d1d2_9]
[+r_d2d6d1dx_14, -r_d2d6d1d39_1]
[+m_transaconitate, -r_d2d6d1d39_1]
[+r_d2d3d1d61_4, -r_d2d6d1dx_14]
[-r_d2d6d1d39_0, +r_d2d3d1d61_4]
[+m_taurine, -r_d2d6d1d39_1]
[+r_d4d2d1d2_9, -r_d1d3d99d1_11]
[+r_d4d2d1d3_6, -r_d2d3d1d61_4]
[+r_d1d3d99d1_10, -r_d2d6d1dx_15]
[-r_d2d3d1d61_5, +r_d1d13d11d16_13]
[+r_d1d3d99d1_11, -r_d2d6d1dx_15]
[+r_d1d1d1d42_3, -r_d1d13d11d16_13]
[+r_d1d13d11d16_12, -r_d2d3d1d61_4]
[+r_d2d6d1d39_1, -r_d2d6d1dx_14]
[+m_transaconitate, -r_d2d6d1d39_0]
[+r_d2d6d1dx_14, -r_d2d3d1d61_5]
[+m_hippurate, -r_d1d1d1d42_3]
[+r_d2d6d1d39_1, -r_d1d3d99d1_10]
[-r_d2d3d1d61_5, +r_d1d3d99d1_10]
[+r_d2d6d1d39_1, -r_d4d2d1d3_7]
[+r_d1d1d1d42_2, -r_d1d3d99d1_10]
[+r_d4d2d1d2_8, -r_d2d6d1d39_0]
[+r_d2d6d1d39_0, -r_d1d3d99d1_10]
[-r_d4d2d1d3_6, +r_d1d13d11d16_13]
[+r_d4d2d1d3_6, -m_taurine]
[+r_d1d1d1d42_3, -r_d4d2d1d2_8]
[-r_d4d2d1d3_6, +r_d2d3d1d61_5]
[+m_taurine, -r_d4d2d1d2_9]
[+r_d1d1d1d42_3, -r_d4d2d1d3_7]
[+r_d1d3d99d1_11, -m_hippurate]
[-r_d2d6d1d39_1, +r_d1d13d11d16_13]
[-r_d1d1d1d42_2, +r_d2d3d1d61_4]
[+r_d2d6d1dx_14, -r_d1d3d99d1_11]
[+r_d1d3d99d1_10, -r_d4d2d1d2_8]
[+r_d4d2d1d2_8, -r_d1d3d99d1_11]
[-r_d4d2d1d3_6, +r_d2d6d1d39_0]
[-r_d1d1d1d42_2, +m_transaconitate]
[+r_d2d6d1dx_14, -r_d4d2d1d2_9]
[+r_d2d6d1dx_14, -r_d1d3d99d1_10]
[-r_d4d2d1d3_6, +r_d1d1d1d42_2]
[-r_d4d2d1d3_6, +r_d1d3d99d1_10]
[+r_d2d6d1d39_1, -r_d2d6d1dx_15]
[+r_d4d2d1d2_9, -r_d4d2d1d2_8]
[-r_d2d3d1d61_5, +r_d2d6d1d39_0]
[+r_d4d2d1d3_7, -m_hippurate]
[+m_transaconitate, -r_d1d13d11d16_13]
[+m_hippurate, -r_d2d6d1dx_14]
[+r_d4d2d1d3_7, -r_d1d13d11d16_12]
[+r_d4d2d1d3_7, -r_d1d3d99d1_10]
[+r_d2d6d1dx_15, -r_d1d1d1d42_2]
[+r_d4d2d1d2_9, -r_d4d2d1d3_7]
[+m_transaconitate, -r_d1d3d99d1_10]
[-r_d2d3d1d61_4, +r_d2d6d1d39_0]
[-r_d2d3d1d61_5, +r_d4d2d1d3_7]
[+r_d1d1d1d42_2, -m_taurine]
[+r_d4d2d1d3_6, -r_d2d6d1dx_15]
[+m_hippurate, -r_d1d13d11d16_13]
[+r_d2d3d1d61_4, -m_taurine]
[+m_taurine, -r_d2d3d1d61_4]
[+r_d4d2d1d2_8, -r_d1d13d11d16_12]
[-r_d1d1d1d42_2, +r_d4d2d1d3_7]
[+m_hippurate, -r_d4d2d1d2_8]
[+r_d4d2d1d3_6, -r_d1d13d11d16_13]
[+r_d2d6d1dx_15, -r_d4d2d1d2_8]
[+m_transaconitate, -r_d1d1d1d42_3]
[+r_d1d3d99d1_11, -r_d2d6d1d39_0]
[-r_d1d3d99d1_11, +r_d2d3d1d61_4]
[+r_d4d2d1d3_7, -r_d2d6d1dx_14]
[+r_d4d2d1d2_8, -r_d4d2d1d3_6]
[+m_hippurate, -m_taurine]
[+r_d2d3d1d61_4, -r_d2d6d1dx_15]
[-r_d2d3d1d61_5, +r_d1d1d1d42_3]
[+r_d1d3d99d1_11, -r_d1d13d11d16_13]
[-r_d1d1d1d42_2, +r_d2d3d1d61_5]
[+r_d2d3d1d61_4, -r_d4d2d1d2_8]
[+r_d2d6d1dx_15, -r_d2d3d1d61_4]
[+r_d2d6d1dx_15, -r_d4d2d1d3_6]
[+r_d2d6d1dx_15, -r_d2d3d1d61_5]
[+r_d2d3d1d61_5, -m_taurine]
[-r_d4d2d1d3_6, +r_d2d6d1d39_1]
[+r_d2d6d1d39_0, -m_taurine]
[+r_d2d6d1dx_14, -r_d2d6d1dx_15]
[+r_d4d2d1d2_9, -r_d2d6d1dx_15]
[+r_d1d13d11d16_12, -r_d1d1d1d42_3]
[+r_d2d6d1dx_14, -r_d4d2d1d2_8]
[-r_d4d2d1d3_6, +r_d1d13d11d16_12]
[+m_taurine, -r_d1d1d1d42_3]
[+r_d1d13d11d16_13, -r_d2d6d1dx_14]
[-r_d2d3d1d61_4, +r_d2d6d1d39_1]
[-r_d2d3d1d61_5, +r_d2d6d1d39_1]
[+r_d2d6d1dx_14, -r_d4d2d1d3_6]
[+r_d2d3d1d61_4, -r_d4d2d1d3_7]
[+m_transaconitate, -r_d4d2d1d3_7]
[+r_d4d2d1d2_8, -r_d1d1d1d42_3]
[-r_d1d1d1d42_3, +r_d4d2d1d3_7]
[-r_d1d1d1d42_2, +r_d1d13d11d16_12]
[+r_d1d3d99d1_10, -r_d4d2d1d3_7]
[+r_d2d3d1d61_5, -r_d4d2d1d2_8]
[+r_d4d2d1d3_6, -r_d2d3d1d61_5]
[+r_d2d6d1d39_0, -r_d4d2d1d2_8]
[+r_d1d13d11d16_13, -r_d2d3d1d61_4]
[+m_taurine, -m_hippurate]
[+r_d4d2d1d2_9, -r_d1d13d11d16_13]
[+r_d1d3d99d1_11, -r_d1d3d99d1_10]
[+r_d1d1d1d42_3, -r_d1d3d99d1_10]
[+r_d1d13d11d16_12, -m_taurine]
[+r_d2d3d1d61_4, -r_d1d13d11d16_12]
[+m_transaconitate, -r_d2d6d1dx_14]
[+r_d1d1d1d42_2, -r_d2d6d1dx_15]
[-r_d2d6d1d39_1, +r_d2d3d1d61_5]
[+r_d4d2d1d2_8, -m_hippurate]
[+r_d4d2d1d2_8, -r_d4d2d1d3_7]
[+r_d4d2d1d3_6, -r_d4d2d1d2_9]
[+r_d1d13d11d16_13, -m_taurine]
[-r_d2d6d1dx_15, +r_d4d2d1d2_8]
[-r_d2d6d1d39_1, +r_d4d2d1d3_7]
[+r_d1d1d1d42_2, -r_d2d6d1dx_14]
[+r_d1d3d99d1_10, -r_d1d1d1d42_3]
[-r_d2d6d1d39_1, +r_d1d3d99d1_10]
[+r_d1d13d11d16_12, -m_hippurate]
[+r_d1d3d99d1_10, -m_taurine]
[+r_d1d1d1d42_2, -r_d2d6d1d39_0]
[+m_transaconitate, -r_d4d2d1d2_8]
[-r_d2d6d1d39_1, +m_hippurate]
[+r_d4d2d1d3_6, -r_d1d1d1d42_2]
[+m_taurine, -r_d1d13d11d16_12]
[+m_transaconitate, -r_d2d6d1dx_15]
[+m_taurine, -r_d4d2d1d3_7]
[+m_hippurate, -r_d2d6d1dx_15]
[+r_d2d6d1d39_0, -r_d1d13d11d16_13]
[+r_d2d6d1dx_14, -m_taurine]
[+r_d4d2d1d3_6, -r_d1d1d1d42_3]
[+r_d2d6d1dx_15, -r_d4d2d1d3_7]
[-r_d1d1d1d42_2, +m_hippurate]
[-r_d1d3d99d1_11, +m_transaconitate]
[+r_d2d6d1dx_15, -m_hippurate]
[-r_d2d3d1d61_5, +r_d1d1d1d42_2]
[+r_d2d6d1d39_0, -r_d2d6d1dx_14]
[+r_d1d3d99d1_10, -r_d2d3d1d61_4]
[+r_d4d2d1d2_9, -r_d2d6d1dx_14]
[+r_d1d3d99d1_10, -m_hippurate]
[+r_d2d3d1d61_4, -r_d1d1d1d42_3]
[+r_d1d1d1d42_3, -r_d2d6d1dx_14]
[+r_d1d1d1d42_2, -r_d4d2d1d3_7]
[+r_d1d13d11d16_13, -r_d4d2d1d2_8]
[+r_d1d3d99d1_11, -r_d2d6d1d39_1]
[+r_d1d1d1d42_3, -m_hippurate]
[+r_d2d3d1d61_4, -r_d1d3d99d1_10]
[+r_d1d1d1d42_2, -r_d4d2d1d2_8]
[+r_d2d6d1d39_0, -r_d4d2d1d2_9]
[+r_d2d6d1dx_15, -r_d1d3d99d1_11]
[+r_d2d6d1dx_15, -r_d2d6d1d39_1]
[+r_d2d6d1d39_0, -m_hippurate]
[+m_transaconitate, -r_d1d13d11d16_12]
[+r_d1d3d99d1_10, -r_d1d13d11d16_13]
[+r_d4d2d1d2_9, -r_d1d1d1d42_3]
[+r_d2d3d1d61_5, -r_d1d3d99d1_10]
[-r_d4d2d1d3_6, +r_d4d2d1d3_7]
[+r_d2d6d1dx_14, -r_d1d1d1d42_2]
[+r_d2d6d1dx_14, -r_d2d6d1d39_0]
[+r_d1d1d1d42_2, -r_d1d13d11d16_12]
[+r_d2d6d1dx_14, -r_d4d2d1d3_7]
[-r_d2d3d1d61_4, +r_d1d1d1d42_3]
[+r_d1d13d11d16_13, -m_hippurate]
[+r_d4d2d1d3_7, -r_d2d6d1dx_15]
[+m_taurine, -r_d4d2d1d3_6]
[+r_d1d1d1d42_3, -r_d1d13d11d16_12]
[+r_d2d6d1dx_14, -r_d1d13d11d16_13]
[+r_d1d3d99d1_10, -r_d4d2d1d2_9]
[+r_d2d6d1d39_0, -r_d4d2d1d3_7]
[+r_d1d1d1d42_2, -m_hippurate]
[+m_hippurate, -r_d4d2d1d2_9]
[+r_d1d3d99d1_11, -r_d4d2d1d2_9]
[+r_d4d2d1d3_7, -r_d4d2d1d2_8]
[-r_d2d3d1d61_4, +r_d4d2d1d3_7]
[+r_d1d1d1d42_2, -r_d2d3d1d61_4]
[+r_d2d6d1dx_15, -m_taurine]
[+r_d4d2d1d2_9, -m_taurine]
[+m_hippurate, -r_d1d3d99d1_10]
[-r_d2d6d1d39_1, +r_d1d13d11d16_12]
[+r_d2d3d1d61_4, -r_d4d2d1d2_9]
[+r_d1d13d11d16_12, -r_d2d6d1dx_15]
[-r_d1d1d1d42_2, +r_d1d13d11d16_13]
[-r_d1d1d1d42_2, +r_d1d3d99d1_10]
[+r_d2d3d1d61_5, -m_hippurate]
[+r_d2d3d1d61_5, -r_d2d6d1dx_14]
[+r_d1d3d99d1_11, -r_d1d1d1d42_2]
[+m_taurine, -r_d1d3d99d1_10]
[-r_d2d3d1d61_5, +m_transaconitate]
[-r_d2d6d1d39_1, +r_d1d1d1d42_3]
[+r_d4d2d1d2_8, -r_d2d6d1d39_1]
[+r_d4d2d1d2_8, -r_d1d3d99d1_10]
[+r_d1d13d11d16_12, -r_d4d2d1d2_9]
[+r_d1d3d99d1_11, -r_d1d1d1d42_3]
[-r_d2d3d1d61_5, +r_d1d13d11d16_12]
[+r_d1d13d11d16_13, -r_d4d2d1d2_9]
[-r_d1d1d1d42_2, +r_d2d6d1d39_1]
[+r_d2d6d1d39_0, -r_d2d6d1dx_15]
[+r_d1d3d99d1_10, -r_d2d6d1dx_14]
[-r_d2d6d1d39_0, +r_d1d13d11d16_13]
[+r_d2d6d1d39_1, -r_d4d2d1d2_9]
[+r_d2d6d1dx_15, -r_d2d6d1d39_0]
[+r_d2d6d1dx_14, -r_d2d3d1d61_4]
[+r_d4d2d1d2_9, -r_d4d2d1d3_6]
[+r_d4d2d1d3_6, -r_d1d13d11d16_12]
[-r_d1d3d99d1_11, +r_d1d1d1d42_3]
[+m_taurine, -r_d2d6d1dx_15]
[+r_d4d2d1d3_6, -r_d2d6d1d39_1]
[-r_d2d3d1d61_5, +r_d2d3d1d61_4]
[-r_d4d3d2d1_16, +r_d2d3d1d61_5]
[-r_d4d3d2d1_16, +r_d1d13d11d16_13]
[-r_d4d3d2d1_16, +m_hippurate]
[-r_d4d3d2d1_16, +r_d4d2d1d2_9]
[-r_d4d3d2d1_16, +r_d1d13d11d16_12]
[-r_d4d3d2d1_16, +m_transaconitate]
[-r_d4d3d2d1_16, +r_d4d2d1d3_6]
[-r_d4d3d2d1_16, +r_d1d1d1d42_3]
[-r_d4d3d2d1_16, +r_d1d3d99d1_10]
[-r_d4d3d2d1_16, +r_d2d3d1d61_4]
[-r_d4d3d2d1_16, +r_d1d3d99d1_11]
[-r_d4d3d2d1_16, +r_d4d2d1d3_7]
[-r_d4d3d2d1_16, +r_d2d6d1dx_14]
[-r_d4d3d2d1_16, +r_d2d6d1d39_1]
[-r_d4d3d2d1_16, +r_d4d2d1d2_8]
[-r_d4d3d2d1_16, +r_d2d6d1dx_15]
[-r_d4d3d2d1_16, +r_d1d1d1d42_2]
[-r_d4d3d2d1_16, +r_d2d6d1d39_0]
[-r_d4d3d2d1_16, +m_taurine]


Total execution time was 759938 ms.


Execution time was 759936 ms.

status 103
---System Timeout---
Problems/Bio/glucolysis_min-20_ld-1--1_MONO

removing temp .csv#########################
