generate VARIANT################################
launch MONO#####################################
-d64
-Xms512m
-Xmx10g
-jar
ressources/CFLauncher_7.jar
-method=SOLAR-Inc-Carc
-verbose
-t=1200000
-var=_min-10_ld4--1
-csq=Problems/Bio/glucolysis_min-10_ld4--1_MONO
Problems/Bio/glucolysis
Problems/Bio/glucolysis_min-10_ld4--1
>>>>>>>>>>>> Solving at depth : -1( real 0)
>>>>>>>>>>>> Solve - measure : [41, 1, 0, 0, 0, 0, 0, 0]
>>>>>>>>>>>> Solving at depth : -1( real 0)
>>>>>>>>>>>> Solve - measure : [3, 1, 0, 0, 0, 0, 0, 0]
>>>>>>>>>>>> Solving at depth : -1( real 0)
>>>>>>>>>>>> Solve - measure : [14, 8, 2, 2, 0, 0, 0, 0]
>>>>>>>>>>>> Solving at depth : -1( real 0)
>>>>>>>>>>>> Solve - measure : [6, 18, 6, 3, 0, 0, 0, 0]
>>>>>>>>>>>> Solving at depth : -1( real 0)
>>>>>>>>>>>> Solve - measure : [5, 14, 4, 3, 0, 0, 0, 0]
>>>>>>>>>>>> Solving at depth : -1( real 0)
>>>>>>>>>>>> Solve - measure : [16, 142, 48, 26, 0, 0, 0, 0]
>>>>>>>>>>>> Solving at depth : -1( real 0)
>>>>>>>>>>>> Solve - measure : [6, 19, 6, 4, 0, 0, 0, 0]
>>>>>>>>>>>> Solving at depth : -1( real 0)
>>>>>>>>>>>> Solve - measure : [10, 79, 27, 14, 0, 0, 0, 0]
>>>>>>>>>>>> Solving at depth : -1( real 0)
>>>>>>>>>>>> Solve - measure : [7, 23, 7, 5, 0, 0, 0, 0]
>>>>>>>>>>>> Solving at depth : -1( real 0)
>>>>>>>>>>>> Solve - measure : [56, 757, 257, 147, 0, 0, 0, 0]
>>>>>>>>>>>> Solving at depth : -1( real 0)
>>>>>>>>>>>> Solve - measure : [6, 28, 9, 6, 0, 0, 0, 0]
>>>>>>>>>>>> Solving at depth : -1( real 0)
>>>>>>>>>>>> Solve - measure : [17, 171, 58, 33, 0, 0, 0, 0]
>>>>>>>>>>>> Solving at depth : -1( real 0)
>>>>>>>>>>>> Solve - measure : [8, 32, 10, 7, 0, 0, 0, 0]
>>>>>>>>>>>> Solving at depth : -1( real 0)
>>>>>>>>>>>> Solve - measure : [143, 2265, 767, 456, 0, 0, 0, 0]
>>>>>>>>>>>> Solving at depth : -1( real 0)
>>>>>>>>>>>> Solve - measure : [98, 2265, 767, 456, 0, 0, 0, 0]
>>>>>>>>>>>> Solving at depth : -1( real 0)
>>>>>>>>>>>> Solve - measure : [5, 37, 12, 8, 0, 0, 0, 0]
>>>>>>>>>>>> Solving at depth : -1( real 0)
>>>>>>>>>>>> Solve - measure : [5, 37, 12, 8, 0, 0, 0, 0]
>>>>>>>>>>>> Solving at depth : -1( real 0)
>>>>>>>>>>>> Solve - measure : [25, 688, 204, 122, 0, 7, 0, 0]
>>>>>>>>>>>> Solving at depth : -1( real 0)
>>>>>>>>>>>> Solve - measure : [19, 333, 110, 63, 0, 0, 0, 0]
>>>>>>>>>>>> Solving at depth : -1( real 0)
>>>>>>>>>>>> Solve - measure : [6, 44, 14, 9, 0, 0, 0, 0]
>>>>>>>>>>>> Solving at depth : -1( real 0)
>>>>>>>>>>>> Solve - measure : [223, 8924, 2971, 1705, 0, 8, 0, 0]
>>>>>>>>>>>> Solving at depth : -1( real 0)
>>>>>>>>>>>> Solve - measure : [146, 8924, 2971, 1705, 0, 8, 0, 0]
>>>>>>>>>>>> Solving at depth : -1( real 0)
>>>>>>>>>>>> Solve - measure : [43, 2147, 696, 389, 0, 8, 0, 0]
>>>>>>>>>>>> Solving at depth : -1( real 0)
>>>>>>>>>>>> Solve - measure : [296, 15503, 5150, 2773, 0, 24, 0, 0]
>>>>>>>>>>>> Solving at depth : -1( real 0)
>>>>>>>>>>>> Solve - measure : [41, 1516, 514, 251, 0, 29, 0, 0]
>>>>>>>>>>>> Solving at depth : -1( real 0)
>>>>>>>>>>>> Solve - measure : [543, 31529, 10616, 5295, 0, 107, 0, 35]
>>>>>>>>>>>> Solving at depth : -1( real 0)
>>>>>>>>>>>> Solve - measure : [68, 3943, 1304, 685, 0, 12, 0, 5]
>>>>>>>>>>>> Solving at depth : -1( real 0)
>>>>>>>>>>>> Solve - measure : [388, 64431, 21936, 10261, 0, 132, 0, 89]
>>>>>>>>>>>> Solving at depth : -1( real 0)
>>>>>>>>>>>> Solve - measure : [98, 64431, 21936, 10261, 0, 132, 0, 89]
>>>>>>>>>>>> Solving at depth : -1( real 0)
>>>>>>>>>>>> Solve - measure : [95, 64431, 21936, 10261, 0, 132, 0, 89]
>>>>>>>>>>>> Solving at depth : -1( real 0)
>>>>>>>>>>>> Solve - measure : [10, 3815, 1275, 637, 0, 13, 0, 4]
>>>>>>>>>>>> Solving at depth : -1( real 0)
>>>>>>>>>>>> Solve - measure : [154, 82506, 28777, 11931, 0, 157, 0, 96]
>>>>>>>>>>>> Solving at depth : -1( real 0)
>>>>>>>>>>>> Solve - measure : [152, 82506, 28777, 11931, 0, 157, 0, 96]
>>>>>>>>>>>> Solving at depth : -1( real 0)
>>>>>>>>>>>> Solve - measure : [118, 82506, 28777, 11931, 0, 157, 0, 96]
>>>>>>>>>>>> Solving at depth : -1( real 0)
>>>>>>>>>>>> Solve - measure : [15, 7132, 2465, 1008, 0, 18, 0, 10]
>>>>>>>>>>>> Solving at depth : -1( real 0)
>>>>>>>>>>>> Solve - measure : [142, 106887, 37931, 14324, 0, 184, 0, 113]
>>>>>>>>>>>> Solving at depth : -1( real 0)
>>>>>>>>>>>> Solve - measure : [144, 106887, 37931, 14324, 0, 184, 0, 113]
>>>>>>>>>>>> Solving at depth : -1( real 0)
>>>>>>>>>>>> Solve - measure : [142, 106887, 37931, 14324, 0, 184, 0, 113]
>>>>>>>>>>>> Solving at depth : -1( real 0)
>>>>>>>>>>>> Solve - measure : [186, 106887, 37931, 14324, 0, 184, 0, 113]
>>>>>>>>>>>> Solving at depth : -1( real 0)
>>>>>>>>>>>> Solve - measure : [2, 10, 4, 0, 0, 0, 0, 0]
>>>>>>>>>>>> Solving at depth : -1( real 0)
>>>>>>>>>>>> Solve - measure : [2, 13, 5, 0, 0, 0, 0, 0]
>>>>>>>>>>>> Solving at depth : -1( real 0)
>>>>>>>>>>>> Solve - measure : [2, 13, 5, 0, 0, 0, 0, 0]
>>>>>>>>>>>> Solving at depth : -1( real 0)
>>>>>>>>>>>> Solve - measure : [267, 136401, 49319, 15226, 0, 245, 0, 117]
>>>>>>>>>>>> Solving at depth : -1( real 0)
>>>>>>>>>>>> Solve - measure : [176, 136401, 49319, 15226, 0, 245, 0, 117]
>>>>>>>>>>>> Solving at depth : -1( real 0)
>>>>>>>>>>>> Solve - measure : [176, 136401, 49319, 15226, 0, 245, 0, 117]
>>>>>>>>>>>> Solving at depth : -1( real 0)
>>>>>>>>>>>> Solve - measure : [14, 6448, 2402, 649, 0, 61, 0, 1]
>>>>>>>>>>>> Solving at depth : -1( real 0)
>>>>>>>>>>>> Solve - measure : [200, 155825, 56964, 17220, 0, 274, 0, 131]
>>>>>>>>>>>> Solving at depth : -1( real 0)
>>>>>>>>>>>> Solve - measure : [194, 155825, 56964, 17220, 0, 274, 0, 131]
>>>>>>>>>>>> Solving at depth : -1( real 0)
>>>>>>>>>>>> Solve - measure : [202, 155825, 56964, 17220, 0, 274, 0, 131]
>>>>>>>>>>>> Solving at depth : -1( real 0)
>>>>>>>>>>>> Solve - measure : [13, 6847, 2573, 649, 0, 61, 0, 1]
>>>>>>>>>>>> Solving at depth : -1( real 0)
>>>>>>>>>>>> Solve - measure : [231, 183064, 67533, 19212, 0, 303, 0, 145]
>>>>>>>>>>>> Solving at depth : -1( real 0)
>>>>>>>>>>>> Solve - measure : [321, 183064, 67533, 19212, 0, 303, 0, 145]
>>>>>>>>>>>> Solving at depth : -1( real 0)
>>>>>>>>>>>> Solve - measure : [356, 183064, 67533, 19212, 0, 303, 0, 145]
>>>>>>>>>>>> Solving at depth : -1( real 0)
>>>>>>>>>>>> Solve - measure : [3, 20, 8, 0, 0, 0, 0, 0]
>>>>>>>>>>>> Solving at depth : -1( real 0)
>>>>>>>>>>>> Solve - measure : [349, 198280, 73859, 19382, 0, 303, 0, 147]
>>>>>>>>>>>> Solving at depth : -1( real 0)
>>>>>>>>>>>> Solve - measure : [260, 198280, 73859, 19382, 0, 303, 0, 147]
>>>>>>>>>>>> Solving at depth : -1( real 0)
>>>>>>>>>>>> Solve - measure : [247, 198280, 73859, 19382, 0, 303, 0, 147]
>>>>>>>>>>>> Solving at depth : -1( real 0)
>>>>>>>>>>>> Solve - measure : [2, 27, 11, 0, 0, 0, 0, 0]
>>>>>>>>>>>> Solving at depth : -1( real 0)
>>>>>>>>>>>> Solve - measure : [270, 214774, 80755, 19552, 0, 303, 0, 149]
>>>>>>>>>>>> Solving at depth : -1( real 0)
>>>>>>>>>>>> Solve - measure : [266, 214774, 80755, 19552, 0, 303, 0, 149]
>>>>>>>>>>>> Solving at depth : -1( real 0)
>>>>>>>>>>>> Solve - measure : [275, 214774, 80755, 19552, 0, 303, 0, 149]
>>>>>>>>>>>> Solving at depth : -1( real 0)
>>>>>>>>>>>> Solve - measure : [2, 34, 14, 0, 0, 0, 0, 0]
>>>>>>>>>>>> Solving at depth : -1( real 0)
>>>>>>>>>>>> Solve - measure : [346, 291901, 111656, 21493, 0, 486, 0, 152]
>>>>>>>>>>>> Solving at depth : -1( real 0)
>>>>>>>>>>>> Solve - measure : [5, 2427, 929, 85, 0, 0, 0, 1]
>>>>>>>>>>>> Solving at depth : -1( real 0)
>>>>>>>>>>>> Solve - measure : [1, 38, 15, 0, 0, 0, 0, 0]
>>>>>>>>>>>> Solving at depth : -1( real 0)
>>>>>>>>>>>> Solve - measure : [637, 485534, 185684, 24565, 0, 735, 0, 305]
>>>>>>>>>>>> Solving at depth : -1( real 0)
>>>>>>>>>>>> Solve - measure : [859, 485534, 185684, 24565, 0, 735, 0, 305]
>>>>>>>>>>>> Solving at depth : -1( real 0)
>>>>>>>>>>>> Solve - measure : [924, 485534, 185684, 24565, 0, 735, 0, 305]
>>>>>>>>>>>> Solving at depth : -1( real 0)
>>>>>>>>>>>> Solve - measure : [3, 72, 29, 0, 0, 0, 0, 0]
>>>>>>>>>>>> Solving at depth : -1( real 0)
>>>>>>>>>>>> Solve - measure : [804, 637376, 247304, 25981, 0, 857, 0, 311]
>>>>>>>>>>>> Solving at depth : -1( real 0)
>>>>>>>>>>>> Solve - measure : [768, 637376, 247304, 25981, 0, 857, 0, 311]
>>>>>>>>>>>> Solving at depth : -1( real 0)
>>>>>>>>>>>> Solve - measure : [2, 74, 30, 0, 0, 0, 0, 0]
>>>>>>>>>>>> Solving at depth : -1( real 0)
>>>>>>>>>>>> Solve - measure : [1207, 973375, 382930, 29147, 0, 1167, 0, 942]
>>>>>>>>>>>> Solving at depth : -1( real 0)
>>>>>>>>>>>> Solve - measure : [1233, 973375, 382930, 29147, 0, 1167, 0, 942]
>>>>>>>>>>>> Solving at depth : -1( real 0)
>>>>>>>>>>>> Solve - measure : [2, 79, 32, 0, 0, 0, 0, 0]
>>>>>>>>>>>> Solving at depth : -1( real 0)
>>>>>>>>>>>> Solve - measure : [2, 82, 33, 0, 0, 0, 0, 0]
>>>>>>>>>>>> Solving at depth : -1( real 0)
>>>>>>>>>>>> Solve - measure : [2247, 1405849, 550886, 34351, 0, 1453, 0, 646]
>>>>>>>>>>>> Solving at depth : -1( real 0)
>>>>>>>>>>>> Solve - measure : [2075, 1405849, 550886, 34351, 0, 1453, 0, 646]
>>>>>>>>>>>> Solving at depth : -1( real 0)
>>>>>>>>>>>> Solve - measure : [1759, 1405849, 550886, 34351, 0, 1453, 0, 646]
>>>>>>>>>>>> Solving at depth : -1( real 0)
>>>>>>>>>>>> Solve - measure : [145, 110566, 44063, 1364, 0, 122, 0, 8]
>>>>>>>>>>>> Solving at depth : -1( real 0)
>>>>>>>>>>>> Solve - measure : [2357, 1870836, 740175, 38455, 0, 1819, 0, 670]
>>>>>>>>>>>> Solving at depth : -1( real 0)
>>>>>>>>>>>> Solve - measure : [2, 148, 60, 0, 0, 0, 0, 0]
>>>>>>>>>>>> Solving at depth : -1( real 0)
>>>>>>>>>>>> Solve - measure : [3273, 2564917, 1021146, 43583, 0, 2312, 0, 709]
>>>>>>>>>>>> Solving at depth : -1( real 0)
>>>>>>>>>>>> Solve - measure : [2, 181, 73, 0, 0, 0, 0, 0]
>>>>>>>>>>>> Solving at depth : -1( real 0)
>>>>>>>>>>>> Solve - measure : [5743, 4546095, 1805434, 54714, 0, 3147, 0, 763]
>>>>>>>>>>>> Solving at depth : -1( real 0)
>>>>>>>>>>>> Solve - measure : [5650, 4546095, 1805434, 54714, 0, 3147, 0, 763]
>>>>>>>>>>>> Solving at depth : -1( real 0)
>>>>>>>>>>>> Solve - measure : [5838, 4546095, 1805434, 54714, 0, 3147, 0, 763]
>>>>>>>>>>>> Solving at depth : -1( real 0)
>>>>>>>>>>>> Solve - measure : [560, 433452, 174338, 2659, 0, 244, 0, 13]
>>>>>>>>>>>> Solving at depth : -1( real 0)
>>>>>>>>>>>> Solve - measure : [7618, 6016004, 2397687, 60009, 0, 3635, 0, 927]
>>>>>>>>>>>> Solving at depth : -1( real 0)
>>>>>>>>>>>> Solve - measure : [7654, 6016004, 2397687, 60009, 0, 3635, 0, 927]
>>>>>>>>>>>> Solving at depth : -1( real 0)
>>>>>>>>>>>> Solve - measure : [7691, 6016004, 2397687, 60009, 0, 3635, 0, 927]
>>>>>>>>>>>> Solving at depth : -1( real 0)
>>>>>>>>>>>> Solve - measure : [2, 197, 80, 0, 0, 0, 0, 0]
>>>>>>>>>>>> Solving at depth : -1( real 0)
>>>>>>>>>>>> Solve - measure : [9364, 7208100, 2885862, 65290, 0, 4123, 0, 953]
>>>>>>>>>>>> Solving at depth : -1( real 0)
>>>>>>>>>>>> Solve - measure : [9369, 7208100, 2885862, 65290, 0, 4123, 0, 953]
>>>>>>>>>>>> Solving at depth : -1( real 0)
>>>>>>>>>>>> Solve - measure : [9379, 7208100, 2885862, 65290, 0, 4123, 0, 953]
>>>>>>>>>>>> Solving at depth : -1( real 0)
>>>>>>>>>>>> Solve - measure : [2, 204, 83, 0, 0, 0, 0, 0]
>>>>>>>>>>>> Solving at depth : -1( real 0)
>>>>>>>>>>>> Solve - measure : [11688, 8923870, 3587046, 73230, 0, 4855, 0, 992]
>>>>>>>>>>>> Solving at depth : -1( real 0)
>>>>>>>>>>>> Solve - measure : [11684, 8923870, 3587046, 73230, 0, 4855, 0, 992]
>>>>>>>>>>>> Solving at depth : -1( real 0)
>>>>>>>>>>>> Solve - measure : [11708, 8923870, 3587046, 73230, 0, 4855, 0, 992]
>>>>>>>>>>>> Solving at depth : -1( real 0)
>>>>>>>>>>>> Solve - measure : [11626, 8923870, 3587046, 73230, 0, 4855, 0, 992]
>>>>>>>>>>>> Solving at depth : -1( real 0)
>>>>>>>>>>>> Solve - measure : [11453, 8923870, 3587046, 73230, 0, 4855, 0, 992]
>>>>>>>>>>>> Solving at depth : -1( real 0)
>>>>>>>>>>>> Solve - measure : [1259, 949800, 381828, 5295, 0, 488, 0, 26]
>>>>>>>>>>>> Solving at depth : -1( real 0)
>>>>>>>>>>>> Solve - measure : [1374, 967710, 388986, 5272, 0, 488, 0, 26]
>>>>>>>>>>>> Solving at depth : -1( real 0)
>>>>>>>>>>>> Solve - measure : [17648, 13353265, 5366534, 89046, 0, 6319, 0, 3422]
>>>>>>>>>>>> Solving at depth : -1( real 0)
>>>>>>>>>>>> Solve - measure : [17261, 13353265, 5366534, 89046, 0, 6319, 0, 3422]
>>>>>>>>>>>> Solving at depth : -1( real 0)
>>>>>>>>>>>> Solve - measure : [18046, 13353265, 5366534, 89046, 0, 6319, 0, 3422]
>>>>>>>>>>>> Solving at depth : -1( real 0)
>>>>>>>>>>>> Solve - measure : [2, 10, 4, 0, 0, 0, 0, 0]
>>>>>>>>>>>> Solving at depth : -1( real 0)
>>>>>>>>>>>> Solve - measure : [16725, 13353301, 5366550, 89046, 0, 6319, 0, 3422]
>>>>>>>>>>>> Solving at depth : -1( real 0)
>>>>>>>>>>>> Solve - measure : [16581, 13353301, 5366550, 89046, 0, 6319, 0, 3422]
>>>>>>>>>>>> Solving at depth : -1( real 0)
>>>>>>>>>>>> Solve - measure : [16595, 13353301, 5366550, 89046, 0, 6319, 0, 3422]
>>>>>>>>>>>> Solving at depth : -1( real 0)
>>>>>>>>>>>> Solve - measure : [2, 17, 7, 0, 0, 0, 0, 0]
>>>>>>>>>>>> Solving at depth : -1( real 0)
>>>>>>>>>>>> Solve - measure : [16695, 13353393, 5366590, 89046, 0, 6319, 0, 3422]
>>>>>>>>>>>> Solving at depth : -1( real 0)
>>>>>>>>>>>> Solve - measure : [2, 19, 8, 0, 0, 0, 0, 0]
>>>>>>>>>>>> Solving at depth : -1( real 0)
>>>>>>>>>>>> Solve - measure : [16751, 13514587, 5437692, 89543, 0, 6319, 0, 3429]
>>>>>>>>>>>> Solving at depth : -1( real 0)
>>>>>>>>>>>> Solve - measure : [17, 10815, 4135, 637, 0, 13, 0, 4]
>>>>>>>>>>>> Solving at depth : -1( real 0)
>>>>>>>>>>>> Solve - measure : [2726, 2042037, 805717, 67884, 0, 915, 0, 1182]
>>>>>>>>>>>> Solving at depth : -1( real 0)
>>>>>>>>>>>> Solve - measure : [2719, 2042037, 805717, 67884, 0, 915, 0, 1182]
>>>>>>>>>>>> Solving at depth : -1( real 0)
>>>>>>>>>>>> Solve - measure : [2703, 2042037, 805717, 67884, 0, 915, 0, 1182]
>>>>>>>>>>>> Solving at depth : -1( real 0)
>>>>>>>>>>>> Solve - measure : [19, 10941, 4189, 637, 0, 13, 0, 4]
>>>>>>>>>>>> Solving at depth : -1( real 0)
>>>>>>>>>>>> Solve - measure : [2851, 2131484, 842456, 69836, 0, 949, 0, 1192]
>>>>>>>>>>>> Solving at depth : -1( real 0)
>>>>>>>>>>>> Solve - measure : [39, 28215, 11137, 861, 0, 17, 0, 9]
>>>>>>>>>>>> Solving at depth : -1( real 0)
>>>>>>>>>>>> Solve - measure : [5074, 3629853, 1430758, 134818, 0, 1808, 0, 1907]
>>>>>>>>>>>> Solving at depth : -1( real 0)
>>>>>>>>>>>> Solve - measure : [96, 65583, 25599, 2672, 0, 42, 0, 42]
>>>>>>>>>>>> Solving at depth : -1( real 0)
>>>>>>>>>>>> Solve - measure : [6406, 4644116, 1825480, 176917, 0, 1774, 0, 2362]
>>>>>>>>>>>> Solving at depth : -1( real 0)
>>>>>>>>>>>> Solve - measure : [57, 35681, 14185, 882, 0, 20, 0, 3]
>>>>>>>>>>>> Solving at depth : -1( real 0)
>>>>>>>>>>>> Solve - measure : [10439, 7152713, 2807769, 293002, 0, 3957, 0, 3657]
>>>>>>>>>>>> Solving at depth : -1( real 0)
>>>>>>>>>>>> Solve - measure : [217, 142326, 56011, 4681, 0, 82, 0, 116]
>>>>>>>>>>>> Solving at depth : -1( real 0)
>>>>>>>>>>>> Solve - measure : [16915, 11281629, 4436785, 436194, 0, 4398, 0, 5884]
>>>>>>>>>>>> Solving at depth : -1( real 0)
>>>>>>>>>>>> Solve - measure : [17344, 11281629, 4436785, 436194, 0, 4398, 0, 5884]
>>>>>>>>>>>> Solving at depth : -1( real 0)
>>>>>>>>>>>> Solve - measure : [17447, 11281629, 4436785, 436194, 0, 4398, 0, 5884]
>>>>>>>>>>>> Solving at depth : -1( real 0)
>>>>>>>>>>>> Solve - measure : [3, 10, 4, 0, 0, 0, 0, 0]
>>>>>>>>>>>> Solving at depth : -1( real 0)
>>>>>>>>>>>> Solve - measure : [17574, 11281665, 4436801, 436194, 0, 4398, 0, 5884]
>>>>>>>>>>>> Solving at depth : -1( real 0)
>>>>>>>>>>>> Solve - measure : [11, 5628, 2202, 185, 0, 0, 0, 5]
>>>>>>>>>>>> Solving at depth : -1( real 0)
>>>>>>>>>>>> Solve - measure : [17777, 11688238, 4619818, 437095, 0, 4398, 0, 5906]
>>>>>>>>>>>> Solving at depth : -1( real 0)
>>>>>>>>>>>> Solve - measure : [266, 159138, 62396, 6154, 0, 102, 0, 118]
>>>>>>>>>>>> Solving at depth : -1( real 0)
>>>>>>>>>>>> Solve - measure : [19300, 13029745, 5149239, 474750, 0, 4894, 0, 6430]
>>>>>>>>>>>> Solving at depth : -1( real 0)
>>>>>>>>>>>> Solve - measure : [19312, 13029745, 5149239, 474750, 0, 4894, 0, 6430]
>>>>>>>>>>>> Solving at depth : -1( real 0)
>>>>>>>>>>>> Solve - measure : [20023, 13029745, 5149239, 474750, 0, 4894, 0, 6430]
>>>>>>>>>>>> Solving at depth : -1( real 0)
>>>>>>>>>>>> Solve - measure : [277, 159572, 62582, 6154, 0, 102, 0, 118]
>>>>>>>>>>>> Solving at depth : -1( real 0)
>>>>>>>>>>>> Solve - measure : [20714, 13848174, 5484301, 491154, 0, 5062, 0, 6560]
>>>>>>>>>>>> Solving at depth : -1( real 0)
>>>>>>>>>>>> Solve - measure : [367, 270577, 108247, 5605, 0, 76, 0, 130]
>>>>>>>>>>>> Solving at depth : -1( real 0)
>>>>>>>>>>>> Solve - measure : [35584, 24784129, 9831224, 879178, 0, 8798, 0, 10904]
>>>>>>>>>>>> Solving at depth : -1( real 0)
>>>>>>>>>>>> Solve - measure : [4, 921, 376, 45, 0, 0, 0, 1]
>>>>>>>>>>>> Solving at depth : -1( real 0)
>>>>>>>>>>>> Solve - measure : [2, 0, 0, 0, 0, 0, 0, 0]
>>>>>>>>>>>> Solving at depth : -1( real 0)
>>>>>>>>>>>> Solve - measure : [3, 0, 0, 0, 0, 0, 0, 0]
>>>>>>>>>>>> Solving at depth : -1( real 0)
>>>>>>>>>>>> Solve - measure : [2, 0, 0, 0, 0, 0, 0, 0]
>>>>>>>>>>>> Solving at depth : -1( real 0)
>>>>>>>>>>>> Solve - measure : [2, 0, 0, 0, 0, 0, 0, 0]
>>>>>>>>>>>> Solving at depth : -1( real 0)
>>>>>>>>>>>> Solve - measure : [3, 0, 0, 0, 0, 0, 0, 0]
SolveToClause Finished!
81 CHARACTERISTIC CLAUSES
[-r_d2d6d1d39_0, +r_d4d2d1d3_7]
[-r_d2d3d1d61_4, +r_d2d6d1d39_0]
[-r_d2d3d1d61_5, +r_d4d2d1d3_7]
[-r_d2d3d1d61_5, +r_d1d1d1d42_2]
[-r_d1d1d1d42_3, +r_d1d1d1d42_2]
[-r_d1d1d1d42_2, +r_d4d2d1d3_7]
[-r_d1d1d1d42_2, +r_d1d1d1d42_3]
[-r_d4d2d1d3_6, +r_d2d3d1d61_4]
[-r_d1d1d1d42_3, +r_d2d6d1d39_0]
[-r_d4d2d1d3_7, +r_d4d2d1d3_6]
[-r_d1d1d1d42_3, +r_d4d2d1d2_8]
[-r_d1d1d1d42_2, +r_d2d6d1d39_0]
[-r_d2d6d1d39_0, +r_d2d3d1d61_5]
[-r_d2d3d1d61_4, +r_d2d3d1d61_5]
[-r_d4d2d1d3_7, +r_d2d3d1d61_4]
[-r_d1d1d1d42_3, +m_transaconitate]
[-r_d4d2d1d3_7, +r_d2d3d1d61_5]
[-r_d4d2d1d3_7, +r_d1d1d1d42_2]
[-r_d4d2d1d3_7, +r_d2d6d1d39_0]
[-r_d2d3d1d61_5, +r_d1d1d1d42_3]
[-r_d2d3d1d61_4, +m_transaconitate]
[-r_d1d1d1d42_2, +r_d2d3d1d61_5]
[-r_d2d6d1d39_0, +r_d1d1d1d42_2]
[-r_d4d2d1d3_6, +r_d4d2d1d3_7]
[-r_d2d3d1d61_5, +r_d4d2d1d3_6]
[+m_transaconitate, -r_d4d2d1d3_6]
[-r_d1d1d1d42_3, +r_d2d3d1d61_4]
[-r_d4d2d1d3_6, +r_d2d6d1d39_1]
[-r_d2d3d1d61_4, +r_d1d1d1d42_3]
[-r_d2d6d1d39_0, +r_d2d3d1d61_4]
[-r_d2d6d1d39_0, +r_d4d2d1d3_6]
[-r_d2d3d1d61_4, +r_d4d2d1d3_6]
[-r_d2d3d1d61_5, +r_d4d2d1d2_8]
[-r_d2d3d1d61_4, +r_d2d6d1d39_1]
[-r_d1d1d1d42_3, +r_d2d3d1d61_5]
[-r_d2d3d1d61_5, +r_d2d6d1d39_1]
[-r_d2d3d1d61_4, +r_d4d2d1d3_7]
[-r_d1d1d1d42_3, +r_d4d2d1d3_7]
[-r_d4d2d1d3_6, +r_d4d2d1d2_8]
[-r_d4d2d1d3_7, +r_d1d1d1d42_3]
[-r_d2d6d1d39_0, +r_d4d2d1d2_8]
[-r_d2d6d1d39_0, +m_transaconitate]
[-r_d4d2d1d3_6, +r_d2d3d1d61_5]
[-r_d2d3d1d61_4, +r_d1d1d1d42_2]
[-r_d2d3d1d61_5, +m_transaconitate]
[-r_d2d6d1d39_1, +r_d2d3d1d61_5]
[-r_d1d1d1d42_3, +r_d4d2d1d3_6]
[-r_d2d6d1d39_1, +r_d4d2d1d2_8]
[-r_d1d1d1d42_2, +r_d4d2d1d2_8]
[-r_d2d6d1d39_1, +r_d1d1d1d42_3]
[-r_d1d1d1d42_2, +r_d2d3d1d61_4]
[-r_d4d2d1d3_7, +r_d2d6d1d39_1]
[-r_d1d1d1d42_3, +r_d2d6d1d39_1]
[-r_d2d6d1d39_1, +r_d1d1d1d42_2]
[-r_d4d2d1d3_6, +r_d2d6d1d39_0]
[-r_d2d6d1d39_1, +r_d4d2d1d3_7]
[-r_d1d1d1d42_2, +m_transaconitate]
[-r_d1d1d1d42_2, +r_d2d6d1d39_1]
[-r_d2d6d1d39_1, +r_d2d6d1d39_0]
[-r_d4d2d1d3_7, +r_d4d2d1d2_8]
[-r_d2d6d1d39_1, +r_d4d2d1d3_6]
[-r_d2d6d1d39_0, +r_d2d6d1d39_1]
[-r_d4d2d1d3_6, +r_d1d1d1d42_2]
[+r_d4d2d1d3_6, -r_d1d1d1d42_2]
[-r_d2d6d1d39_1, +r_d2d3d1d61_4]
[-r_d2d3d1d61_5, +r_d2d6d1d39_0]
[-r_d2d6d1d39_1, +m_transaconitate]
[-r_d2d3d1d61_4, +r_d4d2d1d2_8]
[-r_d2d3d1d61_5, +r_d2d3d1d61_4]
[-r_d4d2d1d3_7, +m_transaconitate]
[-r_d4d2d1d3_6, +r_d1d1d1d42_3]
[-r_d2d6d1d39_0, +r_d1d1d1d42_3]
[-r_d4d2d1d2_8, +r_d4d2d1d3_7]
[-r_d4d2d1d2_8, +r_d4d2d1d3_6]
[-r_d4d2d1d2_8, +r_d2d6d1d39_1]
[-r_d4d2d1d2_8, +r_d1d1d1d42_3]
[-r_d4d2d1d2_8, +r_d1d1d1d42_2]
[-r_d4d2d1d2_8, +m_transaconitate]
[-r_d4d2d1d2_8, +r_d2d3d1d61_4]
[-r_d4d2d1d2_8, +r_d2d6d1d39_0]
[-r_d4d2d1d2_8, +r_d2d3d1d61_5]


Total execution time was 691692 ms.


Execution time was 691689 ms.

status 103
---System Timeout---
Problems/Bio/glucolysis_min-10_ld4--1_MONO

removing temp .csv#########################
