Time for creating graph: 0.056s
Sys -> Ag0 : {New neighbour}
Sys -> Ag1 : {New neighbour}
Sys -> Ag0 : {New neighbour}
Sys -> Ag2 : {New neighbour}
Sys -> Ag0 : {New neighbour}
Sys -> Ag3 : {New neighbour}
Sys -> Ag0 : {New neighbour}
Sys -> Ag4 : {New neighbour}
Sys -> Ag0 : {New neighbour}
Sys -> Ag5 : {New neighbour}
Sys -> Ag1 : {New neighbour}
Sys -> Ag2 : {New neighbour}
Sys -> Ag1 : {New neighbour}
Sys -> Ag3 : {New neighbour}
Sys -> Ag1 : {New neighbour}
Sys -> Ag4 : {New neighbour}
Sys -> Ag1 : {New neighbour}
Sys -> Ag5 : {New neighbour}
Ag3 <------  {New neighbour}
Ag3 <------  {New neighbour}
Ag0 <------  {New neighbour}
Sys -> Ag2 : {New neighbour}
Ag4 <------  {New neighbour}
Ag0 <------  {New neighbour}
Ag2 <------  {New neighbour}
Sys -> Ag3 : {New neighbour}
Ag1 <------  {New neighbour}
Ag5 <------  {New neighbour}
Ag0 <------  {New neighbour}
Ag2 <------  {New neighbour}
Ag3 <------  {New neighbour}
Ag4 <------  {New neighbour}
Ag5 <------  {New neighbour}
Ag0 <------  {New neighbour}
Sys -> Ag2 : {New neighbour}
Ag2 <------  {New neighbour}
Ag2 <------  {New neighbour}
Sys -> Ag4 : {New neighbour}
Sys -> Ag2 : {New neighbour}
Sys -> Ag5 : {New neighbour}
Sys -> Ag3 : {New neighbour}
Sys -> Ag4 : {New neighbour}
Sys -> Ag3 : {New neighbour}
Sys -> Ag5 : {New neighbour}
Sys -> Ag4 : {New neighbour}
Sys -> Ag5 : {New neighbour}
Ag0 <------  {New neighbour}
Ag4 <------  {New neighbour}
Ag4 <------  {New neighbour}
Ag4 <------  {New neighbour}
Ag2 <------  {New neighbour}
Ag5 <------  {New neighbour}
Ag3 <------  {New neighbour}
Sys -> Ag0 : {Start}
Ag5 <------  {New neighbour}
Ag5 <------  {New neighbour}
Ag3 <------  {New neighbour}
Ag0 <------  {Start}
Ag0 -> Sys : {Started}
Ag1 <------  {New neighbour}
Sys -> Ag1 : {Start}
Sys -> Ag2 : {Start}
Sys -> Ag3 : {Start}
Sys -> Ag4 : {Start}
Sys -> Ag5 : {Start}
Ag4 <------  {Start}
Ag4 -> Sys : {Started}
Ag5 <------  {Start}
Ag5 -> Sys : {Started}
Sys -> Ag0 : {Launch}
Sys -> Ag1 : {Launch}
Sys -> Ag2 : {Launch}
Sys -> Ag3 : {Launch}
Sys -> Ag4 : {Launch}
Sys -> Ag5 : {Launch}
Ag1 <------  {New neighbour}
Ag5 <------  {Launch}
Sys <------  {Started}
Sys <------  {Started}
Sys <------  {Started}
Ag0 <------  {Launch}
Ag0 -> Ag1 : Send Clauses : []
Ag0 -> Ag2 : Send Clauses : []
Ag0 -> Ag3 : Send Clauses : []
Ag0 -> Ag4 : Send Clauses : []
Ag0 -> Ag5 : Send Clauses : []
Ag4 <------  {Launch}
Ag4 <------  Send Clauses : []
Ag5 <------  Send Clauses : []
Ag5 -> Ag0 : Send Clauses : []
Ag1 <------  {New neighbour}
Ag1 <------  {New neighbour}
Ag1 <------  {Start}
Ag1 -> Sys : {Started}
Ag1 <------  {Launch}
Ag1 <------  Send Clauses : []
Ag1 -> Ag0 : Send Clauses : []
Ag0 <------  Send Clauses : []
Ag0 <------  Send Clauses : []
Ag2 <------  {Start}
Ag2 -> Sys : {Started}
Ag2 <------  {Launch}
Ag2 <------  Send Clauses : []
Ag2 -> Ag0 : Send Clauses : []
Sys <------  {Started}
Sys <------  {Started}
Ag3 <------  {Start}
Ag3 -> Sys : {Started}
Ag3 <------  {Launch}
Ag3 <------  Send Clauses : []
Ag3 -> Ag0 : Send Clauses : []
Ag0 <------  Send Clauses : []
Ag0 <------  Send Clauses : []
Sys <------  {Started}
Starting SolveToIndepClause...
Launching solver...
----------------------------------------------------------------------
Clauses:
 [+m_acetylcoa, -r_d1d2d4d1_62]
 [+m_acetylcoa, -r_d6d2d1d1_67]
 [+m_acetate, -r_d6d2d1d1_66]
 [+r_d6d2d1d1_67, -m_acetate]
 [+r_d1d2d4d1_63, -m_acetylcoa]
 [+r_d2d3d3d1_64, -m_acetylcoa]
 [+m_acetylcoa, -r_d2d3d3d1_65]
 [+r_d6d2d1d1_66, -m_acetylcoa]
 [+r_d2d7d1d69_58, -m_glucose]
 [+m_pyruvate, -r_d2d7d1d69_58]
 [+r_d2d7d1d69_59, -m_pyruvate]
 [+m_glucose, -r_d2d7d1d69_59]
 [+r_d1d1d1d27_60, -m_pyruvate]
 [+m_lactate, -r_d1d1d1d27_60]
 [+r_d1d1d1d27_61, -m_lactate]
 [+m_pyruvate, -r_d1d1d1d27_61]
 [+r_d1d2d4d1_62, -m_pyruvate]
 [+m_pyruvate, -r_d1d2d4d1_63]
 [+m_lactate, -r_d4d2d1d54_47]
 [+r_d4d2d1d54_46, -m_lactate]
 [+m_acryloylcoa, -r_d4d2d1d54_46]
 [+m_acryloylcoa, -r_d4d3d1d6_48]
 [+r_d4d3d1d6_49, -m_acryloylcoa]
 [+r_d2d1d3d1_50, -m_acryloylcoa]
 [+m_glucose]
Top clauses:
 [+m_glucose]
Production field:
 [-r_d4d3d1d6_48, +m_acryloylcoa, +r_d2d1d3d1_50, +r_d4d3d1d6_49, -r_d4d2d1d54_47, +r_d2d3d3d1_64, -r_d2d3d3d1_65, -m_acryloylcoa, +m_glucose, +m_fumarate, -m_fumarate, +m_citrate, -m_citrate, +m_formaldehyde, -m_formaldehyde, +m_succinate, -m_succinate]

>>>>>>>>>>>> Solving at depth : -1( real 0)
>>>>>>>>>>>> Solve - measure : [45, 45, 18, 5, 0, 0, 0, 0]
Solver finished.
Converting to IndepClause...
SolveToIndepClause Finished!
Ag4 -> Ag0 : Send Clauses : [[r_d4d3d1d6_49], [r_d2d1d3d1_50], [m_glucose], [r_d2d3d3d1_64], [m_acryloylcoa]]
Ag0 <------  Send Clauses : [[r_d4d3d1d6_49], [r_d2d1d3d1_50], [m_glucose], [r_d2d3d3d1_64], [m_acryloylcoa]]
Starting SolveToIndepClause...
Launching solver...
----------------------------------------------------------------------
Clauses:
 [+m_formaldehyde, -r_d1d5d99d1_39]
 [+r_d1d1d99d8_40, -m_formaldehyde]
 [+m_formate, -r_d1d1d99d8_40]
 [+r_d1d1d99d8_41, -m_formate]
 [+m_formaldehyde, -r_d1d1d99d8_41]
 [+r_d1d4d99d3_42, -m_formaldehyde]
 [+m_methylamine, -r_d1d4d99d3_42]
 [+r_d1d4d99d3_43, -m_methylamine]
 [+m_formaldehyde, -r_d1d4d99d3_43]
 [+r_d4d1d2d32_44, -m_tmao]
 [+c_compoundCformaldehyde_methylamineC, -r_d4d1d2d32_44]
 [+m_formaldehyde, -c_compoundCformaldehyde_methylamineC]
 [+m_methylamine, -c_compoundCformaldehyde_methylamineC]
 [+r_d4d1d2d32_45, -c_compoundCformaldehyde_methylamineC]
 [+c_compoundCformaldehyde_methylamineC, -m_formaldehyde, -m_methylamine]
 [+m_tmao, -r_d4d1d2d32_45]
 [+r_d1d5d99d1_38, -m_formaldehyde]
 [+r_d3d5d2d10_34, -m_creatinine]
 [+m_creatinine, -r_d3d5d2d10_35]
 [+r_d3d5d1d59_36, -m_creatinine]
 [+m_creatinine, -r_d3d5d1d59_37]
 [+m_sarcosine, -r_d1d5d99d1_38]
 [+r_d1d5d99d1_39, -m_sarcosine]
 [+m_sarcosine, -r_d3d5d1d59_36]
 [+r_d3d5d1d59_37, -m_sarcosine]
 [+r_d4d3d1d6_49]
 [+r_d2d1d3d1_50]
 [+m_glucose]
 [+r_d2d3d3d1_64]
 [+m_acryloylcoa]
Top clauses:
 [+r_d4d3d1d6_49]
 [+r_d2d1d3d1_50]
 [+m_glucose]
 [+r_d2d3d3d1_64]
 [+m_acryloylcoa]
Production field:
 [+r_d4d2d1d3_7, +m_succinate, +r_d2d3d3d1_64, -r_d1d3d99d1_11, -m_acryloylcoa, -r_d4d2d1d54_47, +r_d4d3d1d6_49, +r_d1d2d1d31_57, -m_acryloylcoa, -r_d1d2d1d31_57, -r_d4d3d1d6_49, -r_d2d3d3d1_64, +r_d3d5d3d1_28, +r_d3d5d2d10_34, +r_d6d3d4d5_22, +r_d4d2d1d3_6, +r_d1d2d1d31_56, +r_d6d3d4d5_23, +m_acryloylcoa, +r_d4d2d1d2_8, -r_d6d3d4d5_23, -r_d1d2d1d31_56, +r_d4d2d1d54_47, +r_d3d5d3d1_26, -r_d2d3d3d1_65, -r_d6d3d4d5_22, -r_d4d2d1d3_6, +r_d2d3d3d1_65, -r_d3d5d3d1_26, +r_d4d3d1d6_48, -m_succinate, +r_d1d3d99d1_11, -r_d4d2d1d2_8, -r_d3d5d2d10_35, +m_acryloylcoa, -m_sarcosine, -r_d2d1d3d1_50, -r_d4d2d1d2_9, +r_d2d1d3d1_50, -r_d4d3d1d6_48, +r_d4d2d1d2_9, -r_d4d2d1d3_7, +m_sarcosine, -r_d3d5d3d1_28, +m_glucose, +m_fumarate, -m_fumarate, +m_citrate, -m_citrate, +m_formaldehyde, -m_formaldehyde]

>>>>>>>>>>>> Solving at depth : -1( real 0)
>>>>>>>>>>>> Solve - measure : [6, 16, 5, 5, 0, 0, 0, 0]
Solver finished.
Converting to IndepClause...
SolveToIndepClause Finished!
Ag0 -> Ag3 : Send Clauses : [[r_d2d1d3d1_50], [m_acryloylcoa]]
Ag0 -> Ag4 : Send Clauses : [[m_acryloylcoa]]
Ag0 -> Ag5 : Send Clauses : [[r_d4d3d1d6_49], [r_d2d3d3d1_64]]
Ag4 <------  Send Clauses : [[m_acryloylcoa]]
Ag5 <------  Send Clauses : [[r_d4d3d1d6_49], [r_d2d3d3d1_64]]
Ag3 <------  Send Clauses : [[r_d2d1d3d1_50], [m_acryloylcoa]]
Ag4 -> Ag0 : Send Clauses : []
Ag0 <------  Send Clauses : []
Starting SolveToIndepClause...
Starting SolveToIndepClause...
Launching solver...
----------------------------------------------------------------------
Clauses:
 [+r_d4d2d1d2_8, -m_citrate]
 [+m_citrate, -r_d4d2d1d2_9]
 [+m_citrate, -r_d2d6d1dx_15]
 [+c_compoundCcitrate_transaconitateC, -r_d4d2d1d3_6]
 [+m_citrate, -c_compoundCcitrate_transaconitateC]
 [+m_transaconitate, -c_compoundCcitrate_transaconitateC]
 [+r_d4d2d1d3_7, -c_compoundCcitrate_transaconitateC]
 [+c_compoundCcitrate_transaconitateC, -m_citrate, -m_transaconitate]
 [+m_citrate, -r_d2d3d3d1_64]
 [+r_d2d3d3d1_65, -m_citrate]
 [+m_taurine, -r_d2d6d1dx_14]
 [+r_d2d6d1dx_15, -m_taurine]
 [+r_d4d3d1d6_48, -m_betaalanine]
 [+m_betaalanine, -r_d4d3d1d6_49]
 [+r_d4d1d1d20_52, -m_betaalanine]
 [+m_betaalanine, -r_d4d1d1d20_53]
 [+r_d2d6d1d14_54, -m_betaalanine]
 [+m_betaalanine, -r_d2d6d1d14_55]
 [+r_d2d6d1dx_14, -m_citrate]
 [+m_citrate, -r_d2d6d1d14_54]
 [+r_d2d6d1d14_55, -m_citrate]
 [+m_llysine, -r_d4d1d1d20_52]
 [+r_d4d1d1d20_53, -m_llysine]
 [+m_llysine, -r_d1d2d1d31_56]
 [+r_d1d2d1d31_57, -m_llysine]
 [+r_d4d3d1d6_49]
 [+r_d2d3d3d1_64]
Top clauses:
 [+r_d4d3d1d6_49]
 [+r_d2d3d3d1_64]
Production field:
 [-r_d4d2d1d3_6, -r_d2d3d3d1_64, +r_d4d3d1d6_48, -r_d4d2d1d2_9, -r_d4d3d1d6_49, +r_d2d3d3d1_65, +r_d1d2d1d31_57, -r_d1d2d1d31_56, +r_d4d2d1d2_8, +r_d4d2d1d3_7, +m_fumarate, -m_fumarate, +m_citrate, -m_citrate, +m_formaldehyde, -m_formaldehyde, +m_succinate, -m_succinate]

>>>>>>>>>>>> Solving at depth : -1( real 0)
Launching solver...
----------------------------------------------------------------------
Clauses:
 [+m_isocitrate, -r_d1d1d1d42_2]
 [+r_d1d1d1d42_3, -m_isocitrate]
 [+r_d4d2d1d3_6, -m_isocitrate]
 [+m_isocitrate, -r_d4d2d1d3_7]
 [+r_d4d2d1d54_47, -m_acryloylcoa]
 [+m_acryloylcoa, -r_d2d1d3d1_51]
 [+r_d2d6d1d39_0, -m_l2aminoadipate]
 [+m_e2oxoglutarate, -r_d2d6d1d39_0]
 [+r_d2d6d1d39_1, -m_e2oxoglutarate]
 [+m_l2aminoadipate, -r_d2d6d1d39_1]
 [+r_d1d1d1d42_2, -m_e2oxoglutarate]
 [+m_e2oxoglutarate, -r_d1d1d1d42_3]
 [+r_d2d3d1d61_4, -m_e2oxoglutarate]
 [+m_succinate, -r_d2d3d1d61_4]
 [+r_d2d3d1d61_5, -m_succinate]
 [+m_e2oxoglutarate, -r_d2d3d1d61_5]
 [+m_succinate, -r_d1d3d99d1_11]
 [+r_d1d13d11d16_12, -m_succinate]
 [+m_hippurate, -r_d1d13d11d16_12]
 [+r_d1d13d11d16_13, -m_hippurate]
 [+m_succinate, -r_d1d13d11d16_13]
 [+m_succinate, -r_d2d1d3d1_50]
 [+r_d2d1d3d1_51, -m_succinate]
 [+r_d1d2d1d31_56, -m_l2aminoadipate]
 [+m_l2aminoadipate, -r_d1d2d1d31_57]
 [+r_d2d1d3d1_50]
 [+m_acryloylcoa]
Top clauses:
 [+r_d2d1d3d1_50]
 [+m_acryloylcoa]
Production field:
 [+r_d1d2d1d31_56, -r_d2d1d3d1_50, -r_d1d3d99d1_11, -r_d4d2d1d3_7, -m_acryloylcoa, +m_acryloylcoa, -r_d1d2d1d31_57, +m_succinate, +r_d4d2d1d3_6, +r_d4d2d1d54_47, +m_fumarate, -m_fumarate, +m_citrate, -m_citrate, +m_formaldehyde, -m_formaldehyde, -m_succinate]

>>>>>>>>>>>> Solving at depth : -1( real 0)
>>>>>>>>>>>> Solve - measure : [4, 48, 19, 5, 0, 0, 0, 0]
Solver finished.
Converting to IndepClause...
SolveToIndepClause Finished!
Ag3 -> Ag0 : Send Clauses : [[r_d4d2d1d3_6], [r_d4d2d1d54_47], [r_d1d2d1d31_56], [m_succinate], [m_acryloylcoa]]
Ag0 <------  Send Clauses : [[r_d4d2d1d3_6], [r_d4d2d1d54_47], [r_d1d2d1d31_56], [m_succinate], [m_acryloylcoa]]
>>>>>>>>>>>> Solve - measure : [8, 109, 40, 14, 0, 0, 0, 0]
Solver finished.
Converting to IndepClause...
SolveToIndepClause Finished!
Ag5 -> Ag0 : Send Clauses : [[r_d1d2d1d31_57], [m_citrate], [-r_d4d2d1d3_6, r_d4d2d1d3_7], [r_d4d2d1d2_8], [r_d4d3d1d6_48], [r_d2d3d3d1_65]]
Ag0 <------  Send Clauses : [[r_d1d2d1d31_57], [m_citrate], [-r_d4d2d1d3_6, r_d4d2d1d3_7], [r_d4d2d1d2_8], [r_d4d3d1d6_48], [r_d2d3d3d1_65]]
Starting SolveToIndepClause...
Launching solver...
----------------------------------------------------------------------
Clauses:
 [+m_formaldehyde, -r_d1d5d99d1_39]
 [+r_d1d1d99d8_40, -m_formaldehyde]
 [+m_formate, -r_d1d1d99d8_40]
 [+r_d1d1d99d8_41, -m_formate]
 [+m_formaldehyde, -r_d1d1d99d8_41]
 [+r_d1d4d99d3_42, -m_formaldehyde]
 [+m_methylamine, -r_d1d4d99d3_42]
 [+r_d1d4d99d3_43, -m_methylamine]
 [+m_formaldehyde, -r_d1d4d99d3_43]
 [+r_d4d1d2d32_44, -m_tmao]
 [+c_compoundCformaldehyde_methylamineC, -r_d4d1d2d32_44]
 [+m_formaldehyde, -c_compoundCformaldehyde_methylamineC]
 [+m_methylamine, -c_compoundCformaldehyde_methylamineC]
 [+r_d4d1d2d32_45, -c_compoundCformaldehyde_methylamineC]
 [+c_compoundCformaldehyde_methylamineC, -m_formaldehyde, -m_methylamine]
 [+m_tmao, -r_d4d1d2d32_45]
 [+r_d1d5d99d1_38, -m_formaldehyde]
 [+r_d3d5d2d10_34, -m_creatinine]
 [+m_creatinine, -r_d3d5d2d10_35]
 [+r_d3d5d1d59_36, -m_creatinine]
 [+m_creatinine, -r_d3d5d1d59_37]
 [+m_sarcosine, -r_d1d5d99d1_38]
 [+r_d1d5d99d1_39, -m_sarcosine]
 [+m_sarcosine, -r_d3d5d1d59_36]
 [+r_d3d5d1d59_37, -m_sarcosine]
 [+r_d4d3d1d6_49]
 [+m_glucose]
 [+r_d2d1d3d1_50]
 [+m_acryloylcoa]
 [+r_d2d3d3d1_64]
 [+r_d4d2d1d3_6]
 [+r_d4d2d1d54_47]
 [+r_d1d2d1d31_56]
 [+m_succinate]
 [+r_d1d2d1d31_57]
 [+m_citrate]
 [-r_d4d2d1d3_6, +r_d4d2d1d3_7]
 [+r_d4d2d1d2_8]
 [+r_d4d3d1d6_48]
 [+r_d2d3d3d1_65]
Top clauses:
 [+r_d4d2d1d3_6]
 [+r_d4d2d1d54_47]
 [+r_d1d2d1d31_56]
 [+m_succinate]
 [+r_d1d2d1d31_57]
 [+m_citrate]
 [-r_d4d2d1d3_6, +r_d4d2d1d3_7]
 [+r_d4d2d1d2_8]
 [+r_d4d3d1d6_48]
 [+r_d2d3d3d1_65]
Production field:
 [+r_d4d2d1d3_7, +m_succinate, +r_d2d3d3d1_64, -r_d1d3d99d1_11, -m_acryloylcoa, -r_d4d2d1d54_47, +r_d4d3d1d6_49, +r_d1d2d1d31_57, -m_acryloylcoa, -r_d1d2d1d31_57, -r_d4d3d1d6_49, -r_d2d3d3d1_64, +r_d3d5d3d1_28, +r_d3d5d2d10_34, +r_d6d3d4d5_22, +r_d4d2d1d3_6, +r_d1d2d1d31_56, +r_d6d3d4d5_23, +m_acryloylcoa, +r_d4d2d1d2_8, -r_d6d3d4d5_23, -r_d1d2d1d31_56, +r_d4d2d1d54_47, +r_d3d5d3d1_26, -r_d2d3d3d1_65, -r_d6d3d4d5_22, -r_d4d2d1d3_6, +r_d2d3d3d1_65, -r_d3d5d3d1_26, +r_d4d3d1d6_48, -m_succinate, +r_d1d3d99d1_11, -r_d4d2d1d2_8, -r_d3d5d2d10_35, +m_acryloylcoa, -m_sarcosine, -r_d2d1d3d1_50, -r_d4d2d1d2_9, +r_d2d1d3d1_50, -r_d4d3d1d6_48, +r_d4d2d1d2_9, -r_d4d2d1d3_7, +m_sarcosine, -r_d3d5d3d1_28, +m_glucose, +m_citrate, +m_fumarate, -m_fumarate, -m_citrate, +m_formaldehyde, -m_formaldehyde]

>>>>>>>>>>>> Solving at depth : -1( real 0)
>>>>>>>>>>>> Solve - measure : [5, 36, 11, 11, 0, 0, 0, 0]
Solver finished.
Converting to IndepClause...
SolveToIndepClause Finished!
Ag0 -> Ag2 : Send Clauses : [[m_succinate], [r_d4d2d1d2_8]]
Ag0 -> Ag3 : Send Clauses : [[r_d4d2d1d3_7], [r_d1d2d1d31_57]]
Ag0 -> Ag4 : Send Clauses : [[r_d4d3d1d6_48], [r_d2d3d3d1_65], [r_d4d2d1d54_47]]
Ag3 <------  Send Clauses : [[r_d4d2d1d3_7], [r_d1d2d1d31_57]]
Ag4 <------  Send Clauses : [[r_d4d3d1d6_48], [r_d2d3d3d1_65], [r_d4d2d1d54_47]]
Ag2 <------  Send Clauses : [[m_succinate], [r_d4d2d1d2_8]]
Ag0 -> Ag5 : Send Clauses : [[r_d1d2d1d31_56], [r_d4d2d1d3_6]]
Ag5 <------  Send Clauses : [[r_d1d2d1d31_56], [r_d4d2d1d3_6]]
Starting SolveToIndepClause...
Launching solver...
----------------------------------------------------------------------
Clauses:
 [+m_arginine, -r_d3d5d3d1_28]
 [+r_d3d5d3d1_26, -m_arginine]
 [+r_d4d3d2d1_16, -c_compoundCarginine_fumarateC]
 [+c_compoundCarginine_fumarateC, -m_arginine, -m_fumarate]
 [+m_las, -r_d4d3d2d1_16]
 [+r_d4d3d2d1_17, -m_las]
 [+c_compoundCarginine_fumarateC, -r_d4d3d2d1_17]
 [+m_arginine, -c_compoundCarginine_fumarateC]
 [+m_fumarate, -c_compoundCarginine_fumarateC]
 [+r_d2d1d1d1_18, -m_nmnd]
 [+m_fumarate, -r_d2d1d1d1_18]
 [+r_d2d1d1d1_19, -m_fumarate]
 [+m_nmnd, -r_d2d1d1d1_19]
 [+r_d2d1d1d7_20, -m_nmna]
 [+m_fumarate, -r_d2d1d1d7_20]
 [+r_d2d1d1d7_21, -m_fumarate]
 [+m_nmna, -r_d2d1d1d7_21]
 [+r_d6d3d4d5_22, -m_las]
 [+m_las, -r_d6d3d4d5_23]
 [+m_fumarate, -r_d4d2d1d2_8]
 [+r_d4d2d1d2_9, -m_fumarate]
 [+m_fumarate, -r_d1d3d99d1_10]
 [+r_d1d3d99d1_11, -m_fumarate]
 [+r_d1d3d99d1_10, -m_succinate]
 [+m_succinate]
 [+r_d4d2d1d2_8]
Top clauses:
 [+m_succinate]
 [+r_d4d2d1d2_8]
Production field:
 [-m_succinate, +r_d3d5d3d1_26, -r_d3d5d3d1_28, -r_d4d2d1d2_8, +r_d1d3d99d1_11, +r_d4d2d1d2_9, +r_d6d3d4d5_22, -r_d6d3d4d5_23, +m_fumarate, -m_fumarate, +m_citrate, -m_citrate, +m_formaldehyde, -m_formaldehyde, +m_succinate]

Starting SolveToIndepClause...
>>>>>>>>>>>> Solving at depth : -1( real 0)
Starting SolveToIndepClause...
Launching solver...
----------------------------------------------------------------------
Clauses:
 [+m_isocitrate, -r_d1d1d1d42_2]
 [+r_d1d1d1d42_3, -m_isocitrate]
 [+r_d4d2d1d3_6, -m_isocitrate]
 [+m_isocitrate, -r_d4d2d1d3_7]
 [+r_d4d2d1d54_47, -m_acryloylcoa]
 [+m_acryloylcoa, -r_d2d1d3d1_51]
 [+r_d2d6d1d39_0, -m_l2aminoadipate]
 [+m_e2oxoglutarate, -r_d2d6d1d39_0]
 [+r_d2d6d1d39_1, -m_e2oxoglutarate]
 [+m_l2aminoadipate, -r_d2d6d1d39_1]
 [+r_d1d1d1d42_2, -m_e2oxoglutarate]
 [+m_e2oxoglutarate, -r_d1d1d1d42_3]
 [+r_d2d3d1d61_4, -m_e2oxoglutarate]
 [+m_succinate, -r_d2d3d1d61_4]
 [+r_d2d3d1d61_5, -m_succinate]
 [+m_e2oxoglutarate, -r_d2d3d1d61_5]
 [+m_succinate, -r_d1d3d99d1_11]
 [+r_d1d13d11d16_12, -m_succinate]
 [+m_hippurate, -r_d1d13d11d16_12]
 [+r_d1d13d11d16_13, -m_hippurate]
 [+m_succinate, -r_d1d13d11d16_13]
 [+m_succinate, -r_d2d1d3d1_50]
 [+r_d2d1d3d1_51, -m_succinate]
 [+r_d1d2d1d31_56, -m_l2aminoadipate]
 [+m_l2aminoadipate, -r_d1d2d1d31_57]
 [+r_d4d2d1d3_6]
 [+r_d4d2d1d54_47]
 [+r_d1d2d1d31_56]
 [+m_succinate]
 [+m_acryloylcoa]
 [+r_d4d2d1d3_7]
 [+r_d1d2d1d31_57]
Top clauses:
 [+r_d4d2d1d3_7]
 [+r_d1d2d1d31_57]
Production field:
 [+r_d1d2d1d31_56, -r_d2d1d3d1_50, -r_d1d3d99d1_11, -r_d4d2d1d3_7, -m_acryloylcoa, +m_acryloylcoa, -r_d1d2d1d31_57, +m_succinate, +r_d4d2d1d3_6, +r_d4d2d1d54_47, +m_fumarate, -m_fumarate, +m_citrate, -m_citrate, +m_formaldehyde, -m_formaldehyde, -m_succinate]

>>>>>>>>>>>> Solving at depth : -1( real 0)
Launching solver...
----------------------------------------------------------------------
Clauses:
 [+r_d4d2d1d2_8, -m_citrate]
 [+m_citrate, -r_d4d2d1d2_9]
 [+m_citrate, -r_d2d6d1dx_15]
 [+c_compoundCcitrate_transaconitateC, -r_d4d2d1d3_6]
 [+m_citrate, -c_compoundCcitrate_transaconitateC]
 [+m_transaconitate, -c_compoundCcitrate_transaconitateC]
 [+r_d4d2d1d3_7, -c_compoundCcitrate_transaconitateC]
 [+c_compoundCcitrate_transaconitateC, -m_citrate, -m_transaconitate]
 [+m_citrate, -r_d2d3d3d1_64]
 [+r_d2d3d3d1_65, -m_citrate]
 [+m_taurine, -r_d2d6d1dx_14]
 [+r_d2d6d1dx_15, -m_taurine]
 [+r_d4d3d1d6_48, -m_betaalanine]
 [+m_betaalanine, -r_d4d3d1d6_49]
 [+r_d4d1d1d20_52, -m_betaalanine]
 [+m_betaalanine, -r_d4d1d1d20_53]
 [+r_d2d6d1d14_54, -m_betaalanine]
 [+m_betaalanine, -r_d2d6d1d14_55]
 [+r_d2d6d1dx_14, -m_citrate]
 [+m_citrate, -r_d2d6d1d14_54]
 [+r_d2d6d1d14_55, -m_citrate]
 [+m_llysine, -r_d4d1d1d20_52]
 [+r_d4d1d1d20_53, -m_llysine]
 [+m_llysine, -r_d1d2d1d31_56]
 [+r_d1d2d1d31_57, -m_llysine]
 [+r_d1d2d1d31_57]
 [+m_citrate]
 [-r_d4d2d1d3_6, +r_d4d2d1d3_7]
 [+r_d4d2d1d2_8]
 [+r_d4d3d1d6_48]
 [+r_d2d3d3d1_65]
 [+r_d1d2d1d31_56]
 [+r_d4d2d1d3_6]
Top clauses:
 [+r_d1d2d1d31_56]
 [+r_d4d2d1d3_6]
Production field:
 [-r_d4d2d1d3_6, -r_d2d3d3d1_64, +r_d4d3d1d6_48, -r_d4d2d1d2_9, -r_d4d3d1d6_49, +r_d2d3d3d1_65, +r_d1d2d1d31_57, -r_d1d2d1d31_56, +r_d4d2d1d2_8, +r_d4d2d1d3_7, +m_fumarate, -m_fumarate, +m_citrate, -m_citrate, +m_formaldehyde, -m_formaldehyde, +m_succinate, -m_succinate]

>>>>>>>>>>>> Solving at depth : -1( real 0)
Starting SolveToIndepClause...
Launching solver...
----------------------------------------------------------------------
Clauses:
 [+m_acetylcoa, -r_d1d2d4d1_62]
 [+m_acetylcoa, -r_d6d2d1d1_67]
 [+m_acetate, -r_d6d2d1d1_66]
 [+r_d6d2d1d1_67, -m_acetate]
 [+r_d1d2d4d1_63, -m_acetylcoa]
 [+r_d2d3d3d1_64, -m_acetylcoa]
 [+m_acetylcoa, -r_d2d3d3d1_65]
 [+r_d6d2d1d1_66, -m_acetylcoa]
 [+r_d2d7d1d69_58, -m_glucose]
 [+m_pyruvate, -r_d2d7d1d69_58]
 [+r_d2d7d1d69_59, -m_pyruvate]
 [+m_glucose, -r_d2d7d1d69_59]
 [+r_d1d1d1d27_60, -m_pyruvate]
 [+m_lactate, -r_d1d1d1d27_60]
 [+r_d1d1d1d27_61, -m_lactate]
 [+m_pyruvate, -r_d1d1d1d27_61]
 [+r_d1d2d4d1_62, -m_pyruvate]
 [+m_pyruvate, -r_d1d2d4d1_63]
 [+m_lactate, -r_d4d2d1d54_47]
 [+r_d4d2d1d54_46, -m_lactate]
 [+m_acryloylcoa, -r_d4d2d1d54_46]
 [+m_acryloylcoa, -r_d4d3d1d6_48]
 [+r_d4d3d1d6_49, -m_acryloylcoa]
 [+r_d2d1d3d1_50, -m_acryloylcoa]
 [+r_d4d3d1d6_49]
 [+r_d2d1d3d1_50]
 [+m_glucose]
 [+r_d2d3d3d1_64]
 [+m_acryloylcoa]
 [+r_d4d3d1d6_48]
 [+r_d2d3d3d1_65]
 [+r_d4d2d1d54_47]
Top clauses:
 [+r_d4d3d1d6_48]
 [+r_d2d3d3d1_65]
 [+r_d4d2d1d54_47]
Production field:
 [-r_d4d3d1d6_48, +m_acryloylcoa, +r_d2d1d3d1_50, +r_d4d3d1d6_49, -r_d4d2d1d54_47, +r_d2d3d3d1_64, -r_d2d3d3d1_65, -m_acryloylcoa, +m_fumarate, -m_fumarate, +m_citrate, -m_citrate, +m_formaldehyde, -m_formaldehyde, +m_succinate, -m_succinate]

>>>>>>>>>>>> Solving at depth : -1( real 0)
>>>>>>>>>>>> Solve - measure : [3, 41, 18, 0, 0, 0, 0, 0]
Solver finished.
Converting to IndepClause...
SolveToIndepClause Finished!
Ag3 -> Ag0 : Send Clauses : []
Ag0 <------  Send Clauses : []
>>>>>>>>>>>> Solve - measure : [3, 27, 11, 2, 0, 0, 0, 0]
Solver finished.
Converting to IndepClause...
SolveToIndepClause Finished!
>>>>>>>>>>>> Solve - measure : [7, 162, 59, 19, 0, 0, 0, 0]
Solver finished.
Converting to IndepClause...
SolveToIndepClause Finished!
Ag5 -> Ag0 : Send Clauses : [[r_d4d2d1d3_7]]
Ag0 <------  Send Clauses : [[r_d4d2d1d3_7]]
Ag2 -> Ag0 : Send Clauses : [[r_d1d3d99d1_11], [-r_d6d3d4d5_23, r_d6d3d4d5_22], [m_fumarate], [m_succinate], [-r_d6d3d4d5_23, r_d3d5d3d1_26], [-r_d3d5d3d1_28, r_d6d3d4d5_22], [-r_d3d5d3d1_28, r_d3d5d3d1_26], [r_d4d2d1d2_9]]
Ag0 <------  Send Clauses : [[r_d1d3d99d1_11], [-r_d6d3d4d5_23, r_d6d3d4d5_22], [m_fumarate], [m_succinate], [-r_d6d3d4d5_23, r_d3d5d3d1_26], [-r_d3d5d3d1_28, r_d6d3d4d5_22], [-r_d3d5d3d1_28, r_d3d5d3d1_26], [r_d4d2d1d2_9]]
>>>>>>>>>>>> Solve - measure : [3, 61, 27, 0, 0, 0, 0, 0]
Solver finished.
Converting to IndepClause...
SolveToIndepClause Finished!
Ag4 -> Ag0 : Send Clauses : []
Ag0 <------  Send Clauses : []
Starting SolveToIndepClause...
Launching solver...
----------------------------------------------------------------------
Clauses:
 [+m_formaldehyde, -r_d1d5d99d1_39]
 [+r_d1d1d99d8_40, -m_formaldehyde]
 [+m_formate, -r_d1d1d99d8_40]
 [+r_d1d1d99d8_41, -m_formate]
 [+m_formaldehyde, -r_d1d1d99d8_41]
 [+r_d1d4d99d3_42, -m_formaldehyde]
 [+m_methylamine, -r_d1d4d99d3_42]
 [+r_d1d4d99d3_43, -m_methylamine]
 [+m_formaldehyde, -r_d1d4d99d3_43]
 [+r_d4d1d2d32_44, -m_tmao]
 [+c_compoundCformaldehyde_methylamineC, -r_d4d1d2d32_44]
 [+m_formaldehyde, -c_compoundCformaldehyde_methylamineC]
 [+m_methylamine, -c_compoundCformaldehyde_methylamineC]
 [+r_d4d1d2d32_45, -c_compoundCformaldehyde_methylamineC]
 [+c_compoundCformaldehyde_methylamineC, -m_formaldehyde, -m_methylamine]
 [+m_tmao, -r_d4d1d2d32_45]
 [+r_d1d5d99d1_38, -m_formaldehyde]
 [+r_d3d5d2d10_34, -m_creatinine]
 [+m_creatinine, -r_d3d5d2d10_35]
 [+r_d3d5d1d59_36, -m_creatinine]
 [+m_creatinine, -r_d3d5d1d59_37]
 [+m_sarcosine, -r_d1d5d99d1_38]
 [+r_d1d5d99d1_39, -m_sarcosine]
 [+m_sarcosine, -r_d3d5d1d59_36]
 [+r_d3d5d1d59_37, -m_sarcosine]
 [+r_d4d3d1d6_49]
 [+m_glucose]
 [+r_d2d1d3d1_50]
 [+m_acryloylcoa]
 [+r_d2d3d3d1_64]
 [+r_d4d3d1d6_48]
 [+r_d4d2d1d3_7]
 [+m_succinate]
 [+r_d2d3d3d1_65]
 [+r_d4d2d1d2_8]
 [+r_d1d2d1d31_57]
 [+m_citrate]
 [+r_d4d2d1d54_47]
 [+r_d1d2d1d31_56]
 [+r_d4d2d1d3_6]
 [+r_d1d3d99d1_11]
 [-r_d6d3d4d5_23, +r_d6d3d4d5_22]
 [+m_fumarate]
 [-r_d6d3d4d5_23, +r_d3d5d3d1_26]
 [-r_d3d5d3d1_28, +r_d6d3d4d5_22]
 [-r_d3d5d3d1_28, +r_d3d5d3d1_26]
 [+r_d4d2d1d2_9]
Top clauses:
 [+r_d1d3d99d1_11]
 [-r_d6d3d4d5_23, +r_d6d3d4d5_22]
 [+m_fumarate]
 [-r_d6d3d4d5_23, +r_d3d5d3d1_26]
 [-r_d3d5d3d1_28, +r_d6d3d4d5_22]
 [-r_d3d5d3d1_28, +r_d3d5d3d1_26]
 [+r_d4d2d1d2_9]
Production field:
 [+r_d4d2d1d3_7, +m_succinate, +r_d2d3d3d1_64, -r_d1d3d99d1_11, -m_acryloylcoa, -r_d4d2d1d54_47, +r_d4d3d1d6_49, +r_d1d2d1d31_57, -m_acryloylcoa, -r_d1d2d1d31_57, -r_d4d3d1d6_49, -r_d2d3d3d1_64, +r_d3d5d3d1_28, +r_d3d5d2d10_34, +r_d6d3d4d5_22, +r_d4d2d1d3_6, +r_d1d2d1d31_56, +r_d6d3d4d5_23, +m_acryloylcoa, +r_d4d2d1d2_8, -r_d6d3d4d5_23, -r_d1d2d1d31_56, +r_d4d2d1d54_47, +r_d3d5d3d1_26, -r_d2d3d3d1_65, -r_d6d3d4d5_22, -r_d4d2d1d3_6, +r_d2d3d3d1_65, -r_d3d5d3d1_26, +r_d4d3d1d6_48, -m_succinate, +r_d1d3d99d1_11, -r_d4d2d1d2_8, -r_d3d5d2d10_35, +m_acryloylcoa, -m_sarcosine, -r_d2d1d3d1_50, -r_d4d2d1d2_9, +r_d2d1d3d1_50, -r_d4d3d1d6_48, +r_d4d2d1d2_9, -r_d4d2d1d3_7, +m_sarcosine, -r_d3d5d3d1_28, +m_glucose, +m_citrate, +m_fumarate, -m_fumarate, -m_citrate, +m_formaldehyde, -m_formaldehyde]

>>>>>>>>>>>> Solving at depth : -1( real 0)
>>>>>>>>>>>> Solve - measure : [4, 30, 7, 11, 0, 0, 0, 0]
Solver finished.
Converting to IndepClause...
SolveToIndepClause Finished!
Ag0 -> Ag1 : Send Clauses : [[-r_d6d3d4d5_23, r_d6d3d4d5_22], [-r_d6d3d4d5_23, r_d3d5d3d1_26], [-r_d3d5d3d1_28, r_d3d5d3d1_26], [-r_d3d5d3d1_28, r_d6d3d4d5_22]]
Ag1 <------  Send Clauses : [[-r_d6d3d4d5_23, r_d6d3d4d5_22], [-r_d6d3d4d5_23, r_d3d5d3d1_26], [-r_d3d5d3d1_28, r_d3d5d3d1_26], [-r_d3d5d3d1_28, r_d6d3d4d5_22]]
Ag0 -> Ag3 : Send Clauses : [[r_d1d3d99d1_11]]
Ag0 -> Ag5 : Send Clauses : [[r_d4d2d1d2_9]]
Ag3 <------  Send Clauses : [[r_d1d3d99d1_11]]
Ag5 <------  Send Clauses : [[r_d4d2d1d2_9]]
Starting SolveToIndepClause...
Launching solver...
----------------------------------------------------------------------
Clauses:
 [+r_d4d2d1d2_8, -m_citrate]
 [+m_citrate, -r_d4d2d1d2_9]
 [+m_citrate, -r_d2d6d1dx_15]
 [+c_compoundCcitrate_transaconitateC, -r_d4d2d1d3_6]
 [+m_citrate, -c_compoundCcitrate_transaconitateC]
 [+m_transaconitate, -c_compoundCcitrate_transaconitateC]
 [+r_d4d2d1d3_7, -c_compoundCcitrate_transaconitateC]
 [+c_compoundCcitrate_transaconitateC, -m_citrate, -m_transaconitate]
 [+m_citrate, -r_d2d3d3d1_64]
 [+r_d2d3d3d1_65, -m_citrate]
 [+m_taurine, -r_d2d6d1dx_14]
 [+r_d2d6d1dx_15, -m_taurine]
 [+r_d4d3d1d6_48, -m_betaalanine]
 [+m_betaalanine, -r_d4d3d1d6_49]
 [+r_d4d1d1d20_52, -m_betaalanine]
 [+m_betaalanine, -r_d4d1d1d20_53]
 [+r_d2d6d1d14_54, -m_betaalanine]
 [+m_betaalanine, -r_d2d6d1d14_55]
 [+r_d2d6d1dx_14, -m_citrate]
 [+m_citrate, -r_d2d6d1d14_54]
 [+r_d2d6d1d14_55, -m_citrate]
 [+m_llysine, -r_d4d1d1d20_52]
 [+r_d4d1d1d20_53, -m_llysine]
 [+m_llysine, -r_d1d2d1d31_56]
 [+r_d1d2d1d31_57, -m_llysine]
 [+r_d1d2d1d31_57]
 [+m_citrate]
 [+r_d4d2d1d2_8]
 [+r_d4d3d1d6_48]
 [+r_d2d3d3d1_65]
 [+r_d4d2d1d3_7]
 [+r_d4d2d1d2_9]
Top clauses:
 [+r_d4d2d1d2_9]
Production field:
 [-r_d4d2d1d3_6, -r_d2d3d3d1_64, +r_d4d3d1d6_48, -r_d4d2d1d2_9, -r_d4d3d1d6_49, +r_d2d3d3d1_65, +r_d1d2d1d31_57, -r_d1d2d1d31_56, +r_d4d2d1d2_8, +r_d4d2d1d3_7, +m_fumarate, -m_fumarate, +m_citrate, -m_citrate, +m_formaldehyde, -m_formaldehyde, +m_succinate, -m_succinate]

>>>>>>>>>>>> Solving at depth : -1( real 0)
>>>>>>>>>>>> Solve - measure : [2, 3, 1, 0, 0, 0, 0, 0]
Solver finished.
Converting to IndepClause...
SolveToIndepClause Finished!
Ag5 -> Ag0 : Send Clauses : []
Ag0 <------  Send Clauses : []
Starting SolveToIndepClause...
Launching solver...
----------------------------------------------------------------------
Clauses:
 [+m_isocitrate, -r_d1d1d1d42_2]
 [+r_d1d1d1d42_3, -m_isocitrate]
 [+r_d4d2d1d3_6, -m_isocitrate]
 [+m_isocitrate, -r_d4d2d1d3_7]
 [+r_d4d2d1d54_47, -m_acryloylcoa]
 [+m_acryloylcoa, -r_d2d1d3d1_51]
 [+r_d2d6d1d39_0, -m_l2aminoadipate]
 [+m_e2oxoglutarate, -r_d2d6d1d39_0]
 [+r_d2d6d1d39_1, -m_e2oxoglutarate]
 [+m_l2aminoadipate, -r_d2d6d1d39_1]
 [+r_d1d1d1d42_2, -m_e2oxoglutarate]
 [+m_e2oxoglutarate, -r_d1d1d1d42_3]
 [+r_d2d3d1d61_4, -m_e2oxoglutarate]
 [+m_succinate, -r_d2d3d1d61_4]
 [+r_d2d3d1d61_5, -m_succinate]
 [+m_e2oxoglutarate, -r_d2d3d1d61_5]
 [+m_succinate, -r_d1d3d99d1_11]
 [+r_d1d13d11d16_12, -m_succinate]
 [+m_hippurate, -r_d1d13d11d16_12]
 [+r_d1d13d11d16_13, -m_hippurate]
 [+m_succinate, -r_d1d13d11d16_13]
 [+m_succinate, -r_d2d1d3d1_50]
 [+r_d2d1d3d1_51, -m_succinate]
 [+r_d1d2d1d31_56, -m_l2aminoadipate]
 [+m_l2aminoadipate, -r_d1d2d1d31_57]
 [+r_d4d2d1d3_6]
 [+r_d4d2d1d54_47]
 [+r_d1d2d1d31_56]
 [+m_succinate]
 [+m_acryloylcoa]
 [+r_d1d3d99d1_11]
Top clauses:
 [+r_d1d3d99d1_11]
Production field:
 [+r_d1d2d1d31_56, -r_d2d1d3d1_50, -r_d1d3d99d1_11, -r_d4d2d1d3_7, -m_acryloylcoa, +m_acryloylcoa, -r_d1d2d1d31_57, +m_succinate, +r_d4d2d1d3_6, +r_d4d2d1d54_47, +m_fumarate, -m_fumarate, +m_citrate, -m_citrate, +m_formaldehyde, -m_formaldehyde, -m_succinate]

>>>>>>>>>>>> Solving at depth : -1( real 0)
>>>>>>>>>>>> Solve - measure : [2, 3, 1, 0, 0, 0, 0, 0]
Solver finished.
Converting to IndepClause...
SolveToIndepClause Finished!
Ag3 -> Ag0 : Send Clauses : []
Ag0 <------  Send Clauses : []
Starting SolveToIndepClause...
Launching solver...
----------------------------------------------------------------------
Clauses:
 [+m_ornithine, -r_d2d1d3d3_24]
 [+r_d2d1d3d3_25, -m_ornithine]
 [+c_compoundCurea_ornithineC, -r_d3d5d3d1_26]
 [+r_d3d5d3d1_28, -c_compoundCurea_ornithineC]
 [+m_urea, -c_compoundCurea_ornithineC]
 [+m_ornithine, -c_compoundCurea_ornithineC]
 [+c_compoundCurea_ornithineC, -m_urea, -m_ornithine]
 [+r_d2d1d1d2_30, -m_ornithine]
 [+m_creatine, -r_d2d1d1d2_30]
 [+r_d2d1d1d2_31, -m_creatine]
 [+m_ornithine, -r_d2d1d1d2_31]
 [+r_d3d5d3d3_32, -m_creatine]
 [+c_compoundCurea_sarcosineC, -r_d3d5d3d3_32]
 [+m_urea, -c_compoundCurea_sarcosineC]
 [+m_sarcosine, -c_compoundCurea_sarcosineC]
 [+r_d3d5d3d3_33, -c_compoundCurea_sarcosineC]
 [+c_compoundCurea_sarcosineC, -m_urea, -m_sarcosine]
 [+m_creatine, -r_d3d5d3d3_33]
 [+m_creatine, -r_d3d5d2d10_34]
 [+r_d3d5d2d10_35, -m_creatine]
 [+m_citruline, -r_d6d3d4d5_22]
 [+r_d6d3d4d5_23, -m_citruline]
 [+r_d2d1d3d3_24, -m_citruline]
 [+m_citruline, -r_d2d1d3d3_25]
 [-r_d6d3d4d5_23, +r_d6d3d4d5_22]
 [-r_d6d3d4d5_23, +r_d3d5d3d1_26]
 [-r_d3d5d3d1_28, +r_d3d5d3d1_26]
 [-r_d3d5d3d1_28, +r_d6d3d4d5_22]
Top clauses:
 [-r_d6d3d4d5_23, +r_d6d3d4d5_22]
 [-r_d6d3d4d5_23, +r_d3d5d3d1_26]
 [-r_d3d5d3d1_28, +r_d3d5d3d1_26]
 [-r_d3d5d3d1_28, +r_d6d3d4d5_22]
Production field:
 [+r_d6d3d4d5_23, -r_d3d5d2d10_34, -r_d6d3d4d5_22, +m_sarcosine, +r_d3d5d3d1_28, -m_sarcosine, +r_d3d5d2d10_35, -r_d3d5d3d1_26, +m_fumarate, -m_fumarate, +m_citrate, -m_citrate, +m_formaldehyde, -m_formaldehyde, +m_succinate, -m_succinate]

>>>>>>>>>>>> Solving at depth : -1( real 0)
>>>>>>>>>>>> Solve - measure : [41, 3895, 1400, 274, 0, 31, 0, 9]
Solver finished.
Converting to IndepClause...
SolveToIndepClause Finished!
Ag1 -> Ag0 : Send Clauses : [[-r_d6d3d4d5_22, m_sarcosine], [-r_d6d3d4d5_22, r_d3d5d3d1_28], [-r_d6d3d4d5_22, r_d6d3d4d5_23], [-r_d3d5d3d1_26, r_d6d3d4d5_23], [-r_d3d5d3d1_26, r_d3d5d2d10_35], [-r_d3d5d2d10_34, r_d3d5d2d10_35], [-r_d3d5d3d1_26, m_sarcosine], [-r_d3d5d2d10_34, r_d6d3d4d5_23], [-r_d3d5d2d10_34, m_sarcosine], [-r_d3d5d2d10_34, r_d3d5d3d1_28], [-r_d3d5d3d1_26, r_d3d5d3d1_28], [-r_d6d3d4d5_22, r_d3d5d2d10_35]]
Ag0 <------  Send Clauses : [[-r_d6d3d4d5_22, m_sarcosine], [-r_d6d3d4d5_22, r_d3d5d3d1_28], [-r_d6d3d4d5_22, r_d6d3d4d5_23], [-r_d3d5d3d1_26, r_d6d3d4d5_23], [-r_d3d5d3d1_26, r_d3d5d2d10_35], [-r_d3d5d2d10_34, r_d3d5d2d10_35], [-r_d3d5d3d1_26, m_sarcosine], [-r_d3d5d2d10_34, r_d6d3d4d5_23], [-r_d3d5d2d10_34, m_sarcosine], [-r_d3d5d2d10_34, r_d3d5d3d1_28], [-r_d3d5d3d1_26, r_d3d5d3d1_28], [-r_d6d3d4d5_22, r_d3d5d2d10_35]]
Starting SolveToIndepClause...
Launching solver...
----------------------------------------------------------------------
Clauses:
 [+m_formaldehyde, -r_d1d5d99d1_39]
 [+r_d1d1d99d8_40, -m_formaldehyde]
 [+m_formate, -r_d1d1d99d8_40]
 [+r_d1d1d99d8_41, -m_formate]
 [+m_formaldehyde, -r_d1d1d99d8_41]
 [+r_d1d4d99d3_42, -m_formaldehyde]
 [+m_methylamine, -r_d1d4d99d3_42]
 [+r_d1d4d99d3_43, -m_methylamine]
 [+m_formaldehyde, -r_d1d4d99d3_43]
 [+r_d4d1d2d32_44, -m_tmao]
 [+c_compoundCformaldehyde_methylamineC, -r_d4d1d2d32_44]
 [+m_formaldehyde, -c_compoundCformaldehyde_methylamineC]
 [+m_methylamine, -c_compoundCformaldehyde_methylamineC]
 [+r_d4d1d2d32_45, -c_compoundCformaldehyde_methylamineC]
 [+c_compoundCformaldehyde_methylamineC, -m_formaldehyde, -m_methylamine]
 [+m_tmao, -r_d4d1d2d32_45]
 [+r_d1d5d99d1_38, -m_formaldehyde]
 [+r_d3d5d2d10_34, -m_creatinine]
 [+m_creatinine, -r_d3d5d2d10_35]
 [+r_d3d5d1d59_36, -m_creatinine]
 [+m_creatinine, -r_d3d5d1d59_37]
 [+m_sarcosine, -r_d1d5d99d1_38]
 [+r_d1d5d99d1_39, -m_sarcosine]
 [+m_sarcosine, -r_d3d5d1d59_36]
 [+r_d3d5d1d59_37, -m_sarcosine]
 [+r_d4d3d1d6_49]
 [+m_glucose]
 [+r_d2d1d3d1_50]
 [+m_acryloylcoa]
 [+r_d2d3d3d1_64]
 [+r_d4d3d1d6_48]
 [+r_d4d2d1d3_7]
 [+m_succinate]
 [+r_d2d3d3d1_65]
 [+r_d4d2d1d2_8]
 [+r_d1d2d1d31_57]
 [+m_citrate]
 [+r_d4d2d1d54_47]
 [+r_d1d2d1d31_56]
 [+r_d4d2d1d3_6]
 [-r_d6d3d4d5_23, +r_d6d3d4d5_22]
 [-r_d6d3d4d5_23, +r_d3d5d3d1_26]
 [+r_d1d3d99d1_11]
 [+r_d4d2d1d2_9]
 [+m_fumarate]
 [-r_d3d5d3d1_28, +r_d3d5d3d1_26]
 [-r_d3d5d3d1_28, +r_d6d3d4d5_22]
 [-r_d6d3d4d5_22, +m_sarcosine]
 [-r_d6d3d4d5_22, +r_d3d5d3d1_28]
 [-r_d6d3d4d5_22, +r_d6d3d4d5_23]
 [-r_d3d5d3d1_26, +r_d6d3d4d5_23]
 [-r_d3d5d3d1_26, +r_d3d5d2d10_35]
 [-r_d3d5d2d10_34, +r_d3d5d2d10_35]
 [-r_d3d5d3d1_26, +m_sarcosine]
 [-r_d3d5d2d10_34, +r_d6d3d4d5_23]
 [-r_d3d5d2d10_34, +m_sarcosine]
 [-r_d3d5d2d10_34, +r_d3d5d3d1_28]
 [-r_d3d5d3d1_26, +r_d3d5d3d1_28]
 [-r_d6d3d4d5_22, +r_d3d5d2d10_35]
Top clauses:
 [-r_d6d3d4d5_22, +m_sarcosine]
 [-r_d6d3d4d5_22, +r_d3d5d3d1_28]
 [-r_d6d3d4d5_22, +r_d6d3d4d5_23]
 [-r_d3d5d3d1_26, +r_d6d3d4d5_23]
 [-r_d3d5d3d1_26, +r_d3d5d2d10_35]
 [-r_d3d5d2d10_34, +r_d3d5d2d10_35]
 [-r_d3d5d3d1_26, +m_sarcosine]
 [-r_d3d5d2d10_34, +r_d6d3d4d5_23]
 [-r_d3d5d2d10_34, +m_sarcosine]
 [-r_d3d5d2d10_34, +r_d3d5d3d1_28]
 [-r_d3d5d3d1_26, +r_d3d5d3d1_28]
 [-r_d6d3d4d5_22, +r_d3d5d2d10_35]
Production field:
 [+r_d4d2d1d3_7, +m_succinate, +r_d2d3d3d1_64, -r_d1d3d99d1_11, -m_acryloylcoa, -r_d4d2d1d54_47, +r_d4d3d1d6_49, +r_d1d2d1d31_57, -m_acryloylcoa, -r_d1d2d1d31_57, -r_d4d3d1d6_49, -r_d2d3d3d1_64, +r_d3d5d3d1_28, +r_d3d5d2d10_34, +r_d6d3d4d5_22, +r_d4d2d1d3_6, +r_d1d2d1d31_56, +r_d6d3d4d5_23, +m_acryloylcoa, +r_d4d2d1d2_8, -r_d6d3d4d5_23, -r_d1d2d1d31_56, +r_d4d2d1d54_47, +r_d3d5d3d1_26, -r_d2d3d3d1_65, -r_d6d3d4d5_22, -r_d4d2d1d3_6, +r_d2d3d3d1_65, -r_d3d5d3d1_26, +r_d4d3d1d6_48, -m_succinate, +r_d1d3d99d1_11, -r_d4d2d1d2_8, -r_d3d5d2d10_35, +m_acryloylcoa, -m_sarcosine, -r_d2d1d3d1_50, -r_d4d2d1d2_9, +r_d2d1d3d1_50, -r_d4d3d1d6_48, +r_d4d2d1d2_9, -r_d4d2d1d3_7, +m_sarcosine, -r_d3d5d3d1_28, +m_glucose, +m_citrate, +m_fumarate, -m_fumarate, -m_citrate, +m_formaldehyde, -m_formaldehyde]

>>>>>>>>>>>> Solving at depth : -1( real 0)
>>>>>>>>>>>> Solve - measure : [130, 68580, 24462, 5067, 0, 0, 0, 619]
Solver finished.
Converting to IndepClause...
SolveToIndepClause Finished!
Ag0 -> Ag1 : Send Clauses : [[r_d3d5d3d1_26, -m_formaldehyde], [m_sarcosine, -r_d6d3d4d5_23], [r_d3d5d3d1_28, -r_d6d3d4d5_23], [r_d3d5d2d10_34, -r_d3d5d3d1_28], [r_d3d5d3d1_26, -r_d6d3d4d5_22], [-m_sarcosine, r_d6d3d4d5_22], [m_sarcosine, -r_d3d5d3d1_26], [r_d3d5d3d1_26, -m_sarcosine], [-r_d3d5d2d10_35, r_d6d3d4d5_23], [-m_formaldehyde, r_d6d3d4d5_22], [-r_d3d5d2d10_35, r_d3d5d3d1_26], [m_sarcosine, -r_d3d5d3d1_28], [m_sarcosine, -r_d6d3d4d5_22], [r_d6d3d4d5_23, -r_d3d5d3d1_28], [-r_d3d5d2d10_35, r_d6d3d4d5_22], [r_d6d3d4d5_23, -m_sarcosine], [-r_d3d5d3d1_26, r_d6d3d4d5_22], [-r_d3d5d2d10_35, r_d3d5d3d1_28], [r_d3d5d2d10_34, -r_d3d5d3d1_26], [-r_d3d5d2d10_35, m_formaldehyde], [-r_d3d5d2d10_35, m_sarcosine], [r_d3d5d2d10_34, -r_d6d3d4d5_22], [m_formaldehyde, -r_d6d3d4d5_23], [r_d3d5d3d1_28, -m_sarcosine], [r_d3d5d2d10_34, -r_d6d3d4d5_23], [m_formaldehyde, -r_d3d5d3d1_28]]
Ag1 <------  Send Clauses : [[r_d3d5d3d1_26, -m_formaldehyde], [m_sarcosine, -r_d6d3d4d5_23], [r_d3d5d3d1_28, -r_d6d3d4d5_23], [r_d3d5d2d10_34, -r_d3d5d3d1_28], [r_d3d5d3d1_26, -r_d6d3d4d5_22], [-m_sarcosine, r_d6d3d4d5_22], [m_sarcosine, -r_d3d5d3d1_26], [r_d3d5d3d1_26, -m_sarcosine], [-r_d3d5d2d10_35, r_d6d3d4d5_23], [-m_formaldehyde, r_d6d3d4d5_22], [-r_d3d5d2d10_35, r_d3d5d3d1_26], [m_sarcosine, -r_d3d5d3d1_28], [m_sarcosine, -r_d6d3d4d5_22], [r_d6d3d4d5_23, -r_d3d5d3d1_28], [-r_d3d5d2d10_35, r_d6d3d4d5_22], [r_d6d3d4d5_23, -m_sarcosine], [-r_d3d5d3d1_26, r_d6d3d4d5_22], [-r_d3d5d2d10_35, r_d3d5d3d1_28], [r_d3d5d2d10_34, -r_d3d5d3d1_26], [-r_d3d5d2d10_35, m_formaldehyde], [-r_d3d5d2d10_35, m_sarcosine], [r_d3d5d2d10_34, -r_d6d3d4d5_22], [m_formaldehyde, -r_d6d3d4d5_23], [r_d3d5d3d1_28, -m_sarcosine], [r_d3d5d2d10_34, -r_d6d3d4d5_23], [m_formaldehyde, -r_d3d5d3d1_28]]
Ag0 -> Ag2 : Send Clauses : [[r_d3d5d3d1_28, -r_d6d3d4d5_23], [r_d3d5d3d1_28, -r_d6d3d4d5_22], [r_d3d5d3d1_26, -r_d6d3d4d5_22], [m_sarcosine, -r_d3d5d3d1_26], [m_formaldehyde, -r_d6d3d4d5_22], [r_d6d3d4d5_23, -r_d3d5d3d1_26], [-r_d3d5d2d10_35, r_d6d3d4d5_23], [r_d6d3d4d5_23, -m_formaldehyde], [m_sarcosine, -r_d6d3d4d5_22], [r_d6d3d4d5_23, -r_d6d3d4d5_22], [r_d6d3d4d5_23, -r_d3d5d3d1_28], [r_d6d3d4d5_23, -m_sarcosine], [-r_d3d5d3d1_26, r_d6d3d4d5_22], [-r_d3d5d2d10_35, r_d3d5d3d1_28], [r_d3d5d2d10_34, -r_d3d5d3d1_26], [r_d3d5d3d1_28, -r_d3d5d3d1_26], [r_d3d5d2d10_34, -r_d6d3d4d5_22], [r_d3d5d3d1_28, -m_sarcosine], [m_formaldehyde, -r_d3d5d3d1_26], [r_d3d5d3d1_28, -m_formaldehyde]]
Ag2 <------  Send Clauses : [[r_d3d5d3d1_28, -r_d6d3d4d5_23], [r_d3d5d3d1_28, -r_d6d3d4d5_22], [r_d3d5d3d1_26, -r_d6d3d4d5_22], [m_sarcosine, -r_d3d5d3d1_26], [m_formaldehyde, -r_d6d3d4d5_22], [r_d6d3d4d5_23, -r_d3d5d3d1_26], [-r_d3d5d2d10_35, r_d6d3d4d5_23], [r_d6d3d4d5_23, -m_formaldehyde], [m_sarcosine, -r_d6d3d4d5_22], [r_d6d3d4d5_23, -r_d6d3d4d5_22], [r_d6d3d4d5_23, -r_d3d5d3d1_28], [r_d6d3d4d5_23, -m_sarcosine], [-r_d3d5d3d1_26, r_d6d3d4d5_22], [-r_d3d5d2d10_35, r_d3d5d3d1_28], [r_d3d5d2d10_34, -r_d3d5d3d1_26], [r_d3d5d3d1_28, -r_d3d5d3d1_26], [r_d3d5d2d10_34, -r_d6d3d4d5_22], [r_d3d5d3d1_28, -m_sarcosine], [m_formaldehyde, -r_d3d5d3d1_26], [r_d3d5d3d1_28, -m_formaldehyde]]
Starting SolveToIndepClause...
Launching solver...
----------------------------------------------------------------------
Clauses:
 [+m_arginine, -r_d3d5d3d1_28]
 [+r_d3d5d3d1_26, -m_arginine]
 [+r_d4d3d2d1_16, -c_compoundCarginine_fumarateC]
 [+c_compoundCarginine_fumarateC, -m_arginine, -m_fumarate]
 [+m_las, -r_d4d3d2d1_16]
 [+r_d4d3d2d1_17, -m_las]
 [+c_compoundCarginine_fumarateC, -r_d4d3d2d1_17]
 [+m_arginine, -c_compoundCarginine_fumarateC]
 [+m_fumarate, -c_compoundCarginine_fumarateC]
 [+r_d2d1d1d1_18, -m_nmnd]
 [+m_fumarate, -r_d2d1d1d1_18]
 [+r_d2d1d1d1_19, -m_fumarate]
 [+m_nmnd, -r_d2d1d1d1_19]
 [+r_d2d1d1d7_20, -m_nmna]
 [+m_fumarate, -r_d2d1d1d7_20]
 [+r_d2d1d1d7_21, -m_fumarate]
 [+m_nmna, -r_d2d1d1d7_21]
 [+r_d6d3d4d5_22, -m_las]
 [+m_las, -r_d6d3d4d5_23]
 [+m_fumarate, -r_d4d2d1d2_8]
 [+r_d4d2d1d2_9, -m_fumarate]
 [+m_fumarate, -r_d1d3d99d1_10]
 [+r_d1d3d99d1_11, -m_fumarate]
 [+r_d1d3d99d1_10, -m_succinate]
 [+r_d1d3d99d1_11]
 [-r_d6d3d4d5_23, +r_d6d3d4d5_22]
 [+m_fumarate]
 [+m_succinate]
 [-r_d6d3d4d5_23, +r_d3d5d3d1_26]
 [-r_d3d5d3d1_28, +r_d6d3d4d5_22]
 [-r_d3d5d3d1_28, +r_d3d5d3d1_26]
 [+r_d4d2d1d2_9]
 [+r_d3d5d3d1_28, -r_d6d3d4d5_23]
 [+r_d3d5d3d1_28, -r_d6d3d4d5_22]
 [+r_d3d5d3d1_26, -r_d6d3d4d5_22]
 [+m_sarcosine, -r_d3d5d3d1_26]
 [+m_formaldehyde, -r_d6d3d4d5_22]
 [+r_d6d3d4d5_23, -r_d3d5d3d1_26]
 [-r_d3d5d2d10_35, +r_d6d3d4d5_23]
 [+r_d6d3d4d5_23, -m_formaldehyde]
 [+m_sarcosine, -r_d6d3d4d5_22]
 [+r_d6d3d4d5_23, -r_d6d3d4d5_22]
 [+r_d6d3d4d5_23, -r_d3d5d3d1_28]
 [+r_d6d3d4d5_23, -m_sarcosine]
 [-r_d3d5d3d1_26, +r_d6d3d4d5_22]
 [-r_d3d5d2d10_35, +r_d3d5d3d1_28]
 [+r_d3d5d2d10_34, -r_d3d5d3d1_26]
 [+r_d3d5d3d1_28, -r_d3d5d3d1_26]
 [+r_d3d5d2d10_34, -r_d6d3d4d5_22]
 [+r_d3d5d3d1_28, -m_sarcosine]
 [+m_formaldehyde, -r_d3d5d3d1_26]
 [+r_d3d5d3d1_28, -m_formaldehyde]
Top clauses:
 [+r_d3d5d3d1_28, -r_d6d3d4d5_23]
 [+r_d3d5d3d1_28, -r_d6d3d4d5_22]
 [+r_d3d5d3d1_26, -r_d6d3d4d5_22]
 [+m_sarcosine, -r_d3d5d3d1_26]
 [+m_formaldehyde, -r_d6d3d4d5_22]
 [+r_d6d3d4d5_23, -r_d3d5d3d1_26]
 [-r_d3d5d2d10_35, +r_d6d3d4d5_23]
 [+r_d6d3d4d5_23, -m_formaldehyde]
 [+m_sarcosine, -r_d6d3d4d5_22]
 [+r_d6d3d4d5_23, -r_d6d3d4d5_22]
 [+r_d6d3d4d5_23, -r_d3d5d3d1_28]
 [+r_d6d3d4d5_23, -m_sarcosine]
 [-r_d3d5d3d1_26, +r_d6d3d4d5_22]
 [-r_d3d5d2d10_35, +r_d3d5d3d1_28]
 [+r_d3d5d2d10_34, -r_d3d5d3d1_26]
 [+r_d3d5d3d1_28, -r_d3d5d3d1_26]
 [+r_d3d5d2d10_34, -r_d6d3d4d5_22]
 [+r_d3d5d3d1_28, -m_sarcosine]
 [+m_formaldehyde, -r_d3d5d3d1_26]
 [+r_d3d5d3d1_28, -m_formaldehyde]
Production field:
 [-m_succinate, +r_d3d5d3d1_26, -r_d3d5d3d1_28, -r_d4d2d1d2_8, +r_d1d3d99d1_11, +r_d4d2d1d2_9, +r_d6d3d4d5_22, -r_d6d3d4d5_23, +m_sarcosine, +m_formaldehyde, -r_d3d5d2d10_35, -m_formaldehyde, -m_sarcosine, +r_d3d5d2d10_34, +m_fumarate, -m_fumarate, +m_citrate, -m_citrate, +m_succinate]

>>>>>>>>>>>> Solving at depth : -1( real 0)
Starting SolveToIndepClause...
Launching solver...
----------------------------------------------------------------------
Clauses:
 [+m_ornithine, -r_d2d1d3d3_24]
 [+r_d2d1d3d3_25, -m_ornithine]
 [+c_compoundCurea_ornithineC, -r_d3d5d3d1_26]
 [+r_d3d5d3d1_28, -c_compoundCurea_ornithineC]
 [+m_urea, -c_compoundCurea_ornithineC]
 [+m_ornithine, -c_compoundCurea_ornithineC]
 [+c_compoundCurea_ornithineC, -m_urea, -m_ornithine]
 [+r_d2d1d1d2_30, -m_ornithine]
 [+m_creatine, -r_d2d1d1d2_30]
 [+r_d2d1d1d2_31, -m_creatine]
 [+m_ornithine, -r_d2d1d1d2_31]
 [+r_d3d5d3d3_32, -m_creatine]
 [+c_compoundCurea_sarcosineC, -r_d3d5d3d3_32]
 [+m_urea, -c_compoundCurea_sarcosineC]
 [+m_sarcosine, -c_compoundCurea_sarcosineC]
 [+r_d3d5d3d3_33, -c_compoundCurea_sarcosineC]
 [+c_compoundCurea_sarcosineC, -m_urea, -m_sarcosine]
 [+m_creatine, -r_d3d5d3d3_33]
 [+m_creatine, -r_d3d5d2d10_34]
 [+r_d3d5d2d10_35, -m_creatine]
 [+m_citruline, -r_d6d3d4d5_22]
 [+r_d6d3d4d5_23, -m_citruline]
 [+r_d2d1d3d3_24, -m_citruline]
 [+m_citruline, -r_d2d1d3d3_25]
 [-r_d6d3d4d5_22, +m_sarcosine]
 [-r_d6d3d4d5_22, +r_d3d5d3d1_28]
 [-r_d6d3d4d5_22, +r_d6d3d4d5_23]
 [-r_d3d5d3d1_26, +r_d6d3d4d5_23]
 [-r_d3d5d3d1_26, +r_d3d5d2d10_35]
 [-r_d3d5d2d10_34, +r_d3d5d2d10_35]
 [-r_d3d5d3d1_26, +m_sarcosine]
 [-r_d3d5d2d10_34, +r_d6d3d4d5_23]
 [-r_d3d5d2d10_34, +m_sarcosine]
 [-r_d3d5d2d10_34, +r_d3d5d3d1_28]
 [-r_d3d5d3d1_26, +r_d3d5d3d1_28]
 [-r_d6d3d4d5_22, +r_d3d5d2d10_35]
 [+r_d3d5d3d1_26, -m_formaldehyde]
 [+m_sarcosine, -r_d6d3d4d5_23]
 [+r_d3d5d3d1_28, -r_d6d3d4d5_23]
 [+r_d3d5d2d10_34, -r_d3d5d3d1_28]
 [+r_d3d5d3d1_26, -r_d6d3d4d5_22]
 [-m_sarcosine, +r_d6d3d4d5_22]
 [+r_d3d5d3d1_26, -m_sarcosine]
 [-r_d3d5d2d10_35, +r_d6d3d4d5_23]
 [-m_formaldehyde, +r_d6d3d4d5_22]
 [-r_d3d5d2d10_35, +r_d3d5d3d1_26]
 [+m_sarcosine, -r_d3d5d3d1_28]
 [+r_d6d3d4d5_23, -r_d3d5d3d1_28]
 [-r_d3d5d2d10_35, +r_d6d3d4d5_22]
 [+r_d6d3d4d5_23, -m_sarcosine]
 [-r_d3d5d3d1_26, +r_d6d3d4d5_22]
 [-r_d3d5d2d10_35, +r_d3d5d3d1_28]
 [+r_d3d5d2d10_34, -r_d3d5d3d1_26]
 [-r_d3d5d2d10_35, +m_formaldehyde]
 [-r_d3d5d2d10_35, +m_sarcosine]
 [+r_d3d5d2d10_34, -r_d6d3d4d5_22]
 [+m_formaldehyde, -r_d6d3d4d5_23]
 [+r_d3d5d3d1_28, -m_sarcosine]
 [+r_d3d5d2d10_34, -r_d6d3d4d5_23]
 [+m_formaldehyde, -r_d3d5d3d1_28]
Top clauses:
 [+r_d3d5d3d1_26, -m_formaldehyde]
 [+m_sarcosine, -r_d6d3d4d5_23]
 [+r_d3d5d3d1_28, -r_d6d3d4d5_23]
 [+r_d3d5d2d10_34, -r_d3d5d3d1_28]
 [+r_d3d5d3d1_26, -r_d6d3d4d5_22]
 [-m_sarcosine, +r_d6d3d4d5_22]
 [+r_d3d5d3d1_26, -m_sarcosine]
 [-r_d3d5d2d10_35, +r_d6d3d4d5_23]
 [-m_formaldehyde, +r_d6d3d4d5_22]
 [-r_d3d5d2d10_35, +r_d3d5d3d1_26]
 [+m_sarcosine, -r_d3d5d3d1_28]
 [+r_d6d3d4d5_23, -r_d3d5d3d1_28]
 [-r_d3d5d2d10_35, +r_d6d3d4d5_22]
 [+r_d6d3d4d5_23, -m_sarcosine]
 [-r_d3d5d3d1_26, +r_d6d3d4d5_22]
 [-r_d3d5d2d10_35, +r_d3d5d3d1_28]
 [+r_d3d5d2d10_34, -r_d3d5d3d1_26]
 [-r_d3d5d2d10_35, +m_formaldehyde]
 [-r_d3d5d2d10_35, +m_sarcosine]
 [+r_d3d5d2d10_34, -r_d6d3d4d5_22]
 [+m_formaldehyde, -r_d6d3d4d5_23]
 [+r_d3d5d3d1_28, -m_sarcosine]
 [+r_d3d5d2d10_34, -r_d6d3d4d5_23]
 [+m_formaldehyde, -r_d3d5d3d1_28]
Production field:
 [+r_d6d3d4d5_23, -r_d3d5d2d10_34, -r_d6d3d4d5_22, +m_sarcosine, +r_d3d5d3d1_28, -m_sarcosine, +r_d3d5d2d10_35, -r_d3d5d3d1_26, -m_formaldehyde, +m_formaldehyde, +m_fumarate, -m_fumarate, +m_citrate, -m_citrate, +m_succinate, -m_succinate]

>>>>>>>>>>>> Solving at depth : -1( real 0)
>>>>>>>>>>>> Solve - measure : [2619, 1527295, 417882, 176484, 0, 0, 0, 0]
Solver finished.
Converting to IndepClause...
SolveToIndepClause Finished!
Ag2 -> Ag0 : Send Clauses : [[-m_formaldehyde, r_d3d5d2d10_34], [r_d3d5d2d10_34, -r_d3d5d3d1_28], [-r_d3d5d2d10_35, r_d3d5d2d10_34], [-m_formaldehyde, r_d3d5d3d1_26], [-m_formaldehyde, r_d6d3d4d5_22], [-r_d6d3d4d5_23, m_sarcosine], [-m_formaldehyde, m_sarcosine], [m_formaldehyde, -r_d6d3d4d5_23], [-m_sarcosine, r_d3d5d2d10_34], [-r_d3d5d2d10_35, m_sarcosine], [m_sarcosine, -r_d3d5d3d1_28], [m_formaldehyde, -r_d3d5d2d10_35], [m_formaldehyde, -r_d3d5d3d1_28], [-m_sarcosine, r_d6d3d4d5_22], [-r_d3d5d2d10_35, r_d3d5d3d1_26], [m_formaldehyde, -m_sarcosine], [-r_d6d3d4d5_23, r_d3d5d2d10_34], [-r_d3d5d2d10_35, r_d6d3d4d5_22], [-m_sarcosine, r_d3d5d3d1_26]]
Ag0 <------  Send Clauses : [[-m_formaldehyde, r_d3d5d2d10_34], [r_d3d5d2d10_34, -r_d3d5d3d1_28], [-r_d3d5d2d10_35, r_d3d5d2d10_34], [-m_formaldehyde, r_d3d5d3d1_26], [-m_formaldehyde, r_d6d3d4d5_22], [-r_d6d3d4d5_23, m_sarcosine], [-m_formaldehyde, m_sarcosine], [m_formaldehyde, -r_d6d3d4d5_23], [-m_sarcosine, r_d3d5d2d10_34], [-r_d3d5d2d10_35, m_sarcosine], [m_sarcosine, -r_d3d5d3d1_28], [m_formaldehyde, -r_d3d5d2d10_35], [m_formaldehyde, -r_d3d5d3d1_28], [-m_sarcosine, r_d6d3d4d5_22], [-r_d3d5d2d10_35, r_d3d5d3d1_26], [m_formaldehyde, -m_sarcosine], [-r_d6d3d4d5_23, r_d3d5d2d10_34], [-r_d3d5d2d10_35, r_d6d3d4d5_22], [-m_sarcosine, r_d3d5d3d1_26]]
