ORDER is: 
0-1-
Time for creating graph: 0.033s
Sys -> Ag0 : {New neighbour}
Sys -> Ag1 : {New neighbour}
Ag0 <------  {New neighbour}
Sys -> Ag0 : {Start}
Sys -> Ag1 : {Start}
Sys -> Ag0 : {Launch}
Ag1 <------  {New neighbour}
Ag0 <------  {Start}
Ag1 <------  {Start}
Ag0 -> Sys : {Started}
Ag0 <------  {Launch}
Ag0 receives [[+m_glucose], [+m_glucose]]
After pruning [[+m_glucose], [+m_glucose]]
Input Languages : {Ag1=[+r_d4d2d1d2_9, +m_glucose, -r_d4d2d1d2_8, +m_fumarate, -m_fumarate]}
Ag1 -> Sys : {Started}
Sys <------  {Started}
Sys <------  {Started}
Starting SolveToClause...
Launching solver...
----------------------------------------------------------------------
Clauses:
 [+m_formaldehyde, -r_d1d5d99d1_39]
 [+r_d1d1d99d8_40, -m_formaldehyde]
 [+m_formate, -r_d1d1d99d8_40]
 [+r_d1d1d99d8_41, -m_formate]
 [+m_formaldehyde, -r_d1d1d99d8_41]
 [+r_d1d4d99d3_42, -m_formaldehyde]
 [+m_methylamine, -r_d1d4d99d3_42]
 [+r_d1d4d99d3_43, -m_methylamine]
 [+m_formaldehyde, -r_d1d4d99d3_43]
 [+r_d4d1d2d32_44, -m_tmao]
 [+c_compoundCformaldehyde_methylamineC, -r_d4d1d2d32_44]
 [+m_formaldehyde, -c_compoundCformaldehyde_methylamineC]
 [+m_methylamine, -c_compoundCformaldehyde_methylamineC]
 [+r_d4d1d2d32_45, -c_compoundCformaldehyde_methylamineC]
 [+c_compoundCformaldehyde_methylamineC, -m_formaldehyde, -m_methylamine]
 [+m_tmao, -r_d4d1d2d32_45]
 [+r_d1d5d99d1_38, -m_formaldehyde]
 [+m_ornithine, -r_d2d1d3d3_24]
 [+r_d2d1d3d3_25, -m_ornithine]
 [+c_compoundCurea_ornithineC, -r_d3d5d3d1_26]
 [+r_d3d5d3d1_28, -c_compoundCurea_ornithineC]
 [+m_urea, -c_compoundCurea_ornithineC]
 [+m_ornithine, -c_compoundCurea_ornithineC]
 [+c_compoundCurea_ornithineC, -m_urea, -m_ornithine]
 [+r_d2d1d1d2_30, -m_ornithine]
 [+m_creatine, -r_d2d1d1d2_30]
 [+r_d2d1d1d2_31, -m_creatine]
 [+m_ornithine, -r_d2d1d1d2_31]
 [+r_d3d5d3d3_32, -m_creatine]
 [+c_compoundCurea_sarcosineC, -r_d3d5d3d3_32]
 [+m_urea, -c_compoundCurea_sarcosineC]
 [+m_sarcosine, -c_compoundCurea_sarcosineC]
 [+r_d3d5d3d3_33, -c_compoundCurea_sarcosineC]
 [+c_compoundCurea_sarcosineC, -m_urea, -m_sarcosine]
 [+m_creatine, -r_d3d5d3d3_33]
 [+r_d3d5d2d10_34, -m_creatinine]
 [+m_creatine, -r_d3d5d2d10_34]
 [+r_d3d5d2d10_35, -m_creatine]
 [+m_creatinine, -r_d3d5d2d10_35]
 [+r_d3d5d1d59_36, -m_creatinine]
 [+m_creatinine, -r_d3d5d1d59_37]
 [+m_sarcosine, -r_d1d5d99d1_38]
 [+r_d1d5d99d1_39, -m_sarcosine]
 [+m_sarcosine, -r_d3d5d1d59_36]
 [+r_d3d5d1d59_37, -m_sarcosine]
 [+m_citruline, -r_d6d3d4d5_22]
 [+r_d6d3d4d5_23, -m_citruline]
 [+r_d2d1d3d3_24, -m_citruline]
 [+m_citruline, -r_d2d1d3d3_25]
 [+m_arginine, -r_d3d5d3d1_28]
 [+r_d3d5d3d1_26, -m_arginine]
 [+r_d4d3d2d1_16, -c_compoundCarginine_fumarateC]
 [+c_compoundCarginine_fumarateC, -m_arginine, -m_fumarate]
 [+m_las, -r_d4d3d2d1_16]
 [+r_d4d3d2d1_17, -m_las]
 [+c_compoundCarginine_fumarateC, -r_d4d3d2d1_17]
 [+m_arginine, -c_compoundCarginine_fumarateC]
 [+m_fumarate, -c_compoundCarginine_fumarateC]
 [+r_d2d1d1d1_18, -m_nmnd]
 [+m_fumarate, -r_d2d1d1d1_18]
 [+r_d2d1d1d1_19, -m_fumarate]
 [+m_nmnd, -r_d2d1d1d1_19]
 [+r_d2d1d1d7_20, -m_nmna]
 [+m_fumarate, -r_d2d1d1d7_20]
 [+r_d2d1d1d7_21, -m_fumarate]
 [+m_nmna, -r_d2d1d1d7_21]
 [+r_d6d3d4d5_22, -m_las]
 [+m_las, -r_d6d3d4d5_23]
 [+m_fumarate, -r_d4d2d1d2_8]
 [+r_d4d2d1d2_9, -m_fumarate]
 [+m_glucose]
 [+m_glucose]
Top clauses:
 [+m_glucose]
 [+m_glucose]
Production field:
 [+r_d4d2d1d2_9, +m_glucose, -r_d4d2d1d2_8, +m_fumarate, -m_fumarate, +r_d2d6d1d39_0, -m_l2aminoadipate, +m_e2oxoglutarate, -r_d2d6d1d39_0, +r_d2d6d1d39_1, -m_e2oxoglutarate, +m_l2aminoadipate, -r_d2d6d1d39_1, +r_d1d1d1d42_2, +m_isocitrate, -r_d1d1d1d42_2, +r_d1d1d1d42_3, -m_isocitrate, -r_d1d1d1d42_3, +r_d2d3d1d61_4, +m_succinate, -r_d2d3d1d61_4, +r_d2d3d1d61_5, -m_succinate, -r_d2d3d1d61_5, +r_d4d2d1d3_6, +c_compoundCcitrate_transaconitateC, -r_d4d2d1d3_6, +m_citrate, -c_compoundCcitrate_transaconitateC, +m_transaconitate, +r_d4d2d1d3_7, -m_citrate, -m_transaconitate, -r_d4d2d1d3_7, +r_d4d2d1d2_8, +m_fumarate, -r_d4d2d1d2_8, +r_d4d2d1d2_9, -m_fumarate, -r_d4d2d1d2_9, +r_d1d3d99d1_10, -r_d1d3d99d1_10, +r_d1d3d99d1_11, -r_d1d3d99d1_11, +r_d1d13d11d16_12, +m_hippurate, -r_d1d13d11d16_12, +r_d1d13d11d16_13, -m_hippurate, -r_d1d13d11d16_13, +r_d2d6d1dx_14, +m_taurine, -r_d2d6d1dx_14, +r_d2d6d1dx_15, -m_taurine, -r_d2d6d1dx_15, +r_d4d3d2d1_16, -c_compoundCarginine_fumarateC, +c_compoundCarginine_fumarateC, -m_arginine, +m_las, -r_d4d3d2d1_16, +r_d4d3d2d1_17, -m_las, -r_d4d3d2d1_17, +m_arginine, +r_d2d1d1d1_18, -m_nmnd, -r_d2d1d1d1_18, +r_d2d1d1d1_19, +m_nmnd, -r_d2d1d1d1_19, +r_d2d1d1d7_20, -m_nmna, -r_d2d1d1d7_20, +r_d2d1d1d7_21, +m_nmna, -r_d2d1d1d7_21, +r_d6d3d4d5_22, +m_citruline, -r_d6d3d4d5_22, +r_d6d3d4d5_23, -m_citruline, -r_d6d3d4d5_23, +r_d2d1d3d3_24, +m_ornithine, -r_d2d1d3d3_24, +r_d2d1d3d3_25, -m_ornithine, -r_d2d1d3d3_25, +r_d3d5d3d1_26, +c_compoundCurea_ornithineC, -r_d3d5d3d1_26, +r_d3d5d3d1_28, -c_compoundCurea_ornithineC, -r_d3d5d3d1_28, +m_urea, -m_urea, +r_d2d1d1d2_30, +m_creatine, -r_d2d1d1d2_30, +r_d2d1d1d2_31, -m_creatine, -r_d2d1d1d2_31, +r_d3d5d3d3_32, +c_compoundCurea_sarcosineC, -r_d3d5d3d3_32, -c_compoundCurea_sarcosineC, +m_sarcosine, +r_d3d5d3d3_33, -m_sarcosine, -r_d3d5d3d3_33, +r_d3d5d2d10_34, -m_creatinine, -r_d3d5d2d10_34, +r_d3d5d2d10_35, +m_creatinine, -r_d3d5d2d10_35, +r_d3d5d1d59_36, -r_d3d5d1d59_36, +r_d3d5d1d59_37, -r_d3d5d1d59_37, +r_d1d5d99d1_38, -m_formaldehyde, -r_d1d5d99d1_38, +r_d1d5d99d1_39, +m_formaldehyde, -r_d1d5d99d1_39, +r_d1d1d99d8_40, +m_formate, -r_d1d1d99d8_40, +r_d1d1d99d8_41, -m_formate, -r_d1d1d99d8_41, +r_d1d4d99d3_42, +m_methylamine, -r_d1d4d99d3_42, +r_d1d4d99d3_43, -m_methylamine, -r_d1d4d99d3_43, +r_d4d1d2d32_44, -m_tmao, +c_compoundCformaldehyde_methylamineC, -r_d4d1d2d32_44, -c_compoundCformaldehyde_methylamineC, +r_d4d1d2d32_45, +m_tmao, -r_d4d1d2d32_45, +r_d4d2d1d54_46, -m_lactate, +m_acryloylcoa, -r_d4d2d1d54_46, +r_d4d2d1d54_47, -m_acryloylcoa, +m_lactate, -r_d4d2d1d54_47, +r_d4d3d1d6_48, -m_betaalanine, -r_d4d3d1d6_48, +r_d4d3d1d6_49, +m_betaalanine, -r_d4d3d1d6_49, +r_d2d1d3d1_50, -r_d2d1d3d1_50, +r_d2d1d3d1_51, -r_d2d1d3d1_51, +r_d4d1d1d20_52, +m_llysine, -r_d4d1d1d20_52, +r_d4d1d1d20_53, -m_llysine, -r_d4d1d1d20_53, +r_d2d6d1d14_54, -r_d2d6d1d14_54, +r_d2d6d1d14_55, -r_d2d6d1d14_55, +r_d1d2d1d31_56, -r_d1d2d1d31_56, +r_d1d2d1d31_57, -r_d1d2d1d31_57, +r_d2d7d1d69_58, -m_glucose, +m_pyruvate, -r_d2d7d1d69_58, +r_d2d7d1d69_59, -m_pyruvate, +m_glucose, -r_d2d7d1d69_59, +r_d1d1d1d27_60, -r_d1d1d1d27_60, +r_d1d1d1d27_61, -r_d1d1d1d27_61, +r_d1d2d4d1_62, +m_acetylcoa, -r_d1d2d4d1_62, +r_d1d2d4d1_63, -m_acetylcoa, -r_d1d2d4d1_63, +r_d2d3d3d1_64, -r_d2d3d3d1_64, +r_d2d3d3d1_65, -r_d2d3d3d1_65, +r_d6d2d1d1_66, +m_acetate, -r_d6d2d1d1_66, +r_d6d2d1d1_67, -m_acetate, -r_d6d2d1d1_67]
>>>>>>>>>>>> Solving at depth : -1( real 0)
>>>>>>>>>>>> Solve - measure : [71, 4, 1, 1, 0, 0, 0, 0]
Solver finished.
SolveToClause Finished!
Sys -> Sys : {Time up!}
Sys <------  {Time up!}
0 (NEW) CHARACTERISTIC CLAUSES


Total execution time was 10201 ms.

Execution time was 10104 ms.

---System Timeout---
ressources/glucolysis_max-2_ld-1--1_DICF-PB-Token

Exception in thread "Ag0" java.lang.NullPointerException
	at solarInterface.IndepPField.partlyBelongsTo(IndepPField.java:628)
	at distNewCarc.partition.IncConsFindingAgent.canResolve(IncConsFindingAgent.java:133)
	at distNewCarc.partition.tokenbased.TokenProtocol.receiveCl(TokenProtocol.java:127)
	at distNewCarc.partition.tokenbased.TokenProtocol.receiveMessage(TokenProtocol.java:69)
	at agLib.agentCommunicationSystem.CommunicationModule.receiveMessage(CommunicationModule.java:55)
	at agLib.agentCommunicationSystem.BasicAgent.run(BasicAgent.java:58)
	at java.lang.Thread.run(Thread.java:745)

